[0.049s] Invoking command in '/home/kouyayamaoka/ros2_ws/src/build/Bunai': CMAKE_PREFIX_PATH=${CMAKE_PREFIX_PATH}:/opt/ros/foxy /usr/bin/cmake --build /home/kouyayamaoka/ros2_ws/src/build/Bunai -- -j2 -l2
[0.209s] -- Found ament_cmake: 0.9.11 (/opt/ros/foxy/share/ament_cmake/cmake)
[0.312s] -- Using PYTHON_EXECUTABLE: /usr/bin/python3
[1.229s] -- Found DART: /usr/include (Required is at least version "6.6") found components: dart 
[1.419s] -- Found Protobuf: /usr/lib/x86_64-linux-gnu/libprotobuf.so;-lpthread (found version "3.6.1") 
[1.429s] -- Looking for ignition-math6 -- found version 6.13.0
[1.451s] -- Searching for dependencies of ignition-math6
[1.460s] -- Looking for OGRE...
[1.478s] -- Found Ogre Ghadamon (1.9.0)
[1.480s] -- Found OGRE: optimized;/usr/lib/x86_64-linux-gnu/libOgreMain.so;debug;/usr/lib/x86_64-linux-gnu/libOgreMain.so
[1.522s] -- Looking for OGRE_Paging...
[1.523s] -- Found OGRE_Paging: optimized;/usr/lib/x86_64-linux-gnu/libOgrePaging.so;debug;/usr/lib/x86_64-linux-gnu/libOgrePaging.so
[1.524s] -- Looking for OGRE_Terrain...
[1.525s] -- Found OGRE_Terrain: optimized;/usr/lib/x86_64-linux-gnu/libOgreTerrain.so;debug;/usr/lib/x86_64-linux-gnu/libOgreTerrain.so
[1.526s] -- Looking for OGRE_Property...
[1.527s] -- Found OGRE_Property: optimized;/usr/lib/x86_64-linux-gnu/libOgreProperty.so;debug;/usr/lib/x86_64-linux-gnu/libOgreProperty.so
[1.528s] -- Looking for OGRE_RTShaderSystem...
[1.529s] -- Found OGRE_RTShaderSystem: optimized;/usr/lib/x86_64-linux-gnu/libOgreRTShaderSystem.so;debug;/usr/lib/x86_64-linux-gnu/libOgreRTShaderSystem.so
[1.530s] -- Looking for OGRE_Volume...
[1.531s] -- Found OGRE_Volume: optimized;/usr/lib/x86_64-linux-gnu/libOgreVolume.so;debug;/usr/lib/x86_64-linux-gnu/libOgreVolume.so
[1.531s] -- Looking for OGRE_Overlay...
[1.532s] -- Found OGRE_Overlay: optimized;/usr/lib/x86_64-linux-gnu/libOgreOverlay.so;debug;/usr/lib/x86_64-linux-gnu/libOgreOverlay.so
[1.983s] -- Looking for ignition-math6 -- found version 6.13.0
[1.992s] -- Looking for ignition-transport8 -- found version 8.4.0
[1.994s] -- Searching for dependencies of ignition-transport8
[2.052s] -- Found Protobuf: /usr/lib/x86_64-linux-gnu/libprotobuf.so;-lpthread (found suitable version "3.6.1", minimum required is "3") 
[2.089s] -- Config-file not installed for ZeroMQ -- checking for pkg-config
[2.101s] -- Checking for module 'libzmq >= 4'
[2.159s] --   Found libzmq , version 4.3.2
[2.291s] -- Checking for module 'uuid'
[2.340s] --   Found uuid, version 2.34.0
[2.444s] -- Looking for ignition-msgs5 -- found version 5.11.0
[2.446s] -- Searching for dependencies of ignition-msgs5
[2.513s] -- Looking for ignition-math6 -- found version 6.13.0
[2.528s] -- Checking for module 'tinyxml2'
[2.577s] --   Found tinyxml2, version 6.2.0
[2.709s] -- Looking for ignition-msgs5 -- found version 5.11.0
[2.712s] -- Looking for ignition-common3 -- found version 3.15.1
[2.714s] -- Searching for dependencies of ignition-common3
[2.716s] -- Looking for dlfcn.h - found
[2.717s] -- Looking for libdl - found
[2.753s] -- Searching for <ignition-common3> component [graphics]
[2.756s] -- Looking for ignition-common3-graphics -- found version 3.15.1
[2.758s] -- Searching for dependencies of ignition-common3-graphics
[2.760s] -- Looking for ignition-math6 -- found version 6.13.0
[2.767s] -- Looking for ignition-fuel_tools4 -- found version 4.8.2
[2.769s] -- Searching for dependencies of ignition-fuel_tools4
[2.871s] -- Checking for module 'jsoncpp'
[2.928s] --   Found jsoncpp, version 1.7.4
[3.071s] -- Checking for module 'libzip'
[3.128s] --   Found libzip, version 1.5.1
[3.239s] -- Looking for ignition-common3 -- found version 3.15.1
[3.240s] -- Looking for ignition-math6 -- found version 6.13.0
[3.243s] -- Looking for ignition-msgs5 -- found version 5.11.0
[3.252s] -- Found ament_lint_auto: 0.9.8 (/opt/ros/foxy/share/ament_lint_auto/cmake)
[3.413s] WARNING: Package name "Bunai" does not follow the naming conventions. It should start with a lower case letter and only contain lower case letters, digits, underscores, and dashes.
[3.492s] -- Added test 'copyright' to check source files copyright and LICENSE
[3.498s] -- Added test 'cppcheck' to perform static code analysis on C / C++ code
[3.499s] -- Configured cppcheck include dirs: $<BUILD_INTERFACE:/home/kouyayamaoka/ros2_ws/src/Bunai/include>
[3.499s] -- Configured cppcheck exclude dirs and/or files: 
[3.506s] -- Added test 'cpplint' to check C / C++ code against the Google style
[3.506s] -- Configured cpplint exclude dirs and/or files: 
[3.511s] -- Added test 'flake8' to check Python code syntax and style conventions
[3.514s] -- Added test 'lint_cmake' to check CMake code style
[3.517s] -- Added test 'pep257' to check Python code against some of the style conventions in PEP 257
[3.525s] -- Added test 'uncrustify' to check C / C++ code style
[3.526s] -- Configured uncrustify additional arguments: 
[3.528s] -- Added test 'xmllint' to check XML markup files
[3.535s] -- Configuring done
[3.562s] -- Generating done
[3.567s] -- Build files have been written to: /home/kouyayamaoka/ros2_ws/src/build/Bunai
[3.699s] [100%] Built target estimate
[3.732s] Invoked command in '/home/kouyayamaoka/ros2_ws/src/build/Bunai' returned '0': CMAKE_PREFIX_PATH=${CMAKE_PREFIX_PATH}:/opt/ros/foxy /usr/bin/cmake --build /home/kouyayamaoka/ros2_ws/src/build/Bunai -- -j2 -l2
[3.863s] Invoking command in '/home/kouyayamaoka/ros2_ws/src/build/Bunai': CMAKE_PREFIX_PATH=${CMAKE_PREFIX_PATH}:/opt/ros/foxy /usr/bin/cmake --install /home/kouyayamaoka/ros2_ws/src/build/Bunai
[3.903s] -- Install configuration: ""
[3.903s] -- Up-to-date: /home/kouyayamaoka/ros2_ws/src/install/Bunai/share/Bunai/rviz
[3.904s] -- Up-to-date: /home/kouyayamaoka/ros2_ws/src/install/Bunai/share/Bunai/rviz/navigation.rviz
[3.904s] -- Up-to-date: /home/kouyayamaoka/ros2_ws/src/install/Bunai/share/Bunai/rviz/bunai.rviz
[3.904s] -- Up-to-date: /home/kouyayamaoka/ros2_ws/src/install/Bunai/share/Bunai/launch
[3.905s] -- Up-to-date: /home/kouyayamaoka/ros2_ws/src/install/Bunai/share/Bunai/launch/localization.launch.py
[3.905s] -- Up-to-date: /home/kouyayamaoka/ros2_ws/src/install/Bunai/share/Bunai/launch/rviz.launch.py
[3.905s] -- Up-to-date: /home/kouyayamaoka/ros2_ws/src/install/Bunai/share/Bunai/launch/cartographer.launch.py
[3.905s] -- Up-to-date: /home/kouyayamaoka/ros2_ws/src/install/Bunai/share/Bunai/launch/navigation.launch.py
[3.906s] -- Up-to-date: /home/kouyayamaoka/ros2_ws/src/install/Bunai/share/Bunai/launch/Bunai.launch.py
[3.906s] -- Up-to-date: /home/kouyayamaoka/ros2_ws/src/install/Bunai/share/Bunai/urdf
[3.906s] -- Up-to-date: /home/kouyayamaoka/ros2_ws/src/install/Bunai/share/Bunai/urdf/bunai.urdf
[3.907s] -- Up-to-date: /home/kouyayamaoka/ros2_ws/src/install/Bunai/share/Bunai/config
[3.907s] -- Up-to-date: /home/kouyayamaoka/ros2_ws/src/install/Bunai/share/Bunai/config/ydlidar_cartographer.rviz
[3.910s] -- Up-to-date: /home/kouyayamaoka/ros2_ws/src/install/Bunai/share/Bunai/config/cartgrapher.lua
[3.910s] -- Up-to-date: /home/kouyayamaoka/ros2_ws/src/install/Bunai/share/Bunai/worlds
[3.915s] -- Up-to-date: /home/kouyayamaoka/ros2_ws/src/install/Bunai/share/Bunai/worlds/bunai.world
[3.915s] -- Installing: /home/kouyayamaoka/ros2_ws/src/install/Bunai/share/Bunai/map
[3.915s] -- Installing: /home/kouyayamaoka/ros2_ws/src/install/Bunai/share/Bunai/map/map.yaml
[3.916s] -- Installing: /home/kouyayamaoka/ros2_ws/src/install/Bunai/share/Bunai/map/map.pbstream
[3.916s] -- Installing: /home/kouyayamaoka/ros2_ws/src/install/Bunai/share/Bunai/nav2
[3.916s] -- Installing: /home/kouyayamaoka/ros2_ws/src/install/Bunai/share/Bunai/nav2/navigation.yaml
[3.916s] -- Up-to-date: /home/kouyayamaoka/ros2_ws/src/install/Bunai/share/ament_index/resource_index/package_run_dependencies/Bunai
[3.916s] -- Up-to-date: /home/kouyayamaoka/ros2_ws/src/install/Bunai/share/ament_index/resource_index/parent_prefix_path/Bunai
[3.917s] -- Up-to-date: /home/kouyayamaoka/ros2_ws/src/install/Bunai/share/Bunai/environment/ament_prefix_path.sh
[3.917s] -- Installing: /home/kouyayamaoka/ros2_ws/src/install/Bunai/share/Bunai/environment/ament_prefix_path.dsv
[3.917s] -- Up-to-date: /home/kouyayamaoka/ros2_ws/src/install/Bunai/share/Bunai/environment/path.sh
[3.917s] -- Installing: /home/kouyayamaoka/ros2_ws/src/install/Bunai/share/Bunai/environment/path.dsv
[3.918s] -- Up-to-date: /home/kouyayamaoka/ros2_ws/src/install/Bunai/share/Bunai/local_setup.bash
[3.918s] -- Up-to-date: /home/kouyayamaoka/ros2_ws/src/install/Bunai/share/Bunai/local_setup.sh
[3.918s] -- Up-to-date: /home/kouyayamaoka/ros2_ws/src/install/Bunai/share/Bunai/local_setup.zsh
[3.918s] -- Installing: /home/kouyayamaoka/ros2_ws/src/install/Bunai/share/Bunai/local_setup.dsv
[3.919s] -- Installing: /home/kouyayamaoka/ros2_ws/src/install/Bunai/share/Bunai/package.dsv
[3.919s] -- Up-to-date: /home/kouyayamaoka/ros2_ws/src/install/Bunai/share/ament_index/resource_index/packages/Bunai
[3.919s] -- Up-to-date: /home/kouyayamaoka/ros2_ws/src/install/Bunai/share/Bunai/cmake/BunaiConfig.cmake
[3.919s] -- Up-to-date: /home/kouyayamaoka/ros2_ws/src/install/Bunai/share/Bunai/cmake/BunaiConfig-version.cmake
[3.923s] -- Up-to-date: /home/kouyayamaoka/ros2_ws/src/install/Bunai/share/Bunai/package.xml
[3.926s] Invoked command in '/home/kouyayamaoka/ros2_ws/src/build/Bunai' returned '0': CMAKE_PREFIX_PATH=${CMAKE_PREFIX_PATH}:/opt/ros/foxy /usr/bin/cmake --install /home/kouyayamaoka/ros2_ws/src/build/Bunai
