[2.731s] DEBUG:colcon:Command line arguments: ['/usr/bin/colcon', 'build', '--packages-select', 'Bunai']
[2.731s] DEBUG:colcon:Parsed command line arguments: Namespace(allow_overriding=[], ament_cmake_args=None, base_paths=['.'], build_base='build', catkin_cmake_args=None, catkin_skip_building_tests=False, cmake_args=None, cmake_clean_cache=False, cmake_clean_first=False, cmake_force_configure=False, cmake_target=None, cmake_target_skip_unavailable=False, continue_on_error=False, event_handlers=None, executor='parallel', ignore_user_meta=False, install_base='install', log_base=None, log_level=None, main=<bound method BuildVerb.main of <colcon_core.verb.build.BuildVerb object at 0x7f7cd1fdc430>>, merge_install=False, metas=['./colcon.meta'], packages_above=None, packages_above_and_dependencies=None, packages_above_depth=None, packages_end=None, packages_ignore=None, packages_ignore_regex=None, packages_select=['Bunai'], packages_select_build_failed=False, packages_select_by_dep=None, packages_select_regex=None, packages_select_test_failures=False, packages_skip=None, packages_skip_build_finished=False, packages_skip_by_dep=None, packages_skip_regex=None, packages_skip_test_passed=False, packages_skip_up_to=None, packages_start=None, packages_up_to=None, packages_up_to_regex=None, parallel_workers=2, paths=None, symlink_install=False, test_result_base=None, verb_extension=<colcon_core.verb.build.BuildVerb object at 0x7f7cd1fdc430>, verb_name='build', verb_parser=<colcon_defaults.argument_parser.defaults.DefaultArgumentsDecorator object at 0x7f7cd1fdc970>)
[2.974s] Level 1:colcon.colcon_core.package_discovery:discover_packages(colcon_meta) check parameters
[2.975s] Level 1:colcon.colcon_core.package_discovery:discover_packages(recursive) check parameters
[2.975s] Level 1:colcon.colcon_core.package_discovery:discover_packages(ignore) check parameters
[2.975s] Level 1:colcon.colcon_core.package_discovery:discover_packages(path) check parameters
[2.975s] Level 1:colcon.colcon_core.package_discovery:discover_packages(colcon_meta) discover
[2.976s] Level 1:colcon.colcon_core.package_discovery:discover_packages(recursive) discover
[2.976s] INFO:colcon.colcon_core.package_discovery:Crawling recursively for packages in '/home/kouyayamaoka/ros2_ws'
[2.976s] Level 1:colcon.colcon_core.package_identification:_identify(.) by extensions ['ignore', 'ignore_ament_install']
[2.977s] Level 1:colcon.colcon_core.package_identification:_identify(.) by extension 'ignore'
[2.980s] Level 1:colcon.colcon_core.package_identification:_identify(.) by extension 'ignore_ament_install'
[2.981s] Level 1:colcon.colcon_core.package_identification:_identify(.) by extensions ['colcon_pkg']
[2.981s] Level 1:colcon.colcon_core.package_identification:_identify(.) by extension 'colcon_pkg'
[2.982s] Level 1:colcon.colcon_core.package_identification:_identify(.) by extensions ['colcon_meta']
[2.982s] Level 1:colcon.colcon_core.package_identification:_identify(.) by extension 'colcon_meta'
[2.982s] Level 1:colcon.colcon_core.package_identification:_identify(.) by extensions ['ros']
[2.982s] Level 1:colcon.colcon_core.package_identification:_identify(.) by extension 'ros'
[3.117s] Level 1:colcon.colcon_core.package_identification:_identify(.) by extensions ['cmake', 'python']
[3.117s] Level 1:colcon.colcon_core.package_identification:_identify(.) by extension 'cmake'
[3.119s] Level 1:colcon.colcon_core.package_identification:_identify(.) by extension 'python'
[3.119s] Level 1:colcon.colcon_core.package_identification:_identify(.) by extensions ['python_setup_py']
[3.119s] Level 1:colcon.colcon_core.package_identification:_identify(.) by extension 'python_setup_py'
[3.120s] Level 1:colcon.colcon_core.package_identification:_identify(build) by extensions ['ignore', 'ignore_ament_install']
[3.123s] Level 1:colcon.colcon_core.package_identification:_identify(build) by extension 'ignore'
[3.124s] Level 1:colcon.colcon_core.package_identification:_identify(build) ignored
[3.124s] Level 1:colcon.colcon_core.package_identification:_identify(install) by extensions ['ignore', 'ignore_ament_install']
[3.125s] Level 1:colcon.colcon_core.package_identification:_identify(install) by extension 'ignore'
[3.125s] Level 1:colcon.colcon_core.package_identification:_identify(install) ignored
[3.126s] Level 1:colcon.colcon_core.package_identification:_identify(log) by extensions ['ignore', 'ignore_ament_install']
[3.126s] Level 1:colcon.colcon_core.package_identification:_identify(log) by extension 'ignore'
[3.127s] Level 1:colcon.colcon_core.package_identification:_identify(log) ignored
[3.127s] Level 1:colcon.colcon_core.package_identification:_identify(src) by extensions ['ignore', 'ignore_ament_install']
[3.127s] Level 1:colcon.colcon_core.package_identification:_identify(src) by extension 'ignore'
[3.128s] Level 1:colcon.colcon_core.package_identification:_identify(src) by extension 'ignore_ament_install'
[3.128s] Level 1:colcon.colcon_core.package_identification:_identify(src) by extensions ['colcon_pkg']
[3.128s] Level 1:colcon.colcon_core.package_identification:_identify(src) by extension 'colcon_pkg'
[3.129s] Level 1:colcon.colcon_core.package_identification:_identify(src) by extensions ['colcon_meta']
[3.129s] Level 1:colcon.colcon_core.package_identification:_identify(src) by extension 'colcon_meta'
[3.129s] Level 1:colcon.colcon_core.package_identification:_identify(src) by extensions ['ros']
[3.130s] Level 1:colcon.colcon_core.package_identification:_identify(src) by extension 'ros'
[3.131s] Level 1:colcon.colcon_core.package_identification:_identify(src) by extensions ['cmake', 'python']
[3.131s] Level 1:colcon.colcon_core.package_identification:_identify(src) by extension 'cmake'
[3.131s] Level 1:colcon.colcon_core.package_identification:_identify(src) by extension 'python'
[3.132s] Level 1:colcon.colcon_core.package_identification:_identify(src) by extensions ['python_setup_py']
[3.132s] Level 1:colcon.colcon_core.package_identification:_identify(src) by extension 'python_setup_py'
[3.132s] Level 1:colcon.colcon_core.package_identification:_identify(src/Bunai) by extensions ['ignore', 'ignore_ament_install']
[3.133s] Level 1:colcon.colcon_core.package_identification:_identify(src/Bunai) by extension 'ignore'
[3.133s] Level 1:colcon.colcon_core.package_identification:_identify(src/Bunai) by extension 'ignore_ament_install'
[3.133s] Level 1:colcon.colcon_core.package_identification:_identify(src/Bunai) by extensions ['colcon_pkg']
[3.133s] Level 1:colcon.colcon_core.package_identification:_identify(src/Bunai) by extension 'colcon_pkg'
[3.134s] Level 1:colcon.colcon_core.package_identification:_identify(src/Bunai) by extensions ['colcon_meta']
[3.134s] Level 1:colcon.colcon_core.package_identification:_identify(src/Bunai) by extension 'colcon_meta'
[3.134s] Level 1:colcon.colcon_core.package_identification:_identify(src/Bunai) by extensions ['ros']
[3.134s] Level 1:colcon.colcon_core.package_identification:_identify(src/Bunai) by extension 'ros'
[3.150s] DEBUG:colcon.colcon_core.package_identification:Package 'src/Bunai' with type 'ros.ament_cmake' and name 'Bunai'
[3.151s] Level 1:colcon.colcon_core.package_identification:_identify(src/Controller) by extensions ['ignore', 'ignore_ament_install']
[3.152s] Level 1:colcon.colcon_core.package_identification:_identify(src/Controller) by extension 'ignore'
[3.152s] Level 1:colcon.colcon_core.package_identification:_identify(src/Controller) by extension 'ignore_ament_install'
[3.152s] Level 1:colcon.colcon_core.package_identification:_identify(src/Controller) by extensions ['colcon_pkg']
[3.152s] Level 1:colcon.colcon_core.package_identification:_identify(src/Controller) by extension 'colcon_pkg'
[3.153s] Level 1:colcon.colcon_core.package_identification:_identify(src/Controller) by extensions ['colcon_meta']
[3.153s] Level 1:colcon.colcon_core.package_identification:_identify(src/Controller) by extension 'colcon_meta'
[3.155s] Level 1:colcon.colcon_core.package_identification:_identify(src/Controller) by extensions ['ros']
[3.156s] Level 1:colcon.colcon_core.package_identification:_identify(src/Controller) by extension 'ros'
[3.163s] DEBUG:colcon.colcon_core.package_identification:Package 'src/Controller' with type 'ros.ament_cmake' and name 'Controller'
[3.164s] Level 1:colcon.colcon_core.package_identification:_identify(src/build) by extensions ['ignore', 'ignore_ament_install']
[3.165s] Level 1:colcon.colcon_core.package_identification:_identify(src/build) by extension 'ignore'
[3.165s] Level 1:colcon.colcon_core.package_identification:_identify(src/build) ignored
[3.166s] Level 1:colcon.colcon_core.package_identification:_identify(src/install) by extensions ['ignore', 'ignore_ament_install']
[3.166s] Level 1:colcon.colcon_core.package_identification:_identify(src/install) by extension 'ignore'
[3.166s] Level 1:colcon.colcon_core.package_identification:_identify(src/install) ignored
[3.170s] Level 1:colcon.colcon_core.package_identification:_identify(src/log) by extensions ['ignore', 'ignore_ament_install']
[3.170s] Level 1:colcon.colcon_core.package_identification:_identify(src/log) by extension 'ignore'
[3.171s] Level 1:colcon.colcon_core.package_identification:_identify(src/log) ignored
[3.172s] Level 1:colcon.colcon_core.package_identification:_identify(src/ros2_first_test) by extensions ['ignore', 'ignore_ament_install']
[3.173s] Level 1:colcon.colcon_core.package_identification:_identify(src/ros2_first_test) by extension 'ignore'
[3.173s] Level 1:colcon.colcon_core.package_identification:_identify(src/ros2_first_test) by extension 'ignore_ament_install'
[3.173s] Level 1:colcon.colcon_core.package_identification:_identify(src/ros2_first_test) by extensions ['colcon_pkg']
[3.174s] Level 1:colcon.colcon_core.package_identification:_identify(src/ros2_first_test) by extension 'colcon_pkg'
[3.174s] Level 1:colcon.colcon_core.package_identification:_identify(src/ros2_first_test) by extensions ['colcon_meta']
[3.174s] Level 1:colcon.colcon_core.package_identification:_identify(src/ros2_first_test) by extension 'colcon_meta'
[3.174s] Level 1:colcon.colcon_core.package_identification:_identify(src/ros2_first_test) by extensions ['ros']
[3.174s] Level 1:colcon.colcon_core.package_identification:_identify(src/ros2_first_test) by extension 'ros'
[3.177s] DEBUG:colcon.colcon_core.package_identification:Package 'src/ros2_first_test' with type 'ros.ament_cmake' and name 'ros2_first_test'
[3.178s] Level 1:colcon.colcon_core.package_discovery:discover_packages(recursive) using defaults
[3.178s] Level 1:colcon.colcon_core.package_discovery:discover_packages(ignore) discover
[3.178s] Level 1:colcon.colcon_core.package_discovery:discover_packages(ignore) using defaults
[3.178s] Level 1:colcon.colcon_core.package_discovery:discover_packages(path) discover
[3.178s] Level 1:colcon.colcon_core.package_discovery:discover_packages(path) using defaults
[3.313s] INFO:colcon.colcon_core.package_selection:Skipping not selected package 'Controller' in 'src/Controller'
[3.314s] INFO:colcon.colcon_core.package_selection:Skipping not selected package 'ros2_first_test' in 'src/ros2_first_test'
[3.327s] Level 1:colcon.colcon_core.package_discovery:discover_packages(prefix_path) check parameters
[3.327s] Level 1:colcon.colcon_core.package_discovery:discover_packages(prefix_path) discover
[3.357s] DEBUG:colcon.colcon_installed_package_information.package_discovery:Found 3 installed packages in /home/kouyayamaoka/ros2_ws/src/install
[3.370s] DEBUG:colcon.colcon_installed_package_information.package_discovery:Found 2 installed packages in /home/kouyayamaoka/ros2_ws/install
[3.381s] DEBUG:colcon.colcon_installed_package_information.package_discovery:Found 334 installed packages in /opt/ros/foxy
[3.407s] Level 1:colcon.colcon_core.package_discovery:discover_packages(prefix_path) using defaults
[4.124s] Level 5:colcon.colcon_core.verb:set package 'Bunai' build argument 'cmake_args' from command line to 'None'
[4.124s] Level 5:colcon.colcon_core.verb:set package 'Bunai' build argument 'cmake_target' from command line to 'None'
[4.125s] Level 5:colcon.colcon_core.verb:set package 'Bunai' build argument 'cmake_target_skip_unavailable' from command line to 'False'
[4.125s] Level 5:colcon.colcon_core.verb:set package 'Bunai' build argument 'cmake_clean_cache' from command line to 'False'
[4.125s] Level 5:colcon.colcon_core.verb:set package 'Bunai' build argument 'cmake_clean_first' from command line to 'False'
[4.125s] Level 5:colcon.colcon_core.verb:set package 'Bunai' build argument 'cmake_force_configure' from command line to 'False'
[4.126s] Level 5:colcon.colcon_core.verb:set package 'Bunai' build argument 'ament_cmake_args' from command line to 'None'
[4.127s] Level 5:colcon.colcon_core.verb:set package 'Bunai' build argument 'catkin_cmake_args' from command line to 'None'
[4.127s] Level 5:colcon.colcon_core.verb:set package 'Bunai' build argument 'catkin_skip_building_tests' from command line to 'False'
[4.127s] DEBUG:colcon.colcon_core.verb:Building package 'Bunai' with the following arguments: {'ament_cmake_args': None, 'build_base': '/home/kouyayamaoka/ros2_ws/build/Bunai', 'catkin_cmake_args': None, 'catkin_skip_building_tests': False, 'cmake_args': None, 'cmake_clean_cache': False, 'cmake_clean_first': False, 'cmake_force_configure': False, 'cmake_target': None, 'cmake_target_skip_unavailable': False, 'install_base': '/home/kouyayamaoka/ros2_ws/install/Bunai', 'merge_install': False, 'path': '/home/kouyayamaoka/ros2_ws/src/Bunai', 'symlink_install': False, 'test_result_base': None}
[4.132s] INFO:colcon.colcon_core.executor:Executing jobs using 'parallel' executor
[4.157s] DEBUG:colcon.colcon_parallel_executor.executor.parallel:run_until_complete
[4.158s] INFO:colcon.colcon_ros.task.ament_cmake.build:Building ROS package in '/home/kouyayamaoka/ros2_ws/src/Bunai' with build type 'ament_cmake'
[4.158s] INFO:colcon.colcon_cmake.task.cmake.build:Building CMake package in '/home/kouyayamaoka/ros2_ws/src/Bunai'
[4.210s] INFO:colcon.colcon_core.plugin_system:Skipping extension 'colcon_core.shell.bat': Not used on non-Windows systems
[4.211s] INFO:colcon.colcon_core.shell:Skip shell extension 'powershell' for command environment: Not usable outside of PowerShell
[4.212s] DEBUG:colcon.colcon_core.shell:Skip shell extension 'dsv' for command environment
[4.308s] DEBUG:colcon.colcon_core.event_handler.log_command:Invoking command in '/home/kouyayamaoka/ros2_ws/build/Bunai': CMAKE_PREFIX_PATH=${CMAKE_PREFIX_PATH}:/opt/ros/foxy /usr/bin/cmake /home/kouyayamaoka/ros2_ws/src/Bunai -DCMAKE_INSTALL_PREFIX=/home/kouyayamaoka/ros2_ws/install/Bunai
[22.311s] DEBUG:colcon.colcon_core.event_handler.log_command:Invoked command in '/home/kouyayamaoka/ros2_ws/build/Bunai' returned '0': CMAKE_PREFIX_PATH=${CMAKE_PREFIX_PATH}:/opt/ros/foxy /usr/bin/cmake /home/kouyayamaoka/ros2_ws/src/Bunai -DCMAKE_INSTALL_PREFIX=/home/kouyayamaoka/ros2_ws/install/Bunai
[22.322s] DEBUG:colcon.colcon_core.event_handler.log_command:Invoking command in '/home/kouyayamaoka/ros2_ws/build/Bunai': CMAKE_PREFIX_PATH=${CMAKE_PREFIX_PATH}:/opt/ros/foxy /usr/bin/cmake --build /home/kouyayamaoka/ros2_ws/build/Bunai -- -j2 -l2
[23.218s] DEBUG:colcon.colcon_core.event_handler.log_command:Invoked command in '/home/kouyayamaoka/ros2_ws/build/Bunai' returned '0': CMAKE_PREFIX_PATH=${CMAKE_PREFIX_PATH}:/opt/ros/foxy /usr/bin/cmake --build /home/kouyayamaoka/ros2_ws/build/Bunai -- -j2 -l2
[23.534s] DEBUG:colcon.colcon_core.event_handler.log_command:Invoking command in '/home/kouyayamaoka/ros2_ws/build/Bunai': CMAKE_PREFIX_PATH=${CMAKE_PREFIX_PATH}:/opt/ros/foxy /usr/bin/cmake --install /home/kouyayamaoka/ros2_ws/build/Bunai
[23.771s] Level 1:colcon.colcon_core.environment:create_environment_scripts_only(Bunai)
[23.775s] DEBUG:colcon.colcon_core.event_handler.log_command:Invoked command in '/home/kouyayamaoka/ros2_ws/build/Bunai' returned '0': CMAKE_PREFIX_PATH=${CMAKE_PREFIX_PATH}:/opt/ros/foxy /usr/bin/cmake --install /home/kouyayamaoka/ros2_ws/build/Bunai
[23.848s] Level 1:colcon.colcon_core.environment:checking '/home/kouyayamaoka/ros2_ws/install/Bunai' for CMake module files
[23.855s] Level 1:colcon.colcon_core.environment:checking '/home/kouyayamaoka/ros2_ws/install/Bunai' for CMake config files
[23.856s] Level 1:colcon.colcon_core.shell:create_environment_hook('Bunai', 'cmake_prefix_path')
[23.873s] INFO:colcon.colcon_core.shell:Creating environment hook '/home/kouyayamaoka/ros2_ws/install/Bunai/share/Bunai/hook/cmake_prefix_path.ps1'
[23.886s] INFO:colcon.colcon_core.shell:Creating environment descriptor '/home/kouyayamaoka/ros2_ws/install/Bunai/share/Bunai/hook/cmake_prefix_path.dsv'
[23.890s] INFO:colcon.colcon_core.shell:Creating environment hook '/home/kouyayamaoka/ros2_ws/install/Bunai/share/Bunai/hook/cmake_prefix_path.sh'
[23.897s] Level 1:colcon.colcon_core.environment:checking '/home/kouyayamaoka/ros2_ws/install/Bunai/bin'
[23.897s] Level 1:colcon.colcon_core.environment:checking '/home/kouyayamaoka/ros2_ws/install/Bunai/lib/pkgconfig/Bunai.pc'
[23.898s] Level 1:colcon.colcon_core.environment:checking '/home/kouyayamaoka/ros2_ws/install/Bunai/lib/python3.8/site-packages'
[23.903s] Level 1:colcon.colcon_core.environment:checking '/home/kouyayamaoka/ros2_ws/install/Bunai/bin'
[23.921s] INFO:colcon.colcon_core.shell:Creating package script '/home/kouyayamaoka/ros2_ws/install/Bunai/share/Bunai/package.ps1'
[23.928s] INFO:colcon.colcon_core.shell:Creating package descriptor '/home/kouyayamaoka/ros2_ws/install/Bunai/share/Bunai/package.dsv'
[23.934s] INFO:colcon.colcon_core.shell:Creating package script '/home/kouyayamaoka/ros2_ws/install/Bunai/share/Bunai/package.sh'
[23.939s] INFO:colcon.colcon_core.shell:Creating package script '/home/kouyayamaoka/ros2_ws/install/Bunai/share/Bunai/package.bash'
[23.946s] INFO:colcon.colcon_core.shell:Creating package script '/home/kouyayamaoka/ros2_ws/install/Bunai/share/Bunai/package.zsh'
[23.951s] Level 1:colcon.colcon_core.environment:create_file_with_runtime_dependencies(/home/kouyayamaoka/ros2_ws/install/Bunai/share/colcon-core/packages/Bunai)
[24.157s] Level 1:colcon.colcon_core.environment:create_environment_scripts_only(Bunai)
[24.185s] Level 1:colcon.colcon_core.environment:checking '/home/kouyayamaoka/ros2_ws/install/Bunai' for CMake module files
[24.190s] Level 1:colcon.colcon_core.environment:checking '/home/kouyayamaoka/ros2_ws/install/Bunai' for CMake config files
[24.193s] Level 1:colcon.colcon_core.shell:create_environment_hook('Bunai', 'cmake_prefix_path')
[24.204s] INFO:colcon.colcon_core.shell:Creating environment hook '/home/kouyayamaoka/ros2_ws/install/Bunai/share/Bunai/hook/cmake_prefix_path.ps1'
[24.207s] INFO:colcon.colcon_core.shell:Creating environment descriptor '/home/kouyayamaoka/ros2_ws/install/Bunai/share/Bunai/hook/cmake_prefix_path.dsv'
[24.214s] INFO:colcon.colcon_core.shell:Creating environment hook '/home/kouyayamaoka/ros2_ws/install/Bunai/share/Bunai/hook/cmake_prefix_path.sh'
[24.216s] Level 1:colcon.colcon_core.environment:checking '/home/kouyayamaoka/ros2_ws/install/Bunai/bin'
[24.216s] Level 1:colcon.colcon_core.environment:checking '/home/kouyayamaoka/ros2_ws/install/Bunai/lib/pkgconfig/Bunai.pc'
[24.218s] Level 1:colcon.colcon_core.environment:checking '/home/kouyayamaoka/ros2_ws/install/Bunai/lib/python3.8/site-packages'
[24.219s] Level 1:colcon.colcon_core.environment:checking '/home/kouyayamaoka/ros2_ws/install/Bunai/bin'
[24.231s] INFO:colcon.colcon_core.shell:Creating package script '/home/kouyayamaoka/ros2_ws/install/Bunai/share/Bunai/package.ps1'
[24.242s] INFO:colcon.colcon_core.shell:Creating package descriptor '/home/kouyayamaoka/ros2_ws/install/Bunai/share/Bunai/package.dsv'
[24.250s] INFO:colcon.colcon_core.shell:Creating package script '/home/kouyayamaoka/ros2_ws/install/Bunai/share/Bunai/package.sh'
[24.252s] INFO:colcon.colcon_core.shell:Creating package script '/home/kouyayamaoka/ros2_ws/install/Bunai/share/Bunai/package.bash'
[24.258s] INFO:colcon.colcon_core.shell:Creating package script '/home/kouyayamaoka/ros2_ws/install/Bunai/share/Bunai/package.zsh'
[24.260s] Level 1:colcon.colcon_core.environment:create_file_with_runtime_dependencies(/home/kouyayamaoka/ros2_ws/install/Bunai/share/colcon-core/packages/Bunai)
[24.269s] DEBUG:colcon.colcon_parallel_executor.executor.parallel:closing loop
[24.276s] DEBUG:colcon.colcon_parallel_executor.executor.parallel:loop closed
[24.276s] DEBUG:colcon.colcon_parallel_executor.executor.parallel:run_until_complete finished with '0'
[24.276s] DEBUG:colcon.colcon_core.event_reactor:joining thread
[24.335s] INFO:colcon.colcon_core.plugin_system:Skipping extension 'colcon_notification.desktop_notification.terminal_notifier': Not used on non-Darwin systems
[24.338s] INFO:colcon.colcon_core.plugin_system:Skipping extension 'colcon_notification.desktop_notification.win32': Not used on non-Windows systems
[24.338s] INFO:colcon.colcon_notification.desktop_notification:Sending desktop notification using 'notify2'
[24.413s] DEBUG:colcon.colcon_core.event_reactor:joined thread
[24.425s] INFO:colcon.colcon_core.shell:Creating prefix script '/home/kouyayamaoka/ros2_ws/install/local_setup.ps1'
[24.440s] INFO:colcon.colcon_core.shell:Creating prefix util module '/home/kouyayamaoka/ros2_ws/install/_local_setup_util_ps1.py'
[24.451s] INFO:colcon.colcon_core.shell:Creating prefix chain script '/home/kouyayamaoka/ros2_ws/install/setup.ps1'
[24.472s] INFO:colcon.colcon_core.shell:Creating prefix script '/home/kouyayamaoka/ros2_ws/install/local_setup.sh'
[24.487s] INFO:colcon.colcon_core.shell:Creating prefix util module '/home/kouyayamaoka/ros2_ws/install/_local_setup_util_sh.py'
[24.493s] INFO:colcon.colcon_core.shell:Creating prefix chain script '/home/kouyayamaoka/ros2_ws/install/setup.sh'
[24.507s] INFO:colcon.colcon_core.shell:Creating prefix script '/home/kouyayamaoka/ros2_ws/install/local_setup.bash'
[24.510s] INFO:colcon.colcon_core.shell:Creating prefix chain script '/home/kouyayamaoka/ros2_ws/install/setup.bash'
[24.518s] INFO:colcon.colcon_core.shell:Creating prefix script '/home/kouyayamaoka/ros2_ws/install/local_setup.zsh'
[24.528s] INFO:colcon.colcon_core.shell:Creating prefix chain script '/home/kouyayamaoka/ros2_ws/install/setup.zsh'
