[0.129s] Invoking command in '/home/kouyayamaoka/ros2_ws/src/build/Bunai': CMAKE_PREFIX_PATH=${CMAKE_PREFIX_PATH}:/opt/ros/foxy /usr/bin/cmake --build /home/kouyayamaoka/ros2_ws/src/build/Bunai -- -j2 -l2
[0.529s] [100%] Built target estimate
[0.619s] Invoked command in '/home/kouyayamaoka/ros2_ws/src/build/Bunai' returned '0': CMAKE_PREFIX_PATH=${CMAKE_PREFIX_PATH}:/opt/ros/foxy /usr/bin/cmake --build /home/kouyayamaoka/ros2_ws/src/build/Bunai -- -j2 -l2
[0.886s] Invoking command in '/home/kouyayamaoka/ros2_ws/src/build/Bunai': CMAKE_PREFIX_PATH=${CMAKE_PREFIX_PATH}:/opt/ros/foxy /usr/bin/cmake --install /home/kouyayamaoka/ros2_ws/src/build/Bunai
[0.987s] -- Install configuration: ""
[0.988s] -- Up-to-date: /home/kouyayamaoka/ros2_ws/src/install/Bunai/share/Bunai/rviz
[0.988s] -- Up-to-date: /home/kouyayamaoka/ros2_ws/src/install/Bunai/share/Bunai/rviz/bunai.rviz
[0.989s] -- Up-to-date: /home/kouyayamaoka/ros2_ws/src/install/Bunai/share/Bunai/launch
[0.989s] -- Installing: /home/kouyayamaoka/ros2_ws/src/install/Bunai/share/Bunai/launch/localization.launch.py
[0.989s] -- Up-to-date: /home/kouyayamaoka/ros2_ws/src/install/Bunai/share/Bunai/launch/rviz.launch.py
[0.990s] -- Up-to-date: /home/kouyayamaoka/ros2_ws/src/install/Bunai/share/Bunai/launch/Bunai.launch.py
[0.990s] -- Up-to-date: /home/kouyayamaoka/ros2_ws/src/install/Bunai/share/Bunai/urdf
[0.990s] -- Up-to-date: /home/kouyayamaoka/ros2_ws/src/install/Bunai/share/Bunai/urdf/bunai.urdf
[0.991s] -- Up-to-date: /home/kouyayamaoka/ros2_ws/src/install/Bunai/share/Bunai/config
[0.992s] -- Up-to-date: /home/kouyayamaoka/ros2_ws/src/install/Bunai/share/Bunai/config/ydlidar_cartographer.rviz
[0.997s] -- Up-to-date: /home/kouyayamaoka/ros2_ws/src/install/Bunai/share/Bunai/config/cartgrapher.lua
[0.997s] -- Up-to-date: /home/kouyayamaoka/ros2_ws/src/install/Bunai/share/Bunai/worlds
[0.998s] -- Up-to-date: /home/kouyayamaoka/ros2_ws/src/install/Bunai/share/Bunai/worlds/bunai.world
[0.998s] -- Up-to-date: /home/kouyayamaoka/ros2_ws/src/install/Bunai/share/ament_index/resource_index/package_run_dependencies/Bunai
[1.003s] -- Up-to-date: /home/kouyayamaoka/ros2_ws/src/install/Bunai/share/ament_index/resource_index/parent_prefix_path/Bunai
[1.005s] -- Up-to-date: /home/kouyayamaoka/ros2_ws/src/install/Bunai/share/Bunai/environment/ament_prefix_path.sh
[1.011s] -- Up-to-date: /home/kouyayamaoka/ros2_ws/src/install/Bunai/share/Bunai/environment/ament_prefix_path.dsv
[1.013s] -- Up-to-date: /home/kouyayamaoka/ros2_ws/src/install/Bunai/share/Bunai/environment/path.sh
[1.027s] -- Up-to-date: /home/kouyayamaoka/ros2_ws/src/install/Bunai/share/Bunai/environment/path.dsv
[1.027s] -- Up-to-date: /home/kouyayamaoka/ros2_ws/src/install/Bunai/share/Bunai/local_setup.bash
[1.028s] -- Up-to-date: /home/kouyayamaoka/ros2_ws/src/install/Bunai/share/Bunai/local_setup.sh
[1.028s] -- Up-to-date: /home/kouyayamaoka/ros2_ws/src/install/Bunai/share/Bunai/local_setup.zsh
[1.029s] -- Up-to-date: /home/kouyayamaoka/ros2_ws/src/install/Bunai/share/Bunai/local_setup.dsv
[1.030s] -- Installing: /home/kouyayamaoka/ros2_ws/src/install/Bunai/share/Bunai/package.dsv
[1.030s] -- Up-to-date: /home/kouyayamaoka/ros2_ws/src/install/Bunai/share/ament_index/resource_index/packages/Bunai
[1.030s] -- Up-to-date: /home/kouyayamaoka/ros2_ws/src/install/Bunai/share/Bunai/cmake/BunaiConfig.cmake
[1.032s] -- Up-to-date: /home/kouyayamaoka/ros2_ws/src/install/Bunai/share/Bunai/cmake/BunaiConfig-version.cmake
[1.035s] -- Up-to-date: /home/kouyayamaoka/ros2_ws/src/install/Bunai/share/Bunai/package.xml
[1.036s] Invoked command in '/home/kouyayamaoka/ros2_ws/src/build/Bunai' returned '0': CMAKE_PREFIX_PATH=${CMAKE_PREFIX_PATH}:/opt/ros/foxy /usr/bin/cmake --install /home/kouyayamaoka/ros2_ws/src/build/Bunai
