[2.170s] DEBUG:colcon:Command line arguments: ['/usr/bin/colcon', 'build', '--packages-select', 'ros2_first_test']
[2.172s] DEBUG:colcon:Parsed command line arguments: Namespace(allow_overriding=[], ament_cmake_args=None, base_paths=['.'], build_base='build', catkin_cmake_args=None, catkin_skip_building_tests=False, cmake_args=None, cmake_clean_cache=False, cmake_clean_first=False, cmake_force_configure=False, cmake_target=None, cmake_target_skip_unavailable=False, continue_on_error=False, event_handlers=None, executor='parallel', ignore_user_meta=False, install_base='install', log_base=None, log_level=None, main=<bound method BuildVerb.main of <colcon_core.verb.build.BuildVerb object at 0x7fcc1ed403a0>>, merge_install=False, metas=['./colcon.meta'], packages_above=None, packages_above_and_dependencies=None, packages_above_depth=None, packages_end=None, packages_ignore=None, packages_ignore_regex=None, packages_select=['ros2_first_test'], packages_select_build_failed=False, packages_select_by_dep=None, packages_select_regex=None, packages_select_test_failures=False, packages_skip=None, packages_skip_build_finished=False, packages_skip_by_dep=None, packages_skip_regex=None, packages_skip_test_passed=False, packages_skip_up_to=None, packages_start=None, packages_up_to=None, packages_up_to_regex=None, parallel_workers=2, paths=None, symlink_install=False, test_result_base=None, verb_extension=<colcon_core.verb.build.BuildVerb object at 0x7fcc1ed403a0>, verb_name='build', verb_parser=<colcon_defaults.argument_parser.defaults.DefaultArgumentsDecorator object at 0x7fcc1ed408e0>)
[2.387s] Level 1:colcon.colcon_core.package_discovery:discover_packages(colcon_meta) check parameters
[2.390s] Level 1:colcon.colcon_core.package_discovery:discover_packages(recursive) check parameters
[2.392s] Level 1:colcon.colcon_core.package_discovery:discover_packages(ignore) check parameters
[2.393s] Level 1:colcon.colcon_core.package_discovery:discover_packages(path) check parameters
[2.394s] Level 1:colcon.colcon_core.package_discovery:discover_packages(colcon_meta) discover
[2.395s] Level 1:colcon.colcon_core.package_discovery:discover_packages(recursive) discover
[2.396s] INFO:colcon.colcon_core.package_discovery:Crawling recursively for packages in '/home/kouyayamaoka/ros2_ws'
[2.398s] Level 1:colcon.colcon_core.package_identification:_identify(.) by extensions ['ignore', 'ignore_ament_install']
[2.399s] Level 1:colcon.colcon_core.package_identification:_identify(.) by extension 'ignore'
[2.401s] Level 1:colcon.colcon_core.package_identification:_identify(.) by extension 'ignore_ament_install'
[2.402s] Level 1:colcon.colcon_core.package_identification:_identify(.) by extensions ['colcon_pkg']
[2.403s] Level 1:colcon.colcon_core.package_identification:_identify(.) by extension 'colcon_pkg'
[2.405s] Level 1:colcon.colcon_core.package_identification:_identify(.) by extensions ['colcon_meta']
[2.406s] Level 1:colcon.colcon_core.package_identification:_identify(.) by extension 'colcon_meta'
[2.407s] Level 1:colcon.colcon_core.package_identification:_identify(.) by extensions ['ros']
[2.408s] Level 1:colcon.colcon_core.package_identification:_identify(.) by extension 'ros'
[2.524s] Level 1:colcon.colcon_core.package_identification:_identify(.) by extensions ['cmake', 'python']
[2.525s] Level 1:colcon.colcon_core.package_identification:_identify(.) by extension 'cmake'
[2.526s] Level 1:colcon.colcon_core.package_identification:_identify(.) by extension 'python'
[2.527s] Level 1:colcon.colcon_core.package_identification:_identify(.) by extensions ['python_setup_py']
[2.528s] Level 1:colcon.colcon_core.package_identification:_identify(.) by extension 'python_setup_py'
[2.530s] Level 1:colcon.colcon_core.package_identification:_identify(build) by extensions ['ignore', 'ignore_ament_install']
[2.532s] Level 1:colcon.colcon_core.package_identification:_identify(build) by extension 'ignore'
[2.533s] Level 1:colcon.colcon_core.package_identification:_identify(build) ignored
[2.536s] Level 1:colcon.colcon_core.package_identification:_identify(install) by extensions ['ignore', 'ignore_ament_install']
[2.538s] Level 1:colcon.colcon_core.package_identification:_identify(install) by extension 'ignore'
[2.540s] Level 1:colcon.colcon_core.package_identification:_identify(install) ignored
[2.541s] Level 1:colcon.colcon_core.package_identification:_identify(log) by extensions ['ignore', 'ignore_ament_install']
[2.543s] Level 1:colcon.colcon_core.package_identification:_identify(log) by extension 'ignore'
[2.544s] Level 1:colcon.colcon_core.package_identification:_identify(log) ignored
[2.545s] Level 1:colcon.colcon_core.package_identification:_identify(src) by extensions ['ignore', 'ignore_ament_install']
[2.547s] Level 1:colcon.colcon_core.package_identification:_identify(src) by extension 'ignore'
[2.548s] Level 1:colcon.colcon_core.package_identification:_identify(src) by extension 'ignore_ament_install'
[2.550s] Level 1:colcon.colcon_core.package_identification:_identify(src) by extensions ['colcon_pkg']
[2.551s] Level 1:colcon.colcon_core.package_identification:_identify(src) by extension 'colcon_pkg'
[2.552s] Level 1:colcon.colcon_core.package_identification:_identify(src) by extensions ['colcon_meta']
[2.553s] Level 1:colcon.colcon_core.package_identification:_identify(src) by extension 'colcon_meta'
[2.554s] Level 1:colcon.colcon_core.package_identification:_identify(src) by extensions ['ros']
[2.555s] Level 1:colcon.colcon_core.package_identification:_identify(src) by extension 'ros'
[2.557s] Level 1:colcon.colcon_core.package_identification:_identify(src) by extensions ['cmake', 'python']
[2.558s] Level 1:colcon.colcon_core.package_identification:_identify(src) by extension 'cmake'
[2.560s] Level 1:colcon.colcon_core.package_identification:_identify(src) by extension 'python'
[2.561s] Level 1:colcon.colcon_core.package_identification:_identify(src) by extensions ['python_setup_py']
[2.561s] Level 1:colcon.colcon_core.package_identification:_identify(src) by extension 'python_setup_py'
[2.564s] Level 1:colcon.colcon_core.package_identification:_identify(src/build) by extensions ['ignore', 'ignore_ament_install']
[2.565s] Level 1:colcon.colcon_core.package_identification:_identify(src/build) by extension 'ignore'
[2.566s] Level 1:colcon.colcon_core.package_identification:_identify(src/build) ignored
[2.567s] Level 1:colcon.colcon_core.package_identification:_identify(src/install) by extensions ['ignore', 'ignore_ament_install']
[2.569s] Level 1:colcon.colcon_core.package_identification:_identify(src/install) by extension 'ignore'
[2.570s] Level 1:colcon.colcon_core.package_identification:_identify(src/install) ignored
[2.571s] Level 1:colcon.colcon_core.package_identification:_identify(src/log) by extensions ['ignore', 'ignore_ament_install']
[2.572s] Level 1:colcon.colcon_core.package_identification:_identify(src/log) by extension 'ignore'
[2.574s] Level 1:colcon.colcon_core.package_identification:_identify(src/log) ignored
[2.575s] Level 1:colcon.colcon_core.package_identification:_identify(src/ros2_first_test) by extensions ['ignore', 'ignore_ament_install']
[2.576s] Level 1:colcon.colcon_core.package_identification:_identify(src/ros2_first_test) by extension 'ignore'
[2.578s] Level 1:colcon.colcon_core.package_identification:_identify(src/ros2_first_test) by extension 'ignore_ament_install'
[2.579s] Level 1:colcon.colcon_core.package_identification:_identify(src/ros2_first_test) by extensions ['colcon_pkg']
[2.580s] Level 1:colcon.colcon_core.package_identification:_identify(src/ros2_first_test) by extension 'colcon_pkg'
[2.582s] Level 1:colcon.colcon_core.package_identification:_identify(src/ros2_first_test) by extensions ['colcon_meta']
[2.582s] Level 1:colcon.colcon_core.package_identification:_identify(src/ros2_first_test) by extension 'colcon_meta'
[2.582s] Level 1:colcon.colcon_core.package_identification:_identify(src/ros2_first_test) by extensions ['ros']
[2.582s] Level 1:colcon.colcon_core.package_identification:_identify(src/ros2_first_test) by extension 'ros'
[2.595s] DEBUG:colcon.colcon_core.package_identification:Package 'src/ros2_first_test' with type 'ros.ament_cmake' and name 'ros2_first_test'
[2.596s] Level 1:colcon.colcon_core.package_discovery:discover_packages(recursive) using defaults
[2.598s] Level 1:colcon.colcon_core.package_discovery:discover_packages(ignore) discover
[2.598s] Level 1:colcon.colcon_core.package_discovery:discover_packages(ignore) using defaults
[2.599s] Level 1:colcon.colcon_core.package_discovery:discover_packages(path) discover
[2.600s] Level 1:colcon.colcon_core.package_discovery:discover_packages(path) using defaults
[2.703s] Level 1:colcon.colcon_core.package_discovery:discover_packages(prefix_path) check parameters
[2.704s] Level 1:colcon.colcon_core.package_discovery:discover_packages(prefix_path) discover
[2.720s] DEBUG:colcon.colcon_installed_package_information.package_discovery:Found 1 installed packages in /home/kouyayamaoka/ros2_ws/install
[2.733s] DEBUG:colcon.colcon_installed_package_information.package_discovery:Found 332 installed packages in /opt/ros/foxy
[2.745s] Level 1:colcon.colcon_core.package_discovery:discover_packages(prefix_path) using defaults
[3.212s] Level 5:colcon.colcon_core.verb:set package 'ros2_first_test' build argument 'cmake_args' from command line to 'None'
[3.214s] Level 5:colcon.colcon_core.verb:set package 'ros2_first_test' build argument 'cmake_target' from command line to 'None'
[3.215s] Level 5:colcon.colcon_core.verb:set package 'ros2_first_test' build argument 'cmake_target_skip_unavailable' from command line to 'False'
[3.216s] Level 5:colcon.colcon_core.verb:set package 'ros2_first_test' build argument 'cmake_clean_cache' from command line to 'False'
[3.218s] Level 5:colcon.colcon_core.verb:set package 'ros2_first_test' build argument 'cmake_clean_first' from command line to 'False'
[3.219s] Level 5:colcon.colcon_core.verb:set package 'ros2_first_test' build argument 'cmake_force_configure' from command line to 'False'
[3.220s] Level 5:colcon.colcon_core.verb:set package 'ros2_first_test' build argument 'ament_cmake_args' from command line to 'None'
[3.221s] Level 5:colcon.colcon_core.verb:set package 'ros2_first_test' build argument 'catkin_cmake_args' from command line to 'None'
[3.222s] Level 5:colcon.colcon_core.verb:set package 'ros2_first_test' build argument 'catkin_skip_building_tests' from command line to 'False'
[3.224s] DEBUG:colcon.colcon_core.verb:Building package 'ros2_first_test' with the following arguments: {'ament_cmake_args': None, 'build_base': '/home/kouyayamaoka/ros2_ws/build/ros2_first_test', 'catkin_cmake_args': None, 'catkin_skip_building_tests': False, 'cmake_args': None, 'cmake_clean_cache': False, 'cmake_clean_first': False, 'cmake_force_configure': False, 'cmake_target': None, 'cmake_target_skip_unavailable': False, 'install_base': '/home/kouyayamaoka/ros2_ws/install/ros2_first_test', 'merge_install': False, 'path': '/home/kouyayamaoka/ros2_ws/src/ros2_first_test', 'symlink_install': False, 'test_result_base': None}
[3.228s] INFO:colcon.colcon_core.executor:Executing jobs using 'parallel' executor
[3.249s] DEBUG:colcon.colcon_parallel_executor.executor.parallel:run_until_complete
[3.250s] INFO:colcon.colcon_ros.task.ament_cmake.build:Building ROS package in '/home/kouyayamaoka/ros2_ws/src/ros2_first_test' with build type 'ament_cmake'
[3.252s] INFO:colcon.colcon_cmake.task.cmake.build:Building CMake package in '/home/kouyayamaoka/ros2_ws/src/ros2_first_test'
[3.284s] INFO:colcon.colcon_core.plugin_system:Skipping extension 'colcon_core.shell.bat': Not used on non-Windows systems
[3.286s] INFO:colcon.colcon_core.shell:Skip shell extension 'powershell' for command environment: Not usable outside of PowerShell
[3.287s] DEBUG:colcon.colcon_core.shell:Skip shell extension 'dsv' for command environment
[3.368s] DEBUG:colcon.colcon_core.event_handler.log_command:Invoking command in '/home/kouyayamaoka/ros2_ws/build/ros2_first_test': CMAKE_PREFIX_PATH=${CMAKE_PREFIX_PATH}:/opt/ros/foxy /usr/bin/cmake --build /home/kouyayamaoka/ros2_ws/build/ros2_first_test -- -j2 -l2
[3.587s] DEBUG:colcon.colcon_core.event_handler.log_command:Invoked command in '/home/kouyayamaoka/ros2_ws/build/ros2_first_test' returned '0': CMAKE_PREFIX_PATH=${CMAKE_PREFIX_PATH}:/opt/ros/foxy /usr/bin/cmake --build /home/kouyayamaoka/ros2_ws/build/ros2_first_test -- -j2 -l2
[3.746s] DEBUG:colcon.colcon_core.event_handler.log_command:Invoking command in '/home/kouyayamaoka/ros2_ws/build/ros2_first_test': CMAKE_PREFIX_PATH=${CMAKE_PREFIX_PATH}:/opt/ros/foxy /usr/bin/cmake --install /home/kouyayamaoka/ros2_ws/build/ros2_first_test
[3.829s] Level 1:colcon.colcon_core.environment:create_environment_scripts_only(ros2_first_test)
[3.846s] DEBUG:colcon.colcon_core.event_handler.log_command:Invoked command in '/home/kouyayamaoka/ros2_ws/build/ros2_first_test' returned '0': CMAKE_PREFIX_PATH=${CMAKE_PREFIX_PATH}:/opt/ros/foxy /usr/bin/cmake --install /home/kouyayamaoka/ros2_ws/build/ros2_first_test
[3.893s] Level 1:colcon.colcon_core.environment:checking '/home/kouyayamaoka/ros2_ws/install/ros2_first_test' for CMake module files
[3.896s] Level 1:colcon.colcon_core.environment:checking '/home/kouyayamaoka/ros2_ws/install/ros2_first_test' for CMake config files
[3.898s] Level 1:colcon.colcon_core.shell:create_environment_hook('ros2_first_test', 'cmake_prefix_path')
[3.910s] INFO:colcon.colcon_core.shell:Creating environment hook '/home/kouyayamaoka/ros2_ws/install/ros2_first_test/share/ros2_first_test/hook/cmake_prefix_path.ps1'
[3.916s] INFO:colcon.colcon_core.shell:Creating environment descriptor '/home/kouyayamaoka/ros2_ws/install/ros2_first_test/share/ros2_first_test/hook/cmake_prefix_path.dsv'
[3.921s] INFO:colcon.colcon_core.shell:Creating environment hook '/home/kouyayamaoka/ros2_ws/install/ros2_first_test/share/ros2_first_test/hook/cmake_prefix_path.sh'
[3.928s] Level 1:colcon.colcon_core.environment:checking '/home/kouyayamaoka/ros2_ws/install/ros2_first_test/lib'
[3.931s] Level 1:colcon.colcon_core.environment:checking '/home/kouyayamaoka/ros2_ws/install/ros2_first_test/bin'
[3.934s] Level 1:colcon.colcon_core.environment:checking '/home/kouyayamaoka/ros2_ws/install/ros2_first_test/lib/pkgconfig/ros2_first_test.pc'
[3.937s] Level 1:colcon.colcon_core.environment:checking '/home/kouyayamaoka/ros2_ws/install/ros2_first_test/lib/python3.8/site-packages'
[3.939s] Level 1:colcon.colcon_core.environment:checking '/home/kouyayamaoka/ros2_ws/install/ros2_first_test/bin'
[3.952s] INFO:colcon.colcon_core.shell:Creating package script '/home/kouyayamaoka/ros2_ws/install/ros2_first_test/share/ros2_first_test/package.ps1'
[3.958s] INFO:colcon.colcon_core.shell:Creating package descriptor '/home/kouyayamaoka/ros2_ws/install/ros2_first_test/share/ros2_first_test/package.dsv'
[3.964s] INFO:colcon.colcon_core.shell:Creating package script '/home/kouyayamaoka/ros2_ws/install/ros2_first_test/share/ros2_first_test/package.sh'
[3.970s] INFO:colcon.colcon_core.shell:Creating package script '/home/kouyayamaoka/ros2_ws/install/ros2_first_test/share/ros2_first_test/package.bash'
[3.976s] INFO:colcon.colcon_core.shell:Creating package script '/home/kouyayamaoka/ros2_ws/install/ros2_first_test/share/ros2_first_test/package.zsh'
[3.981s] Level 1:colcon.colcon_core.environment:create_file_with_runtime_dependencies(/home/kouyayamaoka/ros2_ws/install/ros2_first_test/share/colcon-core/packages/ros2_first_test)
[4.083s] Level 1:colcon.colcon_core.environment:create_environment_scripts_only(ros2_first_test)
[4.099s] Level 1:colcon.colcon_core.environment:checking '/home/kouyayamaoka/ros2_ws/install/ros2_first_test' for CMake module files
[4.103s] Level 1:colcon.colcon_core.environment:checking '/home/kouyayamaoka/ros2_ws/install/ros2_first_test' for CMake config files
[4.105s] Level 1:colcon.colcon_core.shell:create_environment_hook('ros2_first_test', 'cmake_prefix_path')
[4.117s] INFO:colcon.colcon_core.shell:Creating environment hook '/home/kouyayamaoka/ros2_ws/install/ros2_first_test/share/ros2_first_test/hook/cmake_prefix_path.ps1'
[4.122s] INFO:colcon.colcon_core.shell:Creating environment descriptor '/home/kouyayamaoka/ros2_ws/install/ros2_first_test/share/ros2_first_test/hook/cmake_prefix_path.dsv'
[4.126s] INFO:colcon.colcon_core.shell:Creating environment hook '/home/kouyayamaoka/ros2_ws/install/ros2_first_test/share/ros2_first_test/hook/cmake_prefix_path.sh'
[4.130s] Level 1:colcon.colcon_core.environment:checking '/home/kouyayamaoka/ros2_ws/install/ros2_first_test/lib'
[4.131s] Level 1:colcon.colcon_core.environment:checking '/home/kouyayamaoka/ros2_ws/install/ros2_first_test/bin'
[4.132s] Level 1:colcon.colcon_core.environment:checking '/home/kouyayamaoka/ros2_ws/install/ros2_first_test/lib/pkgconfig/ros2_first_test.pc'
[4.133s] Level 1:colcon.colcon_core.environment:checking '/home/kouyayamaoka/ros2_ws/install/ros2_first_test/lib/python3.8/site-packages'
[4.134s] Level 1:colcon.colcon_core.environment:checking '/home/kouyayamaoka/ros2_ws/install/ros2_first_test/bin'
[4.143s] INFO:colcon.colcon_core.shell:Creating package script '/home/kouyayamaoka/ros2_ws/install/ros2_first_test/share/ros2_first_test/package.ps1'
[4.148s] INFO:colcon.colcon_core.shell:Creating package descriptor '/home/kouyayamaoka/ros2_ws/install/ros2_first_test/share/ros2_first_test/package.dsv'
[4.151s] INFO:colcon.colcon_core.shell:Creating package script '/home/kouyayamaoka/ros2_ws/install/ros2_first_test/share/ros2_first_test/package.sh'
[4.155s] INFO:colcon.colcon_core.shell:Creating package script '/home/kouyayamaoka/ros2_ws/install/ros2_first_test/share/ros2_first_test/package.bash'
[4.158s] INFO:colcon.colcon_core.shell:Creating package script '/home/kouyayamaoka/ros2_ws/install/ros2_first_test/share/ros2_first_test/package.zsh'
[4.162s] Level 1:colcon.colcon_core.environment:create_file_with_runtime_dependencies(/home/kouyayamaoka/ros2_ws/install/ros2_first_test/share/colcon-core/packages/ros2_first_test)
[4.170s] DEBUG:colcon.colcon_parallel_executor.executor.parallel:closing loop
[4.173s] DEBUG:colcon.colcon_parallel_executor.executor.parallel:loop closed
[4.174s] DEBUG:colcon.colcon_parallel_executor.executor.parallel:run_until_complete finished with '0'
[4.175s] DEBUG:colcon.colcon_core.event_reactor:joining thread
[4.203s] INFO:colcon.colcon_core.plugin_system:Skipping extension 'colcon_notification.desktop_notification.terminal_notifier': Not used on non-Darwin systems
[4.204s] INFO:colcon.colcon_core.plugin_system:Skipping extension 'colcon_notification.desktop_notification.win32': Not used on non-Windows systems
[4.205s] INFO:colcon.colcon_notification.desktop_notification:Sending desktop notification using 'notify2'
[4.221s] DEBUG:colcon.colcon_core.event_reactor:joined thread
[4.233s] INFO:colcon.colcon_core.shell:Creating prefix script '/home/kouyayamaoka/ros2_ws/install/local_setup.ps1'
[4.239s] INFO:colcon.colcon_core.shell:Creating prefix util module '/home/kouyayamaoka/ros2_ws/install/_local_setup_util_ps1.py'
[4.254s] INFO:colcon.colcon_core.shell:Creating prefix chain script '/home/kouyayamaoka/ros2_ws/install/setup.ps1'
[4.277s] INFO:colcon.colcon_core.shell:Creating prefix script '/home/kouyayamaoka/ros2_ws/install/local_setup.sh'
[4.281s] INFO:colcon.colcon_core.shell:Creating prefix util module '/home/kouyayamaoka/ros2_ws/install/_local_setup_util_sh.py'
[4.291s] INFO:colcon.colcon_core.shell:Creating prefix chain script '/home/kouyayamaoka/ros2_ws/install/setup.sh'
[4.306s] INFO:colcon.colcon_core.shell:Creating prefix script '/home/kouyayamaoka/ros2_ws/install/local_setup.bash'
[4.311s] INFO:colcon.colcon_core.shell:Creating prefix chain script '/home/kouyayamaoka/ros2_ws/install/setup.bash'
[4.321s] INFO:colcon.colcon_core.shell:Creating prefix script '/home/kouyayamaoka/ros2_ws/install/local_setup.zsh'
[4.325s] INFO:colcon.colcon_core.shell:Creating prefix chain script '/home/kouyayamaoka/ros2_ws/install/setup.zsh'
