[0.171s] Invoking command in '/home/kouyayamaoka/ros2_ws/src/build/Bunai': CMAKE_PREFIX_PATH=${CMAKE_PREFIX_PATH}:/opt/ros/foxy /usr/bin/cmake --build /home/kouyayamaoka/ros2_ws/src/build/Bunai -- -j2 -l2
[0.739s] [100%] Built target estimate
[0.807s] Invoked command in '/home/kouyayamaoka/ros2_ws/src/build/Bunai' returned '0': CMAKE_PREFIX_PATH=${CMAKE_PREFIX_PATH}:/opt/ros/foxy /usr/bin/cmake --build /home/kouyayamaoka/ros2_ws/src/build/Bunai -- -j2 -l2
[1.164s] Invoking command in '/home/kouyayamaoka/ros2_ws/src/build/Bunai': CMAKE_PREFIX_PATH=${CMAKE_PREFIX_PATH}:/opt/ros/foxy /usr/bin/cmake --install /home/kouyayamaoka/ros2_ws/src/build/Bunai
[1.290s] -- Install configuration: ""
[1.301s] -- Up-to-date: /home/kouyayamaoka/ros2_ws/src/install/Bunai/share/Bunai/rviz
[1.303s] -- Up-to-date: /home/kouyayamaoka/ros2_ws/src/install/Bunai/share/Bunai/rviz/bunai.rviz
[1.303s] -- Up-to-date: /home/kouyayamaoka/ros2_ws/src/install/Bunai/share/Bunai/launch
[1.304s] -- Up-to-date: /home/kouyayamaoka/ros2_ws/src/install/Bunai/share/Bunai/launch/localization.launch.py
[1.305s] -- Up-to-date: /home/kouyayamaoka/ros2_ws/src/install/Bunai/share/Bunai/launch/rviz.launch.py
[1.306s] -- Up-to-date: /home/kouyayamaoka/ros2_ws/src/install/Bunai/share/Bunai/launch/Bunai.launch.py
[1.308s] -- Up-to-date: /home/kouyayamaoka/ros2_ws/src/install/Bunai/share/Bunai/urdf
[1.309s] -- Up-to-date: /home/kouyayamaoka/ros2_ws/src/install/Bunai/share/Bunai/urdf/bunai.urdf
[1.310s] -- Up-to-date: /home/kouyayamaoka/ros2_ws/src/install/Bunai/share/Bunai/config
[1.314s] -- Up-to-date: /home/kouyayamaoka/ros2_ws/src/install/Bunai/share/Bunai/config/ydlidar_cartographer.rviz
[1.320s] -- Installing: /home/kouyayamaoka/ros2_ws/src/install/Bunai/share/Bunai/config/cartgrapher.lua
[1.322s] -- Up-to-date: /home/kouyayamaoka/ros2_ws/src/install/Bunai/share/Bunai/worlds
[1.323s] -- Up-to-date: /home/kouyayamaoka/ros2_ws/src/install/Bunai/share/Bunai/worlds/bunai.world
[1.324s] -- Up-to-date: /home/kouyayamaoka/ros2_ws/src/install/Bunai/share/ament_index/resource_index/package_run_dependencies/Bunai
[1.326s] -- Up-to-date: /home/kouyayamaoka/ros2_ws/src/install/Bunai/share/ament_index/resource_index/parent_prefix_path/Bunai
[1.327s] -- Up-to-date: /home/kouyayamaoka/ros2_ws/src/install/Bunai/share/Bunai/environment/ament_prefix_path.sh
[1.339s] -- Up-to-date: /home/kouyayamaoka/ros2_ws/src/install/Bunai/share/Bunai/environment/ament_prefix_path.dsv
[1.340s] -- Up-to-date: /home/kouyayamaoka/ros2_ws/src/install/Bunai/share/Bunai/environment/path.sh
[1.343s] -- Up-to-date: /home/kouyayamaoka/ros2_ws/src/install/Bunai/share/Bunai/environment/path.dsv
[1.344s] -- Up-to-date: /home/kouyayamaoka/ros2_ws/src/install/Bunai/share/Bunai/local_setup.bash
[1.344s] -- Up-to-date: /home/kouyayamaoka/ros2_ws/src/install/Bunai/share/Bunai/local_setup.sh
[1.345s] -- Up-to-date: /home/kouyayamaoka/ros2_ws/src/install/Bunai/share/Bunai/local_setup.zsh
[1.351s] -- Up-to-date: /home/kouyayamaoka/ros2_ws/src/install/Bunai/share/Bunai/local_setup.dsv
[1.356s] -- Installing: /home/kouyayamaoka/ros2_ws/src/install/Bunai/share/Bunai/package.dsv
[1.356s] -- Up-to-date: /home/kouyayamaoka/ros2_ws/src/install/Bunai/share/ament_index/resource_index/packages/Bunai
[1.381s] -- Up-to-date: /home/kouyayamaoka/ros2_ws/src/install/Bunai/share/Bunai/cmake/BunaiConfig.cmake
[1.381s] -- Up-to-date: /home/kouyayamaoka/ros2_ws/src/install/Bunai/share/Bunai/cmake/BunaiConfig-version.cmake
[1.382s] -- Up-to-date: /home/kouyayamaoka/ros2_ws/src/install/Bunai/share/Bunai/package.xml
[1.384s] Invoked command in '/home/kouyayamaoka/ros2_ws/src/build/Bunai' returned '0': CMAKE_PREFIX_PATH=${CMAKE_PREFIX_PATH}:/opt/ros/foxy /usr/bin/cmake --install /home/kouyayamaoka/ros2_ws/src/build/Bunai
