[0.700s] DEBUG:colcon:Command line arguments: ['/usr/bin/colcon', 'build', '--packages-select', 'ros2_first_test']
[0.700s] DEBUG:colcon:Parsed command line arguments: Namespace(allow_overriding=[], ament_cmake_args=None, base_paths=['.'], build_base='build', catkin_cmake_args=None, catkin_skip_building_tests=False, cmake_args=None, cmake_clean_cache=False, cmake_clean_first=False, cmake_force_configure=False, cmake_target=None, cmake_target_skip_unavailable=False, continue_on_error=False, event_handlers=None, executor='parallel', ignore_user_meta=False, install_base='install', log_base=None, log_level=None, main=<bound method BuildVerb.main of <colcon_core.verb.build.BuildVerb object at 0x7f40596a8370>>, merge_install=False, metas=['./colcon.meta'], packages_above=None, packages_above_and_dependencies=None, packages_above_depth=None, packages_end=None, packages_ignore=None, packages_ignore_regex=None, packages_select=['ros2_first_test'], packages_select_build_failed=False, packages_select_by_dep=None, packages_select_regex=None, packages_select_test_failures=False, packages_skip=None, packages_skip_build_finished=False, packages_skip_by_dep=None, packages_skip_regex=None, packages_skip_test_passed=False, packages_skip_up_to=None, packages_start=None, packages_up_to=None, packages_up_to_regex=None, parallel_workers=2, paths=None, symlink_install=False, test_result_base=None, verb_extension=<colcon_core.verb.build.BuildVerb object at 0x7f40596a8370>, verb_name='build', verb_parser=<colcon_defaults.argument_parser.defaults.DefaultArgumentsDecorator object at 0x7f40596a88b0>)
[0.761s] Level 1:colcon.colcon_core.package_discovery:discover_packages(colcon_meta) check parameters
[0.761s] Level 1:colcon.colcon_core.package_discovery:discover_packages(recursive) check parameters
[0.761s] Level 1:colcon.colcon_core.package_discovery:discover_packages(ignore) check parameters
[0.762s] Level 1:colcon.colcon_core.package_discovery:discover_packages(path) check parameters
[0.762s] Level 1:colcon.colcon_core.package_discovery:discover_packages(colcon_meta) discover
[0.762s] Level 1:colcon.colcon_core.package_discovery:discover_packages(recursive) discover
[0.762s] INFO:colcon.colcon_core.package_discovery:Crawling recursively for packages in '/home/kouyayamaoka/ros2_ws'
[0.762s] Level 1:colcon.colcon_core.package_identification:_identify(.) by extensions ['ignore', 'ignore_ament_install']
[0.762s] Level 1:colcon.colcon_core.package_identification:_identify(.) by extension 'ignore'
[0.763s] Level 1:colcon.colcon_core.package_identification:_identify(.) by extension 'ignore_ament_install'
[0.763s] Level 1:colcon.colcon_core.package_identification:_identify(.) by extensions ['colcon_pkg']
[0.763s] Level 1:colcon.colcon_core.package_identification:_identify(.) by extension 'colcon_pkg'
[0.763s] Level 1:colcon.colcon_core.package_identification:_identify(.) by extensions ['colcon_meta']
[0.763s] Level 1:colcon.colcon_core.package_identification:_identify(.) by extension 'colcon_meta'
[0.763s] Level 1:colcon.colcon_core.package_identification:_identify(.) by extensions ['ros']
[0.763s] Level 1:colcon.colcon_core.package_identification:_identify(.) by extension 'ros'
[0.812s] Level 1:colcon.colcon_core.package_identification:_identify(.) by extensions ['cmake', 'python']
[0.812s] Level 1:colcon.colcon_core.package_identification:_identify(.) by extension 'cmake'
[0.812s] Level 1:colcon.colcon_core.package_identification:_identify(.) by extension 'python'
[0.812s] Level 1:colcon.colcon_core.package_identification:_identify(.) by extensions ['python_setup_py']
[0.812s] Level 1:colcon.colcon_core.package_identification:_identify(.) by extension 'python_setup_py'
[0.813s] Level 1:colcon.colcon_core.package_identification:_identify(build) by extensions ['ignore', 'ignore_ament_install']
[0.813s] Level 1:colcon.colcon_core.package_identification:_identify(build) by extension 'ignore'
[0.814s] Level 1:colcon.colcon_core.package_identification:_identify(build) ignored
[0.814s] Level 1:colcon.colcon_core.package_identification:_identify(install) by extensions ['ignore', 'ignore_ament_install']
[0.814s] Level 1:colcon.colcon_core.package_identification:_identify(install) by extension 'ignore'
[0.814s] Level 1:colcon.colcon_core.package_identification:_identify(install) ignored
[0.815s] Level 1:colcon.colcon_core.package_identification:_identify(log) by extensions ['ignore', 'ignore_ament_install']
[0.815s] Level 1:colcon.colcon_core.package_identification:_identify(log) by extension 'ignore'
[0.815s] Level 1:colcon.colcon_core.package_identification:_identify(log) ignored
[0.815s] Level 1:colcon.colcon_core.package_identification:_identify(src) by extensions ['ignore', 'ignore_ament_install']
[0.816s] Level 1:colcon.colcon_core.package_identification:_identify(src) by extension 'ignore'
[0.816s] Level 1:colcon.colcon_core.package_identification:_identify(src) by extension 'ignore_ament_install'
[0.816s] Level 1:colcon.colcon_core.package_identification:_identify(src) by extensions ['colcon_pkg']
[0.816s] Level 1:colcon.colcon_core.package_identification:_identify(src) by extension 'colcon_pkg'
[0.816s] Level 1:colcon.colcon_core.package_identification:_identify(src) by extensions ['colcon_meta']
[0.816s] Level 1:colcon.colcon_core.package_identification:_identify(src) by extension 'colcon_meta'
[0.816s] Level 1:colcon.colcon_core.package_identification:_identify(src) by extensions ['ros']
[0.816s] Level 1:colcon.colcon_core.package_identification:_identify(src) by extension 'ros'
[0.816s] Level 1:colcon.colcon_core.package_identification:_identify(src) by extensions ['cmake', 'python']
[0.817s] Level 1:colcon.colcon_core.package_identification:_identify(src) by extension 'cmake'
[0.817s] Level 1:colcon.colcon_core.package_identification:_identify(src) by extension 'python'
[0.817s] Level 1:colcon.colcon_core.package_identification:_identify(src) by extensions ['python_setup_py']
[0.817s] Level 1:colcon.colcon_core.package_identification:_identify(src) by extension 'python_setup_py'
[0.817s] Level 1:colcon.colcon_core.package_identification:_identify(src/build) by extensions ['ignore', 'ignore_ament_install']
[0.817s] Level 1:colcon.colcon_core.package_identification:_identify(src/build) by extension 'ignore'
[0.817s] Level 1:colcon.colcon_core.package_identification:_identify(src/build) ignored
[0.818s] Level 1:colcon.colcon_core.package_identification:_identify(src/install) by extensions ['ignore', 'ignore_ament_install']
[0.818s] Level 1:colcon.colcon_core.package_identification:_identify(src/install) by extension 'ignore'
[0.818s] Level 1:colcon.colcon_core.package_identification:_identify(src/install) ignored
[0.818s] Level 1:colcon.colcon_core.package_identification:_identify(src/log) by extensions ['ignore', 'ignore_ament_install']
[0.818s] Level 1:colcon.colcon_core.package_identification:_identify(src/log) by extension 'ignore'
[0.819s] Level 1:colcon.colcon_core.package_identification:_identify(src/log) ignored
[0.819s] Level 1:colcon.colcon_core.package_identification:_identify(src/ros2_first_test) by extensions ['ignore', 'ignore_ament_install']
[0.819s] Level 1:colcon.colcon_core.package_identification:_identify(src/ros2_first_test) by extension 'ignore'
[0.819s] Level 1:colcon.colcon_core.package_identification:_identify(src/ros2_first_test) by extension 'ignore_ament_install'
[0.819s] Level 1:colcon.colcon_core.package_identification:_identify(src/ros2_first_test) by extensions ['colcon_pkg']
[0.819s] Level 1:colcon.colcon_core.package_identification:_identify(src/ros2_first_test) by extension 'colcon_pkg'
[0.820s] Level 1:colcon.colcon_core.package_identification:_identify(src/ros2_first_test) by extensions ['colcon_meta']
[0.820s] Level 1:colcon.colcon_core.package_identification:_identify(src/ros2_first_test) by extension 'colcon_meta'
[0.820s] Level 1:colcon.colcon_core.package_identification:_identify(src/ros2_first_test) by extensions ['ros']
[0.820s] Level 1:colcon.colcon_core.package_identification:_identify(src/ros2_first_test) by extension 'ros'
[0.825s] DEBUG:colcon.colcon_core.package_identification:Package 'src/ros2_first_test' with type 'ros.ament_cmake' and name 'ros2_first_test'
[0.825s] Level 1:colcon.colcon_core.package_discovery:discover_packages(recursive) using defaults
[0.825s] Level 1:colcon.colcon_core.package_discovery:discover_packages(ignore) discover
[0.825s] Level 1:colcon.colcon_core.package_discovery:discover_packages(ignore) using defaults
[0.825s] Level 1:colcon.colcon_core.package_discovery:discover_packages(path) discover
[0.825s] Level 1:colcon.colcon_core.package_discovery:discover_packages(path) using defaults
[0.871s] Level 1:colcon.colcon_core.package_discovery:discover_packages(prefix_path) check parameters
[0.871s] Level 1:colcon.colcon_core.package_discovery:discover_packages(prefix_path) discover
[0.878s] DEBUG:colcon.colcon_installed_package_information.package_discovery:Found 1 installed packages in /home/kouyayamaoka/ros2_ws/install
[0.883s] DEBUG:colcon.colcon_installed_package_information.package_discovery:Found 332 installed packages in /opt/ros/foxy
[0.888s] Level 1:colcon.colcon_core.package_discovery:discover_packages(prefix_path) using defaults
[1.085s] Level 5:colcon.colcon_core.verb:set package 'ros2_first_test' build argument 'cmake_args' from command line to 'None'
[1.085s] Level 5:colcon.colcon_core.verb:set package 'ros2_first_test' build argument 'cmake_target' from command line to 'None'
[1.085s] Level 5:colcon.colcon_core.verb:set package 'ros2_first_test' build argument 'cmake_target_skip_unavailable' from command line to 'False'
[1.085s] Level 5:colcon.colcon_core.verb:set package 'ros2_first_test' build argument 'cmake_clean_cache' from command line to 'False'
[1.085s] Level 5:colcon.colcon_core.verb:set package 'ros2_first_test' build argument 'cmake_clean_first' from command line to 'False'
[1.085s] Level 5:colcon.colcon_core.verb:set package 'ros2_first_test' build argument 'cmake_force_configure' from command line to 'False'
[1.085s] Level 5:colcon.colcon_core.verb:set package 'ros2_first_test' build argument 'ament_cmake_args' from command line to 'None'
[1.085s] Level 5:colcon.colcon_core.verb:set package 'ros2_first_test' build argument 'catkin_cmake_args' from command line to 'None'
[1.085s] Level 5:colcon.colcon_core.verb:set package 'ros2_first_test' build argument 'catkin_skip_building_tests' from command line to 'False'
[1.085s] DEBUG:colcon.colcon_core.verb:Building package 'ros2_first_test' with the following arguments: {'ament_cmake_args': None, 'build_base': '/home/kouyayamaoka/ros2_ws/build/ros2_first_test', 'catkin_cmake_args': None, 'catkin_skip_building_tests': False, 'cmake_args': None, 'cmake_clean_cache': False, 'cmake_clean_first': False, 'cmake_force_configure': False, 'cmake_target': None, 'cmake_target_skip_unavailable': False, 'install_base': '/home/kouyayamaoka/ros2_ws/install/ros2_first_test', 'merge_install': False, 'path': '/home/kouyayamaoka/ros2_ws/src/ros2_first_test', 'symlink_install': False, 'test_result_base': None}
[1.087s] INFO:colcon.colcon_core.executor:Executing jobs using 'parallel' executor
[1.096s] DEBUG:colcon.colcon_parallel_executor.executor.parallel:run_until_complete
[1.097s] INFO:colcon.colcon_ros.task.ament_cmake.build:Building ROS package in '/home/kouyayamaoka/ros2_ws/src/ros2_first_test' with build type 'ament_cmake'
[1.097s] INFO:colcon.colcon_cmake.task.cmake.build:Building CMake package in '/home/kouyayamaoka/ros2_ws/src/ros2_first_test'
[1.108s] INFO:colcon.colcon_core.plugin_system:Skipping extension 'colcon_core.shell.bat': Not used on non-Windows systems
[1.109s] INFO:colcon.colcon_core.shell:Skip shell extension 'powershell' for command environment: Not usable outside of PowerShell
[1.109s] DEBUG:colcon.colcon_core.shell:Skip shell extension 'dsv' for command environment
[1.140s] DEBUG:colcon.colcon_core.event_handler.log_command:Invoking command in '/home/kouyayamaoka/ros2_ws/build/ros2_first_test': CMAKE_PREFIX_PATH=${CMAKE_PREFIX_PATH}:/opt/ros/foxy /usr/bin/cmake --build /home/kouyayamaoka/ros2_ws/build/ros2_first_test -- -j2 -l2
[1.860s] DEBUG:colcon.colcon_core.event_handler.log_command:Invoked command in '/home/kouyayamaoka/ros2_ws/build/ros2_first_test' returned '0': CMAKE_PREFIX_PATH=${CMAKE_PREFIX_PATH}:/opt/ros/foxy /usr/bin/cmake --build /home/kouyayamaoka/ros2_ws/build/ros2_first_test -- -j2 -l2
[1.926s] DEBUG:colcon.colcon_core.event_handler.log_command:Invoking command in '/home/kouyayamaoka/ros2_ws/build/ros2_first_test': CMAKE_PREFIX_PATH=${CMAKE_PREFIX_PATH}:/opt/ros/foxy /usr/bin/cmake --install /home/kouyayamaoka/ros2_ws/build/ros2_first_test
[1.953s] Level 1:colcon.colcon_core.environment:create_environment_scripts_only(ros2_first_test)
[1.971s] DEBUG:colcon.colcon_core.event_handler.log_command:Invoked command in '/home/kouyayamaoka/ros2_ws/build/ros2_first_test' returned '0': CMAKE_PREFIX_PATH=${CMAKE_PREFIX_PATH}:/opt/ros/foxy /usr/bin/cmake --install /home/kouyayamaoka/ros2_ws/build/ros2_first_test
[1.974s] Level 1:colcon.colcon_core.environment:checking '/home/kouyayamaoka/ros2_ws/install/ros2_first_test' for CMake module files
[1.975s] Level 1:colcon.colcon_core.environment:checking '/home/kouyayamaoka/ros2_ws/install/ros2_first_test' for CMake config files
[1.976s] Level 1:colcon.colcon_core.shell:create_environment_hook('ros2_first_test', 'cmake_prefix_path')
[1.979s] INFO:colcon.colcon_core.shell:Creating environment hook '/home/kouyayamaoka/ros2_ws/install/ros2_first_test/share/ros2_first_test/hook/cmake_prefix_path.ps1'
[1.981s] INFO:colcon.colcon_core.shell:Creating environment descriptor '/home/kouyayamaoka/ros2_ws/install/ros2_first_test/share/ros2_first_test/hook/cmake_prefix_path.dsv'
[1.982s] INFO:colcon.colcon_core.shell:Creating environment hook '/home/kouyayamaoka/ros2_ws/install/ros2_first_test/share/ros2_first_test/hook/cmake_prefix_path.sh'
[1.985s] Level 1:colcon.colcon_core.environment:checking '/home/kouyayamaoka/ros2_ws/install/ros2_first_test/bin'
[1.985s] Level 1:colcon.colcon_core.environment:checking '/home/kouyayamaoka/ros2_ws/install/ros2_first_test/lib/pkgconfig/ros2_first_test.pc'
[1.985s] Level 1:colcon.colcon_core.environment:checking '/home/kouyayamaoka/ros2_ws/install/ros2_first_test/lib/python3.8/site-packages'
[1.986s] Level 1:colcon.colcon_core.environment:checking '/home/kouyayamaoka/ros2_ws/install/ros2_first_test/bin'
[1.989s] INFO:colcon.colcon_core.shell:Creating package script '/home/kouyayamaoka/ros2_ws/install/ros2_first_test/share/ros2_first_test/package.ps1'
[1.991s] INFO:colcon.colcon_core.shell:Creating package descriptor '/home/kouyayamaoka/ros2_ws/install/ros2_first_test/share/ros2_first_test/package.dsv'
[1.993s] INFO:colcon.colcon_core.shell:Creating package script '/home/kouyayamaoka/ros2_ws/install/ros2_first_test/share/ros2_first_test/package.sh'
[1.994s] INFO:colcon.colcon_core.shell:Creating package script '/home/kouyayamaoka/ros2_ws/install/ros2_first_test/share/ros2_first_test/package.bash'
[1.996s] INFO:colcon.colcon_core.shell:Creating package script '/home/kouyayamaoka/ros2_ws/install/ros2_first_test/share/ros2_first_test/package.zsh'
[1.998s] Level 1:colcon.colcon_core.environment:create_file_with_runtime_dependencies(/home/kouyayamaoka/ros2_ws/install/ros2_first_test/share/colcon-core/packages/ros2_first_test)
[2.042s] Level 1:colcon.colcon_core.environment:create_environment_scripts_only(ros2_first_test)
[2.049s] Level 1:colcon.colcon_core.environment:checking '/home/kouyayamaoka/ros2_ws/install/ros2_first_test' for CMake module files
[2.050s] Level 1:colcon.colcon_core.environment:checking '/home/kouyayamaoka/ros2_ws/install/ros2_first_test' for CMake config files
[2.051s] Level 1:colcon.colcon_core.shell:create_environment_hook('ros2_first_test', 'cmake_prefix_path')
[2.054s] INFO:colcon.colcon_core.shell:Creating environment hook '/home/kouyayamaoka/ros2_ws/install/ros2_first_test/share/ros2_first_test/hook/cmake_prefix_path.ps1'
[2.056s] INFO:colcon.colcon_core.shell:Creating environment descriptor '/home/kouyayamaoka/ros2_ws/install/ros2_first_test/share/ros2_first_test/hook/cmake_prefix_path.dsv'
[2.057s] INFO:colcon.colcon_core.shell:Creating environment hook '/home/kouyayamaoka/ros2_ws/install/ros2_first_test/share/ros2_first_test/hook/cmake_prefix_path.sh'
[2.058s] Level 1:colcon.colcon_core.environment:checking '/home/kouyayamaoka/ros2_ws/install/ros2_first_test/bin'
[2.058s] Level 1:colcon.colcon_core.environment:checking '/home/kouyayamaoka/ros2_ws/install/ros2_first_test/lib/pkgconfig/ros2_first_test.pc'
[2.059s] Level 1:colcon.colcon_core.environment:checking '/home/kouyayamaoka/ros2_ws/install/ros2_first_test/lib/python3.8/site-packages'
[2.059s] Level 1:colcon.colcon_core.environment:checking '/home/kouyayamaoka/ros2_ws/install/ros2_first_test/bin'
[2.063s] INFO:colcon.colcon_core.shell:Creating package script '/home/kouyayamaoka/ros2_ws/install/ros2_first_test/share/ros2_first_test/package.ps1'
[2.064s] INFO:colcon.colcon_core.shell:Creating package descriptor '/home/kouyayamaoka/ros2_ws/install/ros2_first_test/share/ros2_first_test/package.dsv'
[2.066s] INFO:colcon.colcon_core.shell:Creating package script '/home/kouyayamaoka/ros2_ws/install/ros2_first_test/share/ros2_first_test/package.sh'
[2.067s] INFO:colcon.colcon_core.shell:Creating package script '/home/kouyayamaoka/ros2_ws/install/ros2_first_test/share/ros2_first_test/package.bash'
[2.068s] INFO:colcon.colcon_core.shell:Creating package script '/home/kouyayamaoka/ros2_ws/install/ros2_first_test/share/ros2_first_test/package.zsh'
[2.069s] Level 1:colcon.colcon_core.environment:create_file_with_runtime_dependencies(/home/kouyayamaoka/ros2_ws/install/ros2_first_test/share/colcon-core/packages/ros2_first_test)
[2.070s] DEBUG:colcon.colcon_parallel_executor.executor.parallel:closing loop
[2.072s] DEBUG:colcon.colcon_parallel_executor.executor.parallel:loop closed
[2.072s] DEBUG:colcon.colcon_parallel_executor.executor.parallel:run_until_complete finished with '0'
[2.073s] DEBUG:colcon.colcon_core.event_reactor:joining thread
[2.084s] INFO:colcon.colcon_core.plugin_system:Skipping extension 'colcon_notification.desktop_notification.terminal_notifier': Not used on non-Darwin systems
[2.084s] INFO:colcon.colcon_core.plugin_system:Skipping extension 'colcon_notification.desktop_notification.win32': Not used on non-Windows systems
[2.084s] INFO:colcon.colcon_notification.desktop_notification:Sending desktop notification using 'notify2'
[2.096s] DEBUG:colcon.colcon_core.event_reactor:joined thread
[2.101s] INFO:colcon.colcon_core.shell:Creating prefix script '/home/kouyayamaoka/ros2_ws/install/local_setup.ps1'
[2.103s] INFO:colcon.colcon_core.shell:Creating prefix util module '/home/kouyayamaoka/ros2_ws/install/_local_setup_util_ps1.py'
[2.107s] INFO:colcon.colcon_core.shell:Creating prefix chain script '/home/kouyayamaoka/ros2_ws/install/setup.ps1'
[2.112s] INFO:colcon.colcon_core.shell:Creating prefix script '/home/kouyayamaoka/ros2_ws/install/local_setup.sh'
[2.116s] INFO:colcon.colcon_core.shell:Creating prefix util module '/home/kouyayamaoka/ros2_ws/install/_local_setup_util_sh.py'
[2.118s] INFO:colcon.colcon_core.shell:Creating prefix chain script '/home/kouyayamaoka/ros2_ws/install/setup.sh'
[2.123s] INFO:colcon.colcon_core.shell:Creating prefix script '/home/kouyayamaoka/ros2_ws/install/local_setup.bash'
[2.126s] INFO:colcon.colcon_core.shell:Creating prefix chain script '/home/kouyayamaoka/ros2_ws/install/setup.bash'
[2.133s] INFO:colcon.colcon_core.shell:Creating prefix script '/home/kouyayamaoka/ros2_ws/install/local_setup.zsh'
[2.136s] INFO:colcon.colcon_core.shell:Creating prefix chain script '/home/kouyayamaoka/ros2_ws/install/setup.zsh'
