[0.073s] Invoking command in '/home/kouyayamaoka/ros2_ws/src/build/Bunai': CMAKE_PREFIX_PATH=${CMAKE_PREFIX_PATH}:/opt/ros/foxy /usr/bin/cmake --build /home/kouyayamaoka/ros2_ws/src/build/Bunai -- -j2 -l2
[0.412s] [100%] Built target estimate
[0.483s] Invoked command in '/home/kouyayamaoka/ros2_ws/src/build/Bunai' returned '0': CMAKE_PREFIX_PATH=${CMAKE_PREFIX_PATH}:/opt/ros/foxy /usr/bin/cmake --build /home/kouyayamaoka/ros2_ws/src/build/Bunai -- -j2 -l2
[0.720s] Invoking command in '/home/kouyayamaoka/ros2_ws/src/build/Bunai': CMAKE_PREFIX_PATH=${CMAKE_PREFIX_PATH}:/opt/ros/foxy /usr/bin/cmake --install /home/kouyayamaoka/ros2_ws/src/build/Bunai
[0.794s] -- Install configuration: ""
[0.798s] -- Up-to-date: /home/kouyayamaoka/ros2_ws/src/install/Bunai/share/Bunai/rviz
[0.800s] -- Up-to-date: /home/kouyayamaoka/ros2_ws/src/install/Bunai/share/Bunai/rviz/bunai.rviz
[0.801s] -- Up-to-date: /home/kouyayamaoka/ros2_ws/src/install/Bunai/share/Bunai/launch
[0.804s] -- Up-to-date: /home/kouyayamaoka/ros2_ws/src/install/Bunai/share/Bunai/launch/localization.launch.py
[0.812s] -- Up-to-date: /home/kouyayamaoka/ros2_ws/src/install/Bunai/share/Bunai/launch/rviz.launch.py
[0.813s] -- Up-to-date: /home/kouyayamaoka/ros2_ws/src/install/Bunai/share/Bunai/launch/Bunai.launch.py
[0.815s] -- Up-to-date: /home/kouyayamaoka/ros2_ws/src/install/Bunai/share/Bunai/urdf
[0.816s] -- Up-to-date: /home/kouyayamaoka/ros2_ws/src/install/Bunai/share/Bunai/urdf/bunai.urdf
[0.820s] -- Up-to-date: /home/kouyayamaoka/ros2_ws/src/install/Bunai/share/Bunai/config
[0.823s] -- Up-to-date: /home/kouyayamaoka/ros2_ws/src/install/Bunai/share/Bunai/config/ydlidar_cartographer.rviz
[0.825s] -- Installing: /home/kouyayamaoka/ros2_ws/src/install/Bunai/share/Bunai/config/cartgrapher.lua
[0.829s] -- Up-to-date: /home/kouyayamaoka/ros2_ws/src/install/Bunai/share/Bunai/worlds
[0.833s] -- Up-to-date: /home/kouyayamaoka/ros2_ws/src/install/Bunai/share/Bunai/worlds/bunai.world
[0.833s] -- Up-to-date: /home/kouyayamaoka/ros2_ws/src/install/Bunai/share/ament_index/resource_index/package_run_dependencies/Bunai
[0.834s] -- Up-to-date: /home/kouyayamaoka/ros2_ws/src/install/Bunai/share/ament_index/resource_index/parent_prefix_path/Bunai
[0.837s] -- Up-to-date: /home/kouyayamaoka/ros2_ws/src/install/Bunai/share/Bunai/environment/ament_prefix_path.sh
[0.841s] -- Up-to-date: /home/kouyayamaoka/ros2_ws/src/install/Bunai/share/Bunai/environment/ament_prefix_path.dsv
[0.844s] -- Up-to-date: /home/kouyayamaoka/ros2_ws/src/install/Bunai/share/Bunai/environment/path.sh
[0.844s] -- Up-to-date: /home/kouyayamaoka/ros2_ws/src/install/Bunai/share/Bunai/environment/path.dsv
[0.846s] -- Up-to-date: /home/kouyayamaoka/ros2_ws/src/install/Bunai/share/Bunai/local_setup.bash
[0.847s] -- Up-to-date: /home/kouyayamaoka/ros2_ws/src/install/Bunai/share/Bunai/local_setup.sh
[0.847s] -- Up-to-date: /home/kouyayamaoka/ros2_ws/src/install/Bunai/share/Bunai/local_setup.zsh
[0.860s] -- Up-to-date: /home/kouyayamaoka/ros2_ws/src/install/Bunai/share/Bunai/local_setup.dsv
[0.860s] -- Installing: /home/kouyayamaoka/ros2_ws/src/install/Bunai/share/Bunai/package.dsv
[0.860s] -- Up-to-date: /home/kouyayamaoka/ros2_ws/src/install/Bunai/share/ament_index/resource_index/packages/Bunai
[0.864s] -- Up-to-date: /home/kouyayamaoka/ros2_ws/src/install/Bunai/share/Bunai/cmake/BunaiConfig.cmake
[0.864s] -- Up-to-date: /home/kouyayamaoka/ros2_ws/src/install/Bunai/share/Bunai/cmake/BunaiConfig-version.cmake
[0.864s] -- Up-to-date: /home/kouyayamaoka/ros2_ws/src/install/Bunai/share/Bunai/package.xml
[0.891s] Invoked command in '/home/kouyayamaoka/ros2_ws/src/build/Bunai' returned '0': CMAKE_PREFIX_PATH=${CMAKE_PREFIX_PATH}:/opt/ros/foxy /usr/bin/cmake --install /home/kouyayamaoka/ros2_ws/src/build/Bunai
