[1.734s] DEBUG:colcon:Command line arguments: ['/usr/bin/colcon', 'build', '--packages-select', 'Controller']
[1.735s] DEBUG:colcon:Parsed command line arguments: Namespace(allow_overriding=[], ament_cmake_args=None, base_paths=['.'], build_base='build', catkin_cmake_args=None, catkin_skip_building_tests=False, cmake_args=None, cmake_clean_cache=False, cmake_clean_first=False, cmake_force_configure=False, cmake_target=None, cmake_target_skip_unavailable=False, continue_on_error=False, event_handlers=None, executor='parallel', ignore_user_meta=False, install_base='install', log_base=None, log_level=None, main=<bound method BuildVerb.main of <colcon_core.verb.build.BuildVerb object at 0x7f4165a9c340>>, merge_install=False, metas=['./colcon.meta'], packages_above=None, packages_above_and_dependencies=None, packages_above_depth=None, packages_end=None, packages_ignore=None, packages_ignore_regex=None, packages_select=['Controller'], packages_select_build_failed=False, packages_select_by_dep=None, packages_select_regex=None, packages_select_test_failures=False, packages_skip=None, packages_skip_build_finished=False, packages_skip_by_dep=None, packages_skip_regex=None, packages_skip_test_passed=False, packages_skip_up_to=None, packages_start=None, packages_up_to=None, packages_up_to_regex=None, parallel_workers=2, paths=None, symlink_install=False, test_result_base=None, verb_extension=<colcon_core.verb.build.BuildVerb object at 0x7f4165a9c340>, verb_name='build', verb_parser=<colcon_defaults.argument_parser.defaults.DefaultArgumentsDecorator object at 0x7f4165a9c880>)
[1.859s] Level 1:colcon.colcon_core.package_discovery:discover_packages(colcon_meta) check parameters
[1.860s] Level 1:colcon.colcon_core.package_discovery:discover_packages(recursive) check parameters
[1.860s] Level 1:colcon.colcon_core.package_discovery:discover_packages(ignore) check parameters
[1.860s] Level 1:colcon.colcon_core.package_discovery:discover_packages(path) check parameters
[1.861s] Level 1:colcon.colcon_core.package_discovery:discover_packages(colcon_meta) discover
[1.861s] Level 1:colcon.colcon_core.package_discovery:discover_packages(recursive) discover
[1.862s] INFO:colcon.colcon_core.package_discovery:Crawling recursively for packages in '/home/kouyayamaoka/ros2_ws/src'
[1.862s] Level 1:colcon.colcon_core.package_identification:_identify(.) by extensions ['ignore', 'ignore_ament_install']
[1.863s] Level 1:colcon.colcon_core.package_identification:_identify(.) by extension 'ignore'
[1.863s] Level 1:colcon.colcon_core.package_identification:_identify(.) by extension 'ignore_ament_install'
[1.864s] Level 1:colcon.colcon_core.package_identification:_identify(.) by extensions ['colcon_pkg']
[1.864s] Level 1:colcon.colcon_core.package_identification:_identify(.) by extension 'colcon_pkg'
[1.865s] Level 1:colcon.colcon_core.package_identification:_identify(.) by extensions ['colcon_meta']
[1.865s] Level 1:colcon.colcon_core.package_identification:_identify(.) by extension 'colcon_meta'
[1.866s] Level 1:colcon.colcon_core.package_identification:_identify(.) by extensions ['ros']
[1.866s] Level 1:colcon.colcon_core.package_identification:_identify(.) by extension 'ros'
[1.936s] Level 1:colcon.colcon_core.package_identification:_identify(.) by extensions ['cmake', 'python']
[1.937s] Level 1:colcon.colcon_core.package_identification:_identify(.) by extension 'cmake'
[1.937s] Level 1:colcon.colcon_core.package_identification:_identify(.) by extension 'python'
[1.937s] Level 1:colcon.colcon_core.package_identification:_identify(.) by extensions ['python_setup_py']
[1.938s] Level 1:colcon.colcon_core.package_identification:_identify(.) by extension 'python_setup_py'
[1.939s] Level 1:colcon.colcon_core.package_identification:_identify(Bunai) by extensions ['ignore', 'ignore_ament_install']
[1.940s] Level 1:colcon.colcon_core.package_identification:_identify(Bunai) by extension 'ignore'
[1.940s] Level 1:colcon.colcon_core.package_identification:_identify(Bunai) by extension 'ignore_ament_install'
[1.941s] Level 1:colcon.colcon_core.package_identification:_identify(Bunai) by extensions ['colcon_pkg']
[1.941s] Level 1:colcon.colcon_core.package_identification:_identify(Bunai) by extension 'colcon_pkg'
[1.942s] Level 1:colcon.colcon_core.package_identification:_identify(Bunai) by extensions ['colcon_meta']
[1.942s] Level 1:colcon.colcon_core.package_identification:_identify(Bunai) by extension 'colcon_meta'
[1.943s] Level 1:colcon.colcon_core.package_identification:_identify(Bunai) by extensions ['ros']
[1.943s] Level 1:colcon.colcon_core.package_identification:_identify(Bunai) by extension 'ros'
[1.956s] DEBUG:colcon.colcon_core.package_identification:Package 'Bunai' with type 'ros.ament_cmake' and name 'Bunai'
[1.957s] Level 1:colcon.colcon_core.package_identification:_identify(Controller) by extensions ['ignore', 'ignore_ament_install']
[1.958s] Level 1:colcon.colcon_core.package_identification:_identify(Controller) by extension 'ignore'
[1.959s] Level 1:colcon.colcon_core.package_identification:_identify(Controller) by extension 'ignore_ament_install'
[1.959s] Level 1:colcon.colcon_core.package_identification:_identify(Controller) by extensions ['colcon_pkg']
[1.960s] Level 1:colcon.colcon_core.package_identification:_identify(Controller) by extension 'colcon_pkg'
[1.960s] Level 1:colcon.colcon_core.package_identification:_identify(Controller) by extensions ['colcon_meta']
[1.960s] Level 1:colcon.colcon_core.package_identification:_identify(Controller) by extension 'colcon_meta'
[1.961s] Level 1:colcon.colcon_core.package_identification:_identify(Controller) by extensions ['ros']
[1.961s] Level 1:colcon.colcon_core.package_identification:_identify(Controller) by extension 'ros'
[1.966s] DEBUG:colcon.colcon_core.package_identification:Package 'Controller' with type 'ros.ament_cmake' and name 'Controller'
[1.967s] Level 1:colcon.colcon_core.package_identification:_identify(build) by extensions ['ignore', 'ignore_ament_install']
[1.967s] Level 1:colcon.colcon_core.package_identification:_identify(build) by extension 'ignore'
[1.968s] Level 1:colcon.colcon_core.package_identification:_identify(build) ignored
[1.969s] Level 1:colcon.colcon_core.package_identification:_identify(install) by extensions ['ignore', 'ignore_ament_install']
[1.970s] Level 1:colcon.colcon_core.package_identification:_identify(install) by extension 'ignore'
[1.970s] Level 1:colcon.colcon_core.package_identification:_identify(install) ignored
[1.971s] Level 1:colcon.colcon_core.package_identification:_identify(log) by extensions ['ignore', 'ignore_ament_install']
[1.972s] Level 1:colcon.colcon_core.package_identification:_identify(log) by extension 'ignore'
[1.972s] Level 1:colcon.colcon_core.package_identification:_identify(log) ignored
[1.973s] Level 1:colcon.colcon_core.package_identification:_identify(ros2_first_test) by extensions ['ignore', 'ignore_ament_install']
[1.973s] Level 1:colcon.colcon_core.package_identification:_identify(ros2_first_test) by extension 'ignore'
[1.974s] Level 1:colcon.colcon_core.package_identification:_identify(ros2_first_test) by extension 'ignore_ament_install'
[1.974s] Level 1:colcon.colcon_core.package_identification:_identify(ros2_first_test) by extensions ['colcon_pkg']
[1.974s] Level 1:colcon.colcon_core.package_identification:_identify(ros2_first_test) by extension 'colcon_pkg'
[1.974s] Level 1:colcon.colcon_core.package_identification:_identify(ros2_first_test) by extensions ['colcon_meta']
[1.975s] Level 1:colcon.colcon_core.package_identification:_identify(ros2_first_test) by extension 'colcon_meta'
[1.975s] Level 1:colcon.colcon_core.package_identification:_identify(ros2_first_test) by extensions ['ros']
[1.975s] Level 1:colcon.colcon_core.package_identification:_identify(ros2_first_test) by extension 'ros'
[1.978s] DEBUG:colcon.colcon_core.package_identification:Package 'ros2_first_test' with type 'ros.ament_cmake' and name 'ros2_first_test'
[1.978s] Level 1:colcon.colcon_core.package_discovery:discover_packages(recursive) using defaults
[1.979s] Level 1:colcon.colcon_core.package_discovery:discover_packages(ignore) discover
[1.980s] Level 1:colcon.colcon_core.package_discovery:discover_packages(ignore) using defaults
[1.980s] Level 1:colcon.colcon_core.package_discovery:discover_packages(path) discover
[1.980s] Level 1:colcon.colcon_core.package_discovery:discover_packages(path) using defaults
[2.079s] INFO:colcon.colcon_core.package_selection:Skipping not selected package 'Bunai' in 'Bunai'
[2.079s] INFO:colcon.colcon_core.package_selection:Skipping not selected package 'ros2_first_test' in 'ros2_first_test'
[2.086s] Level 1:colcon.colcon_core.package_discovery:discover_packages(prefix_path) check parameters
[2.086s] Level 1:colcon.colcon_core.package_discovery:discover_packages(prefix_path) discover
[2.097s] DEBUG:colcon.colcon_installed_package_information.package_discovery:Found 3 installed packages in /home/kouyayamaoka/ros2_ws/src/install
[2.102s] DEBUG:colcon.colcon_installed_package_information.package_discovery:Found 3 installed packages in /home/kouyayamaoka/ros2_ws/install
[2.111s] DEBUG:colcon.colcon_installed_package_information.package_discovery:Found 334 installed packages in /opt/ros/foxy
[2.121s] Level 1:colcon.colcon_core.package_discovery:discover_packages(prefix_path) using defaults
[2.502s] Level 5:colcon.colcon_core.verb:set package 'Controller' build argument 'cmake_args' from command line to 'None'
[2.503s] Level 5:colcon.colcon_core.verb:set package 'Controller' build argument 'cmake_target' from command line to 'None'
[2.503s] Level 5:colcon.colcon_core.verb:set package 'Controller' build argument 'cmake_target_skip_unavailable' from command line to 'False'
[2.504s] Level 5:colcon.colcon_core.verb:set package 'Controller' build argument 'cmake_clean_cache' from command line to 'False'
[2.504s] Level 5:colcon.colcon_core.verb:set package 'Controller' build argument 'cmake_clean_first' from command line to 'False'
[2.504s] Level 5:colcon.colcon_core.verb:set package 'Controller' build argument 'cmake_force_configure' from command line to 'False'
[2.505s] Level 5:colcon.colcon_core.verb:set package 'Controller' build argument 'ament_cmake_args' from command line to 'None'
[2.505s] Level 5:colcon.colcon_core.verb:set package 'Controller' build argument 'catkin_cmake_args' from command line to 'None'
[2.505s] Level 5:colcon.colcon_core.verb:set package 'Controller' build argument 'catkin_skip_building_tests' from command line to 'False'
[2.506s] DEBUG:colcon.colcon_core.verb:Building package 'Controller' with the following arguments: {'ament_cmake_args': None, 'build_base': '/home/kouyayamaoka/ros2_ws/src/build/Controller', 'catkin_cmake_args': None, 'catkin_skip_building_tests': False, 'cmake_args': None, 'cmake_clean_cache': False, 'cmake_clean_first': False, 'cmake_force_configure': False, 'cmake_target': None, 'cmake_target_skip_unavailable': False, 'install_base': '/home/kouyayamaoka/ros2_ws/src/install/Controller', 'merge_install': False, 'path': '/home/kouyayamaoka/ros2_ws/src/Controller', 'symlink_install': False, 'test_result_base': None}
[2.508s] INFO:colcon.colcon_core.executor:Executing jobs using 'parallel' executor
[2.527s] DEBUG:colcon.colcon_parallel_executor.executor.parallel:run_until_complete
[2.529s] INFO:colcon.colcon_ros.task.ament_cmake.build:Building ROS package in '/home/kouyayamaoka/ros2_ws/src/Controller' with build type 'ament_cmake'
[2.531s] INFO:colcon.colcon_cmake.task.cmake.build:Building CMake package in '/home/kouyayamaoka/ros2_ws/src/Controller'
[2.553s] INFO:colcon.colcon_core.plugin_system:Skipping extension 'colcon_core.shell.bat': Not used on non-Windows systems
[2.555s] INFO:colcon.colcon_core.shell:Skip shell extension 'powershell' for command environment: Not usable outside of PowerShell
[2.555s] DEBUG:colcon.colcon_core.shell:Skip shell extension 'dsv' for command environment
[2.615s] DEBUG:colcon.colcon_core.event_handler.log_command:Invoking command in '/home/kouyayamaoka/ros2_ws/src/build/Controller': CMAKE_PREFIX_PATH=${CMAKE_PREFIX_PATH}:/opt/ros/foxy /usr/bin/cmake --build /home/kouyayamaoka/ros2_ws/src/build/Controller -- -j2 -l2
[10.593s] DEBUG:colcon.colcon_core.event_handler.log_command:Invoked command in '/home/kouyayamaoka/ros2_ws/src/build/Controller' returned '2': CMAKE_PREFIX_PATH=${CMAKE_PREFIX_PATH}:/opt/ros/foxy /usr/bin/cmake --build /home/kouyayamaoka/ros2_ws/src/build/Controller -- -j2 -l2
[10.682s] Level 1:colcon.colcon_core.environment:create_environment_scripts_only(Controller)
[10.713s] Level 1:colcon.colcon_core.environment:checking '/home/kouyayamaoka/ros2_ws/src/install/Controller' for CMake module files
[10.715s] Level 1:colcon.colcon_core.environment:checking '/home/kouyayamaoka/ros2_ws/src/install/Controller' for CMake config files
[10.716s] Level 1:colcon.colcon_core.shell:create_environment_hook('Controller', 'cmake_prefix_path')
[10.722s] INFO:colcon.colcon_core.shell:Creating environment hook '/home/kouyayamaoka/ros2_ws/src/install/Controller/share/Controller/hook/cmake_prefix_path.ps1'
[10.727s] INFO:colcon.colcon_core.shell:Creating environment descriptor '/home/kouyayamaoka/ros2_ws/src/install/Controller/share/Controller/hook/cmake_prefix_path.dsv'
[10.732s] INFO:colcon.colcon_core.shell:Creating environment hook '/home/kouyayamaoka/ros2_ws/src/install/Controller/share/Controller/hook/cmake_prefix_path.sh'
[10.737s] Level 1:colcon.colcon_core.environment:checking '/home/kouyayamaoka/ros2_ws/src/install/Controller/lib'
[10.738s] Level 1:colcon.colcon_core.environment:checking '/home/kouyayamaoka/ros2_ws/src/install/Controller/bin'
[10.738s] Level 1:colcon.colcon_core.environment:checking '/home/kouyayamaoka/ros2_ws/src/install/Controller/lib/pkgconfig/Controller.pc'
[10.740s] Level 1:colcon.colcon_core.environment:checking '/home/kouyayamaoka/ros2_ws/src/install/Controller/lib/python3.8/site-packages'
[10.740s] Level 1:colcon.colcon_core.environment:checking '/home/kouyayamaoka/ros2_ws/src/install/Controller/bin'
[10.747s] INFO:colcon.colcon_core.shell:Creating package script '/home/kouyayamaoka/ros2_ws/src/install/Controller/share/Controller/package.ps1'
[10.753s] INFO:colcon.colcon_core.shell:Creating package descriptor '/home/kouyayamaoka/ros2_ws/src/install/Controller/share/Controller/package.dsv'
[10.760s] INFO:colcon.colcon_core.shell:Creating package script '/home/kouyayamaoka/ros2_ws/src/install/Controller/share/Controller/package.sh'
[10.764s] INFO:colcon.colcon_core.shell:Creating package script '/home/kouyayamaoka/ros2_ws/src/install/Controller/share/Controller/package.bash'
[10.769s] INFO:colcon.colcon_core.shell:Creating package script '/home/kouyayamaoka/ros2_ws/src/install/Controller/share/Controller/package.zsh'
[10.773s] Level 1:colcon.colcon_core.environment:create_file_with_runtime_dependencies(/home/kouyayamaoka/ros2_ws/src/install/Controller/share/colcon-core/packages/Controller)
[10.781s] DEBUG:colcon.colcon_parallel_executor.executor.parallel:closing loop
[10.783s] DEBUG:colcon.colcon_parallel_executor.executor.parallel:loop closed
[10.783s] DEBUG:colcon.colcon_parallel_executor.executor.parallel:run_until_complete finished with '2'
[10.783s] DEBUG:colcon.colcon_core.event_reactor:joining thread
[10.815s] INFO:colcon.colcon_core.plugin_system:Skipping extension 'colcon_notification.desktop_notification.terminal_notifier': Not used on non-Darwin systems
[10.815s] INFO:colcon.colcon_core.plugin_system:Skipping extension 'colcon_notification.desktop_notification.win32': Not used on non-Windows systems
[10.815s] INFO:colcon.colcon_notification.desktop_notification:Sending desktop notification using 'notify2'
[10.869s] DEBUG:colcon.colcon_core.event_reactor:joined thread
[10.876s] INFO:colcon.colcon_core.shell:Creating prefix script '/home/kouyayamaoka/ros2_ws/src/install/local_setup.ps1'
[10.883s] INFO:colcon.colcon_core.shell:Creating prefix util module '/home/kouyayamaoka/ros2_ws/src/install/_local_setup_util_ps1.py'
[10.889s] INFO:colcon.colcon_core.shell:Creating prefix chain script '/home/kouyayamaoka/ros2_ws/src/install/setup.ps1'
[10.895s] INFO:colcon.colcon_core.shell:Creating prefix script '/home/kouyayamaoka/ros2_ws/src/install/local_setup.sh'
[10.899s] INFO:colcon.colcon_core.shell:Creating prefix util module '/home/kouyayamaoka/ros2_ws/src/install/_local_setup_util_sh.py'
[10.901s] INFO:colcon.colcon_core.shell:Creating prefix chain script '/home/kouyayamaoka/ros2_ws/src/install/setup.sh'
[10.908s] INFO:colcon.colcon_core.shell:Creating prefix script '/home/kouyayamaoka/ros2_ws/src/install/local_setup.bash'
[10.911s] INFO:colcon.colcon_core.shell:Creating prefix chain script '/home/kouyayamaoka/ros2_ws/src/install/setup.bash'
[10.917s] INFO:colcon.colcon_core.shell:Creating prefix script '/home/kouyayamaoka/ros2_ws/src/install/local_setup.zsh'
[10.919s] INFO:colcon.colcon_core.shell:Creating prefix chain script '/home/kouyayamaoka/ros2_ws/src/install/setup.zsh'
