[1.436s] DEBUG:colcon:Command line arguments: ['/usr/bin/colcon', 'build', '--packages-select', 'Bunai']
[1.437s] DEBUG:colcon:Parsed command line arguments: Namespace(allow_overriding=[], ament_cmake_args=None, base_paths=['.'], build_base='build', catkin_cmake_args=None, catkin_skip_building_tests=False, cmake_args=None, cmake_clean_cache=False, cmake_clean_first=False, cmake_force_configure=False, cmake_target=None, cmake_target_skip_unavailable=False, continue_on_error=False, event_handlers=None, executor='parallel', ignore_user_meta=False, install_base='install', log_base=None, log_level=None, main=<bound method BuildVerb.main of <colcon_core.verb.build.BuildVerb object at 0x7f75fc74de80>>, merge_install=False, metas=['./colcon.meta'], packages_above=None, packages_above_and_dependencies=None, packages_above_depth=None, packages_end=None, packages_ignore=None, packages_ignore_regex=None, packages_select=['Bunai'], packages_select_build_failed=False, packages_select_by_dep=None, packages_select_regex=None, packages_select_test_failures=False, packages_skip=None, packages_skip_build_finished=False, packages_skip_by_dep=None, packages_skip_regex=None, packages_skip_test_passed=False, packages_skip_up_to=None, packages_start=None, packages_up_to=None, packages_up_to_regex=None, parallel_workers=2, paths=None, symlink_install=False, test_result_base=None, verb_extension=<colcon_core.verb.build.BuildVerb object at 0x7f75fc74de80>, verb_name='build', verb_parser=<colcon_defaults.argument_parser.defaults.DefaultArgumentsDecorator object at 0x7f75fc757430>)
[1.552s] Level 1:colcon.colcon_core.package_discovery:discover_packages(colcon_meta) check parameters
[1.552s] Level 1:colcon.colcon_core.package_discovery:discover_packages(recursive) check parameters
[1.552s] Level 1:colcon.colcon_core.package_discovery:discover_packages(ignore) check parameters
[1.553s] Level 1:colcon.colcon_core.package_discovery:discover_packages(path) check parameters
[1.553s] Level 1:colcon.colcon_core.package_discovery:discover_packages(colcon_meta) discover
[1.553s] Level 1:colcon.colcon_core.package_discovery:discover_packages(recursive) discover
[1.553s] INFO:colcon.colcon_core.package_discovery:Crawling recursively for packages in '/home/kouyayamaoka/ros2_ws/src'
[1.553s] Level 1:colcon.colcon_core.package_identification:_identify(.) by extensions ['ignore', 'ignore_ament_install']
[1.554s] Level 1:colcon.colcon_core.package_identification:_identify(.) by extension 'ignore'
[1.554s] Level 1:colcon.colcon_core.package_identification:_identify(.) by extension 'ignore_ament_install'
[1.554s] Level 1:colcon.colcon_core.package_identification:_identify(.) by extensions ['colcon_pkg']
[1.554s] Level 1:colcon.colcon_core.package_identification:_identify(.) by extension 'colcon_pkg'
[1.555s] Level 1:colcon.colcon_core.package_identification:_identify(.) by extensions ['colcon_meta']
[1.555s] Level 1:colcon.colcon_core.package_identification:_identify(.) by extension 'colcon_meta'
[1.555s] Level 1:colcon.colcon_core.package_identification:_identify(.) by extensions ['ros']
[1.555s] Level 1:colcon.colcon_core.package_identification:_identify(.) by extension 'ros'
[1.623s] Level 1:colcon.colcon_core.package_identification:_identify(.) by extensions ['cmake', 'python']
[1.624s] Level 1:colcon.colcon_core.package_identification:_identify(.) by extension 'cmake'
[1.624s] Level 1:colcon.colcon_core.package_identification:_identify(.) by extension 'python'
[1.624s] Level 1:colcon.colcon_core.package_identification:_identify(.) by extensions ['python_setup_py']
[1.624s] Level 1:colcon.colcon_core.package_identification:_identify(.) by extension 'python_setup_py'
[1.625s] Level 1:colcon.colcon_core.package_identification:_identify(Bunai) by extensions ['ignore', 'ignore_ament_install']
[1.625s] Level 1:colcon.colcon_core.package_identification:_identify(Bunai) by extension 'ignore'
[1.626s] Level 1:colcon.colcon_core.package_identification:_identify(Bunai) by extension 'ignore_ament_install'
[1.626s] Level 1:colcon.colcon_core.package_identification:_identify(Bunai) by extensions ['colcon_pkg']
[1.626s] Level 1:colcon.colcon_core.package_identification:_identify(Bunai) by extension 'colcon_pkg'
[1.626s] Level 1:colcon.colcon_core.package_identification:_identify(Bunai) by extensions ['colcon_meta']
[1.626s] Level 1:colcon.colcon_core.package_identification:_identify(Bunai) by extension 'colcon_meta'
[1.627s] Level 1:colcon.colcon_core.package_identification:_identify(Bunai) by extensions ['ros']
[1.627s] Level 1:colcon.colcon_core.package_identification:_identify(Bunai) by extension 'ros'
[1.638s] DEBUG:colcon.colcon_core.package_identification:Package 'Bunai' with type 'ros.ament_cmake' and name 'Bunai'
[1.638s] Level 1:colcon.colcon_core.package_identification:_identify(Controller) by extensions ['ignore', 'ignore_ament_install']
[1.638s] Level 1:colcon.colcon_core.package_identification:_identify(Controller) by extension 'ignore'
[1.639s] Level 1:colcon.colcon_core.package_identification:_identify(Controller) by extension 'ignore_ament_install'
[1.639s] Level 1:colcon.colcon_core.package_identification:_identify(Controller) by extensions ['colcon_pkg']
[1.639s] Level 1:colcon.colcon_core.package_identification:_identify(Controller) by extension 'colcon_pkg'
[1.639s] Level 1:colcon.colcon_core.package_identification:_identify(Controller) by extensions ['colcon_meta']
[1.639s] Level 1:colcon.colcon_core.package_identification:_identify(Controller) by extension 'colcon_meta'
[1.639s] Level 1:colcon.colcon_core.package_identification:_identify(Controller) by extensions ['ros']
[1.640s] Level 1:colcon.colcon_core.package_identification:_identify(Controller) by extension 'ros'
[1.646s] DEBUG:colcon.colcon_core.package_identification:Package 'Controller' with type 'ros.ament_cmake' and name 'Controller'
[1.646s] Level 1:colcon.colcon_core.package_identification:_identify(build) by extensions ['ignore', 'ignore_ament_install']
[1.647s] Level 1:colcon.colcon_core.package_identification:_identify(build) by extension 'ignore'
[1.647s] Level 1:colcon.colcon_core.package_identification:_identify(build) ignored
[1.647s] Level 1:colcon.colcon_core.package_identification:_identify(install) by extensions ['ignore', 'ignore_ament_install']
[1.648s] Level 1:colcon.colcon_core.package_identification:_identify(install) by extension 'ignore'
[1.648s] Level 1:colcon.colcon_core.package_identification:_identify(install) ignored
[1.648s] Level 1:colcon.colcon_core.package_identification:_identify(log) by extensions ['ignore', 'ignore_ament_install']
[1.649s] Level 1:colcon.colcon_core.package_identification:_identify(log) by extension 'ignore'
[1.649s] Level 1:colcon.colcon_core.package_identification:_identify(log) ignored
[1.649s] Level 1:colcon.colcon_core.package_identification:_identify(map) by extensions ['ignore', 'ignore_ament_install']
[1.650s] Level 1:colcon.colcon_core.package_identification:_identify(map) by extension 'ignore'
[1.650s] Level 1:colcon.colcon_core.package_identification:_identify(map) by extension 'ignore_ament_install'
[1.650s] Level 1:colcon.colcon_core.package_identification:_identify(map) by extensions ['colcon_pkg']
[1.650s] Level 1:colcon.colcon_core.package_identification:_identify(map) by extension 'colcon_pkg'
[1.650s] Level 1:colcon.colcon_core.package_identification:_identify(map) by extensions ['colcon_meta']
[1.650s] Level 1:colcon.colcon_core.package_identification:_identify(map) by extension 'colcon_meta'
[1.651s] Level 1:colcon.colcon_core.package_identification:_identify(map) by extensions ['ros']
[1.651s] Level 1:colcon.colcon_core.package_identification:_identify(map) by extension 'ros'
[1.651s] Level 1:colcon.colcon_core.package_identification:_identify(map) by extensions ['cmake', 'python']
[1.651s] Level 1:colcon.colcon_core.package_identification:_identify(map) by extension 'cmake'
[1.651s] Level 1:colcon.colcon_core.package_identification:_identify(map) by extension 'python'
[1.651s] Level 1:colcon.colcon_core.package_identification:_identify(map) by extensions ['python_setup_py']
[1.652s] Level 1:colcon.colcon_core.package_identification:_identify(map) by extension 'python_setup_py'
[1.652s] Level 1:colcon.colcon_core.package_identification:_identify(ros2_first_test) by extensions ['ignore', 'ignore_ament_install']
[1.652s] Level 1:colcon.colcon_core.package_identification:_identify(ros2_first_test) by extension 'ignore'
[1.653s] Level 1:colcon.colcon_core.package_identification:_identify(ros2_first_test) by extension 'ignore_ament_install'
[1.653s] Level 1:colcon.colcon_core.package_identification:_identify(ros2_first_test) by extensions ['colcon_pkg']
[1.653s] Level 1:colcon.colcon_core.package_identification:_identify(ros2_first_test) by extension 'colcon_pkg'
[1.653s] Level 1:colcon.colcon_core.package_identification:_identify(ros2_first_test) by extensions ['colcon_meta']
[1.653s] Level 1:colcon.colcon_core.package_identification:_identify(ros2_first_test) by extension 'colcon_meta'
[1.653s] Level 1:colcon.colcon_core.package_identification:_identify(ros2_first_test) by extensions ['ros']
[1.653s] Level 1:colcon.colcon_core.package_identification:_identify(ros2_first_test) by extension 'ros'
[1.655s] DEBUG:colcon.colcon_core.package_identification:Package 'ros2_first_test' with type 'ros.ament_cmake' and name 'ros2_first_test'
[1.655s] Level 1:colcon.colcon_core.package_discovery:discover_packages(recursive) using defaults
[1.656s] Level 1:colcon.colcon_core.package_discovery:discover_packages(ignore) discover
[1.656s] Level 1:colcon.colcon_core.package_discovery:discover_packages(ignore) using defaults
[1.656s] Level 1:colcon.colcon_core.package_discovery:discover_packages(path) discover
[1.656s] Level 1:colcon.colcon_core.package_discovery:discover_packages(path) using defaults
[1.744s] INFO:colcon.colcon_core.package_selection:Skipping not selected package 'Controller' in 'Controller'
[1.745s] INFO:colcon.colcon_core.package_selection:Skipping not selected package 'ros2_first_test' in 'ros2_first_test'
[1.747s] Level 1:colcon.colcon_core.package_discovery:discover_packages(prefix_path) check parameters
[1.747s] Level 1:colcon.colcon_core.package_discovery:discover_packages(prefix_path) discover
[1.758s] DEBUG:colcon.colcon_installed_package_information.package_discovery:Found 3 installed packages in /home/kouyayamaoka/ros2_ws/src/install
[1.766s] DEBUG:colcon.colcon_installed_package_information.package_discovery:Found 338 installed packages in /opt/ros/foxy
[1.776s] Level 1:colcon.colcon_core.package_discovery:discover_packages(prefix_path) using defaults
[2.136s] Level 5:colcon.colcon_core.verb:set package 'Bunai' build argument 'cmake_args' from command line to 'None'
[2.136s] Level 5:colcon.colcon_core.verb:set package 'Bunai' build argument 'cmake_target' from command line to 'None'
[2.136s] Level 5:colcon.colcon_core.verb:set package 'Bunai' build argument 'cmake_target_skip_unavailable' from command line to 'False'
[2.136s] Level 5:colcon.colcon_core.verb:set package 'Bunai' build argument 'cmake_clean_cache' from command line to 'False'
[2.136s] Level 5:colcon.colcon_core.verb:set package 'Bunai' build argument 'cmake_clean_first' from command line to 'False'
[2.136s] Level 5:colcon.colcon_core.verb:set package 'Bunai' build argument 'cmake_force_configure' from command line to 'False'
[2.136s] Level 5:colcon.colcon_core.verb:set package 'Bunai' build argument 'ament_cmake_args' from command line to 'None'
[2.137s] Level 5:colcon.colcon_core.verb:set package 'Bunai' build argument 'catkin_cmake_args' from command line to 'None'
[2.137s] Level 5:colcon.colcon_core.verb:set package 'Bunai' build argument 'catkin_skip_building_tests' from command line to 'False'
[2.137s] DEBUG:colcon.colcon_core.verb:Building package 'Bunai' with the following arguments: {'ament_cmake_args': None, 'build_base': '/home/kouyayamaoka/ros2_ws/src/build/Bunai', 'catkin_cmake_args': None, 'catkin_skip_building_tests': False, 'cmake_args': None, 'cmake_clean_cache': False, 'cmake_clean_first': False, 'cmake_force_configure': False, 'cmake_target': None, 'cmake_target_skip_unavailable': False, 'install_base': '/home/kouyayamaoka/ros2_ws/src/install/Bunai', 'merge_install': False, 'path': '/home/kouyayamaoka/ros2_ws/src/Bunai', 'symlink_install': False, 'test_result_base': None}
[2.140s] INFO:colcon.colcon_core.executor:Executing jobs using 'parallel' executor
[2.157s] DEBUG:colcon.colcon_parallel_executor.executor.parallel:run_until_complete
[2.158s] INFO:colcon.colcon_ros.task.ament_cmake.build:Building ROS package in '/home/kouyayamaoka/ros2_ws/src/Bunai' with build type 'ament_cmake'
[2.159s] INFO:colcon.colcon_cmake.task.cmake.build:Building CMake package in '/home/kouyayamaoka/ros2_ws/src/Bunai'
[2.191s] INFO:colcon.colcon_core.plugin_system:Skipping extension 'colcon_core.shell.bat': Not used on non-Windows systems
[2.192s] INFO:colcon.colcon_core.shell:Skip shell extension 'powershell' for command environment: Not usable outside of PowerShell
[2.192s] DEBUG:colcon.colcon_core.shell:Skip shell extension 'dsv' for command environment
[2.263s] DEBUG:colcon.colcon_core.event_handler.log_command:Invoking command in '/home/kouyayamaoka/ros2_ws/src/build/Bunai': CMAKE_PREFIX_PATH=${CMAKE_PREFIX_PATH}:/opt/ros/foxy /usr/bin/cmake --build /home/kouyayamaoka/ros2_ws/src/build/Bunai -- -j2 -l2
[6.420s] DEBUG:colcon.colcon_core.event_handler.log_command:Invoked command in '/home/kouyayamaoka/ros2_ws/src/build/Bunai' returned '0': CMAKE_PREFIX_PATH=${CMAKE_PREFIX_PATH}:/opt/ros/foxy /usr/bin/cmake --build /home/kouyayamaoka/ros2_ws/src/build/Bunai -- -j2 -l2
[6.580s] DEBUG:colcon.colcon_core.event_handler.log_command:Invoking command in '/home/kouyayamaoka/ros2_ws/src/build/Bunai': CMAKE_PREFIX_PATH=${CMAKE_PREFIX_PATH}:/opt/ros/foxy /usr/bin/cmake --install /home/kouyayamaoka/ros2_ws/src/build/Bunai
[6.631s] Level 1:colcon.colcon_core.environment:create_environment_scripts_only(Bunai)
[6.651s] DEBUG:colcon.colcon_core.event_handler.log_command:Invoked command in '/home/kouyayamaoka/ros2_ws/src/build/Bunai' returned '0': CMAKE_PREFIX_PATH=${CMAKE_PREFIX_PATH}:/opt/ros/foxy /usr/bin/cmake --install /home/kouyayamaoka/ros2_ws/src/build/Bunai
[6.661s] Level 1:colcon.colcon_core.environment:checking '/home/kouyayamaoka/ros2_ws/src/install/Bunai' for CMake module files
[6.664s] Level 1:colcon.colcon_core.environment:checking '/home/kouyayamaoka/ros2_ws/src/install/Bunai' for CMake config files
[6.665s] Level 1:colcon.colcon_core.shell:create_environment_hook('Bunai', 'cmake_prefix_path')
[6.672s] INFO:colcon.colcon_core.shell:Creating environment hook '/home/kouyayamaoka/ros2_ws/src/install/Bunai/share/Bunai/hook/cmake_prefix_path.ps1'
[6.675s] INFO:colcon.colcon_core.shell:Creating environment descriptor '/home/kouyayamaoka/ros2_ws/src/install/Bunai/share/Bunai/hook/cmake_prefix_path.dsv'
[6.677s] INFO:colcon.colcon_core.shell:Creating environment hook '/home/kouyayamaoka/ros2_ws/src/install/Bunai/share/Bunai/hook/cmake_prefix_path.sh'
[6.681s] Level 1:colcon.colcon_core.environment:checking '/home/kouyayamaoka/ros2_ws/src/install/Bunai/bin'
[6.682s] Level 1:colcon.colcon_core.environment:checking '/home/kouyayamaoka/ros2_ws/src/install/Bunai/lib/pkgconfig/Bunai.pc'
[6.683s] Level 1:colcon.colcon_core.environment:checking '/home/kouyayamaoka/ros2_ws/src/install/Bunai/lib/python3.8/site-packages'
[6.683s] Level 1:colcon.colcon_core.environment:checking '/home/kouyayamaoka/ros2_ws/src/install/Bunai/bin'
[6.691s] INFO:colcon.colcon_core.shell:Creating package script '/home/kouyayamaoka/ros2_ws/src/install/Bunai/share/Bunai/package.ps1'
[6.694s] INFO:colcon.colcon_core.shell:Creating package descriptor '/home/kouyayamaoka/ros2_ws/src/install/Bunai/share/Bunai/package.dsv'
[6.697s] INFO:colcon.colcon_core.shell:Creating package script '/home/kouyayamaoka/ros2_ws/src/install/Bunai/share/Bunai/package.sh'
[6.701s] INFO:colcon.colcon_core.shell:Creating package script '/home/kouyayamaoka/ros2_ws/src/install/Bunai/share/Bunai/package.bash'
[6.704s] INFO:colcon.colcon_core.shell:Creating package script '/home/kouyayamaoka/ros2_ws/src/install/Bunai/share/Bunai/package.zsh'
[6.707s] Level 1:colcon.colcon_core.environment:create_file_with_runtime_dependencies(/home/kouyayamaoka/ros2_ws/src/install/Bunai/share/colcon-core/packages/Bunai)
[6.819s] Level 1:colcon.colcon_core.environment:create_environment_scripts_only(Bunai)
[6.834s] Level 1:colcon.colcon_core.environment:checking '/home/kouyayamaoka/ros2_ws/src/install/Bunai' for CMake module files
[6.836s] Level 1:colcon.colcon_core.environment:checking '/home/kouyayamaoka/ros2_ws/src/install/Bunai' for CMake config files
[6.838s] Level 1:colcon.colcon_core.shell:create_environment_hook('Bunai', 'cmake_prefix_path')
[6.849s] INFO:colcon.colcon_core.shell:Creating environment hook '/home/kouyayamaoka/ros2_ws/src/install/Bunai/share/Bunai/hook/cmake_prefix_path.ps1'
[6.851s] INFO:colcon.colcon_core.shell:Creating environment descriptor '/home/kouyayamaoka/ros2_ws/src/install/Bunai/share/Bunai/hook/cmake_prefix_path.dsv'
[6.853s] INFO:colcon.colcon_core.shell:Creating environment hook '/home/kouyayamaoka/ros2_ws/src/install/Bunai/share/Bunai/hook/cmake_prefix_path.sh'
[6.859s] Level 1:colcon.colcon_core.environment:checking '/home/kouyayamaoka/ros2_ws/src/install/Bunai/bin'
[6.860s] Level 1:colcon.colcon_core.environment:checking '/home/kouyayamaoka/ros2_ws/src/install/Bunai/lib/pkgconfig/Bunai.pc'
[6.861s] Level 1:colcon.colcon_core.environment:checking '/home/kouyayamaoka/ros2_ws/src/install/Bunai/lib/python3.8/site-packages'
[6.862s] Level 1:colcon.colcon_core.environment:checking '/home/kouyayamaoka/ros2_ws/src/install/Bunai/bin'
[6.873s] INFO:colcon.colcon_core.shell:Creating package script '/home/kouyayamaoka/ros2_ws/src/install/Bunai/share/Bunai/package.ps1'
[6.876s] INFO:colcon.colcon_core.shell:Creating package descriptor '/home/kouyayamaoka/ros2_ws/src/install/Bunai/share/Bunai/package.dsv'
[6.882s] INFO:colcon.colcon_core.shell:Creating package script '/home/kouyayamaoka/ros2_ws/src/install/Bunai/share/Bunai/package.sh'
[6.883s] INFO:colcon.colcon_core.shell:Creating package script '/home/kouyayamaoka/ros2_ws/src/install/Bunai/share/Bunai/package.bash'
[6.885s] INFO:colcon.colcon_core.shell:Creating package script '/home/kouyayamaoka/ros2_ws/src/install/Bunai/share/Bunai/package.zsh'
[6.887s] Level 1:colcon.colcon_core.environment:create_file_with_runtime_dependencies(/home/kouyayamaoka/ros2_ws/src/install/Bunai/share/colcon-core/packages/Bunai)
[6.895s] DEBUG:colcon.colcon_parallel_executor.executor.parallel:closing loop
[6.895s] DEBUG:colcon.colcon_parallel_executor.executor.parallel:loop closed
[6.896s] DEBUG:colcon.colcon_parallel_executor.executor.parallel:run_until_complete finished with '0'
[6.896s] DEBUG:colcon.colcon_core.event_reactor:joining thread
[6.919s] INFO:colcon.colcon_core.plugin_system:Skipping extension 'colcon_notification.desktop_notification.terminal_notifier': Not used on non-Darwin systems
[6.919s] INFO:colcon.colcon_core.plugin_system:Skipping extension 'colcon_notification.desktop_notification.win32': Not used on non-Windows systems
[6.919s] INFO:colcon.colcon_notification.desktop_notification:Sending desktop notification using 'notify2'
[6.986s] DEBUG:colcon.colcon_core.event_reactor:joined thread
[6.998s] INFO:colcon.colcon_core.shell:Creating prefix script '/home/kouyayamaoka/ros2_ws/src/install/local_setup.ps1'
[7.003s] INFO:colcon.colcon_core.shell:Creating prefix util module '/home/kouyayamaoka/ros2_ws/src/install/_local_setup_util_ps1.py'
[7.009s] INFO:colcon.colcon_core.shell:Creating prefix chain script '/home/kouyayamaoka/ros2_ws/src/install/setup.ps1'
[7.022s] INFO:colcon.colcon_core.shell:Creating prefix script '/home/kouyayamaoka/ros2_ws/src/install/local_setup.sh'
[7.029s] INFO:colcon.colcon_core.shell:Creating prefix util module '/home/kouyayamaoka/ros2_ws/src/install/_local_setup_util_sh.py'
[7.032s] INFO:colcon.colcon_core.shell:Creating prefix chain script '/home/kouyayamaoka/ros2_ws/src/install/setup.sh'
[7.040s] INFO:colcon.colcon_core.shell:Creating prefix script '/home/kouyayamaoka/ros2_ws/src/install/local_setup.bash'
[7.047s] INFO:colcon.colcon_core.shell:Creating prefix chain script '/home/kouyayamaoka/ros2_ws/src/install/setup.bash'
[7.055s] INFO:colcon.colcon_core.shell:Creating prefix script '/home/kouyayamaoka/ros2_ws/src/install/local_setup.zsh'
[7.064s] INFO:colcon.colcon_core.shell:Creating prefix chain script '/home/kouyayamaoka/ros2_ws/src/install/setup.zsh'
