[2.459s] DEBUG:colcon:Command line arguments: ['/usr/bin/colcon', 'build', '--packages-select', 'Bunai']
[2.459s] DEBUG:colcon:Parsed command line arguments: Namespace(allow_overriding=[], ament_cmake_args=None, base_paths=['.'], build_base='build', catkin_cmake_args=None, catkin_skip_building_tests=False, cmake_args=None, cmake_clean_cache=False, cmake_clean_first=False, cmake_force_configure=False, cmake_target=None, cmake_target_skip_unavailable=False, continue_on_error=False, event_handlers=None, executor='parallel', ignore_user_meta=False, install_base='install', log_base=None, log_level=None, main=<bound method BuildVerb.main of <colcon_core.verb.build.BuildVerb object at 0x7faddb8ec3d0>>, merge_install=False, metas=['./colcon.meta'], packages_above=None, packages_above_and_dependencies=None, packages_above_depth=None, packages_end=None, packages_ignore=None, packages_ignore_regex=None, packages_select=['Bunai'], packages_select_build_failed=False, packages_select_by_dep=None, packages_select_regex=None, packages_select_test_failures=False, packages_skip=None, packages_skip_build_finished=False, packages_skip_by_dep=None, packages_skip_regex=None, packages_skip_test_passed=False, packages_skip_up_to=None, packages_start=None, packages_up_to=None, packages_up_to_regex=None, parallel_workers=2, paths=None, symlink_install=False, test_result_base=None, verb_extension=<colcon_core.verb.build.BuildVerb object at 0x7faddb8ec3d0>, verb_name='build', verb_parser=<colcon_defaults.argument_parser.defaults.DefaultArgumentsDecorator object at 0x7faddb8ec910>)
[2.674s] Level 1:colcon.colcon_core.package_discovery:discover_packages(colcon_meta) check parameters
[2.674s] Level 1:colcon.colcon_core.package_discovery:discover_packages(recursive) check parameters
[2.675s] Level 1:colcon.colcon_core.package_discovery:discover_packages(ignore) check parameters
[2.675s] Level 1:colcon.colcon_core.package_discovery:discover_packages(path) check parameters
[2.675s] Level 1:colcon.colcon_core.package_discovery:discover_packages(colcon_meta) discover
[2.675s] Level 1:colcon.colcon_core.package_discovery:discover_packages(recursive) discover
[2.675s] INFO:colcon.colcon_core.package_discovery:Crawling recursively for packages in '/home/kouyayamaoka/ros2_ws/src'
[2.676s] Level 1:colcon.colcon_core.package_identification:_identify(.) by extensions ['ignore', 'ignore_ament_install']
[2.676s] Level 1:colcon.colcon_core.package_identification:_identify(.) by extension 'ignore'
[2.677s] Level 1:colcon.colcon_core.package_identification:_identify(.) by extension 'ignore_ament_install'
[2.677s] Level 1:colcon.colcon_core.package_identification:_identify(.) by extensions ['colcon_pkg']
[2.677s] Level 1:colcon.colcon_core.package_identification:_identify(.) by extension 'colcon_pkg'
[2.680s] Level 1:colcon.colcon_core.package_identification:_identify(.) by extensions ['colcon_meta']
[2.681s] Level 1:colcon.colcon_core.package_identification:_identify(.) by extension 'colcon_meta'
[2.681s] Level 1:colcon.colcon_core.package_identification:_identify(.) by extensions ['ros']
[2.681s] Level 1:colcon.colcon_core.package_identification:_identify(.) by extension 'ros'
[2.817s] Level 1:colcon.colcon_core.package_identification:_identify(.) by extensions ['cmake', 'python']
[2.817s] Level 1:colcon.colcon_core.package_identification:_identify(.) by extension 'cmake'
[2.818s] Level 1:colcon.colcon_core.package_identification:_identify(.) by extension 'python'
[2.818s] Level 1:colcon.colcon_core.package_identification:_identify(.) by extensions ['python_setup_py']
[2.818s] Level 1:colcon.colcon_core.package_identification:_identify(.) by extension 'python_setup_py'
[2.818s] Level 1:colcon.colcon_core.package_identification:_identify(Bunai) by extensions ['ignore', 'ignore_ament_install']
[2.819s] Level 1:colcon.colcon_core.package_identification:_identify(Bunai) by extension 'ignore'
[2.820s] Level 1:colcon.colcon_core.package_identification:_identify(Bunai) by extension 'ignore_ament_install'
[2.820s] Level 1:colcon.colcon_core.package_identification:_identify(Bunai) by extensions ['colcon_pkg']
[2.820s] Level 1:colcon.colcon_core.package_identification:_identify(Bunai) by extension 'colcon_pkg'
[2.820s] Level 1:colcon.colcon_core.package_identification:_identify(Bunai) by extensions ['colcon_meta']
[2.820s] Level 1:colcon.colcon_core.package_identification:_identify(Bunai) by extension 'colcon_meta'
[2.821s] Level 1:colcon.colcon_core.package_identification:_identify(Bunai) by extensions ['ros']
[2.821s] Level 1:colcon.colcon_core.package_identification:_identify(Bunai) by extension 'ros'
[2.851s] DEBUG:colcon.colcon_core.package_identification:Package 'Bunai' with type 'ros.ament_cmake' and name 'Bunai'
[2.852s] Level 1:colcon.colcon_core.package_identification:_identify(Controller) by extensions ['ignore', 'ignore_ament_install']
[2.852s] Level 1:colcon.colcon_core.package_identification:_identify(Controller) by extension 'ignore'
[2.853s] Level 1:colcon.colcon_core.package_identification:_identify(Controller) by extension 'ignore_ament_install'
[2.853s] Level 1:colcon.colcon_core.package_identification:_identify(Controller) by extensions ['colcon_pkg']
[2.853s] Level 1:colcon.colcon_core.package_identification:_identify(Controller) by extension 'colcon_pkg'
[2.853s] Level 1:colcon.colcon_core.package_identification:_identify(Controller) by extensions ['colcon_meta']
[2.853s] Level 1:colcon.colcon_core.package_identification:_identify(Controller) by extension 'colcon_meta'
[2.854s] Level 1:colcon.colcon_core.package_identification:_identify(Controller) by extensions ['ros']
[2.854s] Level 1:colcon.colcon_core.package_identification:_identify(Controller) by extension 'ros'
[2.859s] DEBUG:colcon.colcon_core.package_identification:Package 'Controller' with type 'ros.ament_cmake' and name 'Controller'
[2.860s] Level 1:colcon.colcon_core.package_identification:_identify(build) by extensions ['ignore', 'ignore_ament_install']
[2.860s] Level 1:colcon.colcon_core.package_identification:_identify(build) by extension 'ignore'
[2.861s] Level 1:colcon.colcon_core.package_identification:_identify(build) ignored
[2.868s] Level 1:colcon.colcon_core.package_identification:_identify(install) by extensions ['ignore', 'ignore_ament_install']
[2.868s] Level 1:colcon.colcon_core.package_identification:_identify(install) by extension 'ignore'
[2.869s] Level 1:colcon.colcon_core.package_identification:_identify(install) ignored
[2.869s] Level 1:colcon.colcon_core.package_identification:_identify(log) by extensions ['ignore', 'ignore_ament_install']
[2.870s] Level 1:colcon.colcon_core.package_identification:_identify(log) by extension 'ignore'
[2.870s] Level 1:colcon.colcon_core.package_identification:_identify(log) ignored
[2.870s] Level 1:colcon.colcon_core.package_identification:_identify(ros2_first_test) by extensions ['ignore', 'ignore_ament_install']
[2.871s] Level 1:colcon.colcon_core.package_identification:_identify(ros2_first_test) by extension 'ignore'
[2.871s] Level 1:colcon.colcon_core.package_identification:_identify(ros2_first_test) by extension 'ignore_ament_install'
[2.871s] Level 1:colcon.colcon_core.package_identification:_identify(ros2_first_test) by extensions ['colcon_pkg']
[2.871s] Level 1:colcon.colcon_core.package_identification:_identify(ros2_first_test) by extension 'colcon_pkg'
[2.872s] Level 1:colcon.colcon_core.package_identification:_identify(ros2_first_test) by extensions ['colcon_meta']
[2.872s] Level 1:colcon.colcon_core.package_identification:_identify(ros2_first_test) by extension 'colcon_meta'
[2.872s] Level 1:colcon.colcon_core.package_identification:_identify(ros2_first_test) by extensions ['ros']
[2.872s] Level 1:colcon.colcon_core.package_identification:_identify(ros2_first_test) by extension 'ros'
[2.874s] DEBUG:colcon.colcon_core.package_identification:Package 'ros2_first_test' with type 'ros.ament_cmake' and name 'ros2_first_test'
[2.875s] Level 1:colcon.colcon_core.package_discovery:discover_packages(recursive) using defaults
[2.875s] Level 1:colcon.colcon_core.package_discovery:discover_packages(ignore) discover
[2.875s] Level 1:colcon.colcon_core.package_discovery:discover_packages(ignore) using defaults
[2.875s] Level 1:colcon.colcon_core.package_discovery:discover_packages(path) discover
[2.875s] Level 1:colcon.colcon_core.package_discovery:discover_packages(path) using defaults
[2.990s] INFO:colcon.colcon_core.package_selection:Skipping not selected package 'Controller' in 'Controller'
[2.990s] INFO:colcon.colcon_core.package_selection:Skipping not selected package 'ros2_first_test' in 'ros2_first_test'
[2.997s] Level 1:colcon.colcon_core.package_discovery:discover_packages(prefix_path) check parameters
[2.998s] Level 1:colcon.colcon_core.package_discovery:discover_packages(prefix_path) discover
[3.017s] DEBUG:colcon.colcon_installed_package_information.package_discovery:Found 3 installed packages in /home/kouyayamaoka/ros2_ws/src/install
[3.038s] DEBUG:colcon.colcon_installed_package_information.package_discovery:Found 337 installed packages in /opt/ros/foxy
[3.049s] Level 1:colcon.colcon_core.package_discovery:discover_packages(prefix_path) using defaults
[3.622s] Level 5:colcon.colcon_core.verb:set package 'Bunai' build argument 'cmake_args' from command line to 'None'
[3.622s] Level 5:colcon.colcon_core.verb:set package 'Bunai' build argument 'cmake_target' from command line to 'None'
[3.622s] Level 5:colcon.colcon_core.verb:set package 'Bunai' build argument 'cmake_target_skip_unavailable' from command line to 'False'
[3.622s] Level 5:colcon.colcon_core.verb:set package 'Bunai' build argument 'cmake_clean_cache' from command line to 'False'
[3.623s] Level 5:colcon.colcon_core.verb:set package 'Bunai' build argument 'cmake_clean_first' from command line to 'False'
[3.623s] Level 5:colcon.colcon_core.verb:set package 'Bunai' build argument 'cmake_force_configure' from command line to 'False'
[3.623s] Level 5:colcon.colcon_core.verb:set package 'Bunai' build argument 'ament_cmake_args' from command line to 'None'
[3.623s] Level 5:colcon.colcon_core.verb:set package 'Bunai' build argument 'catkin_cmake_args' from command line to 'None'
[3.623s] Level 5:colcon.colcon_core.verb:set package 'Bunai' build argument 'catkin_skip_building_tests' from command line to 'False'
[3.623s] DEBUG:colcon.colcon_core.verb:Building package 'Bunai' with the following arguments: {'ament_cmake_args': None, 'build_base': '/home/kouyayamaoka/ros2_ws/src/build/Bunai', 'catkin_cmake_args': None, 'catkin_skip_building_tests': False, 'cmake_args': None, 'cmake_clean_cache': False, 'cmake_clean_first': False, 'cmake_force_configure': False, 'cmake_target': None, 'cmake_target_skip_unavailable': False, 'install_base': '/home/kouyayamaoka/ros2_ws/src/install/Bunai', 'merge_install': False, 'path': '/home/kouyayamaoka/ros2_ws/src/Bunai', 'symlink_install': False, 'test_result_base': None}
[3.627s] INFO:colcon.colcon_core.executor:Executing jobs using 'parallel' executor
[3.651s] DEBUG:colcon.colcon_parallel_executor.executor.parallel:run_until_complete
[3.652s] INFO:colcon.colcon_ros.task.ament_cmake.build:Building ROS package in '/home/kouyayamaoka/ros2_ws/src/Bunai' with build type 'ament_cmake'
[3.652s] INFO:colcon.colcon_cmake.task.cmake.build:Building CMake package in '/home/kouyayamaoka/ros2_ws/src/Bunai'
[3.688s] INFO:colcon.colcon_core.plugin_system:Skipping extension 'colcon_core.shell.bat': Not used on non-Windows systems
[3.689s] INFO:colcon.colcon_core.shell:Skip shell extension 'powershell' for command environment: Not usable outside of PowerShell
[3.689s] DEBUG:colcon.colcon_core.shell:Skip shell extension 'dsv' for command environment
[3.789s] DEBUG:colcon.colcon_core.event_handler.log_command:Invoking command in '/home/kouyayamaoka/ros2_ws/src/build/Bunai': CMAKE_PREFIX_PATH=${CMAKE_PREFIX_PATH}:/opt/ros/foxy /usr/bin/cmake --build /home/kouyayamaoka/ros2_ws/src/build/Bunai -- -j2 -l2
[4.235s] DEBUG:colcon.colcon_core.event_handler.log_command:Invoked command in '/home/kouyayamaoka/ros2_ws/src/build/Bunai' returned '0': CMAKE_PREFIX_PATH=${CMAKE_PREFIX_PATH}:/opt/ros/foxy /usr/bin/cmake --build /home/kouyayamaoka/ros2_ws/src/build/Bunai -- -j2 -l2
[4.478s] DEBUG:colcon.colcon_core.event_handler.log_command:Invoking command in '/home/kouyayamaoka/ros2_ws/src/build/Bunai': CMAKE_PREFIX_PATH=${CMAKE_PREFIX_PATH}:/opt/ros/foxy /usr/bin/cmake --install /home/kouyayamaoka/ros2_ws/src/build/Bunai
[4.624s] Level 1:colcon.colcon_core.environment:create_environment_scripts_only(Bunai)
[4.645s] DEBUG:colcon.colcon_core.event_handler.log_command:Invoked command in '/home/kouyayamaoka/ros2_ws/src/build/Bunai' returned '0': CMAKE_PREFIX_PATH=${CMAKE_PREFIX_PATH}:/opt/ros/foxy /usr/bin/cmake --install /home/kouyayamaoka/ros2_ws/src/build/Bunai
[4.685s] Level 1:colcon.colcon_core.environment:checking '/home/kouyayamaoka/ros2_ws/src/install/Bunai' for CMake module files
[4.691s] Level 1:colcon.colcon_core.environment:checking '/home/kouyayamaoka/ros2_ws/src/install/Bunai' for CMake config files
[4.693s] Level 1:colcon.colcon_core.shell:create_environment_hook('Bunai', 'cmake_prefix_path')
[4.706s] INFO:colcon.colcon_core.shell:Creating environment hook '/home/kouyayamaoka/ros2_ws/src/install/Bunai/share/Bunai/hook/cmake_prefix_path.ps1'
[4.709s] INFO:colcon.colcon_core.shell:Creating environment descriptor '/home/kouyayamaoka/ros2_ws/src/install/Bunai/share/Bunai/hook/cmake_prefix_path.dsv'
[4.716s] INFO:colcon.colcon_core.shell:Creating environment hook '/home/kouyayamaoka/ros2_ws/src/install/Bunai/share/Bunai/hook/cmake_prefix_path.sh'
[4.725s] Level 1:colcon.colcon_core.environment:checking '/home/kouyayamaoka/ros2_ws/src/install/Bunai/bin'
[4.725s] Level 1:colcon.colcon_core.environment:checking '/home/kouyayamaoka/ros2_ws/src/install/Bunai/lib/pkgconfig/Bunai.pc'
[4.726s] Level 1:colcon.colcon_core.environment:checking '/home/kouyayamaoka/ros2_ws/src/install/Bunai/lib/python3.8/site-packages'
[4.730s] Level 1:colcon.colcon_core.environment:checking '/home/kouyayamaoka/ros2_ws/src/install/Bunai/bin'
[4.742s] INFO:colcon.colcon_core.shell:Creating package script '/home/kouyayamaoka/ros2_ws/src/install/Bunai/share/Bunai/package.ps1'
[4.748s] INFO:colcon.colcon_core.shell:Creating package descriptor '/home/kouyayamaoka/ros2_ws/src/install/Bunai/share/Bunai/package.dsv'
[4.751s] INFO:colcon.colcon_core.shell:Creating package script '/home/kouyayamaoka/ros2_ws/src/install/Bunai/share/Bunai/package.sh'
[4.755s] INFO:colcon.colcon_core.shell:Creating package script '/home/kouyayamaoka/ros2_ws/src/install/Bunai/share/Bunai/package.bash'
[4.761s] INFO:colcon.colcon_core.shell:Creating package script '/home/kouyayamaoka/ros2_ws/src/install/Bunai/share/Bunai/package.zsh'
[4.765s] Level 1:colcon.colcon_core.environment:create_file_with_runtime_dependencies(/home/kouyayamaoka/ros2_ws/src/install/Bunai/share/colcon-core/packages/Bunai)
[4.960s] Level 1:colcon.colcon_core.environment:create_environment_scripts_only(Bunai)
[4.980s] Level 1:colcon.colcon_core.environment:checking '/home/kouyayamaoka/ros2_ws/src/install/Bunai' for CMake module files
[4.988s] Level 1:colcon.colcon_core.environment:checking '/home/kouyayamaoka/ros2_ws/src/install/Bunai' for CMake config files
[4.989s] Level 1:colcon.colcon_core.shell:create_environment_hook('Bunai', 'cmake_prefix_path')
[5.002s] INFO:colcon.colcon_core.shell:Creating environment hook '/home/kouyayamaoka/ros2_ws/src/install/Bunai/share/Bunai/hook/cmake_prefix_path.ps1'
[5.006s] INFO:colcon.colcon_core.shell:Creating environment descriptor '/home/kouyayamaoka/ros2_ws/src/install/Bunai/share/Bunai/hook/cmake_prefix_path.dsv'
[5.009s] INFO:colcon.colcon_core.shell:Creating environment hook '/home/kouyayamaoka/ros2_ws/src/install/Bunai/share/Bunai/hook/cmake_prefix_path.sh'
[5.013s] Level 1:colcon.colcon_core.environment:checking '/home/kouyayamaoka/ros2_ws/src/install/Bunai/bin'
[5.014s] Level 1:colcon.colcon_core.environment:checking '/home/kouyayamaoka/ros2_ws/src/install/Bunai/lib/pkgconfig/Bunai.pc'
[5.015s] Level 1:colcon.colcon_core.environment:checking '/home/kouyayamaoka/ros2_ws/src/install/Bunai/lib/python3.8/site-packages'
[5.015s] Level 1:colcon.colcon_core.environment:checking '/home/kouyayamaoka/ros2_ws/src/install/Bunai/bin'
[5.029s] INFO:colcon.colcon_core.shell:Creating package script '/home/kouyayamaoka/ros2_ws/src/install/Bunai/share/Bunai/package.ps1'
[5.035s] INFO:colcon.colcon_core.shell:Creating package descriptor '/home/kouyayamaoka/ros2_ws/src/install/Bunai/share/Bunai/package.dsv'
[5.039s] INFO:colcon.colcon_core.shell:Creating package script '/home/kouyayamaoka/ros2_ws/src/install/Bunai/share/Bunai/package.sh'
[5.045s] INFO:colcon.colcon_core.shell:Creating package script '/home/kouyayamaoka/ros2_ws/src/install/Bunai/share/Bunai/package.bash'
[5.047s] INFO:colcon.colcon_core.shell:Creating package script '/home/kouyayamaoka/ros2_ws/src/install/Bunai/share/Bunai/package.zsh'
[5.049s] Level 1:colcon.colcon_core.environment:create_file_with_runtime_dependencies(/home/kouyayamaoka/ros2_ws/src/install/Bunai/share/colcon-core/packages/Bunai)
[5.054s] DEBUG:colcon.colcon_parallel_executor.executor.parallel:closing loop
[5.056s] DEBUG:colcon.colcon_parallel_executor.executor.parallel:loop closed
[5.056s] DEBUG:colcon.colcon_parallel_executor.executor.parallel:run_until_complete finished with '0'
[5.056s] DEBUG:colcon.colcon_core.event_reactor:joining thread
[5.090s] INFO:colcon.colcon_core.plugin_system:Skipping extension 'colcon_notification.desktop_notification.terminal_notifier': Not used on non-Darwin systems
[5.090s] INFO:colcon.colcon_core.plugin_system:Skipping extension 'colcon_notification.desktop_notification.win32': Not used on non-Windows systems
[5.091s] INFO:colcon.colcon_notification.desktop_notification:Sending desktop notification using 'notify2'
[5.196s] DEBUG:colcon.colcon_core.event_reactor:joined thread
[5.202s] INFO:colcon.colcon_core.shell:Creating prefix script '/home/kouyayamaoka/ros2_ws/src/install/local_setup.ps1'
[5.211s] INFO:colcon.colcon_core.shell:Creating prefix util module '/home/kouyayamaoka/ros2_ws/src/install/_local_setup_util_ps1.py'
[5.215s] INFO:colcon.colcon_core.shell:Creating prefix chain script '/home/kouyayamaoka/ros2_ws/src/install/setup.ps1'
[5.236s] INFO:colcon.colcon_core.shell:Creating prefix script '/home/kouyayamaoka/ros2_ws/src/install/local_setup.sh'
[5.239s] INFO:colcon.colcon_core.shell:Creating prefix util module '/home/kouyayamaoka/ros2_ws/src/install/_local_setup_util_sh.py'
[5.243s] INFO:colcon.colcon_core.shell:Creating prefix chain script '/home/kouyayamaoka/ros2_ws/src/install/setup.sh'
[5.256s] INFO:colcon.colcon_core.shell:Creating prefix script '/home/kouyayamaoka/ros2_ws/src/install/local_setup.bash'
[5.259s] INFO:colcon.colcon_core.shell:Creating prefix chain script '/home/kouyayamaoka/ros2_ws/src/install/setup.bash'
[5.275s] INFO:colcon.colcon_core.shell:Creating prefix script '/home/kouyayamaoka/ros2_ws/src/install/local_setup.zsh'
[5.290s] INFO:colcon.colcon_core.shell:Creating prefix chain script '/home/kouyayamaoka/ros2_ws/src/install/setup.zsh'
