[0.080s] Invoking command in '/home/kouyayamaoka/ros2_ws/src/build/Controller': CMAKE_PREFIX_PATH=${CMAKE_PREFIX_PATH}:/opt/ros/foxy /usr/bin/cmake --build /home/kouyayamaoka/ros2_ws/src/build/Controller -- -j2 -l2
[0.238s] [35m[1mScanning dependencies of target nintendo_pro_controller[0m
[0.399s] [ 50%] [32mBuilding CXX object CMakeFiles/nintendo_pro_controller.dir/src/nintendo_pro_controller.cpp.o[0m
[5.752s] [01m[K/home/kouyayamaoka/ros2_ws/src/Controller/src/nintendo_pro_controller.cpp:[m[K In constructor ‘[01m[KController::Controller()[m[K’:
[5.753s] [01m[K/home/kouyayamaoka/ros2_ws/src/Controller/src/nintendo_pro_controller.cpp:9:152:[m[K [01;31m[Kerror: [m[Kexpected unqualified-id before ‘[01m[K)[m[K’ token
[5.753s]     9 |             subscriber_ = this->create_subscription<sensor_msgs::msg::Joy>("joy",10,std::bind(&Controller::controller_callback,this,std::placeholders::[01;31m[K)[m[K);
[5.753s]       |                                                                                                                                                        [01;31m[K^[m[K
[5.765s] In file included from [01m[K/opt/ros/foxy/include/rclcpp/client.hpp:40[m[K,
[5.765s]                  from [01m[K/opt/ros/foxy/include/rclcpp/callback_group.hpp:23[m[K,
[5.766s]                  from [01m[K/opt/ros/foxy/include/rclcpp/any_executable.hpp:20[m[K,
[5.767s]                  from [01m[K/opt/ros/foxy/include/rclcpp/memory_strategy.hpp:24[m[K,
[5.768s]                  from [01m[K/opt/ros/foxy/include/rclcpp/memory_strategies.hpp:18[m[K,
[5.768s]                  from [01m[K/opt/ros/foxy/include/rclcpp/executor_options.hpp:20[m[K,
[5.768s]                  from [01m[K/opt/ros/foxy/include/rclcpp/executor.hpp:33[m[K,
[5.769s]                  from [01m[K/opt/ros/foxy/include/rclcpp/executors/multi_threaded_executor.hpp:26[m[K,
[5.769s]                  from [01m[K/opt/ros/foxy/include/rclcpp/executors.hpp:21[m[K,
[5.769s]                  from [01m[K/opt/ros/foxy/include/rclcpp/rclcpp.hpp:146[m[K,
[5.770s]                  from [01m[K/home/kouyayamaoka/ros2_ws/src/Controller/src/nintendo_pro_controller.cpp:1[m[K:
[5.770s] [01m[K/home/kouyayamaoka/ros2_ws/src/Controller/src/nintendo_pro_controller.cpp:[m[K In member function ‘[01m[Kvoid Controller::controller_callback(sensor_msgs::msg::Joy_<std::allocator<void> >::SharedPtr)[m[K’:
[5.779s] [01m[K/home/kouyayamaoka/ros2_ws/src/Controller/src/nintendo_pro_controller.cpp:14:57:[m[K [01;31m[Kerror: [m[K‘[01m[Kconst SharedPtr[m[K’ {aka ‘[01m[Kconst class std::shared_ptr<sensor_msgs::msg::Joy_<std::allocator<void> > >[m[K’} has no member named ‘[01m[Kaxes[m[K’
[5.779s]    14 |             RCLCPP_INFO(this->get_logger(),"%f",joy_msg.[01;31m[Kaxes[m[K(0));
[5.780s]       |                                                         [01;31m[K^~~~[m[K
[7.386s] make[2]: *** [CMakeFiles/nintendo_pro_controller.dir/build.make:63: CMakeFiles/nintendo_pro_controller.dir/src/nintendo_pro_controller.cpp.o] エラー 1
[7.386s] make[1]: *** [CMakeFiles/Makefile2:78: CMakeFiles/nintendo_pro_controller.dir/all] エラー 2
[7.394s] make: *** [Makefile:141: all] エラー 2
[7.414s] Invoked command in '/home/kouyayamaoka/ros2_ws/src/build/Controller' returned '2': CMAKE_PREFIX_PATH=${CMAKE_PREFIX_PATH}:/opt/ros/foxy /usr/bin/cmake --build /home/kouyayamaoka/ros2_ws/src/build/Controller -- -j2 -l2
