[0.094s] Invoking command in '/home/kouyayamaoka/ros2_ws/src/build/Controller': CMAKE_PREFIX_PATH=${CMAKE_PREFIX_PATH}:/opt/ros/foxy /usr/bin/cmake --build /home/kouyayamaoka/ros2_ws/src/build/Controller -- -j2 -l2
[0.301s] -- Found ament_cmake: 0.9.11 (/opt/ros/foxy/share/ament_cmake/cmake)
[0.463s] -- Using PYTHON_EXECUTABLE: /usr/bin/python3
[1.499s] -- Found rclcpp: 2.4.2 (/opt/ros/foxy/share/rclcpp/cmake)
[1.677s] -- Using all available rosidl_typesupport_c: rosidl_typesupport_fastrtps_c;rosidl_typesupport_introspection_c
[1.696s] -- Found rosidl_adapter: 1.3.0 (/opt/ros/foxy/share/rosidl_adapter/cmake)
[2.238s] -- Using all available rosidl_typesupport_cpp: rosidl_typesupport_fastrtps_cpp;rosidl_typesupport_introspection_cpp
[2.508s] -- Found rmw_implementation_cmake: 1.0.4 (/opt/ros/foxy/share/rmw_implementation_cmake/cmake)
[2.518s] -- Using RMW implementation 'rmw_fastrtps_cpp' as default
[3.368s] -- Found joy: 3.0.1 (/opt/ros/foxy/share/joy/cmake)
[3.376s] -- Found ament_lint_auto: 0.9.8 (/opt/ros/foxy/share/ament_lint_auto/cmake)
[3.654s] WARNING: Package name "Controller" does not follow the naming conventions. It should start with a lower case letter and only contain lower case letters, digits, underscores, and dashes.
[3.738s] -- Added test 'copyright' to check source files copyright and LICENSE
[3.742s] -- Added test 'cppcheck' to perform static code analysis on C / C++ code
[3.744s] -- Configured cppcheck include dirs: $<BUILD_INTERFACE:/home/kouyayamaoka/ros2_ws/src/Controller/include>
[3.745s] -- Configured cppcheck exclude dirs and/or files: 
[3.750s] -- Added test 'cpplint' to check C / C++ code against the Google style
[3.751s] -- Configured cpplint exclude dirs and/or files: 
[3.755s] -- Added test 'flake8' to check Python code syntax and style conventions
[3.759s] -- Added test 'lint_cmake' to check CMake code style
[3.763s] -- Added test 'pep257' to check Python code against some of the style conventions in PEP 257
[3.769s] -- Added test 'uncrustify' to check C / C++ code style
[3.770s] -- Configured uncrustify additional arguments: 
[3.773s] -- Added test 'xmllint' to check XML markup files
[3.789s] -- Configuring done
[3.859s] -- Generating done
[3.875s] -- Build files have been written to: /home/kouyayamaoka/ros2_ws/src/build/Controller
[4.189s] [ 50%] [32mBuilding CXX object CMakeFiles/nintendo_pro_controller.dir/src/nintendo_pro_controller.cpp.o[0m
[4.811s] [01m[K/home/kouyayamaoka/ros2_ws/src/Controller/src/nintendo_pro_controller.cpp:2:10:[m[K [01;31m[Kfatal error: [m[Ksensor_msgs/Joy.hpp: そのようなファイルやディレクトリはありません
[4.811s]     2 | #include [01;31m[K<sensor_msgs/Joy.hpp>[m[K
[4.812s]       |          [01;31m[K^~~~~~~~~~~~~~~~~~~~~[m[K
[4.813s] compilation terminated.
[4.827s] make[2]: *** [CMakeFiles/nintendo_pro_controller.dir/build.make:63: CMakeFiles/nintendo_pro_controller.dir/src/nintendo_pro_controller.cpp.o] エラー 1
[4.829s] make[1]: *** [CMakeFiles/Makefile2:78: CMakeFiles/nintendo_pro_controller.dir/all] エラー 2
[4.830s] make: *** [Makefile:141: all] エラー 2
[4.838s] Invoked command in '/home/kouyayamaoka/ros2_ws/src/build/Controller' returned '2': CMAKE_PREFIX_PATH=${CMAKE_PREFIX_PATH}:/opt/ros/foxy /usr/bin/cmake --build /home/kouyayamaoka/ros2_ws/src/build/Controller -- -j2 -l2
