[0.057s] Invoking command in '/home/kouyayamaoka/ros2_ws/src/build/Bunai': CMAKE_PREFIX_PATH=${CMAKE_PREFIX_PATH}:/opt/ros/foxy /usr/bin/cmake --build /home/kouyayamaoka/ros2_ws/src/build/Bunai -- -j2 -l2
[0.344s] [100%] Built target estimate
[0.394s] Invoked command in '/home/kouyayamaoka/ros2_ws/src/build/Bunai' returned '0': CMAKE_PREFIX_PATH=${CMAKE_PREFIX_PATH}:/opt/ros/foxy /usr/bin/cmake --build /home/kouyayamaoka/ros2_ws/src/build/Bunai -- -j2 -l2
[0.590s] Invoking command in '/home/kouyayamaoka/ros2_ws/src/build/Bunai': CMAKE_PREFIX_PATH=${CMAKE_PREFIX_PATH}:/opt/ros/foxy /usr/bin/cmake --install /home/kouyayamaoka/ros2_ws/src/build/Bunai
[0.668s] -- Install configuration: ""
[0.669s] -- Up-to-date: /home/kouyayamaoka/ros2_ws/src/install/Bunai/share/Bunai
[0.670s] -- Up-to-date: /home/kouyayamaoka/ros2_ws/src/install/Bunai/share/ament_index/resource_index/package_run_dependencies/Bunai
[0.671s] -- Up-to-date: /home/kouyayamaoka/ros2_ws/src/install/Bunai/share/ament_index/resource_index/parent_prefix_path/Bunai
[0.672s] -- Up-to-date: /home/kouyayamaoka/ros2_ws/src/install/Bunai/share/Bunai/environment/ament_prefix_path.sh
[0.674s] -- Up-to-date: /home/kouyayamaoka/ros2_ws/src/install/Bunai/share/Bunai/environment/ament_prefix_path.dsv
[0.675s] -- Up-to-date: /home/kouyayamaoka/ros2_ws/src/install/Bunai/share/Bunai/environment/path.sh
[0.676s] -- Up-to-date: /home/kouyayamaoka/ros2_ws/src/install/Bunai/share/Bunai/environment/path.dsv
[0.677s] -- Up-to-date: /home/kouyayamaoka/ros2_ws/src/install/Bunai/share/Bunai/local_setup.bash
[0.678s] -- Up-to-date: /home/kouyayamaoka/ros2_ws/src/install/Bunai/share/Bunai/local_setup.sh
[0.679s] -- Up-to-date: /home/kouyayamaoka/ros2_ws/src/install/Bunai/share/Bunai/local_setup.zsh
[0.680s] -- Up-to-date: /home/kouyayamaoka/ros2_ws/src/install/Bunai/share/Bunai/local_setup.dsv
[0.681s] -- Up-to-date: /home/kouyayamaoka/ros2_ws/src/install/Bunai/share/Bunai/package.dsv
[0.682s] -- Up-to-date: /home/kouyayamaoka/ros2_ws/src/install/Bunai/share/ament_index/resource_index/packages/Bunai
[0.683s] -- Up-to-date: /home/kouyayamaoka/ros2_ws/src/install/Bunai/share/Bunai/cmake/BunaiConfig.cmake
[0.684s] -- Up-to-date: /home/kouyayamaoka/ros2_ws/src/install/Bunai/share/Bunai/cmake/BunaiConfig-version.cmake
[0.685s] -- Up-to-date: /home/kouyayamaoka/ros2_ws/src/install/Bunai/share/Bunai/package.xml
[0.703s] Invoked command in '/home/kouyayamaoka/ros2_ws/src/build/Bunai' returned '0': CMAKE_PREFIX_PATH=${CMAKE_PREFIX_PATH}:/opt/ros/foxy /usr/bin/cmake --install /home/kouyayamaoka/ros2_ws/src/build/Bunai
