[0.193s] Invoking command in '/home/kouyayamaoka/ros2_ws/src/build/Controller': CMAKE_PREFIX_PATH=${CMAKE_PREFIX_PATH}:/opt/ros/foxy /usr/bin/cmake --build /home/kouyayamaoka/ros2_ws/src/build/Controller -- -j2 -l2
[0.728s] [35m[1mScanning dependencies of target nintendo_pro_controller[0m
[0.972s] [ 50%] [32mBuilding CXX object CMakeFiles/nintendo_pro_controller.dir/src/nintendo_pro_controller.cpp.o[0m
[32.007s] [100%] [32m[1mLinking CXX executable nintendo_pro_controller[0m
[33.499s] [100%] Built target nintendo_pro_controller
[33.557s] Invoked command in '/home/kouyayamaoka/ros2_ws/src/build/Controller' returned '0': CMAKE_PREFIX_PATH=${CMAKE_PREFIX_PATH}:/opt/ros/foxy /usr/bin/cmake --build /home/kouyayamaoka/ros2_ws/src/build/Controller -- -j2 -l2
[33.812s] Invoking command in '/home/kouyayamaoka/ros2_ws/src/build/Controller': CMAKE_PREFIX_PATH=${CMAKE_PREFIX_PATH}:/opt/ros/foxy /usr/bin/cmake --install /home/kouyayamaoka/ros2_ws/src/build/Controller
[33.914s] -- Install configuration: ""
[33.917s] -- Up-to-date: /home/kouyayamaoka/ros2_ws/src/install/Controller/share/Controller/launch
[33.921s] -- Up-to-date: /home/kouyayamaoka/ros2_ws/src/install/Controller/share/Controller/launch/nintendo_pro_controller.launch.py
[33.926s] -- Installing: /home/kouyayamaoka/ros2_ws/src/install/Controller/lib/Controller/nintendo_pro_controller
[33.963s] -- Set runtime path of "/home/kouyayamaoka/ros2_ws/src/install/Controller/lib/Controller/nintendo_pro_controller" to ""
[33.965s] -- Up-to-date: /home/kouyayamaoka/ros2_ws/src/install/Controller/share/ament_index/resource_index/package_run_dependencies/Controller
[33.970s] -- Up-to-date: /home/kouyayamaoka/ros2_ws/src/install/Controller/share/ament_index/resource_index/parent_prefix_path/Controller
[33.975s] -- Up-to-date: /home/kouyayamaoka/ros2_ws/src/install/Controller/share/Controller/environment/ament_prefix_path.sh
[33.981s] -- Up-to-date: /home/kouyayamaoka/ros2_ws/src/install/Controller/share/Controller/environment/ament_prefix_path.dsv
[33.984s] -- Up-to-date: /home/kouyayamaoka/ros2_ws/src/install/Controller/share/Controller/environment/path.sh
[33.987s] -- Up-to-date: /home/kouyayamaoka/ros2_ws/src/install/Controller/share/Controller/environment/path.dsv
[33.991s] -- Up-to-date: /home/kouyayamaoka/ros2_ws/src/install/Controller/share/Controller/local_setup.bash
[33.995s] -- Up-to-date: /home/kouyayamaoka/ros2_ws/src/install/Controller/share/Controller/local_setup.sh
[34.002s] -- Up-to-date: /home/kouyayamaoka/ros2_ws/src/install/Controller/share/Controller/local_setup.zsh
[34.003s] -- Up-to-date: /home/kouyayamaoka/ros2_ws/src/install/Controller/share/Controller/local_setup.dsv
[34.009s] -- Installing: /home/kouyayamaoka/ros2_ws/src/install/Controller/share/Controller/package.dsv
[34.012s] -- Up-to-date: /home/kouyayamaoka/ros2_ws/src/install/Controller/share/ament_index/resource_index/packages/Controller
[34.013s] -- Up-to-date: /home/kouyayamaoka/ros2_ws/src/install/Controller/share/Controller/cmake/ControllerConfig.cmake
[34.014s] -- Up-to-date: /home/kouyayamaoka/ros2_ws/src/install/Controller/share/Controller/cmake/ControllerConfig-version.cmake
[34.021s] -- Up-to-date: /home/kouyayamaoka/ros2_ws/src/install/Controller/share/Controller/package.xml
[34.049s] Invoked command in '/home/kouyayamaoka/ros2_ws/src/build/Controller' returned '0': CMAKE_PREFIX_PATH=${CMAKE_PREFIX_PATH}:/opt/ros/foxy /usr/bin/cmake --install /home/kouyayamaoka/ros2_ws/src/build/Controller
