[2.020s] DEBUG:colcon:Command line arguments: ['/usr/bin/colcon', 'build', '--packages-select', 'ros2_first_test']
[2.021s] DEBUG:colcon:Parsed command line arguments: Namespace(allow_overriding=[], ament_cmake_args=None, base_paths=['.'], build_base='build', catkin_cmake_args=None, catkin_skip_building_tests=False, cmake_args=None, cmake_clean_cache=False, cmake_clean_first=False, cmake_force_configure=False, cmake_target=None, cmake_target_skip_unavailable=False, continue_on_error=False, event_handlers=None, executor='parallel', ignore_user_meta=False, install_base='install', log_base=None, log_level=None, main=<bound method BuildVerb.main of <colcon_core.verb.build.BuildVerb object at 0x7fc10f474160>>, merge_install=False, metas=['./colcon.meta'], packages_above=None, packages_above_and_dependencies=None, packages_above_depth=None, packages_end=None, packages_ignore=None, packages_ignore_regex=None, packages_select=['ros2_first_test'], packages_select_build_failed=False, packages_select_by_dep=None, packages_select_regex=None, packages_select_test_failures=False, packages_skip=None, packages_skip_build_finished=False, packages_skip_by_dep=None, packages_skip_regex=None, packages_skip_test_passed=False, packages_skip_up_to=None, packages_start=None, packages_up_to=None, packages_up_to_regex=None, parallel_workers=2, paths=None, symlink_install=False, test_result_base=None, verb_extension=<colcon_core.verb.build.BuildVerb object at 0x7fc10f474160>, verb_name='build', verb_parser=<colcon_defaults.argument_parser.defaults.DefaultArgumentsDecorator object at 0x7fc10f4746a0>)
[2.240s] Level 1:colcon.colcon_core.package_discovery:discover_packages(colcon_meta) check parameters
[2.242s] Level 1:colcon.colcon_core.package_discovery:discover_packages(recursive) check parameters
[2.244s] Level 1:colcon.colcon_core.package_discovery:discover_packages(ignore) check parameters
[2.245s] Level 1:colcon.colcon_core.package_discovery:discover_packages(path) check parameters
[2.246s] Level 1:colcon.colcon_core.package_discovery:discover_packages(colcon_meta) discover
[2.246s] Level 1:colcon.colcon_core.package_discovery:discover_packages(recursive) discover
[2.247s] INFO:colcon.colcon_core.package_discovery:Crawling recursively for packages in '/home/kouyayamaoka/ros2_ws'
[2.248s] Level 1:colcon.colcon_core.package_identification:_identify(.) by extensions ['ignore', 'ignore_ament_install']
[2.254s] Level 1:colcon.colcon_core.package_identification:_identify(.) by extension 'ignore'
[2.255s] Level 1:colcon.colcon_core.package_identification:_identify(.) by extension 'ignore_ament_install'
[2.256s] Level 1:colcon.colcon_core.package_identification:_identify(.) by extensions ['colcon_pkg']
[2.257s] Level 1:colcon.colcon_core.package_identification:_identify(.) by extension 'colcon_pkg'
[2.258s] Level 1:colcon.colcon_core.package_identification:_identify(.) by extensions ['colcon_meta']
[2.258s] Level 1:colcon.colcon_core.package_identification:_identify(.) by extension 'colcon_meta'
[2.259s] Level 1:colcon.colcon_core.package_identification:_identify(.) by extensions ['ros']
[2.259s] Level 1:colcon.colcon_core.package_identification:_identify(.) by extension 'ros'
[2.407s] Level 1:colcon.colcon_core.package_identification:_identify(.) by extensions ['cmake', 'python']
[2.408s] Level 1:colcon.colcon_core.package_identification:_identify(.) by extension 'cmake'
[2.410s] Level 1:colcon.colcon_core.package_identification:_identify(.) by extension 'python'
[2.410s] Level 1:colcon.colcon_core.package_identification:_identify(.) by extensions ['python_setup_py']
[2.411s] Level 1:colcon.colcon_core.package_identification:_identify(.) by extension 'python_setup_py'
[2.412s] Level 1:colcon.colcon_core.package_identification:_identify(build) by extensions ['ignore', 'ignore_ament_install']
[2.414s] Level 1:colcon.colcon_core.package_identification:_identify(build) by extension 'ignore'
[2.414s] Level 1:colcon.colcon_core.package_identification:_identify(build) ignored
[2.416s] Level 1:colcon.colcon_core.package_identification:_identify(install) by extensions ['ignore', 'ignore_ament_install']
[2.417s] Level 1:colcon.colcon_core.package_identification:_identify(install) by extension 'ignore'
[2.418s] Level 1:colcon.colcon_core.package_identification:_identify(install) ignored
[2.419s] Level 1:colcon.colcon_core.package_identification:_identify(log) by extensions ['ignore', 'ignore_ament_install']
[2.420s] Level 1:colcon.colcon_core.package_identification:_identify(log) by extension 'ignore'
[2.421s] Level 1:colcon.colcon_core.package_identification:_identify(log) ignored
[2.421s] Level 1:colcon.colcon_core.package_identification:_identify(src) by extensions ['ignore', 'ignore_ament_install']
[2.422s] Level 1:colcon.colcon_core.package_identification:_identify(src) by extension 'ignore'
[2.423s] Level 1:colcon.colcon_core.package_identification:_identify(src) by extension 'ignore_ament_install'
[2.424s] Level 1:colcon.colcon_core.package_identification:_identify(src) by extensions ['colcon_pkg']
[2.424s] Level 1:colcon.colcon_core.package_identification:_identify(src) by extension 'colcon_pkg'
[2.425s] Level 1:colcon.colcon_core.package_identification:_identify(src) by extensions ['colcon_meta']
[2.425s] Level 1:colcon.colcon_core.package_identification:_identify(src) by extension 'colcon_meta'
[2.426s] Level 1:colcon.colcon_core.package_identification:_identify(src) by extensions ['ros']
[2.426s] Level 1:colcon.colcon_core.package_identification:_identify(src) by extension 'ros'
[2.427s] Level 1:colcon.colcon_core.package_identification:_identify(src) by extensions ['cmake', 'python']
[2.428s] Level 1:colcon.colcon_core.package_identification:_identify(src) by extension 'cmake'
[2.433s] Level 1:colcon.colcon_core.package_identification:_identify(src) by extension 'python'
[2.434s] Level 1:colcon.colcon_core.package_identification:_identify(src) by extensions ['python_setup_py']
[2.437s] Level 1:colcon.colcon_core.package_identification:_identify(src) by extension 'python_setup_py'
[2.438s] Level 1:colcon.colcon_core.package_identification:_identify(src/build) by extensions ['ignore', 'ignore_ament_install']
[2.439s] Level 1:colcon.colcon_core.package_identification:_identify(src/build) by extension 'ignore'
[2.440s] Level 1:colcon.colcon_core.package_identification:_identify(src/build) ignored
[2.442s] Level 1:colcon.colcon_core.package_identification:_identify(src/install) by extensions ['ignore', 'ignore_ament_install']
[2.444s] Level 1:colcon.colcon_core.package_identification:_identify(src/install) by extension 'ignore'
[2.445s] Level 1:colcon.colcon_core.package_identification:_identify(src/install) ignored
[2.446s] Level 1:colcon.colcon_core.package_identification:_identify(src/log) by extensions ['ignore', 'ignore_ament_install']
[2.447s] Level 1:colcon.colcon_core.package_identification:_identify(src/log) by extension 'ignore'
[2.449s] Level 1:colcon.colcon_core.package_identification:_identify(src/log) ignored
[2.450s] Level 1:colcon.colcon_core.package_identification:_identify(src/ros2_first_test) by extensions ['ignore', 'ignore_ament_install']
[2.452s] Level 1:colcon.colcon_core.package_identification:_identify(src/ros2_first_test) by extension 'ignore'
[2.453s] Level 1:colcon.colcon_core.package_identification:_identify(src/ros2_first_test) by extension 'ignore_ament_install'
[2.454s] Level 1:colcon.colcon_core.package_identification:_identify(src/ros2_first_test) by extensions ['colcon_pkg']
[2.457s] Level 1:colcon.colcon_core.package_identification:_identify(src/ros2_first_test) by extension 'colcon_pkg'
[2.458s] Level 1:colcon.colcon_core.package_identification:_identify(src/ros2_first_test) by extensions ['colcon_meta']
[2.459s] Level 1:colcon.colcon_core.package_identification:_identify(src/ros2_first_test) by extension 'colcon_meta'
[2.459s] Level 1:colcon.colcon_core.package_identification:_identify(src/ros2_first_test) by extensions ['ros']
[2.460s] Level 1:colcon.colcon_core.package_identification:_identify(src/ros2_first_test) by extension 'ros'
[2.472s] DEBUG:colcon.colcon_core.package_identification:Package 'src/ros2_first_test' with type 'ros.ament_cmake' and name 'ros2_first_test'
[2.477s] Level 1:colcon.colcon_core.package_discovery:discover_packages(recursive) using defaults
[2.478s] Level 1:colcon.colcon_core.package_discovery:discover_packages(ignore) discover
[2.479s] Level 1:colcon.colcon_core.package_discovery:discover_packages(ignore) using defaults
[2.480s] Level 1:colcon.colcon_core.package_discovery:discover_packages(path) discover
[2.480s] Level 1:colcon.colcon_core.package_discovery:discover_packages(path) using defaults
[2.584s] Level 1:colcon.colcon_core.package_discovery:discover_packages(prefix_path) check parameters
[2.584s] Level 1:colcon.colcon_core.package_discovery:discover_packages(prefix_path) discover
[2.600s] DEBUG:colcon.colcon_installed_package_information.package_discovery:Found 1 installed packages in /home/kouyayamaoka/ros2_ws/install
[2.612s] DEBUG:colcon.colcon_installed_package_information.package_discovery:Found 332 installed packages in /opt/ros/foxy
[2.632s] Level 1:colcon.colcon_core.package_discovery:discover_packages(prefix_path) using defaults
[3.230s] Level 5:colcon.colcon_core.verb:set package 'ros2_first_test' build argument 'cmake_args' from command line to 'None'
[3.241s] Level 5:colcon.colcon_core.verb:set package 'ros2_first_test' build argument 'cmake_target' from command line to 'None'
[3.242s] Level 5:colcon.colcon_core.verb:set package 'ros2_first_test' build argument 'cmake_target_skip_unavailable' from command line to 'False'
[3.242s] Level 5:colcon.colcon_core.verb:set package 'ros2_first_test' build argument 'cmake_clean_cache' from command line to 'False'
[3.243s] Level 5:colcon.colcon_core.verb:set package 'ros2_first_test' build argument 'cmake_clean_first' from command line to 'False'
[3.243s] Level 5:colcon.colcon_core.verb:set package 'ros2_first_test' build argument 'cmake_force_configure' from command line to 'False'
[3.244s] Level 5:colcon.colcon_core.verb:set package 'ros2_first_test' build argument 'ament_cmake_args' from command line to 'None'
[3.244s] Level 5:colcon.colcon_core.verb:set package 'ros2_first_test' build argument 'catkin_cmake_args' from command line to 'None'
[3.244s] Level 5:colcon.colcon_core.verb:set package 'ros2_first_test' build argument 'catkin_skip_building_tests' from command line to 'False'
[3.245s] DEBUG:colcon.colcon_core.verb:Building package 'ros2_first_test' with the following arguments: {'ament_cmake_args': None, 'build_base': '/home/kouyayamaoka/ros2_ws/build/ros2_first_test', 'catkin_cmake_args': None, 'catkin_skip_building_tests': False, 'cmake_args': None, 'cmake_clean_cache': False, 'cmake_clean_first': False, 'cmake_force_configure': False, 'cmake_target': None, 'cmake_target_skip_unavailable': False, 'install_base': '/home/kouyayamaoka/ros2_ws/install/ros2_first_test', 'merge_install': False, 'path': '/home/kouyayamaoka/ros2_ws/src/ros2_first_test', 'symlink_install': False, 'test_result_base': None}
[3.249s] INFO:colcon.colcon_core.executor:Executing jobs using 'parallel' executor
[3.268s] DEBUG:colcon.colcon_parallel_executor.executor.parallel:run_until_complete
[3.269s] INFO:colcon.colcon_ros.task.ament_cmake.build:Building ROS package in '/home/kouyayamaoka/ros2_ws/src/ros2_first_test' with build type 'ament_cmake'
[3.270s] INFO:colcon.colcon_cmake.task.cmake.build:Building CMake package in '/home/kouyayamaoka/ros2_ws/src/ros2_first_test'
[3.296s] INFO:colcon.colcon_core.plugin_system:Skipping extension 'colcon_core.shell.bat': Not used on non-Windows systems
[3.298s] INFO:colcon.colcon_core.shell:Skip shell extension 'powershell' for command environment: Not usable outside of PowerShell
[3.298s] DEBUG:colcon.colcon_core.shell:Skip shell extension 'dsv' for command environment
[3.401s] DEBUG:colcon.colcon_core.event_handler.log_command:Invoking command in '/home/kouyayamaoka/ros2_ws/build/ros2_first_test': CMAKE_PREFIX_PATH=${CMAKE_PREFIX_PATH}:/opt/ros/foxy /usr/bin/cmake --build /home/kouyayamaoka/ros2_ws/build/ros2_first_test -- -j2 -l2
[3.796s] DEBUG:colcon.colcon_core.event_handler.log_command:Invoked command in '/home/kouyayamaoka/ros2_ws/build/ros2_first_test' returned '0': CMAKE_PREFIX_PATH=${CMAKE_PREFIX_PATH}:/opt/ros/foxy /usr/bin/cmake --build /home/kouyayamaoka/ros2_ws/build/ros2_first_test -- -j2 -l2
[4.047s] DEBUG:colcon.colcon_core.event_handler.log_command:Invoking command in '/home/kouyayamaoka/ros2_ws/build/ros2_first_test': CMAKE_PREFIX_PATH=${CMAKE_PREFIX_PATH}:/opt/ros/foxy /usr/bin/cmake --install /home/kouyayamaoka/ros2_ws/build/ros2_first_test
[4.102s] Level 1:colcon.colcon_core.environment:create_environment_scripts_only(ros2_first_test)
[4.119s] DEBUG:colcon.colcon_core.event_handler.log_command:Invoked command in '/home/kouyayamaoka/ros2_ws/build/ros2_first_test' returned '0': CMAKE_PREFIX_PATH=${CMAKE_PREFIX_PATH}:/opt/ros/foxy /usr/bin/cmake --install /home/kouyayamaoka/ros2_ws/build/ros2_first_test
[4.137s] Level 1:colcon.colcon_core.environment:checking '/home/kouyayamaoka/ros2_ws/install/ros2_first_test' for CMake module files
[4.140s] Level 1:colcon.colcon_core.environment:checking '/home/kouyayamaoka/ros2_ws/install/ros2_first_test' for CMake config files
[4.141s] Level 1:colcon.colcon_core.shell:create_environment_hook('ros2_first_test', 'cmake_prefix_path')
[4.147s] INFO:colcon.colcon_core.shell:Creating environment hook '/home/kouyayamaoka/ros2_ws/install/ros2_first_test/share/ros2_first_test/hook/cmake_prefix_path.ps1'
[4.150s] INFO:colcon.colcon_core.shell:Creating environment descriptor '/home/kouyayamaoka/ros2_ws/install/ros2_first_test/share/ros2_first_test/hook/cmake_prefix_path.dsv'
[4.152s] INFO:colcon.colcon_core.shell:Creating environment hook '/home/kouyayamaoka/ros2_ws/install/ros2_first_test/share/ros2_first_test/hook/cmake_prefix_path.sh'
[4.156s] Level 1:colcon.colcon_core.environment:checking '/home/kouyayamaoka/ros2_ws/install/ros2_first_test/lib'
[4.157s] Level 1:colcon.colcon_core.environment:checking '/home/kouyayamaoka/ros2_ws/install/ros2_first_test/bin'
[4.157s] Level 1:colcon.colcon_core.environment:checking '/home/kouyayamaoka/ros2_ws/install/ros2_first_test/lib/pkgconfig/ros2_first_test.pc'
[4.159s] Level 1:colcon.colcon_core.environment:checking '/home/kouyayamaoka/ros2_ws/install/ros2_first_test/lib/python3.8/site-packages'
[4.160s] Level 1:colcon.colcon_core.environment:checking '/home/kouyayamaoka/ros2_ws/install/ros2_first_test/bin'
[4.166s] INFO:colcon.colcon_core.shell:Creating package script '/home/kouyayamaoka/ros2_ws/install/ros2_first_test/share/ros2_first_test/package.ps1'
[4.170s] INFO:colcon.colcon_core.shell:Creating package descriptor '/home/kouyayamaoka/ros2_ws/install/ros2_first_test/share/ros2_first_test/package.dsv'
[4.173s] INFO:colcon.colcon_core.shell:Creating package script '/home/kouyayamaoka/ros2_ws/install/ros2_first_test/share/ros2_first_test/package.sh'
[4.177s] INFO:colcon.colcon_core.shell:Creating package script '/home/kouyayamaoka/ros2_ws/install/ros2_first_test/share/ros2_first_test/package.bash'
[4.180s] INFO:colcon.colcon_core.shell:Creating package script '/home/kouyayamaoka/ros2_ws/install/ros2_first_test/share/ros2_first_test/package.zsh'
[4.183s] Level 1:colcon.colcon_core.environment:create_file_with_runtime_dependencies(/home/kouyayamaoka/ros2_ws/install/ros2_first_test/share/colcon-core/packages/ros2_first_test)
[4.243s] Level 1:colcon.colcon_core.environment:create_environment_scripts_only(ros2_first_test)
[4.251s] Level 1:colcon.colcon_core.environment:checking '/home/kouyayamaoka/ros2_ws/install/ros2_first_test' for CMake module files
[4.253s] Level 1:colcon.colcon_core.environment:checking '/home/kouyayamaoka/ros2_ws/install/ros2_first_test' for CMake config files
[4.254s] Level 1:colcon.colcon_core.shell:create_environment_hook('ros2_first_test', 'cmake_prefix_path')
[4.259s] INFO:colcon.colcon_core.shell:Creating environment hook '/home/kouyayamaoka/ros2_ws/install/ros2_first_test/share/ros2_first_test/hook/cmake_prefix_path.ps1'
[4.261s] INFO:colcon.colcon_core.shell:Creating environment descriptor '/home/kouyayamaoka/ros2_ws/install/ros2_first_test/share/ros2_first_test/hook/cmake_prefix_path.dsv'
[4.263s] INFO:colcon.colcon_core.shell:Creating environment hook '/home/kouyayamaoka/ros2_ws/install/ros2_first_test/share/ros2_first_test/hook/cmake_prefix_path.sh'
[4.265s] Level 1:colcon.colcon_core.environment:checking '/home/kouyayamaoka/ros2_ws/install/ros2_first_test/lib'
[4.266s] Level 1:colcon.colcon_core.environment:checking '/home/kouyayamaoka/ros2_ws/install/ros2_first_test/bin'
[4.266s] Level 1:colcon.colcon_core.environment:checking '/home/kouyayamaoka/ros2_ws/install/ros2_first_test/lib/pkgconfig/ros2_first_test.pc'
[4.267s] Level 1:colcon.colcon_core.environment:checking '/home/kouyayamaoka/ros2_ws/install/ros2_first_test/lib/python3.8/site-packages'
[4.268s] Level 1:colcon.colcon_core.environment:checking '/home/kouyayamaoka/ros2_ws/install/ros2_first_test/bin'
[4.273s] INFO:colcon.colcon_core.shell:Creating package script '/home/kouyayamaoka/ros2_ws/install/ros2_first_test/share/ros2_first_test/package.ps1'
[4.275s] INFO:colcon.colcon_core.shell:Creating package descriptor '/home/kouyayamaoka/ros2_ws/install/ros2_first_test/share/ros2_first_test/package.dsv'
[4.277s] INFO:colcon.colcon_core.shell:Creating package script '/home/kouyayamaoka/ros2_ws/install/ros2_first_test/share/ros2_first_test/package.sh'
[4.279s] INFO:colcon.colcon_core.shell:Creating package script '/home/kouyayamaoka/ros2_ws/install/ros2_first_test/share/ros2_first_test/package.bash'
[4.282s] INFO:colcon.colcon_core.shell:Creating package script '/home/kouyayamaoka/ros2_ws/install/ros2_first_test/share/ros2_first_test/package.zsh'
[4.285s] Level 1:colcon.colcon_core.environment:create_file_with_runtime_dependencies(/home/kouyayamaoka/ros2_ws/install/ros2_first_test/share/colcon-core/packages/ros2_first_test)
[4.286s] DEBUG:colcon.colcon_parallel_executor.executor.parallel:closing loop
[4.288s] DEBUG:colcon.colcon_parallel_executor.executor.parallel:loop closed
[4.289s] DEBUG:colcon.colcon_parallel_executor.executor.parallel:run_until_complete finished with '0'
[4.290s] DEBUG:colcon.colcon_core.event_reactor:joining thread
[4.309s] INFO:colcon.colcon_core.plugin_system:Skipping extension 'colcon_notification.desktop_notification.terminal_notifier': Not used on non-Darwin systems
[4.310s] INFO:colcon.colcon_core.plugin_system:Skipping extension 'colcon_notification.desktop_notification.win32': Not used on non-Windows systems
[4.310s] INFO:colcon.colcon_notification.desktop_notification:Sending desktop notification using 'notify2'
[4.321s] DEBUG:colcon.colcon_core.event_reactor:joined thread
[4.326s] INFO:colcon.colcon_core.shell:Creating prefix script '/home/kouyayamaoka/ros2_ws/install/local_setup.ps1'
[4.330s] INFO:colcon.colcon_core.shell:Creating prefix util module '/home/kouyayamaoka/ros2_ws/install/_local_setup_util_ps1.py'
[4.335s] INFO:colcon.colcon_core.shell:Creating prefix chain script '/home/kouyayamaoka/ros2_ws/install/setup.ps1'
[4.341s] INFO:colcon.colcon_core.shell:Creating prefix script '/home/kouyayamaoka/ros2_ws/install/local_setup.sh'
[4.344s] INFO:colcon.colcon_core.shell:Creating prefix util module '/home/kouyayamaoka/ros2_ws/install/_local_setup_util_sh.py'
[4.346s] INFO:colcon.colcon_core.shell:Creating prefix chain script '/home/kouyayamaoka/ros2_ws/install/setup.sh'
[4.352s] INFO:colcon.colcon_core.shell:Creating prefix script '/home/kouyayamaoka/ros2_ws/install/local_setup.bash'
[4.355s] INFO:colcon.colcon_core.shell:Creating prefix chain script '/home/kouyayamaoka/ros2_ws/install/setup.bash'
[4.361s] INFO:colcon.colcon_core.shell:Creating prefix script '/home/kouyayamaoka/ros2_ws/install/local_setup.zsh'
[4.363s] INFO:colcon.colcon_core.shell:Creating prefix chain script '/home/kouyayamaoka/ros2_ws/install/setup.zsh'
