[4.723s] DEBUG:colcon:Command line arguments: ['/usr/bin/colcon', 'list', '-p', '--base-paths', '/home/kouyayamaoka/ros2_ws']
[4.724s] DEBUG:colcon:Parsed command line arguments: Namespace(allow_overriding=[], base_paths=['/home/kouyayamaoka/ros2_ws'], build_base='build', ignore_user_meta=False, log_base=None, log_level=None, main=<bound method ListVerb.main of <colcon_package_information.verb.list.ListVerb object at 0x7f9849485490>>, metas=['./colcon.meta'], names_only=False, packages_above=None, packages_above_and_dependencies=None, packages_above_depth=None, packages_end=None, packages_ignore=None, packages_ignore_regex=None, packages_select=None, packages_select_build_failed=False, packages_select_by_dep=None, packages_select_regex=None, packages_select_test_failures=False, packages_skip=None, packages_skip_build_finished=False, packages_skip_by_dep=None, packages_skip_regex=None, packages_skip_test_passed=False, packages_skip_up_to=None, packages_start=None, packages_up_to=None, packages_up_to_regex=None, paths=None, paths_only=True, topological_graph=False, topological_graph_density=False, topological_graph_dot=False, topological_graph_dot_cluster=False, topological_graph_dot_include_skipped=False, topological_graph_legend=False, topological_order=False, verb_extension=<colcon_package_information.verb.list.ListVerb object at 0x7f9849485490>, verb_name='list', verb_parser=<colcon_defaults.argument_parser.defaults.DefaultArgumentsDecorator object at 0x7f9849383340>)
[5.082s] Level 1:colcon.colcon_core.package_discovery:discover_packages(colcon_meta) check parameters
[5.083s] Level 1:colcon.colcon_core.package_discovery:discover_packages(recursive) check parameters
[5.083s] Level 1:colcon.colcon_core.package_discovery:discover_packages(ignore) check parameters
[5.083s] Level 1:colcon.colcon_core.package_discovery:discover_packages(path) check parameters
[5.083s] Level 1:colcon.colcon_core.package_discovery:discover_packages(recursive) discover
[5.084s] INFO:colcon.colcon_core.package_discovery:Crawling recursively for packages in '/home/kouyayamaoka/ros2_ws'
[5.084s] Level 1:colcon.colcon_core.package_identification:_identify(/home/kouyayamaoka/ros2_ws) by extensions ['ignore', 'ignore_ament_install']
[5.084s] Level 1:colcon.colcon_core.package_identification:_identify(/home/kouyayamaoka/ros2_ws) by extension 'ignore'
[5.085s] Level 1:colcon.colcon_core.package_identification:_identify(/home/kouyayamaoka/ros2_ws) by extension 'ignore_ament_install'
[5.085s] Level 1:colcon.colcon_core.package_identification:_identify(/home/kouyayamaoka/ros2_ws) by extensions ['colcon_pkg']
[5.085s] Level 1:colcon.colcon_core.package_identification:_identify(/home/kouyayamaoka/ros2_ws) by extension 'colcon_pkg'
[5.085s] Level 1:colcon.colcon_core.package_identification:_identify(/home/kouyayamaoka/ros2_ws) by extensions ['colcon_meta']
[5.086s] Level 1:colcon.colcon_core.package_identification:_identify(/home/kouyayamaoka/ros2_ws) by extension 'colcon_meta'
[5.086s] Level 1:colcon.colcon_core.package_identification:_identify(/home/kouyayamaoka/ros2_ws) by extensions ['ros']
[5.086s] Level 1:colcon.colcon_core.package_identification:_identify(/home/kouyayamaoka/ros2_ws) by extension 'ros'
[5.214s] Level 1:colcon.colcon_core.package_identification:_identify(/home/kouyayamaoka/ros2_ws) by extensions ['cmake', 'python']
[5.222s] Level 1:colcon.colcon_core.package_identification:_identify(/home/kouyayamaoka/ros2_ws) by extension 'cmake'
[5.223s] Level 1:colcon.colcon_core.package_identification:_identify(/home/kouyayamaoka/ros2_ws) by extension 'python'
[5.223s] Level 1:colcon.colcon_core.package_identification:_identify(/home/kouyayamaoka/ros2_ws) by extensions ['python_setup_py']
[5.223s] Level 1:colcon.colcon_core.package_identification:_identify(/home/kouyayamaoka/ros2_ws) by extension 'python_setup_py'
[5.223s] Level 1:colcon.colcon_core.package_identification:_identify(/home/kouyayamaoka/ros2_ws/log) by extensions ['ignore', 'ignore_ament_install']
[5.224s] Level 1:colcon.colcon_core.package_identification:_identify(/home/kouyayamaoka/ros2_ws/log) by extension 'ignore'
[5.224s] Level 1:colcon.colcon_core.package_identification:_identify(/home/kouyayamaoka/ros2_ws/log) ignored
[5.224s] Level 1:colcon.colcon_core.package_identification:_identify(/home/kouyayamaoka/ros2_ws/src) by extensions ['ignore', 'ignore_ament_install']
[5.225s] Level 1:colcon.colcon_core.package_identification:_identify(/home/kouyayamaoka/ros2_ws/src) by extension 'ignore'
[5.225s] Level 1:colcon.colcon_core.package_identification:_identify(/home/kouyayamaoka/ros2_ws/src) by extension 'ignore_ament_install'
[5.225s] Level 1:colcon.colcon_core.package_identification:_identify(/home/kouyayamaoka/ros2_ws/src) by extensions ['colcon_pkg']
[5.225s] Level 1:colcon.colcon_core.package_identification:_identify(/home/kouyayamaoka/ros2_ws/src) by extension 'colcon_pkg'
[5.225s] Level 1:colcon.colcon_core.package_identification:_identify(/home/kouyayamaoka/ros2_ws/src) by extensions ['colcon_meta']
[5.225s] Level 1:colcon.colcon_core.package_identification:_identify(/home/kouyayamaoka/ros2_ws/src) by extension 'colcon_meta'
[5.226s] Level 1:colcon.colcon_core.package_identification:_identify(/home/kouyayamaoka/ros2_ws/src) by extensions ['ros']
[5.226s] Level 1:colcon.colcon_core.package_identification:_identify(/home/kouyayamaoka/ros2_ws/src) by extension 'ros'
[5.238s] Level 1:colcon.colcon_core.package_identification:_identify(/home/kouyayamaoka/ros2_ws/src) by extensions ['cmake', 'python']
[5.239s] Level 1:colcon.colcon_core.package_identification:_identify(/home/kouyayamaoka/ros2_ws/src) by extension 'cmake'
[5.239s] Level 1:colcon.colcon_core.package_identification:_identify(/home/kouyayamaoka/ros2_ws/src) by extension 'python'
[5.239s] Level 1:colcon.colcon_core.package_identification:_identify(/home/kouyayamaoka/ros2_ws/src) by extensions ['python_setup_py']
[5.239s] Level 1:colcon.colcon_core.package_identification:_identify(/home/kouyayamaoka/ros2_ws/src) by extension 'python_setup_py'
[5.240s] Level 1:colcon.colcon_core.package_identification:_identify(/home/kouyayamaoka/ros2_ws/src/build) by extensions ['ignore', 'ignore_ament_install']
[5.240s] Level 1:colcon.colcon_core.package_identification:_identify(/home/kouyayamaoka/ros2_ws/src/build) by extension 'ignore'
[5.240s] Level 1:colcon.colcon_core.package_identification:_identify(/home/kouyayamaoka/ros2_ws/src/build) ignored
[5.241s] Level 1:colcon.colcon_core.package_identification:_identify(/home/kouyayamaoka/ros2_ws/src/install) by extensions ['ignore', 'ignore_ament_install']
[5.241s] Level 1:colcon.colcon_core.package_identification:_identify(/home/kouyayamaoka/ros2_ws/src/install) by extension 'ignore'
[5.241s] Level 1:colcon.colcon_core.package_identification:_identify(/home/kouyayamaoka/ros2_ws/src/install) ignored
[5.242s] Level 1:colcon.colcon_core.package_identification:_identify(/home/kouyayamaoka/ros2_ws/src/log) by extensions ['ignore', 'ignore_ament_install']
[5.242s] Level 1:colcon.colcon_core.package_identification:_identify(/home/kouyayamaoka/ros2_ws/src/log) by extension 'ignore'
[5.242s] Level 1:colcon.colcon_core.package_identification:_identify(/home/kouyayamaoka/ros2_ws/src/log) ignored
[5.243s] Level 1:colcon.colcon_core.package_identification:_identify(/home/kouyayamaoka/ros2_ws/src/ros2_first_test) by extensions ['ignore', 'ignore_ament_install']
[5.243s] Level 1:colcon.colcon_core.package_identification:_identify(/home/kouyayamaoka/ros2_ws/src/ros2_first_test) by extension 'ignore'
[5.243s] Level 1:colcon.colcon_core.package_identification:_identify(/home/kouyayamaoka/ros2_ws/src/ros2_first_test) by extension 'ignore_ament_install'
[5.244s] Level 1:colcon.colcon_core.package_identification:_identify(/home/kouyayamaoka/ros2_ws/src/ros2_first_test) by extensions ['colcon_pkg']
[5.244s] Level 1:colcon.colcon_core.package_identification:_identify(/home/kouyayamaoka/ros2_ws/src/ros2_first_test) by extension 'colcon_pkg'
[5.244s] Level 1:colcon.colcon_core.package_identification:_identify(/home/kouyayamaoka/ros2_ws/src/ros2_first_test) by extensions ['colcon_meta']
[5.244s] Level 1:colcon.colcon_core.package_identification:_identify(/home/kouyayamaoka/ros2_ws/src/ros2_first_test) by extension 'colcon_meta'
[5.244s] Level 1:colcon.colcon_core.package_identification:_identify(/home/kouyayamaoka/ros2_ws/src/ros2_first_test) by extensions ['ros']
[5.244s] Level 1:colcon.colcon_core.package_identification:_identify(/home/kouyayamaoka/ros2_ws/src/ros2_first_test) by extension 'ros'
[5.296s] DEBUG:colcon.colcon_core.package_identification:Package '/home/kouyayamaoka/ros2_ws/src/ros2_first_test' with type 'ros.ament_cmake' and name 'ros2_first_test'
[5.296s] Level 1:colcon.colcon_core.package_discovery:discover_packages(recursive) using defaults
