[0.056s] Invoking command in '/home/kouyayamaoka/ros2_ws/src/build/Bunai': CMAKE_PREFIX_PATH=${CMAKE_PREFIX_PATH}:/opt/ros/foxy /usr/bin/cmake --build /home/kouyayamaoka/ros2_ws/src/build/Bunai -- -j2 -l2
[0.214s] -- Found ament_cmake: 0.9.11 (/opt/ros/foxy/share/ament_cmake/cmake)
[0.287s] -- Using PYTHON_EXECUTABLE: /usr/bin/python3
[1.300s] -- Found DART: /usr/include (Required is at least version "6.6") found components: dart 
[1.663s] -- Found Protobuf: /usr/lib/x86_64-linux-gnu/libprotobuf.so;-lpthread (found version "3.6.1") 
[1.672s] -- Looking for ignition-math6 -- found version 6.13.0
[1.689s] -- Searching for dependencies of ignition-math6
[1.695s] -- Looking for OGRE...
[1.711s] -- Found Ogre Ghadamon (1.9.0)
[1.712s] -- Found OGRE: optimized;/usr/lib/x86_64-linux-gnu/libOgreMain.so;debug;/usr/lib/x86_64-linux-gnu/libOgreMain.so
[1.759s] -- Looking for OGRE_Paging...
[1.760s] -- Found OGRE_Paging: optimized;/usr/lib/x86_64-linux-gnu/libOgrePaging.so;debug;/usr/lib/x86_64-linux-gnu/libOgrePaging.so
[1.761s] -- Looking for OGRE_Terrain...
[1.761s] -- Found OGRE_Terrain: optimized;/usr/lib/x86_64-linux-gnu/libOgreTerrain.so;debug;/usr/lib/x86_64-linux-gnu/libOgreTerrain.so
[1.762s] -- Looking for OGRE_Property...
[1.762s] -- Found OGRE_Property: optimized;/usr/lib/x86_64-linux-gnu/libOgreProperty.so;debug;/usr/lib/x86_64-linux-gnu/libOgreProperty.so
[1.771s] -- Looking for OGRE_RTShaderSystem...
[1.772s] -- Found OGRE_RTShaderSystem: optimized;/usr/lib/x86_64-linux-gnu/libOgreRTShaderSystem.so;debug;/usr/lib/x86_64-linux-gnu/libOgreRTShaderSystem.so
[1.772s] -- Looking for OGRE_Volume...
[1.772s] -- Found OGRE_Volume: optimized;/usr/lib/x86_64-linux-gnu/libOgreVolume.so;debug;/usr/lib/x86_64-linux-gnu/libOgreVolume.so
[1.773s] -- Looking for OGRE_Overlay...
[1.773s] -- Found OGRE_Overlay: optimized;/usr/lib/x86_64-linux-gnu/libOgreOverlay.so;debug;/usr/lib/x86_64-linux-gnu/libOgreOverlay.so
[2.356s] -- Looking for ignition-math6 -- found version 6.13.0
[2.357s] -- Looking for ignition-transport8 -- found version 8.4.0
[2.359s] -- Searching for dependencies of ignition-transport8
[2.423s] -- Found Protobuf: /usr/lib/x86_64-linux-gnu/libprotobuf.so;-lpthread (found suitable version "3.6.1", minimum required is "3") 
[2.461s] -- Config-file not installed for ZeroMQ -- checking for pkg-config
[2.474s] -- Checking for module 'libzmq >= 4'
[2.522s] --   Found libzmq , version 4.3.2
[2.665s] -- Checking for module 'uuid'
[2.741s] --   Found uuid, version 2.34.0
[2.913s] -- Looking for ignition-msgs5 -- found version 5.11.0
[2.920s] -- Searching for dependencies of ignition-msgs5
[2.985s] -- Looking for ignition-math6 -- found version 6.13.0
[3.006s] -- Checking for module 'tinyxml2'
[3.089s] --   Found tinyxml2, version 6.2.0
[3.267s] -- Looking for ignition-msgs5 -- found version 5.11.0
[3.269s] -- Looking for ignition-common3 -- found version 3.15.1
[3.270s] -- Searching for dependencies of ignition-common3
[3.271s] -- Looking for dlfcn.h - found
[3.271s] -- Looking for libdl - found
[3.310s] -- Searching for <ignition-common3> component [graphics]
[3.311s] -- Looking for ignition-common3-graphics -- found version 3.15.1
[3.313s] -- Searching for dependencies of ignition-common3-graphics
[3.314s] -- Looking for ignition-math6 -- found version 6.13.0
[3.319s] -- Looking for ignition-fuel_tools4 -- found version 4.8.2
[3.321s] -- Searching for dependencies of ignition-fuel_tools4
[3.417s] -- Checking for module 'jsoncpp'
[3.483s] --   Found jsoncpp, version 1.7.4
[3.661s] -- Checking for module 'libzip'
[3.715s] --   Found libzip, version 1.5.1
[3.855s] -- Looking for ignition-common3 -- found version 3.15.1
[3.857s] -- Looking for ignition-math6 -- found version 6.13.0
[3.858s] -- Looking for ignition-msgs5 -- found version 5.11.0
[3.863s] -- Found ament_lint_auto: 0.9.8 (/opt/ros/foxy/share/ament_lint_auto/cmake)
[4.071s] WARNING: Package name "Bunai" does not follow the naming conventions. It should start with a lower case letter and only contain lower case letters, digits, underscores, and dashes.
[4.153s] -- Added test 'copyright' to check source files copyright and LICENSE
[4.166s] -- Added test 'cppcheck' to perform static code analysis on C / C++ code
[4.167s] -- Configured cppcheck include dirs: $<BUILD_INTERFACE:/home/kouyayamaoka/ros2_ws/src/Bunai/include>
[4.168s] -- Configured cppcheck exclude dirs and/or files: 
[4.172s] -- Added test 'cpplint' to check C / C++ code against the Google style
[4.172s] -- Configured cpplint exclude dirs and/or files: 
[4.174s] -- Added test 'flake8' to check Python code syntax and style conventions
[4.176s] -- Added test 'lint_cmake' to check CMake code style
[4.177s] -- Added test 'pep257' to check Python code against some of the style conventions in PEP 257
[4.182s] -- Added test 'uncrustify' to check C / C++ code style
[4.182s] -- Configured uncrustify additional arguments: 
[4.184s] -- Added test 'xmllint' to check XML markup files
[4.189s] -- Configuring done
[4.203s] -- Generating done
[4.210s] -- Build files have been written to: /home/kouyayamaoka/ros2_ws/src/build/Bunai
[4.371s] [100%] Built target estimate
[4.421s] Invoked command in '/home/kouyayamaoka/ros2_ws/src/build/Bunai' returned '0': CMAKE_PREFIX_PATH=${CMAKE_PREFIX_PATH}:/opt/ros/foxy /usr/bin/cmake --build /home/kouyayamaoka/ros2_ws/src/build/Bunai -- -j2 -l2
[4.599s] Invoking command in '/home/kouyayamaoka/ros2_ws/src/build/Bunai': CMAKE_PREFIX_PATH=${CMAKE_PREFIX_PATH}:/opt/ros/foxy /usr/bin/cmake --install /home/kouyayamaoka/ros2_ws/src/build/Bunai
[4.654s] -- Install configuration: ""
[4.655s] -- Up-to-date: /home/kouyayamaoka/ros2_ws/src/install/Bunai/share/Bunai/rviz
[4.655s] -- Up-to-date: /home/kouyayamaoka/ros2_ws/src/install/Bunai/share/Bunai/rviz/navigation.rviz
[4.656s] -- Up-to-date: /home/kouyayamaoka/ros2_ws/src/install/Bunai/share/Bunai/rviz/bunai.rviz
[4.656s] -- Up-to-date: /home/kouyayamaoka/ros2_ws/src/install/Bunai/share/Bunai/launch
[4.657s] -- Up-to-date: /home/kouyayamaoka/ros2_ws/src/install/Bunai/share/Bunai/launch/localization.launch.py
[4.658s] -- Up-to-date: /home/kouyayamaoka/ros2_ws/src/install/Bunai/share/Bunai/launch/rviz.launch.py
[4.667s] -- Up-to-date: /home/kouyayamaoka/ros2_ws/src/install/Bunai/share/Bunai/launch/cartographer.launch.py
[4.667s] -- Up-to-date: /home/kouyayamaoka/ros2_ws/src/install/Bunai/share/Bunai/launch/navigation.launch.py
[4.668s] -- Up-to-date: /home/kouyayamaoka/ros2_ws/src/install/Bunai/share/Bunai/launch/Bunai.launch.py
[4.668s] -- Up-to-date: /home/kouyayamaoka/ros2_ws/src/install/Bunai/share/Bunai/urdf
[4.668s] -- Up-to-date: /home/kouyayamaoka/ros2_ws/src/install/Bunai/share/Bunai/urdf/bunai.urdf
[4.668s] -- Up-to-date: /home/kouyayamaoka/ros2_ws/src/install/Bunai/share/Bunai/config
[4.669s] -- Up-to-date: /home/kouyayamaoka/ros2_ws/src/install/Bunai/share/Bunai/config/ydlidar_cartographer.rviz
[4.669s] -- Up-to-date: /home/kouyayamaoka/ros2_ws/src/install/Bunai/share/Bunai/config/cartgrapher.lua
[4.669s] -- Up-to-date: /home/kouyayamaoka/ros2_ws/src/install/Bunai/share/Bunai/worlds
[4.669s] -- Up-to-date: /home/kouyayamaoka/ros2_ws/src/install/Bunai/share/Bunai/worlds/bunai.world
[4.670s] -- Up-to-date: /home/kouyayamaoka/ros2_ws/src/install/Bunai/share/Bunai/map
[4.670s] -- Up-to-date: /home/kouyayamaoka/ros2_ws/src/install/Bunai/share/Bunai/map/map.yaml
[4.670s] -- Up-to-date: /home/kouyayamaoka/ros2_ws/src/install/Bunai/share/Bunai/map/map.pbstream
[4.671s] -- Up-to-date: /home/kouyayamaoka/ros2_ws/src/install/Bunai/share/Bunai/nav2
[4.687s] -- Up-to-date: /home/kouyayamaoka/ros2_ws/src/install/Bunai/share/Bunai/nav2/navigation.yaml
[4.688s] -- Up-to-date: /home/kouyayamaoka/ros2_ws/src/install/Bunai/share/ament_index/resource_index/package_run_dependencies/Bunai
[4.688s] -- Up-to-date: /home/kouyayamaoka/ros2_ws/src/install/Bunai/share/ament_index/resource_index/parent_prefix_path/Bunai
[4.688s] -- Up-to-date: /home/kouyayamaoka/ros2_ws/src/install/Bunai/share/Bunai/environment/ament_prefix_path.sh
[4.689s] -- Installing: /home/kouyayamaoka/ros2_ws/src/install/Bunai/share/Bunai/environment/ament_prefix_path.dsv
[4.689s] -- Up-to-date: /home/kouyayamaoka/ros2_ws/src/install/Bunai/share/Bunai/environment/path.sh
[4.689s] -- Installing: /home/kouyayamaoka/ros2_ws/src/install/Bunai/share/Bunai/environment/path.dsv
[4.690s] -- Up-to-date: /home/kouyayamaoka/ros2_ws/src/install/Bunai/share/Bunai/local_setup.bash
[4.690s] -- Up-to-date: /home/kouyayamaoka/ros2_ws/src/install/Bunai/share/Bunai/local_setup.sh
[4.690s] -- Up-to-date: /home/kouyayamaoka/ros2_ws/src/install/Bunai/share/Bunai/local_setup.zsh
[4.690s] -- Installing: /home/kouyayamaoka/ros2_ws/src/install/Bunai/share/Bunai/local_setup.dsv
[4.691s] -- Installing: /home/kouyayamaoka/ros2_ws/src/install/Bunai/share/Bunai/package.dsv
[4.691s] -- Up-to-date: /home/kouyayamaoka/ros2_ws/src/install/Bunai/share/ament_index/resource_index/packages/Bunai
[4.691s] -- Up-to-date: /home/kouyayamaoka/ros2_ws/src/install/Bunai/share/Bunai/cmake/BunaiConfig.cmake
[4.691s] -- Up-to-date: /home/kouyayamaoka/ros2_ws/src/install/Bunai/share/Bunai/cmake/BunaiConfig-version.cmake
[4.692s] -- Up-to-date: /home/kouyayamaoka/ros2_ws/src/install/Bunai/share/Bunai/package.xml
[4.692s] Invoked command in '/home/kouyayamaoka/ros2_ws/src/build/Bunai' returned '0': CMAKE_PREFIX_PATH=${CMAKE_PREFIX_PATH}:/opt/ros/foxy /usr/bin/cmake --install /home/kouyayamaoka/ros2_ws/src/build/Bunai
