[7.769s] DEBUG:colcon:Command line arguments: ['/usr/bin/colcon', 'list', '-p', '--base-paths', '/home/kouyayamaoka/ros2_ws']
[7.769s] DEBUG:colcon:Parsed command line arguments: Namespace(allow_overriding=[], base_paths=['/home/kouyayamaoka/ros2_ws'], build_base='build', ignore_user_meta=False, log_base=None, log_level=None, main=<bound method ListVerb.main of <colcon_package_information.verb.list.ListVerb object at 0x7fd2e0254fa0>>, metas=['./colcon.meta'], names_only=False, packages_above=None, packages_above_and_dependencies=None, packages_above_depth=None, packages_end=None, packages_ignore=None, packages_ignore_regex=None, packages_select=None, packages_select_build_failed=False, packages_select_by_dep=None, packages_select_regex=None, packages_select_test_failures=False, packages_skip=None, packages_skip_build_finished=False, packages_skip_by_dep=None, packages_skip_regex=None, packages_skip_test_passed=False, packages_skip_up_to=None, packages_start=None, packages_up_to=None, packages_up_to_regex=None, paths=None, paths_only=True, topological_graph=False, topological_graph_density=False, topological_graph_dot=False, topological_graph_dot_cluster=False, topological_graph_dot_include_skipped=False, topological_graph_legend=False, topological_order=False, verb_extension=<colcon_package_information.verb.list.ListVerb object at 0x7fd2e0254fa0>, verb_name='list', verb_parser=<colcon_defaults.argument_parser.defaults.DefaultArgumentsDecorator object at 0x7fd2e013a3a0>)
[8.582s] Level 1:colcon.colcon_core.package_discovery:discover_packages(colcon_meta) check parameters
[8.582s] Level 1:colcon.colcon_core.package_discovery:discover_packages(recursive) check parameters
[8.582s] Level 1:colcon.colcon_core.package_discovery:discover_packages(ignore) check parameters
[8.582s] Level 1:colcon.colcon_core.package_discovery:discover_packages(path) check parameters
[8.582s] Level 1:colcon.colcon_core.package_discovery:discover_packages(recursive) discover
[8.583s] INFO:colcon.colcon_core.package_discovery:Crawling recursively for packages in '/home/kouyayamaoka/ros2_ws'
[8.583s] Level 1:colcon.colcon_core.package_identification:_identify(/home/kouyayamaoka/ros2_ws) by extensions ['ignore', 'ignore_ament_install']
[8.584s] Level 1:colcon.colcon_core.package_identification:_identify(/home/kouyayamaoka/ros2_ws) by extension 'ignore'
[8.584s] Level 1:colcon.colcon_core.package_identification:_identify(/home/kouyayamaoka/ros2_ws) by extension 'ignore_ament_install'
[8.584s] Level 1:colcon.colcon_core.package_identification:_identify(/home/kouyayamaoka/ros2_ws) by extensions ['colcon_pkg']
[8.584s] Level 1:colcon.colcon_core.package_identification:_identify(/home/kouyayamaoka/ros2_ws) by extension 'colcon_pkg'
[8.584s] Level 1:colcon.colcon_core.package_identification:_identify(/home/kouyayamaoka/ros2_ws) by extensions ['colcon_meta']
[8.585s] Level 1:colcon.colcon_core.package_identification:_identify(/home/kouyayamaoka/ros2_ws) by extension 'colcon_meta'
[8.585s] Level 1:colcon.colcon_core.package_identification:_identify(/home/kouyayamaoka/ros2_ws) by extensions ['ros']
[8.585s] Level 1:colcon.colcon_core.package_identification:_identify(/home/kouyayamaoka/ros2_ws) by extension 'ros'
[8.888s] Level 1:colcon.colcon_core.package_identification:_identify(/home/kouyayamaoka/ros2_ws) by extensions ['cmake', 'python']
[8.888s] Level 1:colcon.colcon_core.package_identification:_identify(/home/kouyayamaoka/ros2_ws) by extension 'cmake'
[8.888s] Level 1:colcon.colcon_core.package_identification:_identify(/home/kouyayamaoka/ros2_ws) by extension 'python'
[8.888s] Level 1:colcon.colcon_core.package_identification:_identify(/home/kouyayamaoka/ros2_ws) by extensions ['python_setup_py']
[8.889s] Level 1:colcon.colcon_core.package_identification:_identify(/home/kouyayamaoka/ros2_ws) by extension 'python_setup_py'
[8.901s] Level 1:colcon.colcon_core.package_identification:_identify(/home/kouyayamaoka/ros2_ws/log) by extensions ['ignore', 'ignore_ament_install']
[8.902s] Level 1:colcon.colcon_core.package_identification:_identify(/home/kouyayamaoka/ros2_ws/log) by extension 'ignore'
[8.902s] Level 1:colcon.colcon_core.package_identification:_identify(/home/kouyayamaoka/ros2_ws/log) ignored
[8.903s] Level 1:colcon.colcon_core.package_identification:_identify(/home/kouyayamaoka/ros2_ws/src) by extensions ['ignore', 'ignore_ament_install']
[8.903s] Level 1:colcon.colcon_core.package_identification:_identify(/home/kouyayamaoka/ros2_ws/src) by extension 'ignore'
[8.904s] Level 1:colcon.colcon_core.package_identification:_identify(/home/kouyayamaoka/ros2_ws/src) by extension 'ignore_ament_install'
[8.904s] Level 1:colcon.colcon_core.package_identification:_identify(/home/kouyayamaoka/ros2_ws/src) by extensions ['colcon_pkg']
[8.904s] Level 1:colcon.colcon_core.package_identification:_identify(/home/kouyayamaoka/ros2_ws/src) by extension 'colcon_pkg'
[8.904s] Level 1:colcon.colcon_core.package_identification:_identify(/home/kouyayamaoka/ros2_ws/src) by extensions ['colcon_meta']
[8.904s] Level 1:colcon.colcon_core.package_identification:_identify(/home/kouyayamaoka/ros2_ws/src) by extension 'colcon_meta'
[8.904s] Level 1:colcon.colcon_core.package_identification:_identify(/home/kouyayamaoka/ros2_ws/src) by extensions ['ros']
[8.904s] Level 1:colcon.colcon_core.package_identification:_identify(/home/kouyayamaoka/ros2_ws/src) by extension 'ros'
[8.905s] Level 1:colcon.colcon_core.package_identification:_identify(/home/kouyayamaoka/ros2_ws/src) by extensions ['cmake', 'python']
[8.905s] Level 1:colcon.colcon_core.package_identification:_identify(/home/kouyayamaoka/ros2_ws/src) by extension 'cmake'
[8.905s] Level 1:colcon.colcon_core.package_identification:_identify(/home/kouyayamaoka/ros2_ws/src) by extension 'python'
[8.905s] Level 1:colcon.colcon_core.package_identification:_identify(/home/kouyayamaoka/ros2_ws/src) by extensions ['python_setup_py']
[8.905s] Level 1:colcon.colcon_core.package_identification:_identify(/home/kouyayamaoka/ros2_ws/src) by extension 'python_setup_py'
[8.922s] Level 1:colcon.colcon_core.package_identification:_identify(/home/kouyayamaoka/ros2_ws/src/build) by extensions ['ignore', 'ignore_ament_install']
[8.922s] Level 1:colcon.colcon_core.package_identification:_identify(/home/kouyayamaoka/ros2_ws/src/build) by extension 'ignore'
[8.923s] Level 1:colcon.colcon_core.package_identification:_identify(/home/kouyayamaoka/ros2_ws/src/build) ignored
[8.923s] Level 1:colcon.colcon_core.package_identification:_identify(/home/kouyayamaoka/ros2_ws/src/install) by extensions ['ignore', 'ignore_ament_install']
[8.923s] Level 1:colcon.colcon_core.package_identification:_identify(/home/kouyayamaoka/ros2_ws/src/install) by extension 'ignore'
[8.924s] Level 1:colcon.colcon_core.package_identification:_identify(/home/kouyayamaoka/ros2_ws/src/install) ignored
[8.924s] Level 1:colcon.colcon_core.package_identification:_identify(/home/kouyayamaoka/ros2_ws/src/log) by extensions ['ignore', 'ignore_ament_install']
[8.925s] Level 1:colcon.colcon_core.package_identification:_identify(/home/kouyayamaoka/ros2_ws/src/log) by extension 'ignore'
[8.925s] Level 1:colcon.colcon_core.package_identification:_identify(/home/kouyayamaoka/ros2_ws/src/log) ignored
[8.925s] Level 1:colcon.colcon_core.package_identification:_identify(/home/kouyayamaoka/ros2_ws/src/ros2_first_test) by extensions ['ignore', 'ignore_ament_install']
[8.942s] Level 1:colcon.colcon_core.package_identification:_identify(/home/kouyayamaoka/ros2_ws/src/ros2_first_test) by extension 'ignore'
[8.942s] Level 1:colcon.colcon_core.package_identification:_identify(/home/kouyayamaoka/ros2_ws/src/ros2_first_test) by extension 'ignore_ament_install'
[8.942s] Level 1:colcon.colcon_core.package_identification:_identify(/home/kouyayamaoka/ros2_ws/src/ros2_first_test) by extensions ['colcon_pkg']
[8.942s] Level 1:colcon.colcon_core.package_identification:_identify(/home/kouyayamaoka/ros2_ws/src/ros2_first_test) by extension 'colcon_pkg'
[8.943s] Level 1:colcon.colcon_core.package_identification:_identify(/home/kouyayamaoka/ros2_ws/src/ros2_first_test) by extensions ['colcon_meta']
[8.943s] Level 1:colcon.colcon_core.package_identification:_identify(/home/kouyayamaoka/ros2_ws/src/ros2_first_test) by extension 'colcon_meta'
[8.943s] Level 1:colcon.colcon_core.package_identification:_identify(/home/kouyayamaoka/ros2_ws/src/ros2_first_test) by extensions ['ros']
[8.943s] Level 1:colcon.colcon_core.package_identification:_identify(/home/kouyayamaoka/ros2_ws/src/ros2_first_test) by extension 'ros'
[8.992s] DEBUG:colcon.colcon_core.package_identification:Package '/home/kouyayamaoka/ros2_ws/src/ros2_first_test' with type 'ros.ament_cmake' and name 'ros2_first_test'
[8.992s] Level 1:colcon.colcon_core.package_discovery:discover_packages(recursive) using defaults
