[1.862s] DEBUG:colcon:Command line arguments: ['/usr/bin/colcon', 'build', '--packages-select', 'Bunai']
[1.862s] DEBUG:colcon:Parsed command line arguments: Namespace(allow_overriding=[], ament_cmake_args=None, base_paths=['.'], build_base='build', catkin_cmake_args=None, catkin_skip_building_tests=False, cmake_args=None, cmake_clean_cache=False, cmake_clean_first=False, cmake_force_configure=False, cmake_target=None, cmake_target_skip_unavailable=False, continue_on_error=False, event_handlers=None, executor='parallel', ignore_user_meta=False, install_base='install', log_base=None, log_level=None, main=<bound method BuildVerb.main of <colcon_core.verb.build.BuildVerb object at 0x7f1862415a00>>, merge_install=False, metas=['./colcon.meta'], packages_above=None, packages_above_and_dependencies=None, packages_above_depth=None, packages_end=None, packages_ignore=None, packages_ignore_regex=None, packages_select=['Bunai'], packages_select_build_failed=False, packages_select_by_dep=None, packages_select_regex=None, packages_select_test_failures=False, packages_skip=None, packages_skip_build_finished=False, packages_skip_by_dep=None, packages_skip_regex=None, packages_skip_test_passed=False, packages_skip_up_to=None, packages_start=None, packages_up_to=None, packages_up_to_regex=None, parallel_workers=2, paths=None, symlink_install=False, test_result_base=None, verb_extension=<colcon_core.verb.build.BuildVerb object at 0x7f1862415a00>, verb_name='build', verb_parser=<colcon_defaults.argument_parser.defaults.DefaultArgumentsDecorator object at 0x7f1862415f70>)
[2.065s] Level 1:colcon.colcon_core.package_discovery:discover_packages(colcon_meta) check parameters
[2.076s] Level 1:colcon.colcon_core.package_discovery:discover_packages(recursive) check parameters
[2.077s] Level 1:colcon.colcon_core.package_discovery:discover_packages(ignore) check parameters
[2.077s] Level 1:colcon.colcon_core.package_discovery:discover_packages(path) check parameters
[2.077s] Level 1:colcon.colcon_core.package_discovery:discover_packages(colcon_meta) discover
[2.077s] Level 1:colcon.colcon_core.package_discovery:discover_packages(recursive) discover
[2.077s] INFO:colcon.colcon_core.package_discovery:Crawling recursively for packages in '/home/kouyayamaoka/ros2_ws/src'
[2.078s] Level 1:colcon.colcon_core.package_identification:_identify(.) by extensions ['ignore', 'ignore_ament_install']
[2.078s] Level 1:colcon.colcon_core.package_identification:_identify(.) by extension 'ignore'
[2.079s] Level 1:colcon.colcon_core.package_identification:_identify(.) by extension 'ignore_ament_install'
[2.079s] Level 1:colcon.colcon_core.package_identification:_identify(.) by extensions ['colcon_pkg']
[2.079s] Level 1:colcon.colcon_core.package_identification:_identify(.) by extension 'colcon_pkg'
[2.079s] Level 1:colcon.colcon_core.package_identification:_identify(.) by extensions ['colcon_meta']
[2.079s] Level 1:colcon.colcon_core.package_identification:_identify(.) by extension 'colcon_meta'
[2.080s] Level 1:colcon.colcon_core.package_identification:_identify(.) by extensions ['ros']
[2.080s] Level 1:colcon.colcon_core.package_identification:_identify(.) by extension 'ros'
[2.217s] Level 1:colcon.colcon_core.package_identification:_identify(.) by extensions ['cmake', 'python']
[2.218s] Level 1:colcon.colcon_core.package_identification:_identify(.) by extension 'cmake'
[2.218s] Level 1:colcon.colcon_core.package_identification:_identify(.) by extension 'python'
[2.218s] Level 1:colcon.colcon_core.package_identification:_identify(.) by extensions ['python_setup_py']
[2.218s] Level 1:colcon.colcon_core.package_identification:_identify(.) by extension 'python_setup_py'
[2.219s] Level 1:colcon.colcon_core.package_identification:_identify(Bunai) by extensions ['ignore', 'ignore_ament_install']
[2.220s] Level 1:colcon.colcon_core.package_identification:_identify(Bunai) by extension 'ignore'
[2.221s] Level 1:colcon.colcon_core.package_identification:_identify(Bunai) by extension 'ignore_ament_install'
[2.221s] Level 1:colcon.colcon_core.package_identification:_identify(Bunai) by extensions ['colcon_pkg']
[2.221s] Level 1:colcon.colcon_core.package_identification:_identify(Bunai) by extension 'colcon_pkg'
[2.222s] Level 1:colcon.colcon_core.package_identification:_identify(Bunai) by extensions ['colcon_meta']
[2.222s] Level 1:colcon.colcon_core.package_identification:_identify(Bunai) by extension 'colcon_meta'
[2.222s] Level 1:colcon.colcon_core.package_identification:_identify(Bunai) by extensions ['ros']
[2.222s] Level 1:colcon.colcon_core.package_identification:_identify(Bunai) by extension 'ros'
[2.241s] DEBUG:colcon.colcon_core.package_identification:Package 'Bunai' with type 'ros.ament_cmake' and name 'Bunai'
[2.242s] Level 1:colcon.colcon_core.package_identification:_identify(Controller) by extensions ['ignore', 'ignore_ament_install']
[2.242s] Level 1:colcon.colcon_core.package_identification:_identify(Controller) by extension 'ignore'
[2.243s] Level 1:colcon.colcon_core.package_identification:_identify(Controller) by extension 'ignore_ament_install'
[2.243s] Level 1:colcon.colcon_core.package_identification:_identify(Controller) by extensions ['colcon_pkg']
[2.243s] Level 1:colcon.colcon_core.package_identification:_identify(Controller) by extension 'colcon_pkg'
[2.243s] Level 1:colcon.colcon_core.package_identification:_identify(Controller) by extensions ['colcon_meta']
[2.243s] Level 1:colcon.colcon_core.package_identification:_identify(Controller) by extension 'colcon_meta'
[2.244s] Level 1:colcon.colcon_core.package_identification:_identify(Controller) by extensions ['ros']
[2.244s] Level 1:colcon.colcon_core.package_identification:_identify(Controller) by extension 'ros'
[2.248s] DEBUG:colcon.colcon_core.package_identification:Package 'Controller' with type 'ros.ament_cmake' and name 'Controller'
[2.248s] Level 1:colcon.colcon_core.package_identification:_identify(build) by extensions ['ignore', 'ignore_ament_install']
[2.249s] Level 1:colcon.colcon_core.package_identification:_identify(build) by extension 'ignore'
[2.249s] Level 1:colcon.colcon_core.package_identification:_identify(build) ignored
[2.258s] Level 1:colcon.colcon_core.package_identification:_identify(install) by extensions ['ignore', 'ignore_ament_install']
[2.259s] Level 1:colcon.colcon_core.package_identification:_identify(install) by extension 'ignore'
[2.261s] Level 1:colcon.colcon_core.package_identification:_identify(install) ignored
[2.263s] Level 1:colcon.colcon_core.package_identification:_identify(log) by extensions ['ignore', 'ignore_ament_install']
[2.263s] Level 1:colcon.colcon_core.package_identification:_identify(log) by extension 'ignore'
[2.263s] Level 1:colcon.colcon_core.package_identification:_identify(log) ignored
[2.264s] Level 1:colcon.colcon_core.package_identification:_identify(map) by extensions ['ignore', 'ignore_ament_install']
[2.264s] Level 1:colcon.colcon_core.package_identification:_identify(map) by extension 'ignore'
[2.264s] Level 1:colcon.colcon_core.package_identification:_identify(map) by extension 'ignore_ament_install'
[2.265s] Level 1:colcon.colcon_core.package_identification:_identify(map) by extensions ['colcon_pkg']
[2.265s] Level 1:colcon.colcon_core.package_identification:_identify(map) by extension 'colcon_pkg'
[2.265s] Level 1:colcon.colcon_core.package_identification:_identify(map) by extensions ['colcon_meta']
[2.265s] Level 1:colcon.colcon_core.package_identification:_identify(map) by extension 'colcon_meta'
[2.265s] Level 1:colcon.colcon_core.package_identification:_identify(map) by extensions ['ros']
[2.265s] Level 1:colcon.colcon_core.package_identification:_identify(map) by extension 'ros'
[2.265s] Level 1:colcon.colcon_core.package_identification:_identify(map) by extensions ['cmake', 'python']
[2.266s] Level 1:colcon.colcon_core.package_identification:_identify(map) by extension 'cmake'
[2.266s] Level 1:colcon.colcon_core.package_identification:_identify(map) by extension 'python'
[2.266s] Level 1:colcon.colcon_core.package_identification:_identify(map) by extensions ['python_setup_py']
[2.266s] Level 1:colcon.colcon_core.package_identification:_identify(map) by extension 'python_setup_py'
[2.267s] Level 1:colcon.colcon_core.package_identification:_identify(ros2_first_test) by extensions ['ignore', 'ignore_ament_install']
[2.267s] Level 1:colcon.colcon_core.package_identification:_identify(ros2_first_test) by extension 'ignore'
[2.267s] Level 1:colcon.colcon_core.package_identification:_identify(ros2_first_test) by extension 'ignore_ament_install'
[2.268s] Level 1:colcon.colcon_core.package_identification:_identify(ros2_first_test) by extensions ['colcon_pkg']
[2.268s] Level 1:colcon.colcon_core.package_identification:_identify(ros2_first_test) by extension 'colcon_pkg'
[2.268s] Level 1:colcon.colcon_core.package_identification:_identify(ros2_first_test) by extensions ['colcon_meta']
[2.268s] Level 1:colcon.colcon_core.package_identification:_identify(ros2_first_test) by extension 'colcon_meta'
[2.268s] Level 1:colcon.colcon_core.package_identification:_identify(ros2_first_test) by extensions ['ros']
[2.268s] Level 1:colcon.colcon_core.package_identification:_identify(ros2_first_test) by extension 'ros'
[2.278s] DEBUG:colcon.colcon_core.package_identification:Package 'ros2_first_test' with type 'ros.ament_cmake' and name 'ros2_first_test'
[2.278s] Level 1:colcon.colcon_core.package_discovery:discover_packages(recursive) using defaults
[2.278s] Level 1:colcon.colcon_core.package_discovery:discover_packages(ignore) discover
[2.278s] Level 1:colcon.colcon_core.package_discovery:discover_packages(ignore) using defaults
[2.278s] Level 1:colcon.colcon_core.package_discovery:discover_packages(path) discover
[2.278s] Level 1:colcon.colcon_core.package_discovery:discover_packages(path) using defaults
[2.421s] INFO:colcon.colcon_core.package_selection:Skipping not selected package 'Controller' in 'Controller'
[2.421s] INFO:colcon.colcon_core.package_selection:Skipping not selected package 'ros2_first_test' in 'ros2_first_test'
[2.425s] Level 1:colcon.colcon_core.package_discovery:discover_packages(prefix_path) check parameters
[2.425s] Level 1:colcon.colcon_core.package_discovery:discover_packages(prefix_path) discover
[2.440s] DEBUG:colcon.colcon_installed_package_information.package_discovery:Found 3 installed packages in /home/kouyayamaoka/ros2_ws/src/install
[2.447s] DEBUG:colcon.colcon_installed_package_information.package_discovery:Found 338 installed packages in /opt/ros/foxy
[2.458s] Level 1:colcon.colcon_core.package_discovery:discover_packages(prefix_path) using defaults
[3.095s] Level 5:colcon.colcon_core.verb:set package 'Bunai' build argument 'cmake_args' from command line to 'None'
[3.096s] Level 5:colcon.colcon_core.verb:set package 'Bunai' build argument 'cmake_target' from command line to 'None'
[3.096s] Level 5:colcon.colcon_core.verb:set package 'Bunai' build argument 'cmake_target_skip_unavailable' from command line to 'False'
[3.096s] Level 5:colcon.colcon_core.verb:set package 'Bunai' build argument 'cmake_clean_cache' from command line to 'False'
[3.096s] Level 5:colcon.colcon_core.verb:set package 'Bunai' build argument 'cmake_clean_first' from command line to 'False'
[3.096s] Level 5:colcon.colcon_core.verb:set package 'Bunai' build argument 'cmake_force_configure' from command line to 'False'
[3.096s] Level 5:colcon.colcon_core.verb:set package 'Bunai' build argument 'ament_cmake_args' from command line to 'None'
[3.096s] Level 5:colcon.colcon_core.verb:set package 'Bunai' build argument 'catkin_cmake_args' from command line to 'None'
[3.096s] Level 5:colcon.colcon_core.verb:set package 'Bunai' build argument 'catkin_skip_building_tests' from command line to 'False'
[3.097s] DEBUG:colcon.colcon_core.verb:Building package 'Bunai' with the following arguments: {'ament_cmake_args': None, 'build_base': '/home/kouyayamaoka/ros2_ws/src/build/Bunai', 'catkin_cmake_args': None, 'catkin_skip_building_tests': False, 'cmake_args': None, 'cmake_clean_cache': False, 'cmake_clean_first': False, 'cmake_force_configure': False, 'cmake_target': None, 'cmake_target_skip_unavailable': False, 'install_base': '/home/kouyayamaoka/ros2_ws/src/install/Bunai', 'merge_install': False, 'path': '/home/kouyayamaoka/ros2_ws/src/Bunai', 'symlink_install': False, 'test_result_base': None}
[3.102s] INFO:colcon.colcon_core.executor:Executing jobs using 'parallel' executor
[3.120s] DEBUG:colcon.colcon_parallel_executor.executor.parallel:run_until_complete
[3.124s] INFO:colcon.colcon_ros.task.ament_cmake.build:Building ROS package in '/home/kouyayamaoka/ros2_ws/src/Bunai' with build type 'ament_cmake'
[3.124s] INFO:colcon.colcon_cmake.task.cmake.build:Building CMake package in '/home/kouyayamaoka/ros2_ws/src/Bunai'
[3.181s] INFO:colcon.colcon_core.plugin_system:Skipping extension 'colcon_core.shell.bat': Not used on non-Windows systems
[3.182s] INFO:colcon.colcon_core.shell:Skip shell extension 'powershell' for command environment: Not usable outside of PowerShell
[3.182s] DEBUG:colcon.colcon_core.shell:Skip shell extension 'dsv' for command environment
[3.277s] DEBUG:colcon.colcon_core.event_handler.log_command:Invoking command in '/home/kouyayamaoka/ros2_ws/src/build/Bunai': CMAKE_PREFIX_PATH=${CMAKE_PREFIX_PATH}:/opt/ros/foxy /usr/bin/cmake --build /home/kouyayamaoka/ros2_ws/src/build/Bunai -- -j2 -l2
[3.727s] DEBUG:colcon.colcon_core.event_handler.log_command:Invoked command in '/home/kouyayamaoka/ros2_ws/src/build/Bunai' returned '0': CMAKE_PREFIX_PATH=${CMAKE_PREFIX_PATH}:/opt/ros/foxy /usr/bin/cmake --build /home/kouyayamaoka/ros2_ws/src/build/Bunai -- -j2 -l2
[3.915s] DEBUG:colcon.colcon_core.event_handler.log_command:Invoking command in '/home/kouyayamaoka/ros2_ws/src/build/Bunai': CMAKE_PREFIX_PATH=${CMAKE_PREFIX_PATH}:/opt/ros/foxy /usr/bin/cmake --install /home/kouyayamaoka/ros2_ws/src/build/Bunai
[4.026s] Level 1:colcon.colcon_core.environment:create_environment_scripts_only(Bunai)
[4.033s] DEBUG:colcon.colcon_core.event_handler.log_command:Invoked command in '/home/kouyayamaoka/ros2_ws/src/build/Bunai' returned '0': CMAKE_PREFIX_PATH=${CMAKE_PREFIX_PATH}:/opt/ros/foxy /usr/bin/cmake --install /home/kouyayamaoka/ros2_ws/src/build/Bunai
[4.088s] Level 1:colcon.colcon_core.environment:checking '/home/kouyayamaoka/ros2_ws/src/install/Bunai' for CMake module files
[4.093s] Level 1:colcon.colcon_core.environment:checking '/home/kouyayamaoka/ros2_ws/src/install/Bunai' for CMake config files
[4.097s] Level 1:colcon.colcon_core.shell:create_environment_hook('Bunai', 'cmake_prefix_path')
[4.102s] INFO:colcon.colcon_core.shell:Creating environment hook '/home/kouyayamaoka/ros2_ws/src/install/Bunai/share/Bunai/hook/cmake_prefix_path.ps1'
[4.107s] INFO:colcon.colcon_core.shell:Creating environment descriptor '/home/kouyayamaoka/ros2_ws/src/install/Bunai/share/Bunai/hook/cmake_prefix_path.dsv'
[4.109s] INFO:colcon.colcon_core.shell:Creating environment hook '/home/kouyayamaoka/ros2_ws/src/install/Bunai/share/Bunai/hook/cmake_prefix_path.sh'
[4.120s] Level 1:colcon.colcon_core.environment:checking '/home/kouyayamaoka/ros2_ws/src/install/Bunai/bin'
[4.120s] Level 1:colcon.colcon_core.environment:checking '/home/kouyayamaoka/ros2_ws/src/install/Bunai/lib/pkgconfig/Bunai.pc'
[4.121s] Level 1:colcon.colcon_core.environment:checking '/home/kouyayamaoka/ros2_ws/src/install/Bunai/lib/python3.8/site-packages'
[4.124s] Level 1:colcon.colcon_core.environment:checking '/home/kouyayamaoka/ros2_ws/src/install/Bunai/bin'
[4.136s] INFO:colcon.colcon_core.shell:Creating package script '/home/kouyayamaoka/ros2_ws/src/install/Bunai/share/Bunai/package.ps1'
[4.153s] INFO:colcon.colcon_core.shell:Creating package descriptor '/home/kouyayamaoka/ros2_ws/src/install/Bunai/share/Bunai/package.dsv'
[4.158s] INFO:colcon.colcon_core.shell:Creating package script '/home/kouyayamaoka/ros2_ws/src/install/Bunai/share/Bunai/package.sh'
[4.166s] INFO:colcon.colcon_core.shell:Creating package script '/home/kouyayamaoka/ros2_ws/src/install/Bunai/share/Bunai/package.bash'
[4.172s] INFO:colcon.colcon_core.shell:Creating package script '/home/kouyayamaoka/ros2_ws/src/install/Bunai/share/Bunai/package.zsh'
[4.177s] Level 1:colcon.colcon_core.environment:create_file_with_runtime_dependencies(/home/kouyayamaoka/ros2_ws/src/install/Bunai/share/colcon-core/packages/Bunai)
[4.306s] Level 1:colcon.colcon_core.environment:create_environment_scripts_only(Bunai)
[4.316s] Level 1:colcon.colcon_core.environment:checking '/home/kouyayamaoka/ros2_ws/src/install/Bunai' for CMake module files
[4.319s] Level 1:colcon.colcon_core.environment:checking '/home/kouyayamaoka/ros2_ws/src/install/Bunai' for CMake config files
[4.320s] Level 1:colcon.colcon_core.shell:create_environment_hook('Bunai', 'cmake_prefix_path')
[4.330s] INFO:colcon.colcon_core.shell:Creating environment hook '/home/kouyayamaoka/ros2_ws/src/install/Bunai/share/Bunai/hook/cmake_prefix_path.ps1'
[4.331s] INFO:colcon.colcon_core.shell:Creating environment descriptor '/home/kouyayamaoka/ros2_ws/src/install/Bunai/share/Bunai/hook/cmake_prefix_path.dsv'
[4.332s] INFO:colcon.colcon_core.shell:Creating environment hook '/home/kouyayamaoka/ros2_ws/src/install/Bunai/share/Bunai/hook/cmake_prefix_path.sh'
[4.336s] Level 1:colcon.colcon_core.environment:checking '/home/kouyayamaoka/ros2_ws/src/install/Bunai/bin'
[4.337s] Level 1:colcon.colcon_core.environment:checking '/home/kouyayamaoka/ros2_ws/src/install/Bunai/lib/pkgconfig/Bunai.pc'
[4.338s] Level 1:colcon.colcon_core.environment:checking '/home/kouyayamaoka/ros2_ws/src/install/Bunai/lib/python3.8/site-packages'
[4.338s] Level 1:colcon.colcon_core.environment:checking '/home/kouyayamaoka/ros2_ws/src/install/Bunai/bin'
[4.344s] INFO:colcon.colcon_core.shell:Creating package script '/home/kouyayamaoka/ros2_ws/src/install/Bunai/share/Bunai/package.ps1'
[4.351s] INFO:colcon.colcon_core.shell:Creating package descriptor '/home/kouyayamaoka/ros2_ws/src/install/Bunai/share/Bunai/package.dsv'
[4.353s] INFO:colcon.colcon_core.shell:Creating package script '/home/kouyayamaoka/ros2_ws/src/install/Bunai/share/Bunai/package.sh'
[4.355s] INFO:colcon.colcon_core.shell:Creating package script '/home/kouyayamaoka/ros2_ws/src/install/Bunai/share/Bunai/package.bash'
[4.360s] INFO:colcon.colcon_core.shell:Creating package script '/home/kouyayamaoka/ros2_ws/src/install/Bunai/share/Bunai/package.zsh'
[4.362s] Level 1:colcon.colcon_core.environment:create_file_with_runtime_dependencies(/home/kouyayamaoka/ros2_ws/src/install/Bunai/share/colcon-core/packages/Bunai)
[4.366s] DEBUG:colcon.colcon_parallel_executor.executor.parallel:closing loop
[4.367s] DEBUG:colcon.colcon_parallel_executor.executor.parallel:loop closed
[4.368s] DEBUG:colcon.colcon_parallel_executor.executor.parallel:run_until_complete finished with '0'
[4.368s] DEBUG:colcon.colcon_core.event_reactor:joining thread
[4.420s] INFO:colcon.colcon_core.plugin_system:Skipping extension 'colcon_notification.desktop_notification.terminal_notifier': Not used on non-Darwin systems
[4.420s] INFO:colcon.colcon_core.plugin_system:Skipping extension 'colcon_notification.desktop_notification.win32': Not used on non-Windows systems
[4.420s] INFO:colcon.colcon_notification.desktop_notification:Sending desktop notification using 'notify2'
[4.529s] DEBUG:colcon.colcon_core.event_reactor:joined thread
[4.535s] INFO:colcon.colcon_core.shell:Creating prefix script '/home/kouyayamaoka/ros2_ws/src/install/local_setup.ps1'
[4.540s] INFO:colcon.colcon_core.shell:Creating prefix util module '/home/kouyayamaoka/ros2_ws/src/install/_local_setup_util_ps1.py'
[4.548s] INFO:colcon.colcon_core.shell:Creating prefix chain script '/home/kouyayamaoka/ros2_ws/src/install/setup.ps1'
[4.558s] INFO:colcon.colcon_core.shell:Creating prefix script '/home/kouyayamaoka/ros2_ws/src/install/local_setup.sh'
[4.561s] INFO:colcon.colcon_core.shell:Creating prefix util module '/home/kouyayamaoka/ros2_ws/src/install/_local_setup_util_sh.py'
[4.563s] INFO:colcon.colcon_core.shell:Creating prefix chain script '/home/kouyayamaoka/ros2_ws/src/install/setup.sh'
[4.579s] INFO:colcon.colcon_core.shell:Creating prefix script '/home/kouyayamaoka/ros2_ws/src/install/local_setup.bash'
[4.587s] INFO:colcon.colcon_core.shell:Creating prefix chain script '/home/kouyayamaoka/ros2_ws/src/install/setup.bash'
[4.597s] INFO:colcon.colcon_core.shell:Creating prefix script '/home/kouyayamaoka/ros2_ws/src/install/local_setup.zsh'
[4.600s] INFO:colcon.colcon_core.shell:Creating prefix chain script '/home/kouyayamaoka/ros2_ws/src/install/setup.zsh'
