[0.136s] Invoking command in '/home/kouyayamaoka/ros2_ws/src/build/Bunai': CMAKE_PREFIX_PATH=${CMAKE_PREFIX_PATH}:/opt/ros/foxy /usr/bin/cmake --build /home/kouyayamaoka/ros2_ws/src/build/Bunai -- -j2 -l2
[0.587s] [100%] Built target estimate
[0.656s] Invoked command in '/home/kouyayamaoka/ros2_ws/src/build/Bunai' returned '0': CMAKE_PREFIX_PATH=${CMAKE_PREFIX_PATH}:/opt/ros/foxy /usr/bin/cmake --build /home/kouyayamaoka/ros2_ws/src/build/Bunai -- -j2 -l2
[0.954s] Invoking command in '/home/kouyayamaoka/ros2_ws/src/build/Bunai': CMAKE_PREFIX_PATH=${CMAKE_PREFIX_PATH}:/opt/ros/foxy /usr/bin/cmake --install /home/kouyayamaoka/ros2_ws/src/build/Bunai
[0.992s] -- Install configuration: ""
[0.995s] -- Up-to-date: /home/kouyayamaoka/ros2_ws/src/install/Bunai/share/Bunai/rviz
[0.997s] -- Up-to-date: /home/kouyayamaoka/ros2_ws/src/install/Bunai/share/Bunai/rviz/navigation.rviz
[0.997s] -- Up-to-date: /home/kouyayamaoka/ros2_ws/src/install/Bunai/share/Bunai/rviz/bunai.rviz
[0.998s] -- Up-to-date: /home/kouyayamaoka/ros2_ws/src/install/Bunai/share/Bunai/launch
[1.000s] -- Up-to-date: /home/kouyayamaoka/ros2_ws/src/install/Bunai/share/Bunai/launch/localization.launch.py
[1.002s] -- Up-to-date: /home/kouyayamaoka/ros2_ws/src/install/Bunai/share/Bunai/launch/rviz.launch.py
[1.003s] -- Up-to-date: /home/kouyayamaoka/ros2_ws/src/install/Bunai/share/Bunai/launch/cartographer.launch.py
[1.003s] -- Installing: /home/kouyayamaoka/ros2_ws/src/install/Bunai/share/Bunai/launch/navigation.launch.py
[1.005s] -- Up-to-date: /home/kouyayamaoka/ros2_ws/src/install/Bunai/share/Bunai/launch/Bunai.launch.py
[1.005s] -- Up-to-date: /home/kouyayamaoka/ros2_ws/src/install/Bunai/share/Bunai/urdf
[1.007s] -- Up-to-date: /home/kouyayamaoka/ros2_ws/src/install/Bunai/share/Bunai/urdf/bunai.urdf
[1.008s] -- Up-to-date: /home/kouyayamaoka/ros2_ws/src/install/Bunai/share/Bunai/config
[1.011s] -- Up-to-date: /home/kouyayamaoka/ros2_ws/src/install/Bunai/share/Bunai/config/ydlidar_cartographer.rviz
[1.012s] -- Up-to-date: /home/kouyayamaoka/ros2_ws/src/install/Bunai/share/Bunai/config/cartgrapher.lua
[1.013s] -- Up-to-date: /home/kouyayamaoka/ros2_ws/src/install/Bunai/share/Bunai/worlds
[1.014s] -- Up-to-date: /home/kouyayamaoka/ros2_ws/src/install/Bunai/share/Bunai/worlds/bunai.world
[1.015s] -- Up-to-date: /home/kouyayamaoka/ros2_ws/src/install/Bunai/share/Bunai/map
[1.017s] -- Up-to-date: /home/kouyayamaoka/ros2_ws/src/install/Bunai/share/Bunai/map/map.yaml
[1.063s] -- Up-to-date: /home/kouyayamaoka/ros2_ws/src/install/Bunai/share/Bunai/map/map.pbstream
[1.063s] -- Up-to-date: /home/kouyayamaoka/ros2_ws/src/install/Bunai/share/Bunai/nav2
[1.064s] -- Up-to-date: /home/kouyayamaoka/ros2_ws/src/install/Bunai/share/Bunai/nav2/navigation.yaml
[1.064s] -- Up-to-date: /home/kouyayamaoka/ros2_ws/src/install/Bunai/share/Bunai/test
[1.064s] -- Up-to-date: /home/kouyayamaoka/ros2_ws/src/install/Bunai/share/ament_index/resource_index/package_run_dependencies/Bunai
[1.065s] -- Up-to-date: /home/kouyayamaoka/ros2_ws/src/install/Bunai/share/ament_index/resource_index/parent_prefix_path/Bunai
[1.065s] -- Up-to-date: /home/kouyayamaoka/ros2_ws/src/install/Bunai/share/Bunai/environment/ament_prefix_path.sh
[1.065s] -- Up-to-date: /home/kouyayamaoka/ros2_ws/src/install/Bunai/share/Bunai/environment/ament_prefix_path.dsv
[1.066s] -- Up-to-date: /home/kouyayamaoka/ros2_ws/src/install/Bunai/share/Bunai/environment/path.sh
[1.066s] -- Up-to-date: /home/kouyayamaoka/ros2_ws/src/install/Bunai/share/Bunai/environment/path.dsv
[1.066s] -- Up-to-date: /home/kouyayamaoka/ros2_ws/src/install/Bunai/share/Bunai/local_setup.bash
[1.091s] -- Up-to-date: /home/kouyayamaoka/ros2_ws/src/install/Bunai/share/Bunai/local_setup.sh
[1.091s] -- Up-to-date: /home/kouyayamaoka/ros2_ws/src/install/Bunai/share/Bunai/local_setup.zsh
[1.091s] -- Up-to-date: /home/kouyayamaoka/ros2_ws/src/install/Bunai/share/Bunai/local_setup.dsv
[1.092s] -- Installing: /home/kouyayamaoka/ros2_ws/src/install/Bunai/share/Bunai/package.dsv
[1.092s] -- Up-to-date: /home/kouyayamaoka/ros2_ws/src/install/Bunai/share/ament_index/resource_index/packages/Bunai
[1.092s] -- Up-to-date: /home/kouyayamaoka/ros2_ws/src/install/Bunai/share/Bunai/cmake/BunaiConfig.cmake
[1.092s] -- Up-to-date: /home/kouyayamaoka/ros2_ws/src/install/Bunai/share/Bunai/cmake/BunaiConfig-version.cmake
[1.093s] -- Up-to-date: /home/kouyayamaoka/ros2_ws/src/install/Bunai/share/Bunai/package.xml
[1.093s] Invoked command in '/home/kouyayamaoka/ros2_ws/src/build/Bunai' returned '0': CMAKE_PREFIX_PATH=${CMAKE_PREFIX_PATH}:/opt/ros/foxy /usr/bin/cmake --install /home/kouyayamaoka/ros2_ws/src/build/Bunai
