[0.042s] Invoking command in '/home/kouyayamaoka/ros2_ws/build/Bunai': CMAKE_PREFIX_PATH=/opt/ros/foxy /usr/bin/cmake --build /home/kouyayamaoka/ros2_ws/build/Bunai -- -j2 -l2
[0.154s] [100%] Built target estimate
[0.179s] Invoked command in '/home/kouyayamaoka/ros2_ws/build/Bunai' returned '0': CMAKE_PREFIX_PATH=/opt/ros/foxy /usr/bin/cmake --build /home/kouyayamaoka/ros2_ws/build/Bunai -- -j2 -l2
[0.268s] Invoking command in '/home/kouyayamaoka/ros2_ws/build/Bunai': CMAKE_PREFIX_PATH=/opt/ros/foxy /usr/bin/cmake --install /home/kouyayamaoka/ros2_ws/build/Bunai
[0.294s] -- Install configuration: ""
[0.295s] -- Up-to-date: /home/kouyayamaoka/ros2_ws/install/Bunai/share/Bunai/rviz
[0.295s] -- Up-to-date: /home/kouyayamaoka/ros2_ws/install/Bunai/share/Bunai/rviz/bunai.rviz
[0.296s] -- Up-to-date: /home/kouyayamaoka/ros2_ws/install/Bunai/share/Bunai/launch
[0.296s] -- Up-to-date: /home/kouyayamaoka/ros2_ws/install/Bunai/share/Bunai/launch/localization.launch.py
[0.297s] -- Up-to-date: /home/kouyayamaoka/ros2_ws/install/Bunai/share/Bunai/launch/rviz.launch.py
[0.297s] -- Up-to-date: /home/kouyayamaoka/ros2_ws/install/Bunai/share/Bunai/launch/Bunai.launch.py
[0.297s] -- Up-to-date: /home/kouyayamaoka/ros2_ws/install/Bunai/share/Bunai/urdf
[0.298s] -- Up-to-date: /home/kouyayamaoka/ros2_ws/install/Bunai/share/Bunai/urdf/bunai.urdf
[0.298s] -- Up-to-date: /home/kouyayamaoka/ros2_ws/install/Bunai/share/Bunai/worlds
[0.299s] -- Up-to-date: /home/kouyayamaoka/ros2_ws/install/Bunai/share/Bunai/worlds/bunai.world
[0.300s] -- Up-to-date: /home/kouyayamaoka/ros2_ws/install/Bunai/share/ament_index/resource_index/package_run_dependencies/Bunai
[0.300s] -- Up-to-date: /home/kouyayamaoka/ros2_ws/install/Bunai/share/ament_index/resource_index/parent_prefix_path/Bunai
[0.301s] -- Up-to-date: /home/kouyayamaoka/ros2_ws/install/Bunai/share/Bunai/environment/ament_prefix_path.sh
[0.301s] -- Up-to-date: /home/kouyayamaoka/ros2_ws/install/Bunai/share/Bunai/environment/ament_prefix_path.dsv
[0.302s] -- Up-to-date: /home/kouyayamaoka/ros2_ws/install/Bunai/share/Bunai/environment/path.sh
[0.302s] -- Up-to-date: /home/kouyayamaoka/ros2_ws/install/Bunai/share/Bunai/environment/path.dsv
[0.303s] -- Up-to-date: /home/kouyayamaoka/ros2_ws/install/Bunai/share/Bunai/local_setup.bash
[0.304s] -- Up-to-date: /home/kouyayamaoka/ros2_ws/install/Bunai/share/Bunai/local_setup.sh
[0.304s] -- Up-to-date: /home/kouyayamaoka/ros2_ws/install/Bunai/share/Bunai/local_setup.zsh
[0.308s] -- Up-to-date: /home/kouyayamaoka/ros2_ws/install/Bunai/share/Bunai/local_setup.dsv
[0.308s] -- Installing: /home/kouyayamaoka/ros2_ws/install/Bunai/share/Bunai/package.dsv
[0.310s] -- Up-to-date: /home/kouyayamaoka/ros2_ws/install/Bunai/share/ament_index/resource_index/packages/Bunai
[0.310s] -- Up-to-date: /home/kouyayamaoka/ros2_ws/install/Bunai/share/Bunai/cmake/BunaiConfig.cmake
[0.311s] -- Up-to-date: /home/kouyayamaoka/ros2_ws/install/Bunai/share/Bunai/cmake/BunaiConfig-version.cmake
[0.312s] -- Up-to-date: /home/kouyayamaoka/ros2_ws/install/Bunai/share/Bunai/package.xml
[0.325s] Invoked command in '/home/kouyayamaoka/ros2_ws/build/Bunai' returned '0': CMAKE_PREFIX_PATH=/opt/ros/foxy /usr/bin/cmake --install /home/kouyayamaoka/ros2_ws/build/Bunai
