[0.092s] Invoking command in '/home/kouyayamaoka/ros2_ws/src/build/Controller': CMAKE_PREFIX_PATH=${CMAKE_PREFIX_PATH}:/opt/ros/foxy /usr/bin/cmake --build /home/kouyayamaoka/ros2_ws/src/build/Controller -- -j2 -l2
[0.248s] -- Found ament_cmake: 0.9.11 (/opt/ros/foxy/share/ament_cmake/cmake)
[0.353s] -- Using PYTHON_EXECUTABLE: /usr/bin/python3
[1.214s] -- Found rclcpp: 2.4.2 (/opt/ros/foxy/share/rclcpp/cmake)
[1.378s] -- Using all available rosidl_typesupport_c: rosidl_typesupport_fastrtps_c;rosidl_typesupport_introspection_c
[1.394s] -- Found rosidl_adapter: 1.3.0 (/opt/ros/foxy/share/rosidl_adapter/cmake)
[1.902s] -- Using all available rosidl_typesupport_cpp: rosidl_typesupport_fastrtps_cpp;rosidl_typesupport_introspection_cpp
[2.154s] -- Found rmw_implementation_cmake: 1.0.4 (/opt/ros/foxy/share/rmw_implementation_cmake/cmake)
[2.162s] -- Using RMW implementation 'rmw_fastrtps_cpp' as default
[2.937s] CMake Error at CMakeLists.txt:21 (find_package):
[2.937s]   By not providing "Findsensor_megs.cmake" in CMAKE_MODULE_PATH this project
[2.938s]   has asked CMake to find a package configuration file provided by
[2.941s]   "sensor_megs", but CMake did not find one.
[2.942s] 
[2.942s]   Could not find a package configuration file provided by "sensor_megs" with
[2.942s]   any of the following names:
[2.943s] 
[2.943s]     sensor_megsConfig.cmake
[2.943s]     sensor_megs-config.cmake
[2.944s] 
[2.944s]   Add the installation prefix of "sensor_megs" to CMAKE_PREFIX_PATH or set
[2.944s]   "sensor_megs_DIR" to a directory containing one of the above files.  If
[2.944s]   "sensor_megs" provides a separate development package or SDK, be sure it
[2.944s]   has been installed.
[2.945s] 
[2.945s] 
[2.950s] -- Configuring incomplete, errors occurred!
[2.950s] See also "/home/kouyayamaoka/ros2_ws/src/build/Controller/CMakeFiles/CMakeOutput.log".
[2.951s] See also "/home/kouyayamaoka/ros2_ws/src/build/Controller/CMakeFiles/CMakeError.log".
[2.985s] make: *** [Makefile:266: cmake_check_build_system] エラー 1
[2.992s] Invoked command in '/home/kouyayamaoka/ros2_ws/src/build/Controller' returned '2': CMAKE_PREFIX_PATH=${CMAKE_PREFIX_PATH}:/opt/ros/foxy /usr/bin/cmake --build /home/kouyayamaoka/ros2_ws/src/build/Controller -- -j2 -l2
