[35m[1mScanning dependencies of target nintendo_pro_controller[0m
[ 50%] [32mBuilding CXX object CMakeFiles/nintendo_pro_controller.dir/src/nintendo_pro_controller.cpp.o[0m
[01m[K/home/kouyayamaoka/ros2_ws/src/Controller/src/nintendo_pro_controller.cpp:[m[K In constructor ‘[01m[KController::Controller()[m[K’:
[01m[K/home/kouyayamaoka/ros2_ws/src/Controller/src/nintendo_pro_controller.cpp:9:133:[m[K [01;31m[Kerror: [m[K‘[01m[K_1[m[K’ was not declared in this scope; did you mean ‘[01m[Kstd::placeholders::_1[m[K’?
    9 |             subscriber_ = this->create_subscription<sensor_msgs::msg::Joy>("joy",10,std::bind(&Controller::controller_callback,this,[01;31m[K_1[m[K));
      |                                                                                                                                     [01;31m[K^~[m[K
      |                                                                                                                                     [32m[Kstd::placeholders::_1[m[K
In file included from [01m[K/opt/ros/foxy/include/rclcpp/context.hpp:19[m[K,
                 from [01m[K/opt/ros/foxy/include/rclcpp/contexts/default_context.hpp:18[m[K,
                 from [01m[K/opt/ros/foxy/include/rclcpp/executor.hpp:32[m[K,
                 from [01m[K/opt/ros/foxy/include/rclcpp/executors/multi_threaded_executor.hpp:26[m[K,
                 from [01m[K/opt/ros/foxy/include/rclcpp/executors.hpp:21[m[K,
                 from [01m[K/opt/ros/foxy/include/rclcpp/rclcpp.hpp:146[m[K,
                 from [01m[K/home/kouyayamaoka/ros2_ws/src/Controller/src/nintendo_pro_controller.cpp:1[m[K:
[01m[K/usr/include/c++/9/functional:211:34:[m[K [01;36m[Knote: [m[K‘[01m[Kstd::placeholders::_1[m[K’ declared here
  211 |     extern const _Placeholder<1> [01;36m[K_1[m[K;
      |                                  [01;36m[K^~[m[K
In file included from [01m[K/opt/ros/foxy/include/rclcpp/client.hpp:40[m[K,
                 from [01m[K/opt/ros/foxy/include/rclcpp/callback_group.hpp:23[m[K,
                 from [01m[K/opt/ros/foxy/include/rclcpp/any_executable.hpp:20[m[K,
                 from [01m[K/opt/ros/foxy/include/rclcpp/memory_strategy.hpp:24[m[K,
                 from [01m[K/opt/ros/foxy/include/rclcpp/memory_strategies.hpp:18[m[K,
                 from [01m[K/opt/ros/foxy/include/rclcpp/executor_options.hpp:20[m[K,
                 from [01m[K/opt/ros/foxy/include/rclcpp/executor.hpp:33[m[K,
                 from [01m[K/opt/ros/foxy/include/rclcpp/executors/multi_threaded_executor.hpp:26[m[K,
                 from [01m[K/opt/ros/foxy/include/rclcpp/executors.hpp:21[m[K,
                 from [01m[K/opt/ros/foxy/include/rclcpp/rclcpp.hpp:146[m[K,
                 from [01m[K/home/kouyayamaoka/ros2_ws/src/Controller/src/nintendo_pro_controller.cpp:1[m[K:
[01m[K/home/kouyayamaoka/ros2_ws/src/Controller/src/nintendo_pro_controller.cpp:[m[K In member function ‘[01m[Kvoid Controller::controller_callback(sensor_msgs::msg::Joy_<std::allocator<void> >::SharedPtr)[m[K’:
[01m[K/home/kouyayamaoka/ros2_ws/src/Controller/src/nintendo_pro_controller.cpp:14:57:[m[K [01;31m[Kerror: [m[K‘[01m[Kconst SharedPtr[m[K’ {aka ‘[01m[Kconst class std::shared_ptr<sensor_msgs::msg::Joy_<std::allocator<void> > >[m[K’} has no member named ‘[01m[Kaxes[m[K’
   14 |             RCLCPP_INFO(this->get_logger(),"%f",joy_msg.[01;31m[Kaxes[m[K(0));
      |                                                         [01;31m[K^~~~[m[K
make[2]: *** [CMakeFiles/nintendo_pro_controller.dir/build.make:63: CMakeFiles/nintendo_pro_controller.dir/src/nintendo_pro_controller.cpp.o] エラー 1
make[1]: *** [CMakeFiles/Makefile2:78: CMakeFiles/nintendo_pro_controller.dir/all] エラー 2
make: *** [Makefile:141: all] エラー 2
