[0.134s] Invoking command in '/home/kouyayamaoka/ros2_ws/src/build/Controller': CMAKE_PREFIX_PATH=${CMAKE_PREFIX_PATH}:/opt/ros/foxy /usr/bin/cmake --build /home/kouyayamaoka/ros2_ws/src/build/Controller -- -j2 -l2
[0.375s] [35m[1mScanning dependencies of target nintendo_pro_controller[0m
[0.491s] [ 50%] [32mBuilding CXX object CMakeFiles/nintendo_pro_controller.dir/src/nintendo_pro_controller.cpp.o[0m
[20.978s] [100%] [32m[1mLinking CXX executable nintendo_pro_controller[0m
[21.947s] [100%] Built target nintendo_pro_controller
[21.979s] Invoked command in '/home/kouyayamaoka/ros2_ws/src/build/Controller' returned '0': CMAKE_PREFIX_PATH=${CMAKE_PREFIX_PATH}:/opt/ros/foxy /usr/bin/cmake --build /home/kouyayamaoka/ros2_ws/src/build/Controller -- -j2 -l2
[22.111s] Invoking command in '/home/kouyayamaoka/ros2_ws/src/build/Controller': CMAKE_PREFIX_PATH=${CMAKE_PREFIX_PATH}:/opt/ros/foxy /usr/bin/cmake --install /home/kouyayamaoka/ros2_ws/src/build/Controller
[22.140s] -- Install configuration: ""
[22.142s] -- Up-to-date: /home/kouyayamaoka/ros2_ws/src/install/Controller/share/Controller/launch
[22.144s] -- Up-to-date: /home/kouyayamaoka/ros2_ws/src/install/Controller/share/Controller/launch/nintendo_pro_controller.launch.py
[22.147s] -- Installing: /home/kouyayamaoka/ros2_ws/src/install/Controller/lib/Controller/nintendo_pro_controller
[22.159s] -- Set runtime path of "/home/kouyayamaoka/ros2_ws/src/install/Controller/lib/Controller/nintendo_pro_controller" to ""
[22.161s] -- Up-to-date: /home/kouyayamaoka/ros2_ws/src/install/Controller/share/ament_index/resource_index/package_run_dependencies/Controller
[22.163s] -- Up-to-date: /home/kouyayamaoka/ros2_ws/src/install/Controller/share/ament_index/resource_index/parent_prefix_path/Controller
[22.166s] -- Up-to-date: /home/kouyayamaoka/ros2_ws/src/install/Controller/share/Controller/environment/ament_prefix_path.sh
[22.167s] -- Up-to-date: /home/kouyayamaoka/ros2_ws/src/install/Controller/share/Controller/environment/ament_prefix_path.dsv
[22.169s] -- Up-to-date: /home/kouyayamaoka/ros2_ws/src/install/Controller/share/Controller/environment/path.sh
[22.171s] -- Up-to-date: /home/kouyayamaoka/ros2_ws/src/install/Controller/share/Controller/environment/path.dsv
[22.174s] -- Up-to-date: /home/kouyayamaoka/ros2_ws/src/install/Controller/share/Controller/local_setup.bash
[22.176s] -- Up-to-date: /home/kouyayamaoka/ros2_ws/src/install/Controller/share/Controller/local_setup.sh
[22.177s] -- Up-to-date: /home/kouyayamaoka/ros2_ws/src/install/Controller/share/Controller/local_setup.zsh
[22.179s] -- Up-to-date: /home/kouyayamaoka/ros2_ws/src/install/Controller/share/Controller/local_setup.dsv
[22.182s] -- Installing: /home/kouyayamaoka/ros2_ws/src/install/Controller/share/Controller/package.dsv
[22.185s] -- Up-to-date: /home/kouyayamaoka/ros2_ws/src/install/Controller/share/ament_index/resource_index/packages/Controller
[22.188s] -- Up-to-date: /home/kouyayamaoka/ros2_ws/src/install/Controller/share/Controller/cmake/ControllerConfig.cmake
[22.190s] -- Up-to-date: /home/kouyayamaoka/ros2_ws/src/install/Controller/share/Controller/cmake/ControllerConfig-version.cmake
[22.190s] -- Up-to-date: /home/kouyayamaoka/ros2_ws/src/install/Controller/share/Controller/package.xml
[22.200s] Invoked command in '/home/kouyayamaoka/ros2_ws/src/build/Controller' returned '0': CMAKE_PREFIX_PATH=${CMAKE_PREFIX_PATH}:/opt/ros/foxy /usr/bin/cmake --install /home/kouyayamaoka/ros2_ws/src/build/Controller
