[35m[1mScanning dependencies of target nintendo_pro_controller[0m
[ 50%] [32mBuilding CXX object CMakeFiles/nintendo_pro_controller.dir/src/nintendo_pro_controller.cpp.o[0m
[01m[K/home/kouyayamaoka/ros2_ws/src/Controller/src/nintendo_pro_controller.cpp:12:58:[m[K [01;31m[Kerror: [m[K‘[01m[Kjoy[m[K’ in namespace ‘[01m[Ksensor_msgs::msg[m[K’ does not name a type; did you mean ‘[01m[KJoy[m[K’?
   12 |         void controller_callback(const sensor_msgs::msg::[01;31m[Kjoy[m[K::SharedPtr joy_msg)
      |                                                          [01;31m[K^~~[m[K
      |                                                          [32m[KJoy[m[K
[01m[K/home/kouyayamaoka/ros2_ws/src/Controller/src/nintendo_pro_controller.cpp:12:73:[m[K [01;31m[Kerror: [m[Kexpected unqualified-id before ‘[01m[Kjoy_msg[m[K’
   12 |         void controller_callback(const sensor_msgs::msg::joy::SharedPtr [01;31m[Kjoy_msg[m[K)
      |                                                                         [01;31m[K^~~~~~~[m[K
[01m[K/home/kouyayamaoka/ros2_ws/src/Controller/src/nintendo_pro_controller.cpp:12:72:[m[K [01;31m[Kerror: [m[Kexpected ‘[01m[K)[m[K’ before ‘[01m[Kjoy_msg[m[K’
   12 |         void controller_callback[34m[K([m[Kconst sensor_msgs::msg::joy::SharedPtr[01;31m[K [m[K[32m[Kjoy_msg[m[K)
      |                                 [34m[K~[m[K                                      [01;31m[K^[m[K[32m[K~~~~~~~[m[K
      |                                                                        [32m[K)[m[K
[01m[K/home/kouyayamaoka/ros2_ws/src/Controller/src/nintendo_pro_controller.cpp:12:63:[m[K [01;31m[Kerror: [m[Kexpected ‘[01m[K;[m[K’ at end of member declaration
   12 |         void controller_callback(const sensor_msgs::msg::joy::[01;31m[KSharedPtr[m[K joy_msg)
      |                                                               [01;31m[K^~~~~~~~~[m[K
      |                                                                        [32m[K;[m[K
[01m[K/home/kouyayamaoka/ros2_ws/src/Controller/src/nintendo_pro_controller.cpp:12:73:[m[K [01;31m[Kerror: [m[K‘[01m[Kjoy_msg[m[K’ does not name a type
   12 |         void controller_callback(const sensor_msgs::msg::joy::SharedPtr [01;31m[Kjoy_msg[m[K)
      |                                                                         [01;31m[K^~~~~~~[m[K
[01m[K/home/kouyayamaoka/ros2_ws/src/Controller/src/nintendo_pro_controller.cpp:16:44:[m[K [01;31m[Kerror: [m[K‘[01m[Kjoy[m[K’ is not a member of ‘[01m[Ksensor_msgs::msg[m[K’; did you mean ‘[01m[KJoy[m[K’?
   16 |     rclcpp::Subscription<sensor_msgs::msg::[01;31m[Kjoy[m[K>::SharedPtr subscriber_;
      |                                            [01;31m[K^~~[m[K
      |                                            [32m[KJoy[m[K
[01m[K/home/kouyayamaoka/ros2_ws/src/Controller/src/nintendo_pro_controller.cpp:16:44:[m[K [01;31m[Kerror: [m[K‘[01m[Kjoy[m[K’ is not a member of ‘[01m[Ksensor_msgs::msg[m[K’; did you mean ‘[01m[KJoy[m[K’?
   16 |     rclcpp::Subscription<sensor_msgs::msg::[01;31m[Kjoy[m[K>::SharedPtr subscriber_;
      |                                            [01;31m[K^~~[m[K
      |                                            [32m[KJoy[m[K
[01m[K/home/kouyayamaoka/ros2_ws/src/Controller/src/nintendo_pro_controller.cpp:16:47:[m[K [01;31m[Kerror: [m[Ktemplate argument 1 is invalid
   16 |     rclcpp::Subscription<sensor_msgs::msg::joy[01;31m[K>[m[K::SharedPtr subscriber_;
      |                                               [01;31m[K^[m[K
[01m[K/home/kouyayamaoka/ros2_ws/src/Controller/src/nintendo_pro_controller.cpp:16:47:[m[K [01;31m[Kerror: [m[Ktemplate argument 3 is invalid
[01m[K/home/kouyayamaoka/ros2_ws/src/Controller/src/nintendo_pro_controller.cpp:16:50:[m[K [01;31m[Kerror: [m[Kexpected ‘[01m[K;[m[K’ at end of member declaration
   16 |     rclcpp::Subscription<sensor_msgs::msg::joy>::[01;31m[KSharedPtr[m[K subscriber_;
      |                                                  [01;31m[K^~~~~~~~~[m[K
      |                                                           [32m[K;[m[K
[01m[K/home/kouyayamaoka/ros2_ws/src/Controller/src/nintendo_pro_controller.cpp:16:60:[m[K [01;31m[Kerror: [m[K‘[01m[Ksubscriber_[m[K’ does not name a type
   16 |     rclcpp::Subscription<sensor_msgs::msg::joy>::SharedPtr [01;31m[Ksubscriber_[m[K;
      |                                                            [01;31m[K^~~~~~~~~~~[m[K
[01m[K/home/kouyayamaoka/ros2_ws/src/Controller/src/nintendo_pro_controller.cpp:17:2:[m[K [01;31m[Kerror: [m[Kexpected ‘[01m[K;[m[K’ after class definition
   17 | }
      |  [01;31m[K^[m[K
      |  [32m[K;[m[K
[01m[K/home/kouyayamaoka/ros2_ws/src/Controller/src/nintendo_pro_controller.cpp:[m[K In constructor ‘[01m[KController::Controller()[m[K’:
[01m[K/home/kouyayamaoka/ros2_ws/src/Controller/src/nintendo_pro_controller.cpp:9:13:[m[K [01;31m[Kerror: [m[K‘[01m[Ksubscriber_[m[K’ was not declared in this scope
    9 |             [01;31m[Ksubscriber_[m[K = this->create->create_subscription<sensor_msgs::msg::joy>("joy",10,std::bind(&Controller::controller_callback,this,_1));
      |             [01;31m[K^~~~~~~~~~~[m[K
[01m[K/home/kouyayamaoka/ros2_ws/src/Controller/src/nintendo_pro_controller.cpp:9:33:[m[K [01;31m[Kerror: [m[K‘[01m[Kclass Controller[m[K’ has no member named ‘[01m[Kcreate[m[K’
    9 |             subscriber_ = this->[01;31m[Kcreate[m[K->create_subscription<sensor_msgs::msg::joy>("joy",10,std::bind(&Controller::controller_callback,this,_1));
      |                                 [01;31m[K^~~~~~[m[K
[01m[K/home/kouyayamaoka/ros2_ws/src/Controller/src/nintendo_pro_controller.cpp:9:79:[m[K [01;31m[Kerror: [m[K‘[01m[Kjoy[m[K’ is not a member of ‘[01m[Ksensor_msgs::msg[m[K’; did you mean ‘[01m[KJoy[m[K’?
    9 |             subscriber_ = this->create->create_subscription<sensor_msgs::msg::[01;31m[Kjoy[m[K>("joy",10,std::bind(&Controller::controller_callback,this,_1));
      |                                                                               [01;31m[K^~~[m[K
      |                                                                               [32m[KJoy[m[K
[01m[K/home/kouyayamaoka/ros2_ws/src/Controller/src/nintendo_pro_controller.cpp:9:84:[m[K [01;35m[Kwarning: [m[Kleft operand of comma operator has no effect [[01;35m[K-Wunused-value[m[K]
    9 |             subscriber_ = this->create->create_subscription<sensor_msgs::msg::joy>([01;35m[K"joy"[m[K,10,std::bind(&Controller::controller_callback,this,_1));
      |                                                                                    [01;35m[K^~~~~[m[K
[01m[K/home/kouyayamaoka/ros2_ws/src/Controller/src/nintendo_pro_controller.cpp:9:141:[m[K [01;31m[Kerror: [m[K‘[01m[K_1[m[K’ was not declared in this scope; did you mean ‘[01m[Kstd::placeholders::_1[m[K’?
    9 |             subscriber_ = this->create->create_subscription<sensor_msgs::msg::joy>("joy",10,std::bind(&Controller::controller_callback,this,[01;31m[K_1[m[K));
      |                                                                                                                                             [01;31m[K^~[m[K
      |                                                                                                                                             [32m[Kstd::placeholders::_1[m[K
In file included from [01m[K/opt/ros/foxy/include/rclcpp/context.hpp:19[m[K,
                 from [01m[K/opt/ros/foxy/include/rclcpp/contexts/default_context.hpp:18[m[K,
                 from [01m[K/opt/ros/foxy/include/rclcpp/executor.hpp:32[m[K,
                 from [01m[K/opt/ros/foxy/include/rclcpp/executors/multi_threaded_executor.hpp:26[m[K,
                 from [01m[K/opt/ros/foxy/include/rclcpp/executors.hpp:21[m[K,
                 from [01m[K/opt/ros/foxy/include/rclcpp/rclcpp.hpp:146[m[K,
                 from [01m[K/home/kouyayamaoka/ros2_ws/src/Controller/src/nintendo_pro_controller.cpp:1[m[K:
[01m[K/usr/include/c++/9/functional:211:34:[m[K [01;36m[Knote: [m[K‘[01m[Kstd::placeholders::_1[m[K’ declared here
  211 |     extern const _Placeholder<1> [01;36m[K_1[m[K;
      |                                  [01;36m[K^~[m[K
make[2]: *** [CMakeFiles/nintendo_pro_controller.dir/build.make:63: CMakeFiles/nintendo_pro_controller.dir/src/nintendo_pro_controller.cpp.o] エラー 1
make[1]: *** [CMakeFiles/Makefile2:78: CMakeFiles/nintendo_pro_controller.dir/all] エラー 2
make: *** [Makefile:141: all] エラー 2
