[0.120s] Invoking command in '/home/kouyayamaoka/ros2_ws/src/build/Controller': CMAKE_PREFIX_PATH=${CMAKE_PREFIX_PATH}:/opt/ros/foxy /usr/bin/cmake --build /home/kouyayamaoka/ros2_ws/src/build/Controller -- -j2 -l2
[0.758s] [35m[1mScanning dependencies of target nintendo_pro_controller[0m
[0.923s] [ 50%] [32mBuilding CXX object CMakeFiles/nintendo_pro_controller.dir/src/nintendo_pro_controller.cpp.o[0m
[7.128s] [01m[K/home/kouyayamaoka/ros2_ws/src/Controller/src/nintendo_pro_controller.cpp:12:58:[m[K [01;31m[Kerror: [m[K‘[01m[Kjoy[m[K’ in namespace ‘[01m[Ksensor_msgs::msg[m[K’ does not name a type; did you mean ‘[01m[KJoy[m[K’?
[7.128s]    12 |         void controller_callback(const sensor_msgs::msg::[01;31m[Kjoy[m[K::SharedPtr joy_msg)
[7.128s]       |                                                          [01;31m[K^~~[m[K
[7.129s]       |                                                          [32m[KJoy[m[K
[7.129s] [01m[K/home/kouyayamaoka/ros2_ws/src/Controller/src/nintendo_pro_controller.cpp:12:73:[m[K [01;31m[Kerror: [m[Kexpected unqualified-id before ‘[01m[Kjoy_msg[m[K’
[7.134s]    12 |         void controller_callback(const sensor_msgs::msg::joy::SharedPtr [01;31m[Kjoy_msg[m[K)
[7.134s]       |                                                                         [01;31m[K^~~~~~~[m[K
[7.135s] [01m[K/home/kouyayamaoka/ros2_ws/src/Controller/src/nintendo_pro_controller.cpp:12:72:[m[K [01;31m[Kerror: [m[Kexpected ‘[01m[K)[m[K’ before ‘[01m[Kjoy_msg[m[K’
[7.136s]    12 |         void controller_callback[34m[K([m[Kconst sensor_msgs::msg::joy::SharedPtr[01;31m[K [m[K[32m[Kjoy_msg[m[K)
[7.138s]       |                                 [34m[K~[m[K                                      [01;31m[K^[m[K[32m[K~~~~~~~[m[K
[7.138s]       |                                                                        [32m[K)[m[K
[7.139s] [01m[K/home/kouyayamaoka/ros2_ws/src/Controller/src/nintendo_pro_controller.cpp:12:63:[m[K [01;31m[Kerror: [m[Kexpected ‘[01m[K;[m[K’ at end of member declaration
[7.140s]    12 |         void controller_callback(const sensor_msgs::msg::joy::[01;31m[KSharedPtr[m[K joy_msg)
[7.140s]       |                                                               [01;31m[K^~~~~~~~~[m[K
[7.140s]       |                                                                        [32m[K;[m[K
[7.150s] [01m[K/home/kouyayamaoka/ros2_ws/src/Controller/src/nintendo_pro_controller.cpp:12:73:[m[K [01;31m[Kerror: [m[K‘[01m[Kjoy_msg[m[K’ does not name a type
[7.150s]    12 |         void controller_callback(const sensor_msgs::msg::joy::SharedPtr [01;31m[Kjoy_msg[m[K)
[7.150s]       |                                                                         [01;31m[K^~~~~~~[m[K
[7.151s] [01m[K/home/kouyayamaoka/ros2_ws/src/Controller/src/nintendo_pro_controller.cpp:16:44:[m[K [01;31m[Kerror: [m[K‘[01m[Kjoy[m[K’ is not a member of ‘[01m[Ksensor_msgs::msg[m[K’; did you mean ‘[01m[KJoy[m[K’?
[7.151s]    16 |     rclcpp::Subscription<sensor_msgs::msg::[01;31m[Kjoy[m[K>::SharedPtr subscriber_;
[7.152s]       |                                            [01;31m[K^~~[m[K
[7.152s]       |                                            [32m[KJoy[m[K
[7.153s] [01m[K/home/kouyayamaoka/ros2_ws/src/Controller/src/nintendo_pro_controller.cpp:16:44:[m[K [01;31m[Kerror: [m[K‘[01m[Kjoy[m[K’ is not a member of ‘[01m[Ksensor_msgs::msg[m[K’; did you mean ‘[01m[KJoy[m[K’?
[7.158s]    16 |     rclcpp::Subscription<sensor_msgs::msg::[01;31m[Kjoy[m[K>::SharedPtr subscriber_;
[7.158s]       |                                            [01;31m[K^~~[m[K
[7.159s]       |                                            [32m[KJoy[m[K
[7.159s] [01m[K/home/kouyayamaoka/ros2_ws/src/Controller/src/nintendo_pro_controller.cpp:16:47:[m[K [01;31m[Kerror: [m[Ktemplate argument 1 is invalid
[7.160s]    16 |     rclcpp::Subscription<sensor_msgs::msg::joy[01;31m[K>[m[K::SharedPtr subscriber_;
[7.161s]       |                                               [01;31m[K^[m[K
[7.166s] [01m[K/home/kouyayamaoka/ros2_ws/src/Controller/src/nintendo_pro_controller.cpp:16:47:[m[K [01;31m[Kerror: [m[Ktemplate argument 3 is invalid
[7.166s] [01m[K/home/kouyayamaoka/ros2_ws/src/Controller/src/nintendo_pro_controller.cpp:16:50:[m[K [01;31m[Kerror: [m[Kexpected ‘[01m[K;[m[K’ at end of member declaration
[7.167s]    16 |     rclcpp::Subscription<sensor_msgs::msg::joy>::[01;31m[KSharedPtr[m[K subscriber_;
[7.167s]       |                                                  [01;31m[K^~~~~~~~~[m[K
[7.167s]       |                                                           [32m[K;[m[K
[7.170s] [01m[K/home/kouyayamaoka/ros2_ws/src/Controller/src/nintendo_pro_controller.cpp:16:60:[m[K [01;31m[Kerror: [m[K‘[01m[Ksubscriber_[m[K’ does not name a type
[7.171s]    16 |     rclcpp::Subscription<sensor_msgs::msg::joy>::SharedPtr [01;31m[Ksubscriber_[m[K;
[7.171s]       |                                                            [01;31m[K^~~~~~~~~~~[m[K
[7.173s] [01m[K/home/kouyayamaoka/ros2_ws/src/Controller/src/nintendo_pro_controller.cpp:17:2:[m[K [01;31m[Kerror: [m[Kexpected ‘[01m[K;[m[K’ after class definition
[7.173s]    17 | }
[7.173s]       |  [01;31m[K^[m[K
[7.174s]       |  [32m[K;[m[K
[7.187s] [01m[K/home/kouyayamaoka/ros2_ws/src/Controller/src/nintendo_pro_controller.cpp:[m[K In constructor ‘[01m[KController::Controller()[m[K’:
[7.188s] [01m[K/home/kouyayamaoka/ros2_ws/src/Controller/src/nintendo_pro_controller.cpp:9:13:[m[K [01;31m[Kerror: [m[K‘[01m[Ksubscriber_[m[K’ was not declared in this scope
[7.188s]     9 |             [01;31m[Ksubscriber_[m[K = this->create->create_subscription<sensor_msgs::msg::joy>("joy",10,std::bind(&Controller::controller_callback,this,_1));
[7.188s]       |             [01;31m[K^~~~~~~~~~~[m[K
[7.191s] [01m[K/home/kouyayamaoka/ros2_ws/src/Controller/src/nintendo_pro_controller.cpp:9:33:[m[K [01;31m[Kerror: [m[K‘[01m[Kclass Controller[m[K’ has no member named ‘[01m[Kcreate[m[K’
[7.191s]     9 |             subscriber_ = this->[01;31m[Kcreate[m[K->create_subscription<sensor_msgs::msg::joy>("joy",10,std::bind(&Controller::controller_callback,this,_1));
[7.191s]       |                                 [01;31m[K^~~~~~[m[K
[7.193s] [01m[K/home/kouyayamaoka/ros2_ws/src/Controller/src/nintendo_pro_controller.cpp:9:79:[m[K [01;31m[Kerror: [m[K‘[01m[Kjoy[m[K’ is not a member of ‘[01m[Ksensor_msgs::msg[m[K’; did you mean ‘[01m[KJoy[m[K’?
[7.193s]     9 |             subscriber_ = this->create->create_subscription<sensor_msgs::msg::[01;31m[Kjoy[m[K>("joy",10,std::bind(&Controller::controller_callback,this,_1));
[7.194s]       |                                                                               [01;31m[K^~~[m[K
[7.194s]       |                                                                               [32m[KJoy[m[K
[7.194s] [01m[K/home/kouyayamaoka/ros2_ws/src/Controller/src/nintendo_pro_controller.cpp:9:84:[m[K [01;35m[Kwarning: [m[Kleft operand of comma operator has no effect [[01;35m[K-Wunused-value[m[K]
[7.195s]     9 |             subscriber_ = this->create->create_subscription<sensor_msgs::msg::joy>([01;35m[K"joy"[m[K,10,std::bind(&Controller::controller_callback,this,_1));
[7.195s]       |                                                                                    [01;35m[K^~~~~[m[K
[7.198s] [01m[K/home/kouyayamaoka/ros2_ws/src/Controller/src/nintendo_pro_controller.cpp:9:141:[m[K [01;31m[Kerror: [m[K‘[01m[K_1[m[K’ was not declared in this scope; did you mean ‘[01m[Kstd::placeholders::_1[m[K’?
[7.199s]     9 |             subscriber_ = this->create->create_subscription<sensor_msgs::msg::joy>("joy",10,std::bind(&Controller::controller_callback,this,[01;31m[K_1[m[K));
[7.199s]       |                                                                                                                                             [01;31m[K^~[m[K
[7.199s]       |                                                                                                                                             [32m[Kstd::placeholders::_1[m[K
[7.200s] In file included from [01m[K/opt/ros/foxy/include/rclcpp/context.hpp:19[m[K,
[7.200s]                  from [01m[K/opt/ros/foxy/include/rclcpp/contexts/default_context.hpp:18[m[K,
[7.201s]                  from [01m[K/opt/ros/foxy/include/rclcpp/executor.hpp:32[m[K,
[7.201s]                  from [01m[K/opt/ros/foxy/include/rclcpp/executors/multi_threaded_executor.hpp:26[m[K,
[7.201s]                  from [01m[K/opt/ros/foxy/include/rclcpp/executors.hpp:21[m[K,
[7.201s]                  from [01m[K/opt/ros/foxy/include/rclcpp/rclcpp.hpp:146[m[K,
[7.202s]                  from [01m[K/home/kouyayamaoka/ros2_ws/src/Controller/src/nintendo_pro_controller.cpp:1[m[K:
[7.202s] [01m[K/usr/include/c++/9/functional:211:34:[m[K [01;36m[Knote: [m[K‘[01m[Kstd::placeholders::_1[m[K’ declared here
[7.202s]   211 |     extern const _Placeholder<1> [01;36m[K_1[m[K;
[7.210s]       |                                  [01;36m[K^~[m[K
[8.799s] make[2]: *** [CMakeFiles/nintendo_pro_controller.dir/build.make:63: CMakeFiles/nintendo_pro_controller.dir/src/nintendo_pro_controller.cpp.o] エラー 1
[8.799s] make[1]: *** [CMakeFiles/Makefile2:78: CMakeFiles/nintendo_pro_controller.dir/all] エラー 2
[8.800s] make: *** [Makefile:141: all] エラー 2
[8.800s] Invoked command in '/home/kouyayamaoka/ros2_ws/src/build/Controller' returned '2': CMAKE_PREFIX_PATH=${CMAKE_PREFIX_PATH}:/opt/ros/foxy /usr/bin/cmake --build /home/kouyayamaoka/ros2_ws/src/build/Controller -- -j2 -l2
