[2.324s] DEBUG:colcon:Command line arguments: ['/usr/bin/colcon', 'build', '--packages-select', 'Bunai']
[2.324s] DEBUG:colcon:Parsed command line arguments: Namespace(allow_overriding=[], ament_cmake_args=None, base_paths=['.'], build_base='build', catkin_cmake_args=None, catkin_skip_building_tests=False, cmake_args=None, cmake_clean_cache=False, cmake_clean_first=False, cmake_force_configure=False, cmake_target=None, cmake_target_skip_unavailable=False, continue_on_error=False, event_handlers=None, executor='parallel', ignore_user_meta=False, install_base='install', log_base=None, log_level=None, main=<bound method BuildVerb.main of <colcon_core.verb.build.BuildVerb object at 0x7fbdb30ac4c0>>, merge_install=False, metas=['./colcon.meta'], packages_above=None, packages_above_and_dependencies=None, packages_above_depth=None, packages_end=None, packages_ignore=None, packages_ignore_regex=None, packages_select=['Bunai'], packages_select_build_failed=False, packages_select_by_dep=None, packages_select_regex=None, packages_select_test_failures=False, packages_skip=None, packages_skip_build_finished=False, packages_skip_by_dep=None, packages_skip_regex=None, packages_skip_test_passed=False, packages_skip_up_to=None, packages_start=None, packages_up_to=None, packages_up_to_regex=None, parallel_workers=2, paths=None, symlink_install=False, test_result_base=None, verb_extension=<colcon_core.verb.build.BuildVerb object at 0x7fbdb30ac4c0>, verb_name='build', verb_parser=<colcon_defaults.argument_parser.defaults.DefaultArgumentsDecorator object at 0x7fbdb30aca00>)
[2.531s] Level 1:colcon.colcon_core.package_discovery:discover_packages(colcon_meta) check parameters
[2.532s] Level 1:colcon.colcon_core.package_discovery:discover_packages(recursive) check parameters
[2.532s] Level 1:colcon.colcon_core.package_discovery:discover_packages(ignore) check parameters
[2.532s] Level 1:colcon.colcon_core.package_discovery:discover_packages(path) check parameters
[2.532s] Level 1:colcon.colcon_core.package_discovery:discover_packages(colcon_meta) discover
[2.533s] Level 1:colcon.colcon_core.package_discovery:discover_packages(recursive) discover
[2.533s] INFO:colcon.colcon_core.package_discovery:Crawling recursively for packages in '/home/kouyayamaoka/ros2_ws'
[2.533s] Level 1:colcon.colcon_core.package_identification:_identify(.) by extensions ['ignore', 'ignore_ament_install']
[2.534s] Level 1:colcon.colcon_core.package_identification:_identify(.) by extension 'ignore'
[2.534s] Level 1:colcon.colcon_core.package_identification:_identify(.) by extension 'ignore_ament_install'
[2.534s] Level 1:colcon.colcon_core.package_identification:_identify(.) by extensions ['colcon_pkg']
[2.534s] Level 1:colcon.colcon_core.package_identification:_identify(.) by extension 'colcon_pkg'
[2.535s] Level 1:colcon.colcon_core.package_identification:_identify(.) by extensions ['colcon_meta']
[2.535s] Level 1:colcon.colcon_core.package_identification:_identify(.) by extension 'colcon_meta'
[2.538s] Level 1:colcon.colcon_core.package_identification:_identify(.) by extensions ['ros']
[2.538s] Level 1:colcon.colcon_core.package_identification:_identify(.) by extension 'ros'
[2.645s] Level 1:colcon.colcon_core.package_identification:_identify(.) by extensions ['cmake', 'python']
[2.645s] Level 1:colcon.colcon_core.package_identification:_identify(.) by extension 'cmake'
[2.645s] Level 1:colcon.colcon_core.package_identification:_identify(.) by extension 'python'
[2.646s] Level 1:colcon.colcon_core.package_identification:_identify(.) by extensions ['python_setup_py']
[2.646s] Level 1:colcon.colcon_core.package_identification:_identify(.) by extension 'python_setup_py'
[2.646s] Level 1:colcon.colcon_core.package_identification:_identify(build) by extensions ['ignore', 'ignore_ament_install']
[2.648s] Level 1:colcon.colcon_core.package_identification:_identify(build) by extension 'ignore'
[2.648s] Level 1:colcon.colcon_core.package_identification:_identify(build) ignored
[2.649s] Level 1:colcon.colcon_core.package_identification:_identify(install) by extensions ['ignore', 'ignore_ament_install']
[2.649s] Level 1:colcon.colcon_core.package_identification:_identify(install) by extension 'ignore'
[2.652s] Level 1:colcon.colcon_core.package_identification:_identify(install) ignored
[2.653s] Level 1:colcon.colcon_core.package_identification:_identify(log) by extensions ['ignore', 'ignore_ament_install']
[2.653s] Level 1:colcon.colcon_core.package_identification:_identify(log) by extension 'ignore'
[2.654s] Level 1:colcon.colcon_core.package_identification:_identify(log) ignored
[2.654s] Level 1:colcon.colcon_core.package_identification:_identify(src) by extensions ['ignore', 'ignore_ament_install']
[2.655s] Level 1:colcon.colcon_core.package_identification:_identify(src) by extension 'ignore'
[2.655s] Level 1:colcon.colcon_core.package_identification:_identify(src) by extension 'ignore_ament_install'
[2.655s] Level 1:colcon.colcon_core.package_identification:_identify(src) by extensions ['colcon_pkg']
[2.655s] Level 1:colcon.colcon_core.package_identification:_identify(src) by extension 'colcon_pkg'
[2.655s] Level 1:colcon.colcon_core.package_identification:_identify(src) by extensions ['colcon_meta']
[2.656s] Level 1:colcon.colcon_core.package_identification:_identify(src) by extension 'colcon_meta'
[2.656s] Level 1:colcon.colcon_core.package_identification:_identify(src) by extensions ['ros']
[2.656s] Level 1:colcon.colcon_core.package_identification:_identify(src) by extension 'ros'
[2.656s] Level 1:colcon.colcon_core.package_identification:_identify(src) by extensions ['cmake', 'python']
[2.657s] Level 1:colcon.colcon_core.package_identification:_identify(src) by extension 'cmake'
[2.657s] Level 1:colcon.colcon_core.package_identification:_identify(src) by extension 'python'
[2.657s] Level 1:colcon.colcon_core.package_identification:_identify(src) by extensions ['python_setup_py']
[2.658s] Level 1:colcon.colcon_core.package_identification:_identify(src) by extension 'python_setup_py'
[2.660s] Level 1:colcon.colcon_core.package_identification:_identify(src/Bunai) by extensions ['ignore', 'ignore_ament_install']
[2.662s] Level 1:colcon.colcon_core.package_identification:_identify(src/Bunai) by extension 'ignore'
[2.662s] Level 1:colcon.colcon_core.package_identification:_identify(src/Bunai) by extension 'ignore_ament_install'
[2.663s] Level 1:colcon.colcon_core.package_identification:_identify(src/Bunai) by extensions ['colcon_pkg']
[2.663s] Level 1:colcon.colcon_core.package_identification:_identify(src/Bunai) by extension 'colcon_pkg'
[2.663s] Level 1:colcon.colcon_core.package_identification:_identify(src/Bunai) by extensions ['colcon_meta']
[2.664s] Level 1:colcon.colcon_core.package_identification:_identify(src/Bunai) by extension 'colcon_meta'
[2.664s] Level 1:colcon.colcon_core.package_identification:_identify(src/Bunai) by extensions ['ros']
[2.664s] Level 1:colcon.colcon_core.package_identification:_identify(src/Bunai) by extension 'ros'
[2.687s] DEBUG:colcon.colcon_core.package_identification:Package 'src/Bunai' with type 'ros.ament_cmake' and name 'Bunai'
[2.688s] Level 1:colcon.colcon_core.package_identification:_identify(src/Controller) by extensions ['ignore', 'ignore_ament_install']
[2.688s] Level 1:colcon.colcon_core.package_identification:_identify(src/Controller) by extension 'ignore'
[2.689s] Level 1:colcon.colcon_core.package_identification:_identify(src/Controller) by extension 'ignore_ament_install'
[2.689s] Level 1:colcon.colcon_core.package_identification:_identify(src/Controller) by extensions ['colcon_pkg']
[2.690s] Level 1:colcon.colcon_core.package_identification:_identify(src/Controller) by extension 'colcon_pkg'
[2.691s] Level 1:colcon.colcon_core.package_identification:_identify(src/Controller) by extensions ['colcon_meta']
[2.691s] Level 1:colcon.colcon_core.package_identification:_identify(src/Controller) by extension 'colcon_meta'
[2.692s] Level 1:colcon.colcon_core.package_identification:_identify(src/Controller) by extensions ['ros']
[2.692s] Level 1:colcon.colcon_core.package_identification:_identify(src/Controller) by extension 'ros'
[2.701s] DEBUG:colcon.colcon_core.package_identification:Package 'src/Controller' with type 'ros.ament_cmake' and name 'Controller'
[2.702s] Level 1:colcon.colcon_core.package_identification:_identify(src/build) by extensions ['ignore', 'ignore_ament_install']
[2.704s] Level 1:colcon.colcon_core.package_identification:_identify(src/build) by extension 'ignore'
[2.704s] Level 1:colcon.colcon_core.package_identification:_identify(src/build) ignored
[2.705s] Level 1:colcon.colcon_core.package_identification:_identify(src/install) by extensions ['ignore', 'ignore_ament_install']
[2.705s] Level 1:colcon.colcon_core.package_identification:_identify(src/install) by extension 'ignore'
[2.705s] Level 1:colcon.colcon_core.package_identification:_identify(src/install) ignored
[2.706s] Level 1:colcon.colcon_core.package_identification:_identify(src/log) by extensions ['ignore', 'ignore_ament_install']
[2.707s] Level 1:colcon.colcon_core.package_identification:_identify(src/log) by extension 'ignore'
[2.708s] Level 1:colcon.colcon_core.package_identification:_identify(src/log) ignored
[2.708s] Level 1:colcon.colcon_core.package_identification:_identify(src/ros2_first_test) by extensions ['ignore', 'ignore_ament_install']
[2.709s] Level 1:colcon.colcon_core.package_identification:_identify(src/ros2_first_test) by extension 'ignore'
[2.709s] Level 1:colcon.colcon_core.package_identification:_identify(src/ros2_first_test) by extension 'ignore_ament_install'
[2.715s] Level 1:colcon.colcon_core.package_identification:_identify(src/ros2_first_test) by extensions ['colcon_pkg']
[2.716s] Level 1:colcon.colcon_core.package_identification:_identify(src/ros2_first_test) by extension 'colcon_pkg'
[2.716s] Level 1:colcon.colcon_core.package_identification:_identify(src/ros2_first_test) by extensions ['colcon_meta']
[2.716s] Level 1:colcon.colcon_core.package_identification:_identify(src/ros2_first_test) by extension 'colcon_meta'
[2.717s] Level 1:colcon.colcon_core.package_identification:_identify(src/ros2_first_test) by extensions ['ros']
[2.717s] Level 1:colcon.colcon_core.package_identification:_identify(src/ros2_first_test) by extension 'ros'
[2.720s] DEBUG:colcon.colcon_core.package_identification:Package 'src/ros2_first_test' with type 'ros.ament_cmake' and name 'ros2_first_test'
[2.720s] Level 1:colcon.colcon_core.package_discovery:discover_packages(recursive) using defaults
[2.720s] Level 1:colcon.colcon_core.package_discovery:discover_packages(ignore) discover
[2.720s] Level 1:colcon.colcon_core.package_discovery:discover_packages(ignore) using defaults
[2.720s] Level 1:colcon.colcon_core.package_discovery:discover_packages(path) discover
[2.721s] Level 1:colcon.colcon_core.package_discovery:discover_packages(path) using defaults
[2.865s] INFO:colcon.colcon_core.package_selection:Skipping not selected package 'Controller' in 'src/Controller'
[2.865s] INFO:colcon.colcon_core.package_selection:Skipping not selected package 'ros2_first_test' in 'src/ros2_first_test'
[2.868s] Level 1:colcon.colcon_core.package_discovery:discover_packages(prefix_path) check parameters
[2.877s] Level 1:colcon.colcon_core.package_discovery:discover_packages(prefix_path) discover
[2.901s] DEBUG:colcon.colcon_installed_package_information.package_discovery:Found 334 installed packages in /opt/ros/foxy
[2.923s] Level 1:colcon.colcon_core.package_discovery:discover_packages(prefix_path) using defaults
[3.583s] Level 5:colcon.colcon_core.verb:set package 'Bunai' build argument 'cmake_args' from command line to 'None'
[3.586s] Level 5:colcon.colcon_core.verb:set package 'Bunai' build argument 'cmake_target' from command line to 'None'
[3.586s] Level 5:colcon.colcon_core.verb:set package 'Bunai' build argument 'cmake_target_skip_unavailable' from command line to 'False'
[3.586s] Level 5:colcon.colcon_core.verb:set package 'Bunai' build argument 'cmake_clean_cache' from command line to 'False'
[3.586s] Level 5:colcon.colcon_core.verb:set package 'Bunai' build argument 'cmake_clean_first' from command line to 'False'
[3.586s] Level 5:colcon.colcon_core.verb:set package 'Bunai' build argument 'cmake_force_configure' from command line to 'False'
[3.586s] Level 5:colcon.colcon_core.verb:set package 'Bunai' build argument 'ament_cmake_args' from command line to 'None'
[3.586s] Level 5:colcon.colcon_core.verb:set package 'Bunai' build argument 'catkin_cmake_args' from command line to 'None'
[3.587s] Level 5:colcon.colcon_core.verb:set package 'Bunai' build argument 'catkin_skip_building_tests' from command line to 'False'
[3.587s] DEBUG:colcon.colcon_core.verb:Building package 'Bunai' with the following arguments: {'ament_cmake_args': None, 'build_base': '/home/kouyayamaoka/ros2_ws/build/Bunai', 'catkin_cmake_args': None, 'catkin_skip_building_tests': False, 'cmake_args': None, 'cmake_clean_cache': False, 'cmake_clean_first': False, 'cmake_force_configure': False, 'cmake_target': None, 'cmake_target_skip_unavailable': False, 'install_base': '/home/kouyayamaoka/ros2_ws/install/Bunai', 'merge_install': False, 'path': '/home/kouyayamaoka/ros2_ws/src/Bunai', 'symlink_install': False, 'test_result_base': None}
[3.590s] INFO:colcon.colcon_core.executor:Executing jobs using 'parallel' executor
[3.615s] DEBUG:colcon.colcon_parallel_executor.executor.parallel:run_until_complete
[3.616s] INFO:colcon.colcon_ros.task.ament_cmake.build:Building ROS package in '/home/kouyayamaoka/ros2_ws/src/Bunai' with build type 'ament_cmake'
[3.616s] INFO:colcon.colcon_cmake.task.cmake.build:Building CMake package in '/home/kouyayamaoka/ros2_ws/src/Bunai'
[3.642s] INFO:colcon.colcon_core.plugin_system:Skipping extension 'colcon_core.shell.bat': Not used on non-Windows systems
[3.648s] INFO:colcon.colcon_core.shell:Skip shell extension 'powershell' for command environment: Not usable outside of PowerShell
[3.648s] DEBUG:colcon.colcon_core.shell:Skip shell extension 'dsv' for command environment
[3.726s] DEBUG:colcon.colcon_core.event_handler.log_command:Invoking command in '/home/kouyayamaoka/ros2_ws/build/Bunai': CMAKE_PREFIX_PATH=/opt/ros/foxy /usr/bin/cmake --build /home/kouyayamaoka/ros2_ws/build/Bunai -- -j2 -l2
[4.328s] DEBUG:colcon.colcon_core.event_handler.log_command:Invoked command in '/home/kouyayamaoka/ros2_ws/build/Bunai' returned '0': CMAKE_PREFIX_PATH=/opt/ros/foxy /usr/bin/cmake --build /home/kouyayamaoka/ros2_ws/build/Bunai -- -j2 -l2
[4.585s] DEBUG:colcon.colcon_core.event_handler.log_command:Invoking command in '/home/kouyayamaoka/ros2_ws/build/Bunai': CMAKE_PREFIX_PATH=/opt/ros/foxy /usr/bin/cmake --install /home/kouyayamaoka/ros2_ws/build/Bunai
[4.718s] Level 1:colcon.colcon_core.environment:create_environment_scripts_only(Bunai)
[4.759s] DEBUG:colcon.colcon_core.event_handler.log_command:Invoked command in '/home/kouyayamaoka/ros2_ws/build/Bunai' returned '0': CMAKE_PREFIX_PATH=/opt/ros/foxy /usr/bin/cmake --install /home/kouyayamaoka/ros2_ws/build/Bunai
[4.806s] Level 1:colcon.colcon_core.environment:checking '/home/kouyayamaoka/ros2_ws/install/Bunai' for CMake module files
[4.809s] Level 1:colcon.colcon_core.environment:checking '/home/kouyayamaoka/ros2_ws/install/Bunai' for CMake config files
[4.817s] Level 1:colcon.colcon_core.shell:create_environment_hook('Bunai', 'cmake_prefix_path')
[4.829s] INFO:colcon.colcon_core.shell:Creating environment hook '/home/kouyayamaoka/ros2_ws/install/Bunai/share/Bunai/hook/cmake_prefix_path.ps1'
[4.844s] INFO:colcon.colcon_core.shell:Creating environment descriptor '/home/kouyayamaoka/ros2_ws/install/Bunai/share/Bunai/hook/cmake_prefix_path.dsv'
[4.850s] INFO:colcon.colcon_core.shell:Creating environment hook '/home/kouyayamaoka/ros2_ws/install/Bunai/share/Bunai/hook/cmake_prefix_path.sh'
[4.868s] Level 1:colcon.colcon_core.environment:checking '/home/kouyayamaoka/ros2_ws/install/Bunai/bin'
[4.868s] Level 1:colcon.colcon_core.environment:checking '/home/kouyayamaoka/ros2_ws/install/Bunai/lib/pkgconfig/Bunai.pc'
[4.870s] Level 1:colcon.colcon_core.environment:checking '/home/kouyayamaoka/ros2_ws/install/Bunai/lib/python3.8/site-packages'
[4.871s] Level 1:colcon.colcon_core.environment:checking '/home/kouyayamaoka/ros2_ws/install/Bunai/bin'
[4.886s] INFO:colcon.colcon_core.shell:Creating package script '/home/kouyayamaoka/ros2_ws/install/Bunai/share/Bunai/package.ps1'
[4.896s] INFO:colcon.colcon_core.shell:Creating package descriptor '/home/kouyayamaoka/ros2_ws/install/Bunai/share/Bunai/package.dsv'
[4.905s] INFO:colcon.colcon_core.shell:Creating package script '/home/kouyayamaoka/ros2_ws/install/Bunai/share/Bunai/package.sh'
[4.909s] INFO:colcon.colcon_core.shell:Creating package script '/home/kouyayamaoka/ros2_ws/install/Bunai/share/Bunai/package.bash'
[4.917s] INFO:colcon.colcon_core.shell:Creating package script '/home/kouyayamaoka/ros2_ws/install/Bunai/share/Bunai/package.zsh'
[4.922s] Level 1:colcon.colcon_core.environment:create_file_with_runtime_dependencies(/home/kouyayamaoka/ros2_ws/install/Bunai/share/colcon-core/packages/Bunai)
[5.132s] Level 1:colcon.colcon_core.environment:create_environment_scripts_only(Bunai)
[5.158s] Level 1:colcon.colcon_core.environment:checking '/home/kouyayamaoka/ros2_ws/install/Bunai' for CMake module files
[5.171s] Level 1:colcon.colcon_core.environment:checking '/home/kouyayamaoka/ros2_ws/install/Bunai' for CMake config files
[5.172s] Level 1:colcon.colcon_core.shell:create_environment_hook('Bunai', 'cmake_prefix_path')
[5.188s] INFO:colcon.colcon_core.shell:Creating environment hook '/home/kouyayamaoka/ros2_ws/install/Bunai/share/Bunai/hook/cmake_prefix_path.ps1'
[5.190s] INFO:colcon.colcon_core.shell:Creating environment descriptor '/home/kouyayamaoka/ros2_ws/install/Bunai/share/Bunai/hook/cmake_prefix_path.dsv'
[5.192s] INFO:colcon.colcon_core.shell:Creating environment hook '/home/kouyayamaoka/ros2_ws/install/Bunai/share/Bunai/hook/cmake_prefix_path.sh'
[5.201s] Level 1:colcon.colcon_core.environment:checking '/home/kouyayamaoka/ros2_ws/install/Bunai/bin'
[5.202s] Level 1:colcon.colcon_core.environment:checking '/home/kouyayamaoka/ros2_ws/install/Bunai/lib/pkgconfig/Bunai.pc'
[5.203s] Level 1:colcon.colcon_core.environment:checking '/home/kouyayamaoka/ros2_ws/install/Bunai/lib/python3.8/site-packages'
[5.206s] Level 1:colcon.colcon_core.environment:checking '/home/kouyayamaoka/ros2_ws/install/Bunai/bin'
[5.223s] INFO:colcon.colcon_core.shell:Creating package script '/home/kouyayamaoka/ros2_ws/install/Bunai/share/Bunai/package.ps1'
[5.229s] INFO:colcon.colcon_core.shell:Creating package descriptor '/home/kouyayamaoka/ros2_ws/install/Bunai/share/Bunai/package.dsv'
[5.235s] INFO:colcon.colcon_core.shell:Creating package script '/home/kouyayamaoka/ros2_ws/install/Bunai/share/Bunai/package.sh'
[5.239s] INFO:colcon.colcon_core.shell:Creating package script '/home/kouyayamaoka/ros2_ws/install/Bunai/share/Bunai/package.bash'
[5.241s] INFO:colcon.colcon_core.shell:Creating package script '/home/kouyayamaoka/ros2_ws/install/Bunai/share/Bunai/package.zsh'
[5.245s] Level 1:colcon.colcon_core.environment:create_file_with_runtime_dependencies(/home/kouyayamaoka/ros2_ws/install/Bunai/share/colcon-core/packages/Bunai)
[5.251s] DEBUG:colcon.colcon_parallel_executor.executor.parallel:closing loop
[5.256s] DEBUG:colcon.colcon_parallel_executor.executor.parallel:loop closed
[5.259s] DEBUG:colcon.colcon_parallel_executor.executor.parallel:run_until_complete finished with '0'
[5.259s] DEBUG:colcon.colcon_core.event_reactor:joining thread
[5.296s] INFO:colcon.colcon_core.plugin_system:Skipping extension 'colcon_notification.desktop_notification.terminal_notifier': Not used on non-Darwin systems
[5.297s] INFO:colcon.colcon_core.plugin_system:Skipping extension 'colcon_notification.desktop_notification.win32': Not used on non-Windows systems
[5.297s] INFO:colcon.colcon_notification.desktop_notification:Sending desktop notification using 'notify2'
[5.401s] DEBUG:colcon.colcon_core.event_reactor:joined thread
[5.415s] INFO:colcon.colcon_core.shell:Creating prefix script '/home/kouyayamaoka/ros2_ws/install/local_setup.ps1'
[5.425s] INFO:colcon.colcon_core.shell:Creating prefix util module '/home/kouyayamaoka/ros2_ws/install/_local_setup_util_ps1.py'
[5.442s] INFO:colcon.colcon_core.shell:Creating prefix chain script '/home/kouyayamaoka/ros2_ws/install/setup.ps1'
[5.456s] INFO:colcon.colcon_core.shell:Creating prefix script '/home/kouyayamaoka/ros2_ws/install/local_setup.sh'
[5.461s] INFO:colcon.colcon_core.shell:Creating prefix util module '/home/kouyayamaoka/ros2_ws/install/_local_setup_util_sh.py'
[5.464s] INFO:colcon.colcon_core.shell:Creating prefix chain script '/home/kouyayamaoka/ros2_ws/install/setup.sh'
[5.479s] INFO:colcon.colcon_core.shell:Creating prefix script '/home/kouyayamaoka/ros2_ws/install/local_setup.bash'
[5.481s] INFO:colcon.colcon_core.shell:Creating prefix chain script '/home/kouyayamaoka/ros2_ws/install/setup.bash'
[5.494s] INFO:colcon.colcon_core.shell:Creating prefix script '/home/kouyayamaoka/ros2_ws/install/local_setup.zsh'
[5.496s] INFO:colcon.colcon_core.shell:Creating prefix chain script '/home/kouyayamaoka/ros2_ws/install/setup.zsh'
