[35m[1mScanning dependencies of target nintendo_pro_controller[0m
[ 50%] [32mBuilding CXX object CMakeFiles/nintendo_pro_controller.dir/src/nintendo_pro_controller.cpp.o[0m
[01m[K/home/kouyayamaoka/ros2_ws/src/Controller/src/nintendo_pro_controller.cpp:[m[K In function ‘[01m[Kint main(int, char**)[m[K’:
[01m[K/home/kouyayamaoka/ros2_ws/src/Controller/src/nintendo_pro_controller.cpp:4:14:[m[K [01;35m[Kwarning: [m[Kunused parameter ‘[01m[Kargc[m[K’ [[01;35m[K-Wunused-parameter[m[K]
    4 | int main([01;35m[Kint argc[m[K,char *argv[])
      |          [01;35m[K~~~~^~~~[m[K
[01m[K/home/kouyayamaoka/ros2_ws/src/Controller/src/nintendo_pro_controller.cpp:4:25:[m[K [01;35m[Kwarning: [m[Kunused parameter ‘[01m[Kargv[m[K’ [[01;35m[K-Wunused-parameter[m[K]
    4 | int main(int argc,[01;35m[Kchar *argv[][m[K)
      |                   [01;35m[K~~~~~~^~~~~~[m[K
[100%] [32m[1mLinking CXX executable nintendo_pro_controller[0m
[100%] Built target nintendo_pro_controller
-- Install configuration: ""
-- Up-to-date: /home/kouyayamaoka/ros2_ws/src/install/Controller/share/Controller/launch
-- Up-to-date: /home/kouyayamaoka/ros2_ws/src/install/Controller/share/Controller/launch/nintendo_pro_controller.launch.py
-- Installing: /home/kouyayamaoka/ros2_ws/src/install/Controller/lib/Controller/nintendo_pro_controller
-- Set runtime path of "/home/kouyayamaoka/ros2_ws/src/install/Controller/lib/Controller/nintendo_pro_controller" to ""
-- Installing: /home/kouyayamaoka/ros2_ws/src/install/Controller/share/ament_index/resource_index/package_run_dependencies/Controller
-- Installing: /home/kouyayamaoka/ros2_ws/src/install/Controller/share/ament_index/resource_index/parent_prefix_path/Controller
-- Up-to-date: /home/kouyayamaoka/ros2_ws/src/install/Controller/share/Controller/environment/ament_prefix_path.sh
-- Installing: /home/kouyayamaoka/ros2_ws/src/install/Controller/share/Controller/environment/ament_prefix_path.dsv
-- Up-to-date: /home/kouyayamaoka/ros2_ws/src/install/Controller/share/Controller/environment/path.sh
-- Installing: /home/kouyayamaoka/ros2_ws/src/install/Controller/share/Controller/environment/path.dsv
-- Up-to-date: /home/kouyayamaoka/ros2_ws/src/install/Controller/share/Controller/local_setup.bash
-- Up-to-date: /home/kouyayamaoka/ros2_ws/src/install/Controller/share/Controller/local_setup.sh
-- Up-to-date: /home/kouyayamaoka/ros2_ws/src/install/Controller/share/Controller/local_setup.zsh
-- Installing: /home/kouyayamaoka/ros2_ws/src/install/Controller/share/Controller/local_setup.dsv
-- Installing: /home/kouyayamaoka/ros2_ws/src/install/Controller/share/Controller/package.dsv
-- Up-to-date: /home/kouyayamaoka/ros2_ws/src/install/Controller/share/ament_index/resource_index/packages/Controller
-- Up-to-date: /home/kouyayamaoka/ros2_ws/src/install/Controller/share/Controller/cmake/ControllerConfig.cmake
-- Up-to-date: /home/kouyayamaoka/ros2_ws/src/install/Controller/share/Controller/cmake/ControllerConfig-version.cmake
-- Installing: /home/kouyayamaoka/ros2_ws/src/install/Controller/share/Controller/package.xml
