[0.121s] Invoking command in '/home/kouyayamaoka/ros2_ws/src/build/Controller': CMAKE_PREFIX_PATH=${CMAKE_PREFIX_PATH}:/opt/ros/foxy /usr/bin/cmake --build /home/kouyayamaoka/ros2_ws/src/build/Controller -- -j2 -l2
[0.391s] -- Found ament_cmake: 0.9.11 (/opt/ros/foxy/share/ament_cmake/cmake)
[0.578s] -- Using PYTHON_EXECUTABLE: /usr/bin/python3
[1.624s] -- Found rclcpp: 2.4.2 (/opt/ros/foxy/share/rclcpp/cmake)
[1.815s] -- Using all available rosidl_typesupport_c: rosidl_typesupport_fastrtps_c;rosidl_typesupport_introspection_c
[1.830s] -- Found rosidl_adapter: 1.3.0 (/opt/ros/foxy/share/rosidl_adapter/cmake)
[2.405s] -- Using all available rosidl_typesupport_cpp: rosidl_typesupport_fastrtps_cpp;rosidl_typesupport_introspection_cpp
[2.741s] -- Found rmw_implementation_cmake: 1.0.4 (/opt/ros/foxy/share/rmw_implementation_cmake/cmake)
[2.748s] -- Using RMW implementation 'rmw_fastrtps_cpp' as default
[3.697s] -- Found sensor_msgs: 2.0.5 (/opt/ros/foxy/share/sensor_msgs/cmake)
[4.396s] -- Found ament_lint_auto: 0.9.8 (/opt/ros/foxy/share/ament_lint_auto/cmake)
[4.676s] WARNING: Package name "Controller" does not follow the naming conventions. It should start with a lower case letter and only contain lower case letters, digits, underscores, and dashes.
[4.791s] -- Added test 'copyright' to check source files copyright and LICENSE
[4.801s] -- Added test 'cppcheck' to perform static code analysis on C / C++ code
[4.809s] -- Configured cppcheck include dirs: $<BUILD_INTERFACE:/home/kouyayamaoka/ros2_ws/src/Controller/include>
[4.813s] -- Configured cppcheck exclude dirs and/or files: 
[4.821s] -- Added test 'cpplint' to check C / C++ code against the Google style
[4.824s] -- Configured cpplint exclude dirs and/or files: 
[4.830s] -- Added test 'flake8' to check Python code syntax and style conventions
[4.837s] -- Added test 'lint_cmake' to check CMake code style
[4.847s] -- Added test 'pep257' to check Python code against some of the style conventions in PEP 257
[4.855s] -- Added test 'uncrustify' to check C / C++ code style
[4.858s] -- Configured uncrustify additional arguments: 
[4.864s] -- Added test 'xmllint' to check XML markup files
[4.884s] -- Configuring done
[4.950s] -- Generating done
[4.970s] -- Build files have been written to: /home/kouyayamaoka/ros2_ws/src/build/Controller
[5.229s] [ 50%] [32mBuilding CXX object CMakeFiles/nintendo_pro_controller.dir/src/nintendo_pro_controller.cpp.o[0m
[5.904s] [01m[K/home/kouyayamaoka/ros2_ws/src/Controller/src/nintendo_pro_controller.cpp:2:10:[m[K [01;31m[Kfatal error: [m[Ksensor_msgs/Joy.hpp: そのようなファイルやディレクトリはありません
[5.905s]     2 | #include [01;31m[K<sensor_msgs/Joy.hpp>[m[K
[5.906s]       |          [01;31m[K^~~~~~~~~~~~~~~~~~~~~[m[K
[5.906s] compilation terminated.
[5.936s] make[2]: *** [CMakeFiles/nintendo_pro_controller.dir/build.make:63: CMakeFiles/nintendo_pro_controller.dir/src/nintendo_pro_controller.cpp.o] エラー 1
[5.941s] make[1]: *** [CMakeFiles/Makefile2:78: CMakeFiles/nintendo_pro_controller.dir/all] エラー 2
[5.945s] make: *** [Makefile:141: all] エラー 2
[5.957s] Invoked command in '/home/kouyayamaoka/ros2_ws/src/build/Controller' returned '2': CMAKE_PREFIX_PATH=${CMAKE_PREFIX_PATH}:/opt/ros/foxy /usr/bin/cmake --build /home/kouyayamaoka/ros2_ws/src/build/Controller -- -j2 -l2
