[0.051s] Invoking command in '/home/kouyayamaoka/ros2_ws/src/build/Bunai': CMAKE_PREFIX_PATH=${CMAKE_PREFIX_PATH}:/opt/ros/foxy /usr/bin/cmake --build /home/kouyayamaoka/ros2_ws/src/build/Bunai -- -j2 -l2
[0.261s] -- Found ament_cmake: 0.9.11 (/opt/ros/foxy/share/ament_cmake/cmake)
[0.357s] -- Using PYTHON_EXECUTABLE: /usr/bin/python3
[1.439s] -- Found DART: /usr/include (Required is at least version "6.6") found components: dart 
[1.667s] -- Found Protobuf: /usr/lib/x86_64-linux-gnu/libprotobuf.so;-lpthread (found version "3.6.1") 
[1.678s] -- Looking for ignition-math6 -- found version 6.13.0
[1.704s] -- Searching for dependencies of ignition-math6
[1.714s] -- Looking for OGRE...
[1.744s] -- Found Ogre Ghadamon (1.9.0)
[1.747s] -- Found OGRE: optimized;/usr/lib/x86_64-linux-gnu/libOgreMain.so;debug;/usr/lib/x86_64-linux-gnu/libOgreMain.so
[1.794s] -- Looking for OGRE_Paging...
[1.795s] -- Found OGRE_Paging: optimized;/usr/lib/x86_64-linux-gnu/libOgrePaging.so;debug;/usr/lib/x86_64-linux-gnu/libOgrePaging.so
[1.796s] -- Looking for OGRE_Terrain...
[1.798s] -- Found OGRE_Terrain: optimized;/usr/lib/x86_64-linux-gnu/libOgreTerrain.so;debug;/usr/lib/x86_64-linux-gnu/libOgreTerrain.so
[1.799s] -- Looking for OGRE_Property...
[1.801s] -- Found OGRE_Property: optimized;/usr/lib/x86_64-linux-gnu/libOgreProperty.so;debug;/usr/lib/x86_64-linux-gnu/libOgreProperty.so
[1.802s] -- Looking for OGRE_RTShaderSystem...
[1.804s] -- Found OGRE_RTShaderSystem: optimized;/usr/lib/x86_64-linux-gnu/libOgreRTShaderSystem.so;debug;/usr/lib/x86_64-linux-gnu/libOgreRTShaderSystem.so
[1.805s] -- Looking for OGRE_Volume...
[1.806s] -- Found OGRE_Volume: optimized;/usr/lib/x86_64-linux-gnu/libOgreVolume.so;debug;/usr/lib/x86_64-linux-gnu/libOgreVolume.so
[1.808s] -- Looking for OGRE_Overlay...
[1.809s] -- Found OGRE_Overlay: optimized;/usr/lib/x86_64-linux-gnu/libOgreOverlay.so;debug;/usr/lib/x86_64-linux-gnu/libOgreOverlay.so
[2.489s] -- Looking for ignition-math6 -- found version 6.13.0
[2.497s] -- Looking for ignition-transport8 -- found version 8.4.0
[2.499s] -- Searching for dependencies of ignition-transport8
[2.562s] -- Found Protobuf: /usr/lib/x86_64-linux-gnu/libprotobuf.so;-lpthread (found suitable version "3.6.1", minimum required is "3") 
[2.622s] -- Config-file not installed for ZeroMQ -- checking for pkg-config
[2.649s] -- Checking for module 'libzmq >= 4'
[2.714s] --   Found libzmq , version 4.3.2
[2.936s] -- Checking for module 'uuid'
[2.995s] --   Found uuid, version 2.34.0
[3.133s] -- Looking for ignition-msgs5 -- found version 5.11.0
[3.143s] -- Searching for dependencies of ignition-msgs5
[3.236s] -- Looking for ignition-math6 -- found version 6.13.0
[3.263s] -- Checking for module 'tinyxml2'
[3.344s] --   Found tinyxml2, version 6.2.0
[3.476s] -- Looking for ignition-msgs5 -- found version 5.11.0
[3.487s] -- Looking for ignition-common3 -- found version 3.15.1
[3.487s] -- Searching for dependencies of ignition-common3
[3.488s] -- Looking for dlfcn.h - found
[3.489s] -- Looking for libdl - found
[3.539s] -- Searching for <ignition-common3> component [graphics]
[3.548s] -- Looking for ignition-common3-graphics -- found version 3.15.1
[3.548s] -- Searching for dependencies of ignition-common3-graphics
[3.548s] -- Looking for ignition-math6 -- found version 6.13.0
[3.563s] -- Looking for ignition-fuel_tools4 -- found version 4.8.2
[3.563s] -- Searching for dependencies of ignition-fuel_tools4
[3.699s] -- Checking for module 'jsoncpp'
[3.759s] --   Found jsoncpp, version 1.7.4
[3.911s] -- Checking for module 'libzip'
[3.991s] --   Found libzip, version 1.5.1
[4.136s] -- Looking for ignition-common3 -- found version 3.15.1
[4.138s] -- Looking for ignition-math6 -- found version 6.13.0
[4.140s] -- Looking for ignition-msgs5 -- found version 5.11.0
[4.151s] -- Found ament_lint_auto: 0.9.8 (/opt/ros/foxy/share/ament_lint_auto/cmake)
[4.357s] WARNING: Package name "Bunai" does not follow the naming conventions. It should start with a lower case letter and only contain lower case letters, digits, underscores, and dashes.
[4.437s] -- Added test 'copyright' to check source files copyright and LICENSE
[4.444s] -- Added test 'cppcheck' to perform static code analysis on C / C++ code
[4.445s] -- Configured cppcheck include dirs: $<BUILD_INTERFACE:/home/kouyayamaoka/ros2_ws/src/Bunai/include>
[4.446s] -- Configured cppcheck exclude dirs and/or files: 
[4.452s] -- Added test 'cpplint' to check C / C++ code against the Google style
[4.452s] -- Configured cpplint exclude dirs and/or files: 
[4.454s] -- Added test 'flake8' to check Python code syntax and style conventions
[4.456s] -- Added test 'lint_cmake' to check CMake code style
[4.458s] -- Added test 'pep257' to check Python code against some of the style conventions in PEP 257
[4.464s] -- Added test 'uncrustify' to check C / C++ code style
[4.464s] -- Configured uncrustify additional arguments: 
[4.466s] -- Added test 'xmllint' to check XML markup files
[4.481s] -- Configuring done
[4.519s] -- Generating done
[4.525s] -- Build files have been written to: /home/kouyayamaoka/ros2_ws/src/build/Bunai
[4.692s] [100%] Built target estimate
[4.752s] Invoked command in '/home/kouyayamaoka/ros2_ws/src/build/Bunai' returned '0': CMAKE_PREFIX_PATH=${CMAKE_PREFIX_PATH}:/opt/ros/foxy /usr/bin/cmake --build /home/kouyayamaoka/ros2_ws/src/build/Bunai -- -j2 -l2
[4.919s] Invoking command in '/home/kouyayamaoka/ros2_ws/src/build/Bunai': CMAKE_PREFIX_PATH=${CMAKE_PREFIX_PATH}:/opt/ros/foxy /usr/bin/cmake --install /home/kouyayamaoka/ros2_ws/src/build/Bunai
[4.950s] -- Install configuration: ""
[4.955s] -- Up-to-date: /home/kouyayamaoka/ros2_ws/src/install/Bunai/share/Bunai/rviz
[4.957s] -- Up-to-date: /home/kouyayamaoka/ros2_ws/src/install/Bunai/share/Bunai/rviz/navigation.rviz
[4.957s] -- Up-to-date: /home/kouyayamaoka/ros2_ws/src/install/Bunai/share/Bunai/rviz/bunai.rviz
[4.960s] -- Up-to-date: /home/kouyayamaoka/ros2_ws/src/install/Bunai/share/Bunai/launch
[4.961s] -- Up-to-date: /home/kouyayamaoka/ros2_ws/src/install/Bunai/share/Bunai/launch/localization.launch.py
[4.963s] -- Up-to-date: /home/kouyayamaoka/ros2_ws/src/install/Bunai/share/Bunai/launch/rviz.launch.py
[4.963s] -- Up-to-date: /home/kouyayamaoka/ros2_ws/src/install/Bunai/share/Bunai/launch/cartographer.launch.py
[4.963s] -- Up-to-date: /home/kouyayamaoka/ros2_ws/src/install/Bunai/share/Bunai/launch/navigation.launch.py
[4.964s] -- Up-to-date: /home/kouyayamaoka/ros2_ws/src/install/Bunai/share/Bunai/launch/Bunai.launch.py
[4.964s] -- Up-to-date: /home/kouyayamaoka/ros2_ws/src/install/Bunai/share/Bunai/urdf
[4.964s] -- Up-to-date: /home/kouyayamaoka/ros2_ws/src/install/Bunai/share/Bunai/urdf/bunai.urdf
[4.965s] -- Up-to-date: /home/kouyayamaoka/ros2_ws/src/install/Bunai/share/Bunai/config
[4.965s] -- Up-to-date: /home/kouyayamaoka/ros2_ws/src/install/Bunai/share/Bunai/config/ydlidar_cartographer.rviz
[4.966s] -- Up-to-date: /home/kouyayamaoka/ros2_ws/src/install/Bunai/share/Bunai/config/cartgrapher.lua
[4.966s] -- Up-to-date: /home/kouyayamaoka/ros2_ws/src/install/Bunai/share/Bunai/worlds
[4.966s] -- Up-to-date: /home/kouyayamaoka/ros2_ws/src/install/Bunai/share/Bunai/worlds/bunai.world
[4.967s] -- Up-to-date: /home/kouyayamaoka/ros2_ws/src/install/Bunai/share/Bunai/map
[4.967s] -- Up-to-date: /home/kouyayamaoka/ros2_ws/src/install/Bunai/share/Bunai/map/map.yaml
[4.967s] -- Up-to-date: /home/kouyayamaoka/ros2_ws/src/install/Bunai/share/Bunai/map/map.pbstream
[4.968s] -- Up-to-date: /home/kouyayamaoka/ros2_ws/src/install/Bunai/share/Bunai/nav2
[4.968s] -- Up-to-date: /home/kouyayamaoka/ros2_ws/src/install/Bunai/share/Bunai/nav2/navigation.yaml
[4.968s] -- Up-to-date: /home/kouyayamaoka/ros2_ws/src/install/Bunai/share/ament_index/resource_index/package_run_dependencies/Bunai
[4.969s] -- Up-to-date: /home/kouyayamaoka/ros2_ws/src/install/Bunai/share/ament_index/resource_index/parent_prefix_path/Bunai
[4.969s] -- Up-to-date: /home/kouyayamaoka/ros2_ws/src/install/Bunai/share/Bunai/environment/ament_prefix_path.sh
[4.969s] -- Installing: /home/kouyayamaoka/ros2_ws/src/install/Bunai/share/Bunai/environment/ament_prefix_path.dsv
[4.970s] -- Up-to-date: /home/kouyayamaoka/ros2_ws/src/install/Bunai/share/Bunai/environment/path.sh
[4.970s] -- Installing: /home/kouyayamaoka/ros2_ws/src/install/Bunai/share/Bunai/environment/path.dsv
[4.970s] -- Up-to-date: /home/kouyayamaoka/ros2_ws/src/install/Bunai/share/Bunai/local_setup.bash
[4.971s] -- Up-to-date: /home/kouyayamaoka/ros2_ws/src/install/Bunai/share/Bunai/local_setup.sh
[4.972s] -- Up-to-date: /home/kouyayamaoka/ros2_ws/src/install/Bunai/share/Bunai/local_setup.zsh
[4.972s] -- Installing: /home/kouyayamaoka/ros2_ws/src/install/Bunai/share/Bunai/local_setup.dsv
[4.972s] -- Installing: /home/kouyayamaoka/ros2_ws/src/install/Bunai/share/Bunai/package.dsv
[4.973s] -- Up-to-date: /home/kouyayamaoka/ros2_ws/src/install/Bunai/share/ament_index/resource_index/packages/Bunai
[4.973s] -- Up-to-date: /home/kouyayamaoka/ros2_ws/src/install/Bunai/share/Bunai/cmake/BunaiConfig.cmake
[4.973s] -- Up-to-date: /home/kouyayamaoka/ros2_ws/src/install/Bunai/share/Bunai/cmake/BunaiConfig-version.cmake
[4.974s] -- Up-to-date: /home/kouyayamaoka/ros2_ws/src/install/Bunai/share/Bunai/package.xml
[4.983s] Invoked command in '/home/kouyayamaoka/ros2_ws/src/build/Bunai' returned '0': CMAKE_PREFIX_PATH=${CMAKE_PREFIX_PATH}:/opt/ros/foxy /usr/bin/cmake --install /home/kouyayamaoka/ros2_ws/src/build/Bunai
