[0.155s] Invoking command in '/home/kouyayamaoka/ros2_ws/src/build/Controller': CMAKE_PREFIX_PATH=${CMAKE_PREFIX_PATH}:/opt/ros/foxy /usr/bin/cmake --build /home/kouyayamaoka/ros2_ws/src/build/Controller -- -j2 -l2
[0.903s] [35m[1mScanning dependencies of target nintendo_pro_controller[0m
[1.228s] [ 50%] [32mBuilding CXX object CMakeFiles/nintendo_pro_controller.dir/src/nintendo_pro_controller.cpp.o[0m
[63.408s] [100%] [32m[1mLinking CXX executable nintendo_pro_controller[0m
[66.354s] [100%] Built target nintendo_pro_controller
[66.487s] Invoked command in '/home/kouyayamaoka/ros2_ws/src/build/Controller' returned '0': CMAKE_PREFIX_PATH=${CMAKE_PREFIX_PATH}:/opt/ros/foxy /usr/bin/cmake --build /home/kouyayamaoka/ros2_ws/src/build/Controller -- -j2 -l2
[66.980s] Invoking command in '/home/kouyayamaoka/ros2_ws/src/build/Controller': CMAKE_PREFIX_PATH=${CMAKE_PREFIX_PATH}:/opt/ros/foxy /usr/bin/cmake --install /home/kouyayamaoka/ros2_ws/src/build/Controller
[67.124s] -- Install configuration: ""
[67.129s] -- Up-to-date: /home/kouyayamaoka/ros2_ws/src/install/Controller/share/Controller/launch
[67.130s] -- Up-to-date: /home/kouyayamaoka/ros2_ws/src/install/Controller/share/Controller/launch/nintendo_pro_controller.launch.py
[67.141s] -- Installing: /home/kouyayamaoka/ros2_ws/src/install/Controller/lib/Controller/nintendo_pro_controller
[67.173s] -- Set runtime path of "/home/kouyayamaoka/ros2_ws/src/install/Controller/lib/Controller/nintendo_pro_controller" to ""
[67.175s] -- Up-to-date: /home/kouyayamaoka/ros2_ws/src/install/Controller/share/ament_index/resource_index/package_run_dependencies/Controller
[67.178s] -- Up-to-date: /home/kouyayamaoka/ros2_ws/src/install/Controller/share/ament_index/resource_index/parent_prefix_path/Controller
[67.185s] -- Up-to-date: /home/kouyayamaoka/ros2_ws/src/install/Controller/share/Controller/environment/ament_prefix_path.sh
[67.186s] -- Up-to-date: /home/kouyayamaoka/ros2_ws/src/install/Controller/share/Controller/environment/ament_prefix_path.dsv
[67.188s] -- Up-to-date: /home/kouyayamaoka/ros2_ws/src/install/Controller/share/Controller/environment/path.sh
[67.190s] -- Up-to-date: /home/kouyayamaoka/ros2_ws/src/install/Controller/share/Controller/environment/path.dsv
[67.191s] -- Up-to-date: /home/kouyayamaoka/ros2_ws/src/install/Controller/share/Controller/local_setup.bash
[67.191s] -- Up-to-date: /home/kouyayamaoka/ros2_ws/src/install/Controller/share/Controller/local_setup.sh
[67.192s] -- Up-to-date: /home/kouyayamaoka/ros2_ws/src/install/Controller/share/Controller/local_setup.zsh
[67.192s] -- Up-to-date: /home/kouyayamaoka/ros2_ws/src/install/Controller/share/Controller/local_setup.dsv
[67.192s] -- Installing: /home/kouyayamaoka/ros2_ws/src/install/Controller/share/Controller/package.dsv
[67.206s] -- Up-to-date: /home/kouyayamaoka/ros2_ws/src/install/Controller/share/ament_index/resource_index/packages/Controller
[67.207s] -- Up-to-date: /home/kouyayamaoka/ros2_ws/src/install/Controller/share/Controller/cmake/ControllerConfig.cmake
[67.209s] -- Up-to-date: /home/kouyayamaoka/ros2_ws/src/install/Controller/share/Controller/cmake/ControllerConfig-version.cmake
[67.209s] -- Up-to-date: /home/kouyayamaoka/ros2_ws/src/install/Controller/share/Controller/package.xml
[67.216s] Invoked command in '/home/kouyayamaoka/ros2_ws/src/build/Controller' returned '0': CMAKE_PREFIX_PATH=${CMAKE_PREFIX_PATH}:/opt/ros/foxy /usr/bin/cmake --install /home/kouyayamaoka/ros2_ws/src/build/Controller
