[1.919s] DEBUG:colcon:Command line arguments: ['/usr/bin/colcon', 'build', '--packages-select', 'Controller']
[1.919s] DEBUG:colcon:Parsed command line arguments: Namespace(allow_overriding=[], ament_cmake_args=None, base_paths=['.'], build_base='build', catkin_cmake_args=None, catkin_skip_building_tests=False, cmake_args=None, cmake_clean_cache=False, cmake_clean_first=False, cmake_force_configure=False, cmake_target=None, cmake_target_skip_unavailable=False, continue_on_error=False, event_handlers=None, executor='parallel', ignore_user_meta=False, install_base='install', log_base=None, log_level=None, main=<bound method BuildVerb.main of <colcon_core.verb.build.BuildVerb object at 0x7f201222c4f0>>, merge_install=False, metas=['./colcon.meta'], packages_above=None, packages_above_and_dependencies=None, packages_above_depth=None, packages_end=None, packages_ignore=None, packages_ignore_regex=None, packages_select=['Controller'], packages_select_build_failed=False, packages_select_by_dep=None, packages_select_regex=None, packages_select_test_failures=False, packages_skip=None, packages_skip_build_finished=False, packages_skip_by_dep=None, packages_skip_regex=None, packages_skip_test_passed=False, packages_skip_up_to=None, packages_start=None, packages_up_to=None, packages_up_to_regex=None, parallel_workers=2, paths=None, symlink_install=False, test_result_base=None, verb_extension=<colcon_core.verb.build.BuildVerb object at 0x7f201222c4f0>, verb_name='build', verb_parser=<colcon_defaults.argument_parser.defaults.DefaultArgumentsDecorator object at 0x7f201222ca30>)
[2.075s] Level 1:colcon.colcon_core.package_discovery:discover_packages(colcon_meta) check parameters
[2.076s] Level 1:colcon.colcon_core.package_discovery:discover_packages(recursive) check parameters
[2.076s] Level 1:colcon.colcon_core.package_discovery:discover_packages(ignore) check parameters
[2.076s] Level 1:colcon.colcon_core.package_discovery:discover_packages(path) check parameters
[2.076s] Level 1:colcon.colcon_core.package_discovery:discover_packages(colcon_meta) discover
[2.077s] Level 1:colcon.colcon_core.package_discovery:discover_packages(recursive) discover
[2.077s] INFO:colcon.colcon_core.package_discovery:Crawling recursively for packages in '/home/kouyayamaoka/ros2_ws/src'
[2.077s] Level 1:colcon.colcon_core.package_identification:_identify(.) by extensions ['ignore', 'ignore_ament_install']
[2.078s] Level 1:colcon.colcon_core.package_identification:_identify(.) by extension 'ignore'
[2.078s] Level 1:colcon.colcon_core.package_identification:_identify(.) by extension 'ignore_ament_install'
[2.078s] Level 1:colcon.colcon_core.package_identification:_identify(.) by extensions ['colcon_pkg']
[2.079s] Level 1:colcon.colcon_core.package_identification:_identify(.) by extension 'colcon_pkg'
[2.079s] Level 1:colcon.colcon_core.package_identification:_identify(.) by extensions ['colcon_meta']
[2.079s] Level 1:colcon.colcon_core.package_identification:_identify(.) by extension 'colcon_meta'
[2.079s] Level 1:colcon.colcon_core.package_identification:_identify(.) by extensions ['ros']
[2.079s] Level 1:colcon.colcon_core.package_identification:_identify(.) by extension 'ros'
[2.186s] Level 1:colcon.colcon_core.package_identification:_identify(.) by extensions ['cmake', 'python']
[2.187s] Level 1:colcon.colcon_core.package_identification:_identify(.) by extension 'cmake'
[2.187s] Level 1:colcon.colcon_core.package_identification:_identify(.) by extension 'python'
[2.188s] Level 1:colcon.colcon_core.package_identification:_identify(.) by extensions ['python_setup_py']
[2.188s] Level 1:colcon.colcon_core.package_identification:_identify(.) by extension 'python_setup_py'
[2.188s] Level 1:colcon.colcon_core.package_identification:_identify(Bunai) by extensions ['ignore', 'ignore_ament_install']
[2.189s] Level 1:colcon.colcon_core.package_identification:_identify(Bunai) by extension 'ignore'
[2.190s] Level 1:colcon.colcon_core.package_identification:_identify(Bunai) by extension 'ignore_ament_install'
[2.190s] Level 1:colcon.colcon_core.package_identification:_identify(Bunai) by extensions ['colcon_pkg']
[2.190s] Level 1:colcon.colcon_core.package_identification:_identify(Bunai) by extension 'colcon_pkg'
[2.190s] Level 1:colcon.colcon_core.package_identification:_identify(Bunai) by extensions ['colcon_meta']
[2.191s] Level 1:colcon.colcon_core.package_identification:_identify(Bunai) by extension 'colcon_meta'
[2.191s] Level 1:colcon.colcon_core.package_identification:_identify(Bunai) by extensions ['ros']
[2.191s] Level 1:colcon.colcon_core.package_identification:_identify(Bunai) by extension 'ros'
[2.202s] DEBUG:colcon.colcon_core.package_identification:Package 'Bunai' with type 'ros.ament_cmake' and name 'Bunai'
[2.204s] Level 1:colcon.colcon_core.package_identification:_identify(Controller) by extensions ['ignore', 'ignore_ament_install']
[2.204s] Level 1:colcon.colcon_core.package_identification:_identify(Controller) by extension 'ignore'
[2.209s] Level 1:colcon.colcon_core.package_identification:_identify(Controller) by extension 'ignore_ament_install'
[2.209s] Level 1:colcon.colcon_core.package_identification:_identify(Controller) by extensions ['colcon_pkg']
[2.209s] Level 1:colcon.colcon_core.package_identification:_identify(Controller) by extension 'colcon_pkg'
[2.209s] Level 1:colcon.colcon_core.package_identification:_identify(Controller) by extensions ['colcon_meta']
[2.210s] Level 1:colcon.colcon_core.package_identification:_identify(Controller) by extension 'colcon_meta'
[2.210s] Level 1:colcon.colcon_core.package_identification:_identify(Controller) by extensions ['ros']
[2.210s] Level 1:colcon.colcon_core.package_identification:_identify(Controller) by extension 'ros'
[2.215s] DEBUG:colcon.colcon_core.package_identification:Package 'Controller' with type 'ros.ament_cmake' and name 'Controller'
[2.216s] Level 1:colcon.colcon_core.package_identification:_identify(build) by extensions ['ignore', 'ignore_ament_install']
[2.216s] Level 1:colcon.colcon_core.package_identification:_identify(build) by extension 'ignore'
[2.218s] Level 1:colcon.colcon_core.package_identification:_identify(build) ignored
[2.220s] Level 1:colcon.colcon_core.package_identification:_identify(install) by extensions ['ignore', 'ignore_ament_install']
[2.221s] Level 1:colcon.colcon_core.package_identification:_identify(install) by extension 'ignore'
[2.223s] Level 1:colcon.colcon_core.package_identification:_identify(install) ignored
[2.224s] Level 1:colcon.colcon_core.package_identification:_identify(log) by extensions ['ignore', 'ignore_ament_install']
[2.224s] Level 1:colcon.colcon_core.package_identification:_identify(log) by extension 'ignore'
[2.225s] Level 1:colcon.colcon_core.package_identification:_identify(log) ignored
[2.225s] Level 1:colcon.colcon_core.package_identification:_identify(ros2_first_test) by extensions ['ignore', 'ignore_ament_install']
[2.226s] Level 1:colcon.colcon_core.package_identification:_identify(ros2_first_test) by extension 'ignore'
[2.226s] Level 1:colcon.colcon_core.package_identification:_identify(ros2_first_test) by extension 'ignore_ament_install'
[2.226s] Level 1:colcon.colcon_core.package_identification:_identify(ros2_first_test) by extensions ['colcon_pkg']
[2.226s] Level 1:colcon.colcon_core.package_identification:_identify(ros2_first_test) by extension 'colcon_pkg'
[2.226s] Level 1:colcon.colcon_core.package_identification:_identify(ros2_first_test) by extensions ['colcon_meta']
[2.226s] Level 1:colcon.colcon_core.package_identification:_identify(ros2_first_test) by extension 'colcon_meta'
[2.227s] Level 1:colcon.colcon_core.package_identification:_identify(ros2_first_test) by extensions ['ros']
[2.227s] Level 1:colcon.colcon_core.package_identification:_identify(ros2_first_test) by extension 'ros'
[2.228s] DEBUG:colcon.colcon_core.package_identification:Package 'ros2_first_test' with type 'ros.ament_cmake' and name 'ros2_first_test'
[2.229s] Level 1:colcon.colcon_core.package_discovery:discover_packages(recursive) using defaults
[2.229s] Level 1:colcon.colcon_core.package_discovery:discover_packages(ignore) discover
[2.229s] Level 1:colcon.colcon_core.package_discovery:discover_packages(ignore) using defaults
[2.229s] Level 1:colcon.colcon_core.package_discovery:discover_packages(path) discover
[2.229s] Level 1:colcon.colcon_core.package_discovery:discover_packages(path) using defaults
[2.368s] INFO:colcon.colcon_core.package_selection:Skipping not selected package 'Bunai' in 'Bunai'
[2.369s] INFO:colcon.colcon_core.package_selection:Skipping not selected package 'ros2_first_test' in 'ros2_first_test'
[2.373s] Level 1:colcon.colcon_core.package_discovery:discover_packages(prefix_path) check parameters
[2.373s] Level 1:colcon.colcon_core.package_discovery:discover_packages(prefix_path) discover
[2.386s] DEBUG:colcon.colcon_installed_package_information.package_discovery:Found 3 installed packages in /home/kouyayamaoka/ros2_ws/src/install
[2.390s] DEBUG:colcon.colcon_installed_package_information.package_discovery:Found 3 installed packages in /home/kouyayamaoka/ros2_ws/install
[2.401s] DEBUG:colcon.colcon_installed_package_information.package_discovery:Found 334 installed packages in /opt/ros/foxy
[2.413s] Level 1:colcon.colcon_core.package_discovery:discover_packages(prefix_path) using defaults
[2.893s] Level 5:colcon.colcon_core.verb:set package 'Controller' build argument 'cmake_args' from command line to 'None'
[2.893s] Level 5:colcon.colcon_core.verb:set package 'Controller' build argument 'cmake_target' from command line to 'None'
[2.894s] Level 5:colcon.colcon_core.verb:set package 'Controller' build argument 'cmake_target_skip_unavailable' from command line to 'False'
[2.894s] Level 5:colcon.colcon_core.verb:set package 'Controller' build argument 'cmake_clean_cache' from command line to 'False'
[2.894s] Level 5:colcon.colcon_core.verb:set package 'Controller' build argument 'cmake_clean_first' from command line to 'False'
[2.894s] Level 5:colcon.colcon_core.verb:set package 'Controller' build argument 'cmake_force_configure' from command line to 'False'
[2.894s] Level 5:colcon.colcon_core.verb:set package 'Controller' build argument 'ament_cmake_args' from command line to 'None'
[2.895s] Level 5:colcon.colcon_core.verb:set package 'Controller' build argument 'catkin_cmake_args' from command line to 'None'
[2.895s] Level 5:colcon.colcon_core.verb:set package 'Controller' build argument 'catkin_skip_building_tests' from command line to 'False'
[2.895s] DEBUG:colcon.colcon_core.verb:Building package 'Controller' with the following arguments: {'ament_cmake_args': None, 'build_base': '/home/kouyayamaoka/ros2_ws/src/build/Controller', 'catkin_cmake_args': None, 'catkin_skip_building_tests': False, 'cmake_args': None, 'cmake_clean_cache': False, 'cmake_clean_first': False, 'cmake_force_configure': False, 'cmake_target': None, 'cmake_target_skip_unavailable': False, 'install_base': '/home/kouyayamaoka/ros2_ws/src/install/Controller', 'merge_install': False, 'path': '/home/kouyayamaoka/ros2_ws/src/Controller', 'symlink_install': False, 'test_result_base': None}
[2.899s] INFO:colcon.colcon_core.executor:Executing jobs using 'parallel' executor
[2.923s] DEBUG:colcon.colcon_parallel_executor.executor.parallel:run_until_complete
[2.930s] INFO:colcon.colcon_ros.task.ament_cmake.build:Building ROS package in '/home/kouyayamaoka/ros2_ws/src/Controller' with build type 'ament_cmake'
[2.931s] INFO:colcon.colcon_cmake.task.cmake.build:Building CMake package in '/home/kouyayamaoka/ros2_ws/src/Controller'
[2.967s] INFO:colcon.colcon_core.plugin_system:Skipping extension 'colcon_core.shell.bat': Not used on non-Windows systems
[2.967s] INFO:colcon.colcon_core.shell:Skip shell extension 'powershell' for command environment: Not usable outside of PowerShell
[2.968s] DEBUG:colcon.colcon_core.shell:Skip shell extension 'dsv' for command environment
[3.043s] DEBUG:colcon.colcon_core.event_handler.log_command:Invoking command in '/home/kouyayamaoka/ros2_ws/src/build/Controller': CMAKE_PREFIX_PATH=${CMAKE_PREFIX_PATH}:/opt/ros/foxy /usr/bin/cmake --build /home/kouyayamaoka/ros2_ws/src/build/Controller -- -j2 -l2
[18.237s] DEBUG:colcon.colcon_core.event_handler.log_command:Invoked command in '/home/kouyayamaoka/ros2_ws/src/build/Controller' returned '2': CMAKE_PREFIX_PATH=${CMAKE_PREFIX_PATH}:/opt/ros/foxy /usr/bin/cmake --build /home/kouyayamaoka/ros2_ws/src/build/Controller -- -j2 -l2
[18.354s] Level 1:colcon.colcon_core.environment:create_environment_scripts_only(Controller)
[18.397s] Level 1:colcon.colcon_core.environment:checking '/home/kouyayamaoka/ros2_ws/src/install/Controller' for CMake module files
[18.400s] Level 1:colcon.colcon_core.environment:checking '/home/kouyayamaoka/ros2_ws/src/install/Controller' for CMake config files
[18.402s] Level 1:colcon.colcon_core.shell:create_environment_hook('Controller', 'cmake_prefix_path')
[18.413s] INFO:colcon.colcon_core.shell:Creating environment hook '/home/kouyayamaoka/ros2_ws/src/install/Controller/share/Controller/hook/cmake_prefix_path.ps1'
[18.420s] INFO:colcon.colcon_core.shell:Creating environment descriptor '/home/kouyayamaoka/ros2_ws/src/install/Controller/share/Controller/hook/cmake_prefix_path.dsv'
[18.423s] INFO:colcon.colcon_core.shell:Creating environment hook '/home/kouyayamaoka/ros2_ws/src/install/Controller/share/Controller/hook/cmake_prefix_path.sh'
[18.427s] Level 1:colcon.colcon_core.environment:checking '/home/kouyayamaoka/ros2_ws/src/install/Controller/lib'
[18.428s] Level 1:colcon.colcon_core.environment:checking '/home/kouyayamaoka/ros2_ws/src/install/Controller/bin'
[18.429s] Level 1:colcon.colcon_core.environment:checking '/home/kouyayamaoka/ros2_ws/src/install/Controller/lib/pkgconfig/Controller.pc'
[18.431s] Level 1:colcon.colcon_core.environment:checking '/home/kouyayamaoka/ros2_ws/src/install/Controller/lib/python3.8/site-packages'
[18.432s] Level 1:colcon.colcon_core.environment:checking '/home/kouyayamaoka/ros2_ws/src/install/Controller/bin'
[18.439s] INFO:colcon.colcon_core.shell:Creating package script '/home/kouyayamaoka/ros2_ws/src/install/Controller/share/Controller/package.ps1'
[18.443s] INFO:colcon.colcon_core.shell:Creating package descriptor '/home/kouyayamaoka/ros2_ws/src/install/Controller/share/Controller/package.dsv'
[18.447s] INFO:colcon.colcon_core.shell:Creating package script '/home/kouyayamaoka/ros2_ws/src/install/Controller/share/Controller/package.sh'
[18.452s] INFO:colcon.colcon_core.shell:Creating package script '/home/kouyayamaoka/ros2_ws/src/install/Controller/share/Controller/package.bash'
[18.456s] INFO:colcon.colcon_core.shell:Creating package script '/home/kouyayamaoka/ros2_ws/src/install/Controller/share/Controller/package.zsh'
[18.460s] Level 1:colcon.colcon_core.environment:create_file_with_runtime_dependencies(/home/kouyayamaoka/ros2_ws/src/install/Controller/share/colcon-core/packages/Controller)
[18.480s] DEBUG:colcon.colcon_parallel_executor.executor.parallel:closing loop
[18.481s] DEBUG:colcon.colcon_parallel_executor.executor.parallel:loop closed
[18.481s] DEBUG:colcon.colcon_parallel_executor.executor.parallel:run_until_complete finished with '2'
[18.481s] DEBUG:colcon.colcon_core.event_reactor:joining thread
[18.516s] INFO:colcon.colcon_core.plugin_system:Skipping extension 'colcon_notification.desktop_notification.terminal_notifier': Not used on non-Darwin systems
[18.516s] INFO:colcon.colcon_core.plugin_system:Skipping extension 'colcon_notification.desktop_notification.win32': Not used on non-Windows systems
[18.517s] INFO:colcon.colcon_notification.desktop_notification:Sending desktop notification using 'notify2'
[18.588s] DEBUG:colcon.colcon_core.event_reactor:joined thread
[18.593s] INFO:colcon.colcon_core.shell:Creating prefix script '/home/kouyayamaoka/ros2_ws/src/install/local_setup.ps1'
[18.597s] INFO:colcon.colcon_core.shell:Creating prefix util module '/home/kouyayamaoka/ros2_ws/src/install/_local_setup_util_ps1.py'
[18.603s] INFO:colcon.colcon_core.shell:Creating prefix chain script '/home/kouyayamaoka/ros2_ws/src/install/setup.ps1'
[18.610s] INFO:colcon.colcon_core.shell:Creating prefix script '/home/kouyayamaoka/ros2_ws/src/install/local_setup.sh'
[18.614s] INFO:colcon.colcon_core.shell:Creating prefix util module '/home/kouyayamaoka/ros2_ws/src/install/_local_setup_util_sh.py'
[18.616s] INFO:colcon.colcon_core.shell:Creating prefix chain script '/home/kouyayamaoka/ros2_ws/src/install/setup.sh'
[18.627s] INFO:colcon.colcon_core.shell:Creating prefix script '/home/kouyayamaoka/ros2_ws/src/install/local_setup.bash'
[18.631s] INFO:colcon.colcon_core.shell:Creating prefix chain script '/home/kouyayamaoka/ros2_ws/src/install/setup.bash'
[18.639s] INFO:colcon.colcon_core.shell:Creating prefix script '/home/kouyayamaoka/ros2_ws/src/install/local_setup.zsh'
[18.641s] INFO:colcon.colcon_core.shell:Creating prefix chain script '/home/kouyayamaoka/ros2_ws/src/install/setup.zsh'
