[0.040s] Invoking command in '/home/kouyayamaoka/ros2_ws/src/build/Bunai': CMAKE_PREFIX_PATH=${CMAKE_PREFIX_PATH}:/opt/ros/foxy /usr/bin/cmake /home/kouyayamaoka/ros2_ws/src/Bunai -DCMAKE_INSTALL_PREFIX=/home/kouyayamaoka/ros2_ws/src/install/Bunai
[0.073s] -- Found ament_cmake: 0.9.11 (/opt/ros/foxy/share/ament_cmake/cmake)
[0.123s] -- Using PYTHON_EXECUTABLE: /usr/bin/python3
[0.658s] -- Found DART: /usr/include (Required is at least version "6.6") found components: dart 
[0.735s] -- Found Protobuf: /usr/lib/x86_64-linux-gnu/libprotobuf.so;-lpthread (found version "3.6.1") 
[0.739s] -- Looking for ignition-math6 -- found version 6.13.0
[0.749s] -- Searching for dependencies of ignition-math6
[0.752s] -- Looking for OGRE...
[0.763s] -- Found Ogre Ghadamon (1.9.0)
[0.766s] -- Found OGRE: optimized;/usr/lib/x86_64-linux-gnu/libOgreMain.so;debug;/usr/lib/x86_64-linux-gnu/libOgreMain.so
[0.787s] -- Looking for OGRE_Paging...
[0.787s] -- Found OGRE_Paging: optimized;/usr/lib/x86_64-linux-gnu/libOgrePaging.so;debug;/usr/lib/x86_64-linux-gnu/libOgrePaging.so
[0.787s] -- Looking for OGRE_Terrain...
[0.792s] -- Found OGRE_Terrain: optimized;/usr/lib/x86_64-linux-gnu/libOgreTerrain.so;debug;/usr/lib/x86_64-linux-gnu/libOgreTerrain.so
[0.792s] -- Looking for OGRE_Property...
[0.793s] -- Found OGRE_Property: optimized;/usr/lib/x86_64-linux-gnu/libOgreProperty.so;debug;/usr/lib/x86_64-linux-gnu/libOgreProperty.so
[0.793s] -- Looking for OGRE_RTShaderSystem...
[0.793s] -- Found OGRE_RTShaderSystem: optimized;/usr/lib/x86_64-linux-gnu/libOgreRTShaderSystem.so;debug;/usr/lib/x86_64-linux-gnu/libOgreRTShaderSystem.so
[0.793s] -- Looking for OGRE_Volume...
[0.793s] -- Found OGRE_Volume: optimized;/usr/lib/x86_64-linux-gnu/libOgreVolume.so;debug;/usr/lib/x86_64-linux-gnu/libOgreVolume.so
[0.794s] -- Looking for OGRE_Overlay...
[0.794s] -- Found OGRE_Overlay: optimized;/usr/lib/x86_64-linux-gnu/libOgreOverlay.so;debug;/usr/lib/x86_64-linux-gnu/libOgreOverlay.so
[1.180s] -- Looking for ignition-math6 -- found version 6.13.0
[1.182s] -- Looking for ignition-transport8 -- found version 8.4.0
[1.182s] -- Searching for dependencies of ignition-transport8
[1.222s] -- Found Protobuf: /usr/lib/x86_64-linux-gnu/libprotobuf.so;-lpthread (found suitable version "3.6.1", minimum required is "3") 
[1.247s] -- Config-file not installed for ZeroMQ -- checking for pkg-config
[1.259s] -- Checking for module 'libzmq >= 4'
[1.293s] --   Found libzmq , version 4.3.2
[1.385s] -- Checking for module 'uuid'
[1.425s] --   Found uuid, version 2.34.0
[1.500s] -- Looking for ignition-msgs5 -- found version 5.11.0
[1.502s] -- Searching for dependencies of ignition-msgs5
[1.549s] -- Looking for ignition-math6 -- found version 6.13.0
[1.560s] -- Checking for module 'tinyxml2'
[1.598s] --   Found tinyxml2, version 6.2.0
[1.681s] -- Looking for ignition-msgs5 -- found version 5.11.0
[1.684s] -- Looking for ignition-common3 -- found version 3.15.1
[1.687s] -- Searching for dependencies of ignition-common3
[1.689s] -- Looking for dlfcn.h - found
[1.690s] -- Looking for libdl - found
[1.712s] -- Searching for <ignition-common3> component [graphics]
[1.714s] -- Looking for ignition-common3-graphics -- found version 3.15.1
[1.717s] -- Searching for dependencies of ignition-common3-graphics
[1.719s] -- Looking for ignition-math6 -- found version 6.13.0
[1.723s] -- Looking for ignition-fuel_tools4 -- found version 4.8.2
[1.724s] -- Searching for dependencies of ignition-fuel_tools4
[1.790s] -- Checking for module 'jsoncpp'
[1.825s] --   Found jsoncpp, version 1.7.4
[1.920s] -- Checking for module 'libzip'
[1.960s] --   Found libzip, version 1.5.1
[2.036s] -- Looking for ignition-common3 -- found version 3.15.1
[2.039s] -- Looking for ignition-math6 -- found version 6.13.0
[2.043s] -- Looking for ignition-msgs5 -- found version 5.11.0
[2.057s] -- Found ament_lint_auto: 0.9.8 (/opt/ros/foxy/share/ament_lint_auto/cmake)
[2.169s] WARNING: Package name "Bunai" does not follow the naming conventions. It should start with a lower case letter and only contain lower case letters, digits, underscores, and dashes.
[2.286s] -- Added test 'copyright' to check source files copyright and LICENSE
[2.289s] -- Added test 'cppcheck' to perform static code analysis on C / C++ code
[2.291s] -- Configured cppcheck include dirs: $<BUILD_INTERFACE:/home/kouyayamaoka/ros2_ws/src/Bunai/include>
[2.291s] -- Configured cppcheck exclude dirs and/or files: 
[2.295s] -- Added test 'cpplint' to check C / C++ code against the Google style
[2.295s] -- Configured cpplint exclude dirs and/or files: 
[2.298s] -- Added test 'flake8' to check Python code syntax and style conventions
[2.301s] -- Added test 'lint_cmake' to check CMake code style
[2.303s] -- Added test 'pep257' to check Python code against some of the style conventions in PEP 257
[2.308s] -- Added test 'uncrustify' to check C / C++ code style
[2.308s] -- Configured uncrustify additional arguments: 
[2.310s] -- Added test 'xmllint' to check XML markup files
[2.321s] -- Configuring done
[2.336s] -- Generating done
[2.341s] -- Build files have been written to: /home/kouyayamaoka/ros2_ws/src/build/Bunai
[2.368s] Invoked command in '/home/kouyayamaoka/ros2_ws/src/build/Bunai' returned '0': CMAKE_PREFIX_PATH=${CMAKE_PREFIX_PATH}:/opt/ros/foxy /usr/bin/cmake /home/kouyayamaoka/ros2_ws/src/Bunai -DCMAKE_INSTALL_PREFIX=/home/kouyayamaoka/ros2_ws/src/install/Bunai
[2.370s] Invoking command in '/home/kouyayamaoka/ros2_ws/src/build/Bunai': CMAKE_PREFIX_PATH=${CMAKE_PREFIX_PATH}:/opt/ros/foxy /usr/bin/cmake --build /home/kouyayamaoka/ros2_ws/src/build/Bunai -- -j2 -l2
[2.457s] [35m[1mScanning dependencies of target estimate[0m
[2.487s] [ 50%] [32mBuilding CXX object CMakeFiles/estimate.dir/src/estimate.cpp.o[0m
[2.554s] [100%] [32m[1mLinking CXX executable estimate[0m
[2.652s] [100%] Built target estimate
[2.691s] Invoked command in '/home/kouyayamaoka/ros2_ws/src/build/Bunai' returned '0': CMAKE_PREFIX_PATH=${CMAKE_PREFIX_PATH}:/opt/ros/foxy /usr/bin/cmake --build /home/kouyayamaoka/ros2_ws/src/build/Bunai -- -j2 -l2
[2.774s] Invoking command in '/home/kouyayamaoka/ros2_ws/src/build/Bunai': CMAKE_PREFIX_PATH=${CMAKE_PREFIX_PATH}:/opt/ros/foxy /usr/bin/cmake --install /home/kouyayamaoka/ros2_ws/src/build/Bunai
[2.794s] -- Install configuration: ""
[2.795s] -- Installing: /home/kouyayamaoka/ros2_ws/src/install/Bunai/share/Bunai/rviz
[2.797s] -- Installing: /home/kouyayamaoka/ros2_ws/src/install/Bunai/share/Bunai/launch
[2.798s] -- Installing: /home/kouyayamaoka/ros2_ws/src/install/Bunai/share/Bunai/launch/rviz.launch.py
[2.800s] -- Installing: /home/kouyayamaoka/ros2_ws/src/install/Bunai/share/Bunai/launch/Bunai.launch.py
[2.802s] -- Installing: /home/kouyayamaoka/ros2_ws/src/install/Bunai/share/Bunai/urdf
[2.803s] -- Installing: /home/kouyayamaoka/ros2_ws/src/install/Bunai/share/Bunai/urdf/bunai.urdf
[2.804s] -- Installing: /home/kouyayamaoka/ros2_ws/src/install/Bunai/share/Bunai/worlds
[2.805s] -- Installing: /home/kouyayamaoka/ros2_ws/src/install/Bunai/share/Bunai/worlds/bunai.world
[2.808s] -- Installing: /home/kouyayamaoka/ros2_ws/src/install/Bunai/share/ament_index/resource_index/package_run_dependencies/Bunai
[2.810s] -- Installing: /home/kouyayamaoka/ros2_ws/src/install/Bunai/share/ament_index/resource_index/parent_prefix_path/Bunai
[2.811s] -- Installing: /home/kouyayamaoka/ros2_ws/src/install/Bunai/share/Bunai/environment/ament_prefix_path.sh
[2.813s] -- Installing: /home/kouyayamaoka/ros2_ws/src/install/Bunai/share/Bunai/environment/ament_prefix_path.dsv
[2.814s] -- Installing: /home/kouyayamaoka/ros2_ws/src/install/Bunai/share/Bunai/environment/path.sh
[2.817s] -- Installing: /home/kouyayamaoka/ros2_ws/src/install/Bunai/share/Bunai/environment/path.dsv
[2.818s] -- Installing: /home/kouyayamaoka/ros2_ws/src/install/Bunai/share/Bunai/local_setup.bash
[2.819s] -- Installing: /home/kouyayamaoka/ros2_ws/src/install/Bunai/share/Bunai/local_setup.sh
[2.820s] -- Installing: /home/kouyayamaoka/ros2_ws/src/install/Bunai/share/Bunai/local_setup.zsh
[2.821s] -- Installing: /home/kouyayamaoka/ros2_ws/src/install/Bunai/share/Bunai/local_setup.dsv
[2.824s] -- Installing: /home/kouyayamaoka/ros2_ws/src/install/Bunai/share/Bunai/package.dsv
[2.826s] -- Installing: /home/kouyayamaoka/ros2_ws/src/install/Bunai/share/ament_index/resource_index/packages/Bunai
[2.827s] -- Installing: /home/kouyayamaoka/ros2_ws/src/install/Bunai/share/Bunai/cmake/BunaiConfig.cmake
[2.827s] -- Installing: /home/kouyayamaoka/ros2_ws/src/install/Bunai/share/Bunai/cmake/BunaiConfig-version.cmake
[2.828s] -- Installing: /home/kouyayamaoka/ros2_ws/src/install/Bunai/share/Bunai/package.xml
[2.843s] Invoked command in '/home/kouyayamaoka/ros2_ws/src/build/Bunai' returned '0': CMAKE_PREFIX_PATH=${CMAKE_PREFIX_PATH}:/opt/ros/foxy /usr/bin/cmake --install /home/kouyayamaoka/ros2_ws/src/build/Bunai
