[0.087s] Invoking command in '/home/kouyayamaoka/ros2_ws/src/build/Bunai': CMAKE_PREFIX_PATH=${CMAKE_PREFIX_PATH}:/opt/ros/foxy /usr/bin/cmake --build /home/kouyayamaoka/ros2_ws/src/build/Bunai -- -j2 -l2
[0.241s] -- Found ament_cmake: 0.9.11 (/opt/ros/foxy/share/ament_cmake/cmake)
[0.355s] -- Using PYTHON_EXECUTABLE: /usr/bin/python3
[1.312s] -- Found DART: /usr/include (Required is at least version "6.6") found components: dart 
[1.442s] -- Found Protobuf: /usr/lib/x86_64-linux-gnu/libprotobuf.so;-lpthread (found version "3.6.1") 
[1.453s] -- Looking for ignition-math6 -- found version 6.13.0
[1.477s] -- Searching for dependencies of ignition-math6
[1.484s] -- Looking for OGRE...
[1.513s] -- Found Ogre Ghadamon (1.9.0)
[1.515s] -- Found OGRE: optimized;/usr/lib/x86_64-linux-gnu/libOgreMain.so;debug;/usr/lib/x86_64-linux-gnu/libOgreMain.so
[1.567s] -- Looking for OGRE_Paging...
[1.568s] -- Found OGRE_Paging: optimized;/usr/lib/x86_64-linux-gnu/libOgrePaging.so;debug;/usr/lib/x86_64-linux-gnu/libOgrePaging.so
[1.569s] -- Looking for OGRE_Terrain...
[1.571s] -- Found OGRE_Terrain: optimized;/usr/lib/x86_64-linux-gnu/libOgreTerrain.so;debug;/usr/lib/x86_64-linux-gnu/libOgreTerrain.so
[1.572s] -- Looking for OGRE_Property...
[1.573s] -- Found OGRE_Property: optimized;/usr/lib/x86_64-linux-gnu/libOgreProperty.so;debug;/usr/lib/x86_64-linux-gnu/libOgreProperty.so
[1.574s] -- Looking for OGRE_RTShaderSystem...
[1.575s] -- Found OGRE_RTShaderSystem: optimized;/usr/lib/x86_64-linux-gnu/libOgreRTShaderSystem.so;debug;/usr/lib/x86_64-linux-gnu/libOgreRTShaderSystem.so
[1.576s] -- Looking for OGRE_Volume...
[1.577s] -- Found OGRE_Volume: optimized;/usr/lib/x86_64-linux-gnu/libOgreVolume.so;debug;/usr/lib/x86_64-linux-gnu/libOgreVolume.so
[1.578s] -- Looking for OGRE_Overlay...
[1.579s] -- Found OGRE_Overlay: optimized;/usr/lib/x86_64-linux-gnu/libOgreOverlay.so;debug;/usr/lib/x86_64-linux-gnu/libOgreOverlay.so
[2.176s] -- Looking for ignition-math6 -- found version 6.13.0
[2.179s] -- Looking for ignition-transport8 -- found version 8.4.0
[2.182s] -- Searching for dependencies of ignition-transport8
[2.253s] -- Found Protobuf: /usr/lib/x86_64-linux-gnu/libprotobuf.so;-lpthread (found suitable version "3.6.1", minimum required is "3") 
[2.303s] -- Config-file not installed for ZeroMQ -- checking for pkg-config
[2.327s] -- Checking for module 'libzmq >= 4'
[2.404s] --   Found libzmq , version 4.3.2
[2.580s] -- Checking for module 'uuid'
[2.628s] --   Found uuid, version 2.34.0
[2.771s] -- Looking for ignition-msgs5 -- found version 5.11.0
[2.773s] -- Searching for dependencies of ignition-msgs5
[2.831s] -- Looking for ignition-math6 -- found version 6.13.0
[2.848s] -- Checking for module 'tinyxml2'
[2.904s] --   Found tinyxml2, version 6.2.0
[3.016s] -- Looking for ignition-msgs5 -- found version 5.11.0
[3.019s] -- Looking for ignition-common3 -- found version 3.15.1
[3.021s] -- Searching for dependencies of ignition-common3
[3.021s] -- Looking for dlfcn.h - found
[3.022s] -- Looking for libdl - found
[3.077s] -- Searching for <ignition-common3> component [graphics]
[3.079s] -- Looking for ignition-common3-graphics -- found version 3.15.1
[3.081s] -- Searching for dependencies of ignition-common3-graphics
[3.082s] -- Looking for ignition-math6 -- found version 6.13.0
[3.086s] -- Looking for ignition-fuel_tools4 -- found version 4.8.2
[3.088s] -- Searching for dependencies of ignition-fuel_tools4
[3.213s] -- Checking for module 'jsoncpp'
[3.291s] --   Found jsoncpp, version 1.7.4
[3.450s] -- Checking for module 'libzip'
[3.503s] --   Found libzip, version 1.5.1
[3.626s] -- Looking for ignition-common3 -- found version 3.15.1
[3.627s] -- Looking for ignition-math6 -- found version 6.13.0
[3.629s] -- Looking for ignition-msgs5 -- found version 5.11.0
[3.634s] -- Found ament_lint_auto: 0.9.8 (/opt/ros/foxy/share/ament_lint_auto/cmake)
[3.860s] WARNING: Package name "Bunai" does not follow the naming conventions. It should start with a lower case letter and only contain lower case letters, digits, underscores, and dashes.
[3.933s] -- Added test 'copyright' to check source files copyright and LICENSE
[3.939s] -- Added test 'cppcheck' to perform static code analysis on C / C++ code
[3.939s] -- Configured cppcheck include dirs: $<BUILD_INTERFACE:/home/kouyayamaoka/ros2_ws/src/Bunai/include>
[3.940s] -- Configured cppcheck exclude dirs and/or files: 
[3.944s] -- Added test 'cpplint' to check C / C++ code against the Google style
[3.944s] -- Configured cpplint exclude dirs and/or files: 
[3.946s] -- Added test 'flake8' to check Python code syntax and style conventions
[3.948s] -- Added test 'lint_cmake' to check CMake code style
[3.949s] -- Added test 'pep257' to check Python code against some of the style conventions in PEP 257
[3.954s] -- Added test 'uncrustify' to check C / C++ code style
[3.954s] -- Configured uncrustify additional arguments: 
[3.955s] -- Added test 'xmllint' to check XML markup files
[3.961s] -- Configuring done
[3.974s] -- Generating done
[3.981s] -- Build files have been written to: /home/kouyayamaoka/ros2_ws/src/build/Bunai
[4.085s] [100%] Built target estimate
[4.131s] Invoked command in '/home/kouyayamaoka/ros2_ws/src/build/Bunai' returned '0': CMAKE_PREFIX_PATH=${CMAKE_PREFIX_PATH}:/opt/ros/foxy /usr/bin/cmake --build /home/kouyayamaoka/ros2_ws/src/build/Bunai -- -j2 -l2
[4.319s] Invoking command in '/home/kouyayamaoka/ros2_ws/src/build/Bunai': CMAKE_PREFIX_PATH=${CMAKE_PREFIX_PATH}:/opt/ros/foxy /usr/bin/cmake --install /home/kouyayamaoka/ros2_ws/src/build/Bunai
[4.387s] -- Install configuration: ""
[4.388s] -- Up-to-date: /home/kouyayamaoka/ros2_ws/src/install/Bunai/share/Bunai/rviz
[4.389s] -- Up-to-date: /home/kouyayamaoka/ros2_ws/src/install/Bunai/share/Bunai/rviz/navigation.rviz
[4.389s] -- Up-to-date: /home/kouyayamaoka/ros2_ws/src/install/Bunai/share/Bunai/rviz/bunai.rviz
[4.390s] -- Up-to-date: /home/kouyayamaoka/ros2_ws/src/install/Bunai/share/Bunai/launch
[4.397s] -- Up-to-date: /home/kouyayamaoka/ros2_ws/src/install/Bunai/share/Bunai/launch/localization.launch.py
[4.398s] -- Up-to-date: /home/kouyayamaoka/ros2_ws/src/install/Bunai/share/Bunai/launch/rviz.launch.py
[4.399s] -- Up-to-date: /home/kouyayamaoka/ros2_ws/src/install/Bunai/share/Bunai/launch/cartographer.launch.py
[4.399s] -- Installing: /home/kouyayamaoka/ros2_ws/src/install/Bunai/share/Bunai/launch/navigation.launch.py
[4.400s] -- Up-to-date: /home/kouyayamaoka/ros2_ws/src/install/Bunai/share/Bunai/launch/Bunai.launch.py
[4.401s] -- Up-to-date: /home/kouyayamaoka/ros2_ws/src/install/Bunai/share/Bunai/urdf
[4.402s] -- Up-to-date: /home/kouyayamaoka/ros2_ws/src/install/Bunai/share/Bunai/urdf/bunai.urdf
[4.402s] -- Up-to-date: /home/kouyayamaoka/ros2_ws/src/install/Bunai/share/Bunai/config
[4.403s] -- Up-to-date: /home/kouyayamaoka/ros2_ws/src/install/Bunai/share/Bunai/config/ydlidar_cartographer.rviz
[4.403s] -- Up-to-date: /home/kouyayamaoka/ros2_ws/src/install/Bunai/share/Bunai/config/cartgrapher.lua
[4.404s] -- Up-to-date: /home/kouyayamaoka/ros2_ws/src/install/Bunai/share/Bunai/worlds
[4.405s] -- Up-to-date: /home/kouyayamaoka/ros2_ws/src/install/Bunai/share/Bunai/worlds/bunai.world
[4.405s] -- Up-to-date: /home/kouyayamaoka/ros2_ws/src/install/Bunai/share/Bunai/map
[4.406s] -- Up-to-date: /home/kouyayamaoka/ros2_ws/src/install/Bunai/share/Bunai/map/map.yaml
[4.407s] -- Up-to-date: /home/kouyayamaoka/ros2_ws/src/install/Bunai/share/Bunai/map/map.pbstream
[4.407s] -- Up-to-date: /home/kouyayamaoka/ros2_ws/src/install/Bunai/share/Bunai/nav2
[4.414s] -- Up-to-date: /home/kouyayamaoka/ros2_ws/src/install/Bunai/share/Bunai/nav2/navigation.yaml
[4.415s] -- Up-to-date: /home/kouyayamaoka/ros2_ws/src/install/Bunai/share/ament_index/resource_index/package_run_dependencies/Bunai
[4.416s] -- Up-to-date: /home/kouyayamaoka/ros2_ws/src/install/Bunai/share/ament_index/resource_index/parent_prefix_path/Bunai
[4.417s] -- Up-to-date: /home/kouyayamaoka/ros2_ws/src/install/Bunai/share/Bunai/environment/ament_prefix_path.sh
[4.419s] -- Installing: /home/kouyayamaoka/ros2_ws/src/install/Bunai/share/Bunai/environment/ament_prefix_path.dsv
[4.421s] -- Up-to-date: /home/kouyayamaoka/ros2_ws/src/install/Bunai/share/Bunai/environment/path.sh
[4.421s] -- Installing: /home/kouyayamaoka/ros2_ws/src/install/Bunai/share/Bunai/environment/path.dsv
[4.426s] -- Up-to-date: /home/kouyayamaoka/ros2_ws/src/install/Bunai/share/Bunai/local_setup.bash
[4.429s] -- Up-to-date: /home/kouyayamaoka/ros2_ws/src/install/Bunai/share/Bunai/local_setup.sh
[4.429s] -- Up-to-date: /home/kouyayamaoka/ros2_ws/src/install/Bunai/share/Bunai/local_setup.zsh
[4.430s] -- Installing: /home/kouyayamaoka/ros2_ws/src/install/Bunai/share/Bunai/local_setup.dsv
[4.434s] -- Installing: /home/kouyayamaoka/ros2_ws/src/install/Bunai/share/Bunai/package.dsv
[4.435s] -- Up-to-date: /home/kouyayamaoka/ros2_ws/src/install/Bunai/share/ament_index/resource_index/packages/Bunai
[4.435s] -- Up-to-date: /home/kouyayamaoka/ros2_ws/src/install/Bunai/share/Bunai/cmake/BunaiConfig.cmake
[4.437s] -- Up-to-date: /home/kouyayamaoka/ros2_ws/src/install/Bunai/share/Bunai/cmake/BunaiConfig-version.cmake
[4.442s] -- Up-to-date: /home/kouyayamaoka/ros2_ws/src/install/Bunai/share/Bunai/package.xml
[4.448s] Invoked command in '/home/kouyayamaoka/ros2_ws/src/build/Bunai' returned '0': CMAKE_PREFIX_PATH=${CMAKE_PREFIX_PATH}:/opt/ros/foxy /usr/bin/cmake --install /home/kouyayamaoka/ros2_ws/src/build/Bunai
