[0.061s] Invoking command in '/home/kouyayamaoka/ros2_ws/src/build/Bunai': CMAKE_PREFIX_PATH=${CMAKE_PREFIX_PATH}:/opt/ros/foxy /usr/bin/cmake --build /home/kouyayamaoka/ros2_ws/src/build/Bunai -- -j2 -l2
[0.229s] -- Found ament_cmake: 0.9.11 (/opt/ros/foxy/share/ament_cmake/cmake)
[0.311s] -- Using PYTHON_EXECUTABLE: /usr/bin/python3
[1.279s] -- Found DART: /usr/include (Required is at least version "6.6") found components: dart 
[1.401s] -- Found Protobuf: /usr/lib/x86_64-linux-gnu/libprotobuf.so;-lpthread (found version "3.6.1") 
[1.409s] -- Looking for ignition-math6 -- found version 6.13.0
[1.428s] -- Searching for dependencies of ignition-math6
[1.436s] -- Looking for OGRE...
[1.456s] -- Found Ogre Ghadamon (1.9.0)
[1.458s] -- Found OGRE: optimized;/usr/lib/x86_64-linux-gnu/libOgreMain.so;debug;/usr/lib/x86_64-linux-gnu/libOgreMain.so
[1.492s] -- Looking for OGRE_Paging...
[1.494s] -- Found OGRE_Paging: optimized;/usr/lib/x86_64-linux-gnu/libOgrePaging.so;debug;/usr/lib/x86_64-linux-gnu/libOgrePaging.so
[1.495s] -- Looking for OGRE_Terrain...
[1.496s] -- Found OGRE_Terrain: optimized;/usr/lib/x86_64-linux-gnu/libOgreTerrain.so;debug;/usr/lib/x86_64-linux-gnu/libOgreTerrain.so
[1.499s] -- Looking for OGRE_Property...
[1.501s] -- Found OGRE_Property: optimized;/usr/lib/x86_64-linux-gnu/libOgreProperty.so;debug;/usr/lib/x86_64-linux-gnu/libOgreProperty.so
[1.502s] -- Looking for OGRE_RTShaderSystem...
[1.503s] -- Found OGRE_RTShaderSystem: optimized;/usr/lib/x86_64-linux-gnu/libOgreRTShaderSystem.so;debug;/usr/lib/x86_64-linux-gnu/libOgreRTShaderSystem.so
[1.504s] -- Looking for OGRE_Volume...
[1.506s] -- Found OGRE_Volume: optimized;/usr/lib/x86_64-linux-gnu/libOgreVolume.so;debug;/usr/lib/x86_64-linux-gnu/libOgreVolume.so
[1.507s] -- Looking for OGRE_Overlay...
[1.511s] -- Found OGRE_Overlay: optimized;/usr/lib/x86_64-linux-gnu/libOgreOverlay.so;debug;/usr/lib/x86_64-linux-gnu/libOgreOverlay.so
[2.097s] -- Looking for ignition-math6 -- found version 6.13.0
[2.099s] -- Looking for ignition-transport8 -- found version 8.4.0
[2.102s] -- Searching for dependencies of ignition-transport8
[2.159s] -- Found Protobuf: /usr/lib/x86_64-linux-gnu/libprotobuf.so;-lpthread (found suitable version "3.6.1", minimum required is "3") 
[2.194s] -- Config-file not installed for ZeroMQ -- checking for pkg-config
[2.216s] -- Checking for module 'libzmq >= 4'
[2.269s] --   Found libzmq , version 4.3.2
[2.411s] -- Checking for module 'uuid'
[2.461s] --   Found uuid, version 2.34.0
[2.584s] -- Looking for ignition-msgs5 -- found version 5.11.0
[2.586s] -- Searching for dependencies of ignition-msgs5
[2.648s] -- Looking for ignition-math6 -- found version 6.13.0
[2.663s] -- Checking for module 'tinyxml2'
[2.719s] --   Found tinyxml2, version 6.2.0
[2.869s] -- Looking for ignition-msgs5 -- found version 5.11.0
[2.872s] -- Looking for ignition-common3 -- found version 3.15.1
[2.875s] -- Searching for dependencies of ignition-common3
[2.876s] -- Looking for dlfcn.h - found
[2.877s] -- Looking for libdl - found
[2.913s] -- Searching for <ignition-common3> component [graphics]
[2.918s] -- Looking for ignition-common3-graphics -- found version 3.15.1
[2.921s] -- Searching for dependencies of ignition-common3-graphics
[2.924s] -- Looking for ignition-math6 -- found version 6.13.0
[2.930s] -- Looking for ignition-fuel_tools4 -- found version 4.8.2
[2.933s] -- Searching for dependencies of ignition-fuel_tools4
[3.023s] -- Checking for module 'jsoncpp'
[3.086s] --   Found jsoncpp, version 1.7.4
[3.267s] -- Checking for module 'libzip'
[3.321s] --   Found libzip, version 1.5.1
[3.454s] -- Looking for ignition-common3 -- found version 3.15.1
[3.463s] -- Looking for ignition-math6 -- found version 6.13.0
[3.465s] -- Looking for ignition-msgs5 -- found version 5.11.0
[3.470s] -- Found ament_lint_auto: 0.9.8 (/opt/ros/foxy/share/ament_lint_auto/cmake)
[3.710s] WARNING: Package name "Bunai" does not follow the naming conventions. It should start with a lower case letter and only contain lower case letters, digits, underscores, and dashes.
[3.784s] -- Added test 'copyright' to check source files copyright and LICENSE
[3.789s] -- Added test 'cppcheck' to perform static code analysis on C / C++ code
[3.790s] -- Configured cppcheck include dirs: $<BUILD_INTERFACE:/home/kouyayamaoka/ros2_ws/src/Bunai/include>
[3.790s] -- Configured cppcheck exclude dirs and/or files: 
[3.794s] -- Added test 'cpplint' to check C / C++ code against the Google style
[3.795s] -- Configured cpplint exclude dirs and/or files: 
[3.796s] -- Added test 'flake8' to check Python code syntax and style conventions
[3.798s] -- Added test 'lint_cmake' to check CMake code style
[3.800s] -- Added test 'pep257' to check Python code against some of the style conventions in PEP 257
[3.809s] -- Added test 'uncrustify' to check C / C++ code style
[3.809s] -- Configured uncrustify additional arguments: 
[3.810s] -- Added test 'xmllint' to check XML markup files
[3.810s] -- Configuring done
[3.824s] -- Generating done
[3.830s] -- Build files have been written to: /home/kouyayamaoka/ros2_ws/src/build/Bunai
[3.941s] [100%] Built target estimate
[3.977s] Invoked command in '/home/kouyayamaoka/ros2_ws/src/build/Bunai' returned '0': CMAKE_PREFIX_PATH=${CMAKE_PREFIX_PATH}:/opt/ros/foxy /usr/bin/cmake --build /home/kouyayamaoka/ros2_ws/src/build/Bunai -- -j2 -l2
[4.100s] Invoking command in '/home/kouyayamaoka/ros2_ws/src/build/Bunai': CMAKE_PREFIX_PATH=${CMAKE_PREFIX_PATH}:/opt/ros/foxy /usr/bin/cmake --install /home/kouyayamaoka/ros2_ws/src/build/Bunai
[4.135s] -- Install configuration: ""
[4.136s] -- Up-to-date: /home/kouyayamaoka/ros2_ws/src/install/Bunai/share/Bunai/rviz
[4.137s] -- Up-to-date: /home/kouyayamaoka/ros2_ws/src/install/Bunai/share/Bunai/rviz/navigation.rviz
[4.138s] -- Up-to-date: /home/kouyayamaoka/ros2_ws/src/install/Bunai/share/Bunai/rviz/bunai.rviz
[4.138s] -- Up-to-date: /home/kouyayamaoka/ros2_ws/src/install/Bunai/share/Bunai/launch
[4.147s] -- Up-to-date: /home/kouyayamaoka/ros2_ws/src/install/Bunai/share/Bunai/launch/localization.launch.py
[4.148s] -- Up-to-date: /home/kouyayamaoka/ros2_ws/src/install/Bunai/share/Bunai/launch/rviz.launch.py
[4.148s] -- Up-to-date: /home/kouyayamaoka/ros2_ws/src/install/Bunai/share/Bunai/launch/cartographer.launch.py
[4.148s] -- Up-to-date: /home/kouyayamaoka/ros2_ws/src/install/Bunai/share/Bunai/launch/navigation.launch.py
[4.149s] -- Up-to-date: /home/kouyayamaoka/ros2_ws/src/install/Bunai/share/Bunai/launch/Bunai.launch.py
[4.149s] -- Up-to-date: /home/kouyayamaoka/ros2_ws/src/install/Bunai/share/Bunai/urdf
[4.149s] -- Up-to-date: /home/kouyayamaoka/ros2_ws/src/install/Bunai/share/Bunai/urdf/bunai.urdf
[4.149s] -- Up-to-date: /home/kouyayamaoka/ros2_ws/src/install/Bunai/share/Bunai/config
[4.150s] -- Up-to-date: /home/kouyayamaoka/ros2_ws/src/install/Bunai/share/Bunai/config/ydlidar_cartographer.rviz
[4.150s] -- Up-to-date: /home/kouyayamaoka/ros2_ws/src/install/Bunai/share/Bunai/config/cartgrapher.lua
[4.150s] -- Up-to-date: /home/kouyayamaoka/ros2_ws/src/install/Bunai/share/Bunai/worlds
[4.150s] -- Up-to-date: /home/kouyayamaoka/ros2_ws/src/install/Bunai/share/Bunai/worlds/bunai.world
[4.151s] -- Up-to-date: /home/kouyayamaoka/ros2_ws/src/install/Bunai/share/Bunai/map
[4.151s] -- Up-to-date: /home/kouyayamaoka/ros2_ws/src/install/Bunai/share/Bunai/map/map.yaml
[4.151s] -- Up-to-date: /home/kouyayamaoka/ros2_ws/src/install/Bunai/share/Bunai/map/map.pbstream
[4.152s] -- Up-to-date: /home/kouyayamaoka/ros2_ws/src/install/Bunai/share/Bunai/nav2
[4.152s] -- Up-to-date: /home/kouyayamaoka/ros2_ws/src/install/Bunai/share/Bunai/nav2/navigation.yaml
[4.152s] -- Up-to-date: /home/kouyayamaoka/ros2_ws/src/install/Bunai/share/ament_index/resource_index/package_run_dependencies/Bunai
[4.152s] -- Up-to-date: /home/kouyayamaoka/ros2_ws/src/install/Bunai/share/ament_index/resource_index/parent_prefix_path/Bunai
[4.153s] -- Up-to-date: /home/kouyayamaoka/ros2_ws/src/install/Bunai/share/Bunai/environment/ament_prefix_path.sh
[4.153s] -- Installing: /home/kouyayamaoka/ros2_ws/src/install/Bunai/share/Bunai/environment/ament_prefix_path.dsv
[4.154s] -- Up-to-date: /home/kouyayamaoka/ros2_ws/src/install/Bunai/share/Bunai/environment/path.sh
[4.155s] -- Installing: /home/kouyayamaoka/ros2_ws/src/install/Bunai/share/Bunai/environment/path.dsv
[4.157s] -- Up-to-date: /home/kouyayamaoka/ros2_ws/src/install/Bunai/share/Bunai/local_setup.bash
[4.158s] -- Up-to-date: /home/kouyayamaoka/ros2_ws/src/install/Bunai/share/Bunai/local_setup.sh
[4.159s] -- Up-to-date: /home/kouyayamaoka/ros2_ws/src/install/Bunai/share/Bunai/local_setup.zsh
[4.160s] -- Installing: /home/kouyayamaoka/ros2_ws/src/install/Bunai/share/Bunai/local_setup.dsv
[4.162s] -- Installing: /home/kouyayamaoka/ros2_ws/src/install/Bunai/share/Bunai/package.dsv
[4.162s] -- Up-to-date: /home/kouyayamaoka/ros2_ws/src/install/Bunai/share/ament_index/resource_index/packages/Bunai
[4.163s] -- Up-to-date: /home/kouyayamaoka/ros2_ws/src/install/Bunai/share/Bunai/cmake/BunaiConfig.cmake
[4.164s] -- Up-to-date: /home/kouyayamaoka/ros2_ws/src/install/Bunai/share/Bunai/cmake/BunaiConfig-version.cmake
[4.179s] -- Up-to-date: /home/kouyayamaoka/ros2_ws/src/install/Bunai/share/Bunai/package.xml
[4.180s] Invoked command in '/home/kouyayamaoka/ros2_ws/src/build/Bunai' returned '0': CMAKE_PREFIX_PATH=${CMAKE_PREFIX_PATH}:/opt/ros/foxy /usr/bin/cmake --install /home/kouyayamaoka/ros2_ws/src/build/Bunai
