[3.574s] DEBUG:colcon:Command line arguments: ['/usr/bin/colcon', 'build']
[3.574s] DEBUG:colcon:Parsed command line arguments: Namespace(allow_overriding=[], ament_cmake_args=None, base_paths=['.'], build_base='build', catkin_cmake_args=None, catkin_skip_building_tests=False, cmake_args=None, cmake_clean_cache=False, cmake_clean_first=False, cmake_force_configure=False, cmake_target=None, cmake_target_skip_unavailable=False, continue_on_error=False, event_handlers=None, executor='parallel', ignore_user_meta=False, install_base='install', log_base=None, log_level=None, main=<bound method BuildVerb.main of <colcon_core.verb.build.BuildVerb object at 0x7f5a7b9b9490>>, merge_install=False, metas=['./colcon.meta'], packages_above=None, packages_above_and_dependencies=None, packages_above_depth=None, packages_end=None, packages_ignore=None, packages_ignore_regex=None, packages_select=None, packages_select_build_failed=False, packages_select_by_dep=None, packages_select_regex=None, packages_select_test_failures=False, packages_skip=None, packages_skip_build_finished=False, packages_skip_by_dep=None, packages_skip_regex=None, packages_skip_test_passed=False, packages_skip_up_to=None, packages_start=None, packages_up_to=None, packages_up_to_regex=None, parallel_workers=2, paths=None, symlink_install=False, test_result_base=None, verb_extension=<colcon_core.verb.build.BuildVerb object at 0x7f5a7b9b9490>, verb_name='build', verb_parser=<colcon_defaults.argument_parser.defaults.DefaultArgumentsDecorator object at 0x7f5a7b9b99d0>)
[3.895s] Level 1:colcon.colcon_core.package_discovery:discover_packages(colcon_meta) check parameters
[3.897s] Level 1:colcon.colcon_core.package_discovery:discover_packages(recursive) check parameters
[3.897s] Level 1:colcon.colcon_core.package_discovery:discover_packages(ignore) check parameters
[3.897s] Level 1:colcon.colcon_core.package_discovery:discover_packages(path) check parameters
[3.897s] Level 1:colcon.colcon_core.package_discovery:discover_packages(colcon_meta) discover
[3.897s] Level 1:colcon.colcon_core.package_discovery:discover_packages(recursive) discover
[3.898s] INFO:colcon.colcon_core.package_discovery:Crawling recursively for packages in '/home/kouyayamaoka/ros2_ws/src'
[3.898s] Level 1:colcon.colcon_core.package_identification:_identify(.) by extensions ['ignore', 'ignore_ament_install']
[3.899s] Level 1:colcon.colcon_core.package_identification:_identify(.) by extension 'ignore'
[3.900s] Level 1:colcon.colcon_core.package_identification:_identify(.) by extension 'ignore_ament_install'
[3.901s] Level 1:colcon.colcon_core.package_identification:_identify(.) by extensions ['colcon_pkg']
[3.901s] Level 1:colcon.colcon_core.package_identification:_identify(.) by extension 'colcon_pkg'
[3.901s] Level 1:colcon.colcon_core.package_identification:_identify(.) by extensions ['colcon_meta']
[3.901s] Level 1:colcon.colcon_core.package_identification:_identify(.) by extension 'colcon_meta'
[3.901s] Level 1:colcon.colcon_core.package_identification:_identify(.) by extensions ['ros']
[3.902s] Level 1:colcon.colcon_core.package_identification:_identify(.) by extension 'ros'
[4.094s] Level 1:colcon.colcon_core.package_identification:_identify(.) by extensions ['cmake', 'python']
[4.094s] Level 1:colcon.colcon_core.package_identification:_identify(.) by extension 'cmake'
[4.094s] Level 1:colcon.colcon_core.package_identification:_identify(.) by extension 'python'
[4.094s] Level 1:colcon.colcon_core.package_identification:_identify(.) by extensions ['python_setup_py']
[4.095s] Level 1:colcon.colcon_core.package_identification:_identify(.) by extension 'python_setup_py'
[4.096s] Level 1:colcon.colcon_core.package_identification:_identify(Bunai) by extensions ['ignore', 'ignore_ament_install']
[4.097s] Level 1:colcon.colcon_core.package_identification:_identify(Bunai) by extension 'ignore'
[4.097s] Level 1:colcon.colcon_core.package_identification:_identify(Bunai) by extension 'ignore_ament_install'
[4.098s] Level 1:colcon.colcon_core.package_identification:_identify(Bunai) by extensions ['colcon_pkg']
[4.098s] Level 1:colcon.colcon_core.package_identification:_identify(Bunai) by extension 'colcon_pkg'
[4.098s] Level 1:colcon.colcon_core.package_identification:_identify(Bunai) by extensions ['colcon_meta']
[4.098s] Level 1:colcon.colcon_core.package_identification:_identify(Bunai) by extension 'colcon_meta'
[4.098s] Level 1:colcon.colcon_core.package_identification:_identify(Bunai) by extensions ['ros']
[4.099s] Level 1:colcon.colcon_core.package_identification:_identify(Bunai) by extension 'ros'
[4.135s] DEBUG:colcon.colcon_core.package_identification:Package 'Bunai' with type 'ros.ament_cmake' and name 'Bunai'
[4.135s] Level 1:colcon.colcon_core.package_identification:_identify(Controller) by extensions ['ignore', 'ignore_ament_install']
[4.136s] Level 1:colcon.colcon_core.package_identification:_identify(Controller) by extension 'ignore'
[4.136s] Level 1:colcon.colcon_core.package_identification:_identify(Controller) by extension 'ignore_ament_install'
[4.137s] Level 1:colcon.colcon_core.package_identification:_identify(Controller) by extensions ['colcon_pkg']
[4.137s] Level 1:colcon.colcon_core.package_identification:_identify(Controller) by extension 'colcon_pkg'
[4.137s] Level 1:colcon.colcon_core.package_identification:_identify(Controller) by extensions ['colcon_meta']
[4.137s] Level 1:colcon.colcon_core.package_identification:_identify(Controller) by extension 'colcon_meta'
[4.137s] Level 1:colcon.colcon_core.package_identification:_identify(Controller) by extensions ['ros']
[4.138s] Level 1:colcon.colcon_core.package_identification:_identify(Controller) by extension 'ros'
[4.161s] DEBUG:colcon.colcon_core.package_identification:Package 'Controller' with type 'ros.ament_cmake' and name 'Controller'
[4.161s] Level 1:colcon.colcon_core.package_identification:_identify(build) by extensions ['ignore', 'ignore_ament_install']
[4.162s] Level 1:colcon.colcon_core.package_identification:_identify(build) by extension 'ignore'
[4.162s] Level 1:colcon.colcon_core.package_identification:_identify(build) ignored
[4.165s] Level 1:colcon.colcon_core.package_identification:_identify(install) by extensions ['ignore', 'ignore_ament_install']
[4.173s] Level 1:colcon.colcon_core.package_identification:_identify(install) by extension 'ignore'
[4.173s] Level 1:colcon.colcon_core.package_identification:_identify(install) ignored
[4.179s] Level 1:colcon.colcon_core.package_identification:_identify(log) by extensions ['ignore', 'ignore_ament_install']
[4.180s] Level 1:colcon.colcon_core.package_identification:_identify(log) by extension 'ignore'
[4.181s] Level 1:colcon.colcon_core.package_identification:_identify(log) ignored
[4.181s] Level 1:colcon.colcon_core.package_identification:_identify(map) by extensions ['ignore', 'ignore_ament_install']
[4.182s] Level 1:colcon.colcon_core.package_identification:_identify(map) by extension 'ignore'
[4.182s] Level 1:colcon.colcon_core.package_identification:_identify(map) by extension 'ignore_ament_install'
[4.182s] Level 1:colcon.colcon_core.package_identification:_identify(map) by extensions ['colcon_pkg']
[4.182s] Level 1:colcon.colcon_core.package_identification:_identify(map) by extension 'colcon_pkg'
[4.183s] Level 1:colcon.colcon_core.package_identification:_identify(map) by extensions ['colcon_meta']
[4.183s] Level 1:colcon.colcon_core.package_identification:_identify(map) by extension 'colcon_meta'
[4.183s] Level 1:colcon.colcon_core.package_identification:_identify(map) by extensions ['ros']
[4.183s] Level 1:colcon.colcon_core.package_identification:_identify(map) by extension 'ros'
[4.184s] Level 1:colcon.colcon_core.package_identification:_identify(map) by extensions ['cmake', 'python']
[4.184s] Level 1:colcon.colcon_core.package_identification:_identify(map) by extension 'cmake'
[4.184s] Level 1:colcon.colcon_core.package_identification:_identify(map) by extension 'python'
[4.185s] Level 1:colcon.colcon_core.package_identification:_identify(map) by extensions ['python_setup_py']
[4.185s] Level 1:colcon.colcon_core.package_identification:_identify(map) by extension 'python_setup_py'
[4.185s] Level 1:colcon.colcon_core.package_identification:_identify(ros2_first_test) by extensions ['ignore', 'ignore_ament_install']
[4.186s] Level 1:colcon.colcon_core.package_identification:_identify(ros2_first_test) by extension 'ignore'
[4.186s] Level 1:colcon.colcon_core.package_identification:_identify(ros2_first_test) by extension 'ignore_ament_install'
[4.187s] Level 1:colcon.colcon_core.package_identification:_identify(ros2_first_test) by extensions ['colcon_pkg']
[4.187s] Level 1:colcon.colcon_core.package_identification:_identify(ros2_first_test) by extension 'colcon_pkg'
[4.190s] Level 1:colcon.colcon_core.package_identification:_identify(ros2_first_test) by extensions ['colcon_meta']
[4.190s] Level 1:colcon.colcon_core.package_identification:_identify(ros2_first_test) by extension 'colcon_meta'
[4.190s] Level 1:colcon.colcon_core.package_identification:_identify(ros2_first_test) by extensions ['ros']
[4.190s] Level 1:colcon.colcon_core.package_identification:_identify(ros2_first_test) by extension 'ros'
[4.196s] DEBUG:colcon.colcon_core.package_identification:Package 'ros2_first_test' with type 'ros.ament_cmake' and name 'ros2_first_test'
[4.196s] Level 1:colcon.colcon_core.package_discovery:discover_packages(recursive) using defaults
[4.197s] Level 1:colcon.colcon_core.package_discovery:discover_packages(ignore) discover
[4.197s] Level 1:colcon.colcon_core.package_discovery:discover_packages(ignore) using defaults
[4.197s] Level 1:colcon.colcon_core.package_discovery:discover_packages(path) discover
[4.197s] Level 1:colcon.colcon_core.package_discovery:discover_packages(path) using defaults
[4.424s] Level 1:colcon.colcon_core.package_discovery:discover_packages(prefix_path) check parameters
[4.425s] Level 1:colcon.colcon_core.package_discovery:discover_packages(prefix_path) discover
[4.454s] DEBUG:colcon.colcon_installed_package_information.package_discovery:Found 3 installed packages in /home/kouyayamaoka/ros2_ws/src/install
[4.467s] DEBUG:colcon.colcon_installed_package_information.package_discovery:Found 338 installed packages in /opt/ros/foxy
[4.483s] Level 1:colcon.colcon_core.package_discovery:discover_packages(prefix_path) using defaults
[5.588s] Level 5:colcon.colcon_core.verb:set package 'Bunai' build argument 'cmake_args' from command line to 'None'
[5.588s] Level 5:colcon.colcon_core.verb:set package 'Bunai' build argument 'cmake_target' from command line to 'None'
[5.588s] Level 5:colcon.colcon_core.verb:set package 'Bunai' build argument 'cmake_target_skip_unavailable' from command line to 'False'
[5.589s] Level 5:colcon.colcon_core.verb:set package 'Bunai' build argument 'cmake_clean_cache' from command line to 'False'
[5.589s] Level 5:colcon.colcon_core.verb:set package 'Bunai' build argument 'cmake_clean_first' from command line to 'False'
[5.589s] Level 5:colcon.colcon_core.verb:set package 'Bunai' build argument 'cmake_force_configure' from command line to 'False'
[5.589s] Level 5:colcon.colcon_core.verb:set package 'Bunai' build argument 'ament_cmake_args' from command line to 'None'
[5.589s] Level 5:colcon.colcon_core.verb:set package 'Bunai' build argument 'catkin_cmake_args' from command line to 'None'
[5.589s] Level 5:colcon.colcon_core.verb:set package 'Bunai' build argument 'catkin_skip_building_tests' from command line to 'False'
[5.590s] DEBUG:colcon.colcon_core.verb:Building package 'Bunai' with the following arguments: {'ament_cmake_args': None, 'build_base': '/home/kouyayamaoka/ros2_ws/src/build/Bunai', 'catkin_cmake_args': None, 'catkin_skip_building_tests': False, 'cmake_args': None, 'cmake_clean_cache': False, 'cmake_clean_first': False, 'cmake_force_configure': False, 'cmake_target': None, 'cmake_target_skip_unavailable': False, 'install_base': '/home/kouyayamaoka/ros2_ws/src/install/Bunai', 'merge_install': False, 'path': '/home/kouyayamaoka/ros2_ws/src/Bunai', 'symlink_install': False, 'test_result_base': None}
[5.596s] Level 5:colcon.colcon_core.verb:set package 'Controller' build argument 'cmake_args' from command line to 'None'
[5.597s] Level 5:colcon.colcon_core.verb:set package 'Controller' build argument 'cmake_target' from command line to 'None'
[5.597s] Level 5:colcon.colcon_core.verb:set package 'Controller' build argument 'cmake_target_skip_unavailable' from command line to 'False'
[5.597s] Level 5:colcon.colcon_core.verb:set package 'Controller' build argument 'cmake_clean_cache' from command line to 'False'
[5.597s] Level 5:colcon.colcon_core.verb:set package 'Controller' build argument 'cmake_clean_first' from command line to 'False'
[5.597s] Level 5:colcon.colcon_core.verb:set package 'Controller' build argument 'cmake_force_configure' from command line to 'False'
[5.598s] Level 5:colcon.colcon_core.verb:set package 'Controller' build argument 'ament_cmake_args' from command line to 'None'
[5.598s] Level 5:colcon.colcon_core.verb:set package 'Controller' build argument 'catkin_cmake_args' from command line to 'None'
[5.598s] Level 5:colcon.colcon_core.verb:set package 'Controller' build argument 'catkin_skip_building_tests' from command line to 'False'
[5.598s] DEBUG:colcon.colcon_core.verb:Building package 'Controller' with the following arguments: {'ament_cmake_args': None, 'build_base': '/home/kouyayamaoka/ros2_ws/src/build/Controller', 'catkin_cmake_args': None, 'catkin_skip_building_tests': False, 'cmake_args': None, 'cmake_clean_cache': False, 'cmake_clean_first': False, 'cmake_force_configure': False, 'cmake_target': None, 'cmake_target_skip_unavailable': False, 'install_base': '/home/kouyayamaoka/ros2_ws/src/install/Controller', 'merge_install': False, 'path': '/home/kouyayamaoka/ros2_ws/src/Controller', 'symlink_install': False, 'test_result_base': None}
[5.605s] Level 5:colcon.colcon_core.verb:set package 'ros2_first_test' build argument 'cmake_args' from command line to 'None'
[5.606s] Level 5:colcon.colcon_core.verb:set package 'ros2_first_test' build argument 'cmake_target' from command line to 'None'
[5.606s] Level 5:colcon.colcon_core.verb:set package 'ros2_first_test' build argument 'cmake_target_skip_unavailable' from command line to 'False'
[5.606s] Level 5:colcon.colcon_core.verb:set package 'ros2_first_test' build argument 'cmake_clean_cache' from command line to 'False'
[5.606s] Level 5:colcon.colcon_core.verb:set package 'ros2_first_test' build argument 'cmake_clean_first' from command line to 'False'
[5.607s] Level 5:colcon.colcon_core.verb:set package 'ros2_first_test' build argument 'cmake_force_configure' from command line to 'False'
[5.607s] Level 5:colcon.colcon_core.verb:set package 'ros2_first_test' build argument 'ament_cmake_args' from command line to 'None'
[5.608s] Level 5:colcon.colcon_core.verb:set package 'ros2_first_test' build argument 'catkin_cmake_args' from command line to 'None'
[5.608s] Level 5:colcon.colcon_core.verb:set package 'ros2_first_test' build argument 'catkin_skip_building_tests' from command line to 'False'
[5.608s] DEBUG:colcon.colcon_core.verb:Building package 'ros2_first_test' with the following arguments: {'ament_cmake_args': None, 'build_base': '/home/kouyayamaoka/ros2_ws/src/build/ros2_first_test', 'catkin_cmake_args': None, 'catkin_skip_building_tests': False, 'cmake_args': None, 'cmake_clean_cache': False, 'cmake_clean_first': False, 'cmake_force_configure': False, 'cmake_target': None, 'cmake_target_skip_unavailable': False, 'install_base': '/home/kouyayamaoka/ros2_ws/src/install/ros2_first_test', 'merge_install': False, 'path': '/home/kouyayamaoka/ros2_ws/src/ros2_first_test', 'symlink_install': False, 'test_result_base': None}
[5.612s] INFO:colcon.colcon_core.executor:Executing jobs using 'parallel' executor
[5.633s] DEBUG:colcon.colcon_parallel_executor.executor.parallel:run_until_complete
[5.636s] INFO:colcon.colcon_ros.task.ament_cmake.build:Building ROS package in '/home/kouyayamaoka/ros2_ws/src/Bunai' with build type 'ament_cmake'
[5.636s] INFO:colcon.colcon_cmake.task.cmake.build:Building CMake package in '/home/kouyayamaoka/ros2_ws/src/Bunai'
[5.699s] INFO:colcon.colcon_core.plugin_system:Skipping extension 'colcon_core.shell.bat': Not used on non-Windows systems
[5.700s] INFO:colcon.colcon_core.shell:Skip shell extension 'powershell' for command environment: Not usable outside of PowerShell
[5.700s] DEBUG:colcon.colcon_core.shell:Skip shell extension 'dsv' for command environment
[5.754s] INFO:colcon.colcon_ros.task.ament_cmake.build:Building ROS package in '/home/kouyayamaoka/ros2_ws/src/Controller' with build type 'ament_cmake'
[5.756s] INFO:colcon.colcon_cmake.task.cmake.build:Building CMake package in '/home/kouyayamaoka/ros2_ws/src/Controller'
[5.785s] INFO:colcon.colcon_core.shell:Skip shell extension 'powershell' for command environment: Not usable outside of PowerShell
[5.785s] DEBUG:colcon.colcon_core.shell:Skip shell extension 'dsv' for command environment
[5.917s] DEBUG:colcon.colcon_core.event_handler.log_command:Invoking command in '/home/kouyayamaoka/ros2_ws/src/build/Bunai': CMAKE_PREFIX_PATH=${CMAKE_PREFIX_PATH}:/opt/ros/foxy /usr/bin/cmake --build /home/kouyayamaoka/ros2_ws/src/build/Bunai -- -j2 -l2
[6.001s] DEBUG:colcon.colcon_core.event_handler.log_command:Invoking command in '/home/kouyayamaoka/ros2_ws/src/build/Controller': CMAKE_PREFIX_PATH=${CMAKE_PREFIX_PATH}:/opt/ros/foxy /usr/bin/cmake --build /home/kouyayamaoka/ros2_ws/src/build/Controller -- -j2 -l2
[7.181s] DEBUG:colcon.colcon_core.event_handler.log_command:Invoked command in '/home/kouyayamaoka/ros2_ws/src/build/Bunai' returned '0': CMAKE_PREFIX_PATH=${CMAKE_PREFIX_PATH}:/opt/ros/foxy /usr/bin/cmake --build /home/kouyayamaoka/ros2_ws/src/build/Bunai -- -j2 -l2
[7.472s] DEBUG:colcon.colcon_core.event_handler.log_command:Invoked command in '/home/kouyayamaoka/ros2_ws/src/build/Controller' returned '0': CMAKE_PREFIX_PATH=${CMAKE_PREFIX_PATH}:/opt/ros/foxy /usr/bin/cmake --build /home/kouyayamaoka/ros2_ws/src/build/Controller -- -j2 -l2
[7.729s] DEBUG:colcon.colcon_core.event_handler.log_command:Invoking command in '/home/kouyayamaoka/ros2_ws/src/build/Bunai': CMAKE_PREFIX_PATH=${CMAKE_PREFIX_PATH}:/opt/ros/foxy /usr/bin/cmake --install /home/kouyayamaoka/ros2_ws/src/build/Bunai
[7.873s] DEBUG:colcon.colcon_core.event_handler.log_command:Invoking command in '/home/kouyayamaoka/ros2_ws/src/build/Controller': CMAKE_PREFIX_PATH=${CMAKE_PREFIX_PATH}:/opt/ros/foxy /usr/bin/cmake --install /home/kouyayamaoka/ros2_ws/src/build/Controller
[8.084s] Level 1:colcon.colcon_core.environment:create_environment_scripts_only(Bunai)
[8.129s] DEBUG:colcon.colcon_core.event_handler.log_command:Invoked command in '/home/kouyayamaoka/ros2_ws/src/build/Bunai' returned '0': CMAKE_PREFIX_PATH=${CMAKE_PREFIX_PATH}:/opt/ros/foxy /usr/bin/cmake --install /home/kouyayamaoka/ros2_ws/src/build/Bunai
[8.166s] Level 1:colcon.colcon_core.environment:checking '/home/kouyayamaoka/ros2_ws/src/install/Bunai' for CMake module files
[8.169s] Level 1:colcon.colcon_core.environment:checking '/home/kouyayamaoka/ros2_ws/src/install/Bunai' for CMake config files
[8.170s] Level 1:colcon.colcon_core.shell:create_environment_hook('Bunai', 'cmake_prefix_path')
[8.202s] INFO:colcon.colcon_core.shell:Creating environment hook '/home/kouyayamaoka/ros2_ws/src/install/Bunai/share/Bunai/hook/cmake_prefix_path.ps1'
[8.210s] INFO:colcon.colcon_core.shell:Creating environment descriptor '/home/kouyayamaoka/ros2_ws/src/install/Bunai/share/Bunai/hook/cmake_prefix_path.dsv'
[8.213s] INFO:colcon.colcon_core.shell:Creating environment hook '/home/kouyayamaoka/ros2_ws/src/install/Bunai/share/Bunai/hook/cmake_prefix_path.sh'
[8.236s] Level 1:colcon.colcon_core.environment:checking '/home/kouyayamaoka/ros2_ws/src/install/Bunai/bin'
[8.237s] Level 1:colcon.colcon_core.environment:checking '/home/kouyayamaoka/ros2_ws/src/install/Bunai/lib/pkgconfig/Bunai.pc'
[8.238s] Level 1:colcon.colcon_core.environment:checking '/home/kouyayamaoka/ros2_ws/src/install/Bunai/lib/python3.8/site-packages'
[8.239s] Level 1:colcon.colcon_core.environment:checking '/home/kouyayamaoka/ros2_ws/src/install/Bunai/bin'
[8.246s] INFO:colcon.colcon_core.shell:Creating package script '/home/kouyayamaoka/ros2_ws/src/install/Bunai/share/Bunai/package.ps1'
[8.259s] INFO:colcon.colcon_core.shell:Creating package descriptor '/home/kouyayamaoka/ros2_ws/src/install/Bunai/share/Bunai/package.dsv'
[8.272s] INFO:colcon.colcon_core.shell:Creating package script '/home/kouyayamaoka/ros2_ws/src/install/Bunai/share/Bunai/package.sh'
[8.278s] INFO:colcon.colcon_core.shell:Creating package script '/home/kouyayamaoka/ros2_ws/src/install/Bunai/share/Bunai/package.bash'
[8.292s] INFO:colcon.colcon_core.shell:Creating package script '/home/kouyayamaoka/ros2_ws/src/install/Bunai/share/Bunai/package.zsh'
[8.301s] Level 1:colcon.colcon_core.environment:create_file_with_runtime_dependencies(/home/kouyayamaoka/ros2_ws/src/install/Bunai/share/colcon-core/packages/Bunai)
[8.346s] Level 1:colcon.colcon_core.environment:create_environment_scripts_only(Controller)
[8.356s] DEBUG:colcon.colcon_core.event_handler.log_command:Invoked command in '/home/kouyayamaoka/ros2_ws/src/build/Controller' returned '0': CMAKE_PREFIX_PATH=${CMAKE_PREFIX_PATH}:/opt/ros/foxy /usr/bin/cmake --install /home/kouyayamaoka/ros2_ws/src/build/Controller
[8.394s] Level 1:colcon.colcon_core.environment:checking '/home/kouyayamaoka/ros2_ws/src/install/Controller' for CMake module files
[8.413s] Level 1:colcon.colcon_core.environment:checking '/home/kouyayamaoka/ros2_ws/src/install/Controller' for CMake config files
[8.414s] Level 1:colcon.colcon_core.shell:create_environment_hook('Controller', 'cmake_prefix_path')
[8.468s] INFO:colcon.colcon_core.shell:Creating environment hook '/home/kouyayamaoka/ros2_ws/src/install/Controller/share/Controller/hook/cmake_prefix_path.ps1'
[8.484s] INFO:colcon.colcon_core.shell:Creating environment descriptor '/home/kouyayamaoka/ros2_ws/src/install/Controller/share/Controller/hook/cmake_prefix_path.dsv'
[8.486s] INFO:colcon.colcon_core.shell:Creating environment hook '/home/kouyayamaoka/ros2_ws/src/install/Controller/share/Controller/hook/cmake_prefix_path.sh'
[8.505s] Level 1:colcon.colcon_core.environment:checking '/home/kouyayamaoka/ros2_ws/src/install/Controller/lib'
[8.521s] Level 1:colcon.colcon_core.environment:checking '/home/kouyayamaoka/ros2_ws/src/install/Controller/bin'
[8.522s] Level 1:colcon.colcon_core.environment:checking '/home/kouyayamaoka/ros2_ws/src/install/Controller/lib/pkgconfig/Controller.pc'
[8.523s] Level 1:colcon.colcon_core.environment:checking '/home/kouyayamaoka/ros2_ws/src/install/Controller/lib/python3.8/site-packages'
[8.536s] Level 1:colcon.colcon_core.environment:checking '/home/kouyayamaoka/ros2_ws/src/install/Controller/bin'
[8.570s] INFO:colcon.colcon_core.shell:Creating package script '/home/kouyayamaoka/ros2_ws/src/install/Controller/share/Controller/package.ps1'
[8.575s] INFO:colcon.colcon_core.shell:Creating package descriptor '/home/kouyayamaoka/ros2_ws/src/install/Controller/share/Controller/package.dsv'
[8.596s] INFO:colcon.colcon_core.shell:Creating package script '/home/kouyayamaoka/ros2_ws/src/install/Controller/share/Controller/package.sh'
[8.598s] INFO:colcon.colcon_core.shell:Creating package script '/home/kouyayamaoka/ros2_ws/src/install/Controller/share/Controller/package.bash'
[8.612s] INFO:colcon.colcon_core.shell:Creating package script '/home/kouyayamaoka/ros2_ws/src/install/Controller/share/Controller/package.zsh'
[8.613s] Level 1:colcon.colcon_core.environment:create_file_with_runtime_dependencies(/home/kouyayamaoka/ros2_ws/src/install/Controller/share/colcon-core/packages/Controller)
[8.815s] Level 1:colcon.colcon_core.environment:create_environment_scripts_only(Bunai)
[8.857s] Level 1:colcon.colcon_core.environment:checking '/home/kouyayamaoka/ros2_ws/src/install/Bunai' for CMake module files
[8.866s] Level 1:colcon.colcon_core.environment:checking '/home/kouyayamaoka/ros2_ws/src/install/Bunai' for CMake config files
[8.868s] Level 1:colcon.colcon_core.shell:create_environment_hook('Bunai', 'cmake_prefix_path')
[8.899s] INFO:colcon.colcon_core.shell:Creating environment hook '/home/kouyayamaoka/ros2_ws/src/install/Bunai/share/Bunai/hook/cmake_prefix_path.ps1'
[8.901s] INFO:colcon.colcon_core.shell:Creating environment descriptor '/home/kouyayamaoka/ros2_ws/src/install/Bunai/share/Bunai/hook/cmake_prefix_path.dsv'
[8.903s] INFO:colcon.colcon_core.shell:Creating environment hook '/home/kouyayamaoka/ros2_ws/src/install/Bunai/share/Bunai/hook/cmake_prefix_path.sh'
[8.917s] Level 1:colcon.colcon_core.environment:checking '/home/kouyayamaoka/ros2_ws/src/install/Bunai/bin'
[8.918s] Level 1:colcon.colcon_core.environment:checking '/home/kouyayamaoka/ros2_ws/src/install/Bunai/lib/pkgconfig/Bunai.pc'
[8.921s] Level 1:colcon.colcon_core.environment:checking '/home/kouyayamaoka/ros2_ws/src/install/Bunai/lib/python3.8/site-packages'
[8.923s] Level 1:colcon.colcon_core.environment:checking '/home/kouyayamaoka/ros2_ws/src/install/Bunai/bin'
[8.953s] INFO:colcon.colcon_core.shell:Creating package script '/home/kouyayamaoka/ros2_ws/src/install/Bunai/share/Bunai/package.ps1'
[8.972s] INFO:colcon.colcon_core.shell:Creating package descriptor '/home/kouyayamaoka/ros2_ws/src/install/Bunai/share/Bunai/package.dsv'
[8.990s] INFO:colcon.colcon_core.shell:Creating package script '/home/kouyayamaoka/ros2_ws/src/install/Bunai/share/Bunai/package.sh'
[8.995s] INFO:colcon.colcon_core.shell:Creating package script '/home/kouyayamaoka/ros2_ws/src/install/Bunai/share/Bunai/package.bash'
[9.000s] INFO:colcon.colcon_core.shell:Creating package script '/home/kouyayamaoka/ros2_ws/src/install/Bunai/share/Bunai/package.zsh'
[9.008s] Level 1:colcon.colcon_core.environment:create_file_with_runtime_dependencies(/home/kouyayamaoka/ros2_ws/src/install/Bunai/share/colcon-core/packages/Bunai)
[9.015s] INFO:colcon.colcon_ros.task.ament_cmake.build:Building ROS package in '/home/kouyayamaoka/ros2_ws/src/ros2_first_test' with build type 'ament_cmake'
[9.018s] INFO:colcon.colcon_cmake.task.cmake.build:Building CMake package in '/home/kouyayamaoka/ros2_ws/src/ros2_first_test'
[9.033s] INFO:colcon.colcon_core.shell:Skip shell extension 'powershell' for command environment: Not usable outside of PowerShell
[9.034s] DEBUG:colcon.colcon_core.shell:Skip shell extension 'dsv' for command environment
[9.150s] Level 1:colcon.colcon_core.environment:create_environment_scripts_only(Controller)
[9.181s] Level 1:colcon.colcon_core.environment:checking '/home/kouyayamaoka/ros2_ws/src/install/Controller' for CMake module files
[9.185s] Level 1:colcon.colcon_core.environment:checking '/home/kouyayamaoka/ros2_ws/src/install/Controller' for CMake config files
[9.189s] Level 1:colcon.colcon_core.shell:create_environment_hook('Controller', 'cmake_prefix_path')
[9.201s] INFO:colcon.colcon_core.shell:Creating environment hook '/home/kouyayamaoka/ros2_ws/src/install/Controller/share/Controller/hook/cmake_prefix_path.ps1'
[9.202s] INFO:colcon.colcon_core.shell:Creating environment descriptor '/home/kouyayamaoka/ros2_ws/src/install/Controller/share/Controller/hook/cmake_prefix_path.dsv'
[9.213s] INFO:colcon.colcon_core.shell:Creating environment hook '/home/kouyayamaoka/ros2_ws/src/install/Controller/share/Controller/hook/cmake_prefix_path.sh'
[9.219s] Level 1:colcon.colcon_core.environment:checking '/home/kouyayamaoka/ros2_ws/src/install/Controller/lib'
[9.219s] Level 1:colcon.colcon_core.environment:checking '/home/kouyayamaoka/ros2_ws/src/install/Controller/bin'
[9.220s] Level 1:colcon.colcon_core.environment:checking '/home/kouyayamaoka/ros2_ws/src/install/Controller/lib/pkgconfig/Controller.pc'
[9.221s] Level 1:colcon.colcon_core.environment:checking '/home/kouyayamaoka/ros2_ws/src/install/Controller/lib/python3.8/site-packages'
[9.221s] Level 1:colcon.colcon_core.environment:checking '/home/kouyayamaoka/ros2_ws/src/install/Controller/bin'
[9.231s] INFO:colcon.colcon_core.shell:Creating package script '/home/kouyayamaoka/ros2_ws/src/install/Controller/share/Controller/package.ps1'
[9.238s] INFO:colcon.colcon_core.shell:Creating package descriptor '/home/kouyayamaoka/ros2_ws/src/install/Controller/share/Controller/package.dsv'
[9.240s] INFO:colcon.colcon_core.shell:Creating package script '/home/kouyayamaoka/ros2_ws/src/install/Controller/share/Controller/package.sh'
[9.242s] INFO:colcon.colcon_core.shell:Creating package script '/home/kouyayamaoka/ros2_ws/src/install/Controller/share/Controller/package.bash'
[9.250s] INFO:colcon.colcon_core.shell:Creating package script '/home/kouyayamaoka/ros2_ws/src/install/Controller/share/Controller/package.zsh'
[9.254s] Level 1:colcon.colcon_core.environment:create_file_with_runtime_dependencies(/home/kouyayamaoka/ros2_ws/src/install/Controller/share/colcon-core/packages/Controller)
[9.277s] DEBUG:colcon.colcon_core.event_handler.log_command:Invoking command in '/home/kouyayamaoka/ros2_ws/src/build/ros2_first_test': CMAKE_PREFIX_PATH=${CMAKE_PREFIX_PATH}:/opt/ros/foxy /usr/bin/cmake --build /home/kouyayamaoka/ros2_ws/src/build/ros2_first_test -- -j2 -l2
[9.627s] DEBUG:colcon.colcon_core.event_handler.log_command:Invoked command in '/home/kouyayamaoka/ros2_ws/src/build/ros2_first_test' returned '0': CMAKE_PREFIX_PATH=${CMAKE_PREFIX_PATH}:/opt/ros/foxy /usr/bin/cmake --build /home/kouyayamaoka/ros2_ws/src/build/ros2_first_test -- -j2 -l2
[9.819s] DEBUG:colcon.colcon_core.event_handler.log_command:Invoking command in '/home/kouyayamaoka/ros2_ws/src/build/ros2_first_test': CMAKE_PREFIX_PATH=${CMAKE_PREFIX_PATH}:/opt/ros/foxy /usr/bin/cmake --install /home/kouyayamaoka/ros2_ws/src/build/ros2_first_test
[9.967s] Level 1:colcon.colcon_core.environment:create_environment_scripts_only(ros2_first_test)
[9.993s] Level 1:colcon.colcon_core.environment:checking '/home/kouyayamaoka/ros2_ws/src/install/ros2_first_test' for CMake module files
[9.995s] DEBUG:colcon.colcon_core.event_handler.log_command:Invoked command in '/home/kouyayamaoka/ros2_ws/src/build/ros2_first_test' returned '0': CMAKE_PREFIX_PATH=${CMAKE_PREFIX_PATH}:/opt/ros/foxy /usr/bin/cmake --install /home/kouyayamaoka/ros2_ws/src/build/ros2_first_test
[10.016s] Level 1:colcon.colcon_core.environment:checking '/home/kouyayamaoka/ros2_ws/src/install/ros2_first_test' for CMake config files
[10.017s] Level 1:colcon.colcon_core.shell:create_environment_hook('ros2_first_test', 'cmake_prefix_path')
[10.026s] INFO:colcon.colcon_core.shell:Creating environment hook '/home/kouyayamaoka/ros2_ws/src/install/ros2_first_test/share/ros2_first_test/hook/cmake_prefix_path.ps1'
[10.036s] INFO:colcon.colcon_core.shell:Creating environment descriptor '/home/kouyayamaoka/ros2_ws/src/install/ros2_first_test/share/ros2_first_test/hook/cmake_prefix_path.dsv'
[10.040s] INFO:colcon.colcon_core.shell:Creating environment hook '/home/kouyayamaoka/ros2_ws/src/install/ros2_first_test/share/ros2_first_test/hook/cmake_prefix_path.sh'
[10.050s] Level 1:colcon.colcon_core.environment:checking '/home/kouyayamaoka/ros2_ws/src/install/ros2_first_test/bin'
[10.050s] Level 1:colcon.colcon_core.environment:checking '/home/kouyayamaoka/ros2_ws/src/install/ros2_first_test/lib/pkgconfig/ros2_first_test.pc'
[10.051s] Level 1:colcon.colcon_core.environment:checking '/home/kouyayamaoka/ros2_ws/src/install/ros2_first_test/lib/python3.8/site-packages'
[10.052s] Level 1:colcon.colcon_core.environment:checking '/home/kouyayamaoka/ros2_ws/src/install/ros2_first_test/bin'
[10.063s] INFO:colcon.colcon_core.shell:Creating package script '/home/kouyayamaoka/ros2_ws/src/install/ros2_first_test/share/ros2_first_test/package.ps1'
[10.075s] INFO:colcon.colcon_core.shell:Creating package descriptor '/home/kouyayamaoka/ros2_ws/src/install/ros2_first_test/share/ros2_first_test/package.dsv'
[10.078s] INFO:colcon.colcon_core.shell:Creating package script '/home/kouyayamaoka/ros2_ws/src/install/ros2_first_test/share/ros2_first_test/package.sh'
[10.083s] INFO:colcon.colcon_core.shell:Creating package script '/home/kouyayamaoka/ros2_ws/src/install/ros2_first_test/share/ros2_first_test/package.bash'
[10.084s] INFO:colcon.colcon_core.shell:Creating package script '/home/kouyayamaoka/ros2_ws/src/install/ros2_first_test/share/ros2_first_test/package.zsh'
[10.086s] Level 1:colcon.colcon_core.environment:create_file_with_runtime_dependencies(/home/kouyayamaoka/ros2_ws/src/install/ros2_first_test/share/colcon-core/packages/ros2_first_test)
[10.346s] Level 1:colcon.colcon_core.environment:create_environment_scripts_only(ros2_first_test)
[10.365s] Level 1:colcon.colcon_core.environment:checking '/home/kouyayamaoka/ros2_ws/src/install/ros2_first_test' for CMake module files
[10.368s] Level 1:colcon.colcon_core.environment:checking '/home/kouyayamaoka/ros2_ws/src/install/ros2_first_test' for CMake config files
[10.375s] Level 1:colcon.colcon_core.shell:create_environment_hook('ros2_first_test', 'cmake_prefix_path')
[10.389s] INFO:colcon.colcon_core.shell:Creating environment hook '/home/kouyayamaoka/ros2_ws/src/install/ros2_first_test/share/ros2_first_test/hook/cmake_prefix_path.ps1'
[10.391s] INFO:colcon.colcon_core.shell:Creating environment descriptor '/home/kouyayamaoka/ros2_ws/src/install/ros2_first_test/share/ros2_first_test/hook/cmake_prefix_path.dsv'
[10.397s] INFO:colcon.colcon_core.shell:Creating environment hook '/home/kouyayamaoka/ros2_ws/src/install/ros2_first_test/share/ros2_first_test/hook/cmake_prefix_path.sh'
[10.399s] Level 1:colcon.colcon_core.environment:checking '/home/kouyayamaoka/ros2_ws/src/install/ros2_first_test/bin'
[10.405s] Level 1:colcon.colcon_core.environment:checking '/home/kouyayamaoka/ros2_ws/src/install/ros2_first_test/lib/pkgconfig/ros2_first_test.pc'
[10.406s] Level 1:colcon.colcon_core.environment:checking '/home/kouyayamaoka/ros2_ws/src/install/ros2_first_test/lib/python3.8/site-packages'
[10.407s] Level 1:colcon.colcon_core.environment:checking '/home/kouyayamaoka/ros2_ws/src/install/ros2_first_test/bin'
[10.422s] INFO:colcon.colcon_core.shell:Creating package script '/home/kouyayamaoka/ros2_ws/src/install/ros2_first_test/share/ros2_first_test/package.ps1'
[10.429s] INFO:colcon.colcon_core.shell:Creating package descriptor '/home/kouyayamaoka/ros2_ws/src/install/ros2_first_test/share/ros2_first_test/package.dsv'
[10.432s] INFO:colcon.colcon_core.shell:Creating package script '/home/kouyayamaoka/ros2_ws/src/install/ros2_first_test/share/ros2_first_test/package.sh'
[10.434s] INFO:colcon.colcon_core.shell:Creating package script '/home/kouyayamaoka/ros2_ws/src/install/ros2_first_test/share/ros2_first_test/package.bash'
[10.445s] INFO:colcon.colcon_core.shell:Creating package script '/home/kouyayamaoka/ros2_ws/src/install/ros2_first_test/share/ros2_first_test/package.zsh'
[10.447s] Level 1:colcon.colcon_core.environment:create_file_with_runtime_dependencies(/home/kouyayamaoka/ros2_ws/src/install/ros2_first_test/share/colcon-core/packages/ros2_first_test)
[10.449s] DEBUG:colcon.colcon_parallel_executor.executor.parallel:closing loop
[10.452s] DEBUG:colcon.colcon_parallel_executor.executor.parallel:loop closed
[10.452s] DEBUG:colcon.colcon_parallel_executor.executor.parallel:run_until_complete finished with '0'
[10.452s] DEBUG:colcon.colcon_core.event_reactor:joining thread
[10.505s] INFO:colcon.colcon_core.plugin_system:Skipping extension 'colcon_notification.desktop_notification.terminal_notifier': Not used on non-Darwin systems
[10.506s] INFO:colcon.colcon_core.plugin_system:Skipping extension 'colcon_notification.desktop_notification.win32': Not used on non-Windows systems
[10.506s] INFO:colcon.colcon_notification.desktop_notification:Sending desktop notification using 'notify2'
[10.602s] DEBUG:colcon.colcon_core.event_reactor:joined thread
[10.609s] INFO:colcon.colcon_core.shell:Creating prefix script '/home/kouyayamaoka/ros2_ws/src/install/local_setup.ps1'
[10.615s] INFO:colcon.colcon_core.shell:Creating prefix util module '/home/kouyayamaoka/ros2_ws/src/install/_local_setup_util_ps1.py'
[10.628s] INFO:colcon.colcon_core.shell:Creating prefix chain script '/home/kouyayamaoka/ros2_ws/src/install/setup.ps1'
[10.647s] INFO:colcon.colcon_core.shell:Creating prefix script '/home/kouyayamaoka/ros2_ws/src/install/local_setup.sh'
[10.654s] INFO:colcon.colcon_core.shell:Creating prefix util module '/home/kouyayamaoka/ros2_ws/src/install/_local_setup_util_sh.py'
[10.661s] INFO:colcon.colcon_core.shell:Creating prefix chain script '/home/kouyayamaoka/ros2_ws/src/install/setup.sh'
[10.672s] INFO:colcon.colcon_core.shell:Creating prefix script '/home/kouyayamaoka/ros2_ws/src/install/local_setup.bash'
[10.679s] INFO:colcon.colcon_core.shell:Creating prefix chain script '/home/kouyayamaoka/ros2_ws/src/install/setup.bash'
[10.693s] INFO:colcon.colcon_core.shell:Creating prefix script '/home/kouyayamaoka/ros2_ws/src/install/local_setup.zsh'
[10.701s] INFO:colcon.colcon_core.shell:Creating prefix chain script '/home/kouyayamaoka/ros2_ws/src/install/setup.zsh'
