[0.075s] Invoking command in '/home/kouyayamaoka/ros2_ws/src/build/Bunai': CMAKE_PREFIX_PATH=${CMAKE_PREFIX_PATH}:/opt/ros/foxy /usr/bin/cmake --build /home/kouyayamaoka/ros2_ws/src/build/Bunai -- -j2 -l2
[0.270s] -- Found ament_cmake: 0.9.11 (/opt/ros/foxy/share/ament_cmake/cmake)
[0.395s] -- Using PYTHON_EXECUTABLE: /usr/bin/python3
[1.420s] -- Found DART: /usr/include (Required is at least version "6.6") found components: dart 
[1.599s] -- Found Protobuf: /usr/lib/x86_64-linux-gnu/libprotobuf.so;-lpthread (found version "3.6.1") 
[1.605s] -- Looking for ignition-math6 -- found version 6.13.0
[1.622s] -- Searching for dependencies of ignition-math6
[1.631s] -- Looking for OGRE...
[1.651s] -- Found Ogre Ghadamon (1.9.0)
[1.653s] -- Found OGRE: optimized;/usr/lib/x86_64-linux-gnu/libOgreMain.so;debug;/usr/lib/x86_64-linux-gnu/libOgreMain.so
[1.693s] -- Looking for OGRE_Paging...
[1.693s] -- Found OGRE_Paging: optimized;/usr/lib/x86_64-linux-gnu/libOgrePaging.so;debug;/usr/lib/x86_64-linux-gnu/libOgrePaging.so
[1.694s] -- Looking for OGRE_Terrain...
[1.700s] -- Found OGRE_Terrain: optimized;/usr/lib/x86_64-linux-gnu/libOgreTerrain.so;debug;/usr/lib/x86_64-linux-gnu/libOgreTerrain.so
[1.700s] -- Looking for OGRE_Property...
[1.700s] -- Found OGRE_Property: optimized;/usr/lib/x86_64-linux-gnu/libOgreProperty.so;debug;/usr/lib/x86_64-linux-gnu/libOgreProperty.so
[1.700s] -- Looking for OGRE_RTShaderSystem...
[1.701s] -- Found OGRE_RTShaderSystem: optimized;/usr/lib/x86_64-linux-gnu/libOgreRTShaderSystem.so;debug;/usr/lib/x86_64-linux-gnu/libOgreRTShaderSystem.so
[1.701s] -- Looking for OGRE_Volume...
[1.701s] -- Found OGRE_Volume: optimized;/usr/lib/x86_64-linux-gnu/libOgreVolume.so;debug;/usr/lib/x86_64-linux-gnu/libOgreVolume.so
[1.702s] -- Looking for OGRE_Overlay...
[1.703s] -- Found OGRE_Overlay: optimized;/usr/lib/x86_64-linux-gnu/libOgreOverlay.so;debug;/usr/lib/x86_64-linux-gnu/libOgreOverlay.so
[2.267s] -- Looking for ignition-math6 -- found version 6.13.0
[2.270s] -- Looking for ignition-transport8 -- found version 8.4.0
[2.273s] -- Searching for dependencies of ignition-transport8
[2.337s] -- Found Protobuf: /usr/lib/x86_64-linux-gnu/libprotobuf.so;-lpthread (found suitable version "3.6.1", minimum required is "3") 
[2.372s] -- Config-file not installed for ZeroMQ -- checking for pkg-config
[2.385s] -- Checking for module 'libzmq >= 4'
[2.435s] --   Found libzmq , version 4.3.2
[2.604s] -- Checking for module 'uuid'
[2.685s] --   Found uuid, version 2.34.0
[2.817s] -- Looking for ignition-msgs5 -- found version 5.11.0
[2.818s] -- Searching for dependencies of ignition-msgs5
[2.879s] -- Looking for ignition-math6 -- found version 6.13.0
[2.893s] -- Checking for module 'tinyxml2'
[2.943s] --   Found tinyxml2, version 6.2.0
[3.066s] -- Looking for ignition-msgs5 -- found version 5.11.0
[3.067s] -- Looking for ignition-common3 -- found version 3.15.1
[3.078s] -- Searching for dependencies of ignition-common3
[3.078s] -- Looking for dlfcn.h - found
[3.078s] -- Looking for libdl - found
[3.131s] -- Searching for <ignition-common3> component [graphics]
[3.132s] -- Looking for ignition-common3-graphics -- found version 3.15.1
[3.134s] -- Searching for dependencies of ignition-common3-graphics
[3.135s] -- Looking for ignition-math6 -- found version 6.13.0
[3.144s] -- Looking for ignition-fuel_tools4 -- found version 4.8.2
[3.146s] -- Searching for dependencies of ignition-fuel_tools4
[3.267s] -- Checking for module 'jsoncpp'
[3.315s] --   Found jsoncpp, version 1.7.4
[3.498s] -- Checking for module 'libzip'
[3.573s] --   Found libzip, version 1.5.1
[3.729s] -- Looking for ignition-common3 -- found version 3.15.1
[3.730s] -- Looking for ignition-math6 -- found version 6.13.0
[3.732s] -- Looking for ignition-msgs5 -- found version 5.11.0
[3.738s] -- Found ament_lint_auto: 0.9.8 (/opt/ros/foxy/share/ament_lint_auto/cmake)
[3.926s] WARNING: Package name "Bunai" does not follow the naming conventions. It should start with a lower case letter and only contain lower case letters, digits, underscores, and dashes.
[3.987s] -- Added test 'copyright' to check source files copyright and LICENSE
[3.993s] -- Added test 'cppcheck' to perform static code analysis on C / C++ code
[3.994s] -- Configured cppcheck include dirs: $<BUILD_INTERFACE:/home/kouyayamaoka/ros2_ws/src/Bunai/include>
[3.995s] -- Configured cppcheck exclude dirs and/or files: 
[4.005s] -- Added test 'cpplint' to check C / C++ code against the Google style
[4.005s] -- Configured cpplint exclude dirs and/or files: 
[4.005s] -- Added test 'flake8' to check Python code syntax and style conventions
[4.006s] -- Added test 'lint_cmake' to check CMake code style
[4.006s] -- Added test 'pep257' to check Python code against some of the style conventions in PEP 257
[4.009s] -- Added test 'uncrustify' to check C / C++ code style
[4.010s] -- Configured uncrustify additional arguments: 
[4.013s] -- Added test 'xmllint' to check XML markup files
[4.020s] -- Configuring done
[4.034s] -- Generating done
[4.041s] -- Build files have been written to: /home/kouyayamaoka/ros2_ws/src/build/Bunai
[4.171s] [100%] Built target estimate
[4.208s] Invoked command in '/home/kouyayamaoka/ros2_ws/src/build/Bunai' returned '0': CMAKE_PREFIX_PATH=${CMAKE_PREFIX_PATH}:/opt/ros/foxy /usr/bin/cmake --build /home/kouyayamaoka/ros2_ws/src/build/Bunai -- -j2 -l2
[4.371s] Invoking command in '/home/kouyayamaoka/ros2_ws/src/build/Bunai': CMAKE_PREFIX_PATH=${CMAKE_PREFIX_PATH}:/opt/ros/foxy /usr/bin/cmake --install /home/kouyayamaoka/ros2_ws/src/build/Bunai
[4.402s] -- Install configuration: ""
[4.403s] -- Up-to-date: /home/kouyayamaoka/ros2_ws/src/install/Bunai/share/Bunai/rviz
[4.404s] -- Up-to-date: /home/kouyayamaoka/ros2_ws/src/install/Bunai/share/Bunai/rviz/navigation.rviz
[4.404s] -- Up-to-date: /home/kouyayamaoka/ros2_ws/src/install/Bunai/share/Bunai/rviz/bunai.rviz
[4.405s] -- Up-to-date: /home/kouyayamaoka/ros2_ws/src/install/Bunai/share/Bunai/launch
[4.405s] -- Up-to-date: /home/kouyayamaoka/ros2_ws/src/install/Bunai/share/Bunai/launch/localization.launch.py
[4.406s] -- Up-to-date: /home/kouyayamaoka/ros2_ws/src/install/Bunai/share/Bunai/launch/rviz.launch.py
[4.406s] -- Up-to-date: /home/kouyayamaoka/ros2_ws/src/install/Bunai/share/Bunai/launch/cartographer.launch.py
[4.407s] -- Up-to-date: /home/kouyayamaoka/ros2_ws/src/install/Bunai/share/Bunai/launch/navigation.launch.py
[4.407s] -- Up-to-date: /home/kouyayamaoka/ros2_ws/src/install/Bunai/share/Bunai/launch/Bunai.launch.py
[4.407s] -- Up-to-date: /home/kouyayamaoka/ros2_ws/src/install/Bunai/share/Bunai/urdf
[4.408s] -- Up-to-date: /home/kouyayamaoka/ros2_ws/src/install/Bunai/share/Bunai/urdf/bunai.urdf
[4.408s] -- Up-to-date: /home/kouyayamaoka/ros2_ws/src/install/Bunai/share/Bunai/config
[4.409s] -- Up-to-date: /home/kouyayamaoka/ros2_ws/src/install/Bunai/share/Bunai/config/ydlidar_cartographer.rviz
[4.409s] -- Up-to-date: /home/kouyayamaoka/ros2_ws/src/install/Bunai/share/Bunai/config/cartgrapher.lua
[4.416s] -- Up-to-date: /home/kouyayamaoka/ros2_ws/src/install/Bunai/share/Bunai/worlds
[4.416s] -- Up-to-date: /home/kouyayamaoka/ros2_ws/src/install/Bunai/share/Bunai/worlds/bunai.world
[4.417s] -- Up-to-date: /home/kouyayamaoka/ros2_ws/src/install/Bunai/share/Bunai/map
[4.417s] -- Up-to-date: /home/kouyayamaoka/ros2_ws/src/install/Bunai/share/Bunai/map/map.yaml
[4.418s] -- Up-to-date: /home/kouyayamaoka/ros2_ws/src/install/Bunai/share/Bunai/map/map.pbstream
[4.418s] -- Up-to-date: /home/kouyayamaoka/ros2_ws/src/install/Bunai/share/Bunai/nav2
[4.418s] -- Up-to-date: /home/kouyayamaoka/ros2_ws/src/install/Bunai/share/Bunai/nav2/navigation.yaml
[4.419s] -- Up-to-date: /home/kouyayamaoka/ros2_ws/src/install/Bunai/share/ament_index/resource_index/package_run_dependencies/Bunai
[4.420s] -- Up-to-date: /home/kouyayamaoka/ros2_ws/src/install/Bunai/share/ament_index/resource_index/parent_prefix_path/Bunai
[4.420s] -- Up-to-date: /home/kouyayamaoka/ros2_ws/src/install/Bunai/share/Bunai/environment/ament_prefix_path.sh
[4.421s] -- Installing: /home/kouyayamaoka/ros2_ws/src/install/Bunai/share/Bunai/environment/ament_prefix_path.dsv
[4.421s] -- Up-to-date: /home/kouyayamaoka/ros2_ws/src/install/Bunai/share/Bunai/environment/path.sh
[4.422s] -- Installing: /home/kouyayamaoka/ros2_ws/src/install/Bunai/share/Bunai/environment/path.dsv
[4.422s] -- Up-to-date: /home/kouyayamaoka/ros2_ws/src/install/Bunai/share/Bunai/local_setup.bash
[4.422s] -- Up-to-date: /home/kouyayamaoka/ros2_ws/src/install/Bunai/share/Bunai/local_setup.sh
[4.423s] -- Up-to-date: /home/kouyayamaoka/ros2_ws/src/install/Bunai/share/Bunai/local_setup.zsh
[4.423s] -- Installing: /home/kouyayamaoka/ros2_ws/src/install/Bunai/share/Bunai/local_setup.dsv
[4.436s] -- Installing: /home/kouyayamaoka/ros2_ws/src/install/Bunai/share/Bunai/package.dsv
[4.436s] -- Up-to-date: /home/kouyayamaoka/ros2_ws/src/install/Bunai/share/ament_index/resource_index/packages/Bunai
[4.436s] -- Up-to-date: /home/kouyayamaoka/ros2_ws/src/install/Bunai/share/Bunai/cmake/BunaiConfig.cmake
[4.437s] -- Up-to-date: /home/kouyayamaoka/ros2_ws/src/install/Bunai/share/Bunai/cmake/BunaiConfig-version.cmake
[4.437s] -- Up-to-date: /home/kouyayamaoka/ros2_ws/src/install/Bunai/share/Bunai/package.xml
[4.438s] Invoked command in '/home/kouyayamaoka/ros2_ws/src/build/Bunai' returned '0': CMAKE_PREFIX_PATH=${CMAKE_PREFIX_PATH}:/opt/ros/foxy /usr/bin/cmake --install /home/kouyayamaoka/ros2_ws/src/build/Bunai
