[0.108s] Invoking command in '/home/kouyayamaoka/ros2_ws/src/build/Controller': CMAKE_PREFIX_PATH=${CMAKE_PREFIX_PATH}:/opt/ros/foxy /usr/bin/cmake --build /home/kouyayamaoka/ros2_ws/src/build/Controller -- -j2 -l2
[0.393s] -- Found ament_cmake: 0.9.11 (/opt/ros/foxy/share/ament_cmake/cmake)
[0.548s] -- Using PYTHON_EXECUTABLE: /usr/bin/python3
[1.633s] -- Found rclcpp: 2.4.2 (/opt/ros/foxy/share/rclcpp/cmake)
[1.877s] -- Using all available rosidl_typesupport_c: rosidl_typesupport_fastrtps_c;rosidl_typesupport_introspection_c
[1.901s] -- Found rosidl_adapter: 1.3.0 (/opt/ros/foxy/share/rosidl_adapter/cmake)
[2.599s] -- Using all available rosidl_typesupport_cpp: rosidl_typesupport_fastrtps_cpp;rosidl_typesupport_introspection_cpp
[3.019s] -- Found rmw_implementation_cmake: 1.0.4 (/opt/ros/foxy/share/rmw_implementation_cmake/cmake)
[3.030s] -- Using RMW implementation 'rmw_fastrtps_cpp' as default
[4.022s] -- Found sensor_msgs: 2.0.5 (/opt/ros/foxy/share/sensor_msgs/cmake)
[4.659s] -- Found joy: 3.0.1 (/opt/ros/foxy/share/joy/cmake)
[4.674s] -- Found ament_lint_auto: 0.9.8 (/opt/ros/foxy/share/ament_lint_auto/cmake)
[4.935s] WARNING: Package name "Controller" does not follow the naming conventions. It should start with a lower case letter and only contain lower case letters, digits, underscores, and dashes.
[5.079s] -- Added test 'copyright' to check source files copyright and LICENSE
[5.083s] -- Added test 'cppcheck' to perform static code analysis on C / C++ code
[5.086s] -- Configured cppcheck include dirs: $<BUILD_INTERFACE:/home/kouyayamaoka/ros2_ws/src/Controller/include>
[5.087s] -- Configured cppcheck exclude dirs and/or files: 
[5.089s] -- Added test 'cpplint' to check C / C++ code against the Google style
[5.090s] -- Configured cpplint exclude dirs and/or files: 
[5.092s] -- Added test 'flake8' to check Python code syntax and style conventions
[5.093s] -- Added test 'lint_cmake' to check CMake code style
[5.095s] -- Added test 'pep257' to check Python code against some of the style conventions in PEP 257
[5.099s] -- Added test 'uncrustify' to check C / C++ code style
[5.100s] -- Configured uncrustify additional arguments: 
[5.102s] -- Added test 'xmllint' to check XML markup files
[5.121s] -- Configuring done
[5.186s] -- Generating done
[5.191s] -- Build files have been written to: /home/kouyayamaoka/ros2_ws/src/build/Controller
[5.445s] [100%] Built target nintendo_pro_controller
[5.524s] Invoked command in '/home/kouyayamaoka/ros2_ws/src/build/Controller' returned '0': CMAKE_PREFIX_PATH=${CMAKE_PREFIX_PATH}:/opt/ros/foxy /usr/bin/cmake --build /home/kouyayamaoka/ros2_ws/src/build/Controller -- -j2 -l2
[5.685s] Invoking command in '/home/kouyayamaoka/ros2_ws/src/build/Controller': CMAKE_PREFIX_PATH=${CMAKE_PREFIX_PATH}:/opt/ros/foxy /usr/bin/cmake --install /home/kouyayamaoka/ros2_ws/src/build/Controller
[5.725s] -- Install configuration: ""
[5.725s] -- Up-to-date: /home/kouyayamaoka/ros2_ws/src/install/Controller/share/Controller/launch
[5.726s] -- Up-to-date: /home/kouyayamaoka/ros2_ws/src/install/Controller/share/Controller/launch/nintendo_pro_controller.launch.py
[5.737s] -- Up-to-date: /home/kouyayamaoka/ros2_ws/src/install/Controller/lib/Controller/nintendo_pro_controller
[5.740s] -- Up-to-date: /home/kouyayamaoka/ros2_ws/src/install/Controller/share/ament_index/resource_index/package_run_dependencies/Controller
[5.746s] -- Up-to-date: /home/kouyayamaoka/ros2_ws/src/install/Controller/share/ament_index/resource_index/parent_prefix_path/Controller
[5.747s] -- Up-to-date: /home/kouyayamaoka/ros2_ws/src/install/Controller/share/Controller/environment/ament_prefix_path.sh
[5.747s] -- Installing: /home/kouyayamaoka/ros2_ws/src/install/Controller/share/Controller/environment/ament_prefix_path.dsv
[5.748s] -- Up-to-date: /home/kouyayamaoka/ros2_ws/src/install/Controller/share/Controller/environment/path.sh
[5.748s] -- Installing: /home/kouyayamaoka/ros2_ws/src/install/Controller/share/Controller/environment/path.dsv
[5.748s] -- Up-to-date: /home/kouyayamaoka/ros2_ws/src/install/Controller/share/Controller/local_setup.bash
[5.749s] -- Up-to-date: /home/kouyayamaoka/ros2_ws/src/install/Controller/share/Controller/local_setup.sh
[5.749s] -- Up-to-date: /home/kouyayamaoka/ros2_ws/src/install/Controller/share/Controller/local_setup.zsh
[5.749s] -- Installing: /home/kouyayamaoka/ros2_ws/src/install/Controller/share/Controller/local_setup.dsv
[5.760s] -- Installing: /home/kouyayamaoka/ros2_ws/src/install/Controller/share/Controller/package.dsv
[5.767s] -- Up-to-date: /home/kouyayamaoka/ros2_ws/src/install/Controller/share/ament_index/resource_index/packages/Controller
[5.767s] -- Up-to-date: /home/kouyayamaoka/ros2_ws/src/install/Controller/share/Controller/cmake/ControllerConfig.cmake
[5.768s] -- Up-to-date: /home/kouyayamaoka/ros2_ws/src/install/Controller/share/Controller/cmake/ControllerConfig-version.cmake
[5.768s] -- Up-to-date: /home/kouyayamaoka/ros2_ws/src/install/Controller/share/Controller/package.xml
[5.768s] Invoked command in '/home/kouyayamaoka/ros2_ws/src/build/Controller' returned '0': CMAKE_PREFIX_PATH=${CMAKE_PREFIX_PATH}:/opt/ros/foxy /usr/bin/cmake --install /home/kouyayamaoka/ros2_ws/src/build/Controller
